  **** HLS Build v2024.2 5238294
INFO: [HLS 200-2005] Using work_dir /home/admin/Desktop/SOCExtraFeatures/PYNQZ2/MotorFatigue/pack_stream_to_blk 
INFO: [HLS 200-1505] Using default flow_target 'vivado'
Resolution: For help on HLS 200-1505 see docs.xilinx.com/access/sources/dita/topic?Doc_Version=2024.2%20English&url=ug1448-hls-guidance&resourceid=200-1505.html
INFO: [HLS 200-1465] Applying ini 'syn.file=/home/admin/Desktop/SOCExtraFeatures/src/DataTypes.h' from /home/admin/Desktop/SOCExtraFeatures/PYNQZ2/MotorFatigue/hls_config.cfg(8)
INFO: [HLS 200-10] Adding design file '/home/admin/Desktop/SOCExtraFeatures/src/DataTypes.h' to the project
INFO: [HLS 200-1465] Applying ini 'syn.file=/home/admin/Desktop/SOCExtraFeatures/src/MatrixComplex.cpp' from /home/admin/Desktop/SOCExtraFeatures/PYNQZ2/MotorFatigue/hls_config.cfg(9)
INFO: [HLS 200-10] Adding design file '/home/admin/Desktop/SOCExtraFeatures/src/MatrixComplex.cpp' to the project
INFO: [HLS 200-1465] Applying ini 'syn.file=/home/admin/Desktop/SOCExtraFeatures/src/StatsCalc.cpp' from /home/admin/Desktop/SOCExtraFeatures/PYNQZ2/MotorFatigue/hls_config.cfg(10)
INFO: [HLS 200-10] Adding design file '/home/admin/Desktop/SOCExtraFeatures/src/StatsCalc.cpp' to the project
INFO: [HLS 200-1465] Applying ini 'syn.file=/home/admin/Desktop/SOCExtraFeatures/src/StreamConverters.cpp' from /home/admin/Desktop/SOCExtraFeatures/PYNQZ2/MotorFatigue/hls_config.cfg(11)
INFO: [HLS 200-10] Adding design file '/home/admin/Desktop/SOCExtraFeatures/src/StreamConverters.cpp' to the project
INFO: [HLS 200-1465] Applying ini 'syn.file=/home/admin/Desktop/SOCExtraFeatures/src/ZeroCross.cpp' from /home/admin/Desktop/SOCExtraFeatures/PYNQZ2/MotorFatigue/hls_config.cfg(12)
INFO: [HLS 200-10] Adding design file '/home/admin/Desktop/SOCExtraFeatures/src/ZeroCross.cpp' to the project
INFO: [HLS 200-1465] Applying ini 'syn.top=unpack_blk_to_stream' from /home/admin/Desktop/SOCExtraFeatures/PYNQZ2/MotorFatigue/hls_config.cfg(7)
INFO: [HLS 200-1465] Applying ini 'flow_target=vivado' from /home/admin/Desktop/SOCExtraFeatures/PYNQZ2/MotorFatigue/hls_config.cfg(4)
INFO: [HLS 200-1505] Using flow_target 'vivado'
Resolution: For help on HLS 200-1505 see docs.xilinx.com/access/sources/dita/topic?Doc_Version=2024.2%20English&url=ug1448-hls-guidance&resourceid=200-1505.html
INFO: [HLS 200-1465] Applying ini 'part=xc7z020clg400-1' from /home/admin/Desktop/SOCExtraFeatures/PYNQZ2/MotorFatigue/hls_config.cfg(1)
INFO: [HLS 200-1611] Setting target device to 'xc7z020-clg400-1'
INFO: [HLS 200-1465] Applying ini 'package.output.format=ip_catalog' from /home/admin/Desktop/SOCExtraFeatures/PYNQZ2/MotorFatigue/hls_config.cfg(5)
INFO: [HLS 200-111] Finished File checks and directory preparation: CPU user time: 2.35 seconds. CPU system time: 0.18 seconds. Elapsed time: 2.36 seconds; current allocated memory: 212.020 MB.
INFO: [HLS 200-10] Analyzing design file '/home/admin/Desktop/SOCExtraFeatures/src/ZeroCross.cpp' ... 
INFO: [HLS 200-10] Analyzing design file '/home/admin/Desktop/SOCExtraFeatures/src/StreamConverters.cpp' ... 
INFO: [HLS 200-10] Analyzing design file '/home/admin/Desktop/SOCExtraFeatures/src/StatsCalc.cpp' ... 
INFO: [HLS 200-10] Analyzing design file '/home/admin/Desktop/SOCExtraFeatures/src/MatrixComplex.cpp' ... 
INFO: [HLS 200-111] Finished Source Code Analysis and Preprocessing: CPU user time: 62.24 seconds. CPU system time: 5.25 seconds. Elapsed time: 68.08 seconds; current allocated memory: 225.387 MB.
INFO: [HLS 200-777] Using interface defaults for 'Vivado' flow target.
INFO: [HLS 200-1995] There were 235 instructions in the design after the 'Compile/Link' phase of compilation. See the Design Size Report for more details: /home/admin/Desktop/SOCExtraFeatures/PYNQZ2/MotorFatigue/pack_stream_to_blk/hls/syn/report/csynth_design_size.rpt
INFO: [HLS 200-1995] There were 89 instructions in the design after the 'Unroll/Inline (step 1)' phase of compilation. See the Design Size Report for more details: /home/admin/Desktop/SOCExtraFeatures/PYNQZ2/MotorFatigue/pack_stream_to_blk/hls/syn/report/csynth_design_size.rpt
INFO: [HLS 200-1995] There were 67 instructions in the design after the 'Unroll/Inline (step 2)' phase of compilation. See the Design Size Report for more details: /home/admin/Desktop/SOCExtraFeatures/PYNQZ2/MotorFatigue/pack_stream_to_blk/hls/syn/report/csynth_design_size.rpt
INFO: [HLS 200-1995] There were 70 instructions in the design after the 'Unroll/Inline (step 3)' phase of compilation. See the Design Size Report for more details: /home/admin/Desktop/SOCExtraFeatures/PYNQZ2/MotorFatigue/pack_stream_to_blk/hls/syn/report/csynth_design_size.rpt
INFO: [HLS 200-1995] There were 70 instructions in the design after the 'Unroll/Inline (step 4)' phase of compilation. See the Design Size Report for more details: /home/admin/Desktop/SOCExtraFeatures/PYNQZ2/MotorFatigue/pack_stream_to_blk/hls/syn/report/csynth_design_size.rpt
INFO: [HLS 200-1995] There were 69 instructions in the design after the 'Array/Struct (step 1)' phase of compilation. See the Design Size Report for more details: /home/admin/Desktop/SOCExtraFeatures/PYNQZ2/MotorFatigue/pack_stream_to_blk/hls/syn/report/csynth_design_size.rpt
INFO: [HLS 200-1995] There were 69 instructions in the design after the 'Array/Struct (step 2)' phase of compilation. See the Design Size Report for more details: /home/admin/Desktop/SOCExtraFeatures/PYNQZ2/MotorFatigue/pack_stream_to_blk/hls/syn/report/csynth_design_size.rpt
INFO: [HLS 200-1995] There were 69 instructions in the design after the 'Array/Struct (step 3)' phase of compilation. See the Design Size Report for more details: /home/admin/Desktop/SOCExtraFeatures/PYNQZ2/MotorFatigue/pack_stream_to_blk/hls/syn/report/csynth_design_size.rpt
INFO: [HLS 200-1995] There were 69 instructions in the design after the 'Array/Struct (step 4)' phase of compilation. See the Design Size Report for more details: /home/admin/Desktop/SOCExtraFeatures/PYNQZ2/MotorFatigue/pack_stream_to_blk/hls/syn/report/csynth_design_size.rpt
INFO: [HLS 200-1995] There were 103 instructions in the design after the 'Array/Struct (step 5)' phase of compilation. See the Design Size Report for more details: /home/admin/Desktop/SOCExtraFeatures/PYNQZ2/MotorFatigue/pack_stream_to_blk/hls/syn/report/csynth_design_size.rpt
INFO: [HLS 200-1995] There were 103 instructions in the design after the 'Performance (step 1)' phase of compilation. See the Design Size Report for more details: /home/admin/Desktop/SOCExtraFeatures/PYNQZ2/MotorFatigue/pack_stream_to_blk/hls/syn/report/csynth_design_size.rpt
INFO: [HLS 200-1995] There were 103 instructions in the design after the 'Performance (step 2)' phase of compilation. See the Design Size Report for more details: /home/admin/Desktop/SOCExtraFeatures/PYNQZ2/MotorFatigue/pack_stream_to_blk/hls/syn/report/csynth_design_size.rpt
INFO: [HLS 200-1995] There were 88 instructions in the design after the 'Performance (step 3)' phase of compilation. See the Design Size Report for more details: /home/admin/Desktop/SOCExtraFeatures/PYNQZ2/MotorFatigue/pack_stream_to_blk/hls/syn/report/csynth_design_size.rpt
INFO: [HLS 200-1995] There were 88 instructions in the design after the 'Performance (step 4)' phase of compilation. See the Design Size Report for more details: /home/admin/Desktop/SOCExtraFeatures/PYNQZ2/MotorFatigue/pack_stream_to_blk/hls/syn/report/csynth_design_size.rpt
INFO: [HLS 200-1995] There were 84 instructions in the design after the 'HW Transforms (step 1)' phase of compilation. See the Design Size Report for more details: /home/admin/Desktop/SOCExtraFeatures/PYNQZ2/MotorFatigue/pack_stream_to_blk/hls/syn/report/csynth_design_size.rpt
INFO: [HLS 200-1995] There were 75 instructions in the design after the 'HW Transforms (step 2)' phase of compilation. See the Design Size Report for more details: /home/admin/Desktop/SOCExtraFeatures/PYNQZ2/MotorFatigue/pack_stream_to_blk/hls/syn/report/csynth_design_size.rpt
INFO: [HLS 214-376] automatically set the pipeline for Loop< VITIS_LOOP_53_2> at /home/admin/Desktop/SOCExtraFeatures/src/StreamConverters.cpp:53:22 
INFO: [HLS 214-437] Automatically disabling loop flattening for loop 'VITIS_LOOP_47_1'. (/home/admin/Desktop/SOCExtraFeatures/src/StreamConverters.cpp:47:20)
INFO: [HLS 214-421] Automatically partitioning small array 'temp_blk' completely based on array size. (/home/admin/Desktop/SOCExtraFeatures/src/StreamConverters.cpp:48:9)
INFO: [HLS 214-270] Inferring pragma 'array_partition type=complete dim=1' for array 'temp_blk' due to pipeline pragma (/home/admin/Desktop/SOCExtraFeatures/src/StreamConverters.cpp:48:9)
INFO: [HLS 214-248] Applying array_partition to 'temp_blk': Complete partitioning on dimension 1. (/home/admin/Desktop/SOCExtraFeatures/src/StreamConverters.cpp:48:9)
INFO: [HLS 200-111] Finished Compiling Optimization and Transform: CPU user time: 2.07 seconds. CPU system time: 0.42 seconds. Elapsed time: 7.15 seconds; current allocated memory: 226.547 MB.
INFO: [HLS 200-111] Finished Checking Pragmas: CPU user time: 0 seconds. CPU system time: 0 seconds. Elapsed time: 0 seconds; current allocated memory: 226.547 MB.
INFO: [HLS 200-10] Starting code transformations ...
INFO: [HLS 200-111] Finished Standard Transforms: CPU user time: 0.01 seconds. CPU system time: 0 seconds. Elapsed time: 0.01 seconds; current allocated memory: 227.074 MB.
INFO: [HLS 200-10] Checking synthesizability ...
INFO: [HLS 200-111] Finished Checking Synthesizability: CPU user time: 0 seconds. CPU system time: 0 seconds. Elapsed time: 0.01 seconds; current allocated memory: 227.348 MB.
INFO: [HLS 200-111] Finished Loop, function and other optimizations: CPU user time: 0.02 seconds. CPU system time: 0.01 seconds. Elapsed time: 0.03 seconds; current allocated memory: 249.125 MB.
INFO: [HLS 200-111] Finished Architecture Synthesis: CPU user time: 0.03 seconds. CPU system time: 0 seconds. Elapsed time: 0.03 seconds; current allocated memory: 249.664 MB.
INFO: [HLS 200-10] Starting hardware synthesis ...
INFO: [HLS 200-10] Synthesizing 'unpack_blk_to_stream' ...
INFO: [SYN 201-201] Setting up clock 'default' with a period of 10ns.
INFO: [HLS 200-10] ----------------------------------------------------------------
INFO: [HLS 200-42] -- Implementing module 'unpack_blk_to_stream_Pipeline_VITIS_LOOP_53_2' 
INFO: [HLS 200-10] ----------------------------------------------------------------
INFO: [SCHED 204-11] Starting scheduling ...
INFO: [SCHED 204-61] Pipelining loop 'VITIS_LOOP_53_2'.
INFO: [HLS 200-1470] Pipelining result : Target II = NA, Final II = 1, Depth = 2, loop 'VITIS_LOOP_53_2'
INFO: [SCHED 204-11] Finished scheduling.
INFO: [HLS 200-111] Finished Scheduling: CPU user time: 0.02 seconds. CPU system time: 0.02 seconds. Elapsed time: 0.04 seconds; current allocated memory: 250.617 MB.
INFO: [BIND 205-100] Starting micro-architecture generation ...
INFO: [BIND 205-101] Performing variable lifetime analysis.
INFO: [BIND 205-101] Exploring resource sharing.
INFO: [BIND 205-101] Binding ...
INFO: [BIND 205-100] Finished micro-architecture generation.
INFO: [HLS 200-111] Finished Binding: CPU user time: 0.01 seconds. CPU system time: 0 seconds. Elapsed time: 0.01 seconds; current allocated memory: 250.617 MB.
INFO: [HLS 200-10] ----------------------------------------------------------------
INFO: [HLS 200-42] -- Implementing module 'unpack_blk_to_stream' 
INFO: [HLS 200-10] ----------------------------------------------------------------
INFO: [SCHED 204-11] Starting scheduling ...
INFO: [SCHED 204-11] Finished scheduling.
INFO: [HLS 200-111] Finished Scheduling: CPU user time: 0.03 seconds. CPU system time: 0 seconds. Elapsed time: 0.03 seconds; current allocated memory: 250.637 MB.
INFO: [BIND 205-100] Starting micro-architecture generation ...
INFO: [BIND 205-101] Performing variable lifetime analysis.
INFO: [BIND 205-101] Exploring resource sharing.
INFO: [BIND 205-101] Binding ...
INFO: [BIND 205-100] Finished micro-architecture generation.
INFO: [HLS 200-111] Finished Binding: CPU user time: 0.01 seconds. CPU system time: 0 seconds. Elapsed time: 0.01 seconds; current allocated memory: 250.637 MB.
INFO: [HLS 200-10] ----------------------------------------------------------------
INFO: [HLS 200-10] -- Generating RTL for module 'unpack_blk_to_stream_Pipeline_VITIS_LOOP_53_2' 
INFO: [HLS 200-10] ----------------------------------------------------------------
INFO: [HLS 200-1030] Apply Unified Pipeline Control on module 'unpack_blk_to_stream_Pipeline_VITIS_LOOP_53_2' pipeline 'VITIS_LOOP_53_2' pipeline type 'loop pipeline'
INFO: [RTGEN 206-100] Generating core module 'sparsemux_7_2_32_1_1': 1 instance(s).
INFO: [RTGEN 206-100] Finished creating RTL model for 'unpack_blk_to_stream_Pipeline_VITIS_LOOP_53_2'.
INFO: [HLS 200-111] Finished Creating RTL model: CPU user time: 0.02 seconds. CPU system time: 0 seconds. Elapsed time: 0.02 seconds; current allocated memory: 250.637 MB.
INFO: [HLS 200-10] ----------------------------------------------------------------
INFO: [HLS 200-10] -- Generating RTL for module 'unpack_blk_to_stream' 
INFO: [HLS 200-10] ----------------------------------------------------------------
WARNING: [RTGEN 206-101] Design contains AXI ports. Reset is fixed to synchronous and active low.
INFO: [RTGEN 206-500] Setting interface mode on port 'unpack_blk_to_stream/n' to 's_axilite & ap_none'.
INFO: [RTGEN 206-500] Setting interface mode on port 'unpack_blk_to_stream/blk_stream' to 'axis' (register, both mode).
INFO: [RTGEN 206-500] Setting interface mode on port 'unpack_blk_to_stream/output_stream_V_data_V' to 'axis' (register, both mode).
INFO: [RTGEN 206-500] Setting interface mode on port 'unpack_blk_to_stream/output_stream_V_keep_V' to 'axis' (register, both mode).
INFO: [RTGEN 206-500] Setting interface mode on port 'unpack_blk_to_stream/output_stream_V_strb_V' to 'axis' (register, both mode).
INFO: [RTGEN 206-500] Setting interface mode on port 'unpack_blk_to_stream/output_stream_V_last_V' to 'axis' (register, both mode).
INFO: [RTGEN 206-500] Setting interface mode on function 'unpack_blk_to_stream' to 's_axilite & ap_ctrl_hs'.
INFO: [RTGEN 206-100] Bundling port 'n' and 'return' to AXI-Lite port CTRL.
INFO: [RTGEN 206-100] Generating core module 'mul_32s_34ns_65_2_1': 1 instance(s).
INFO: [RTGEN 206-100] Generating core module 'srem_32ns_3ns_3_36_seq_1': 1 instance(s).
INFO: [RTGEN 206-100] Finished creating RTL model for 'unpack_blk_to_stream'.
INFO: [HLS 200-111] Finished Creating RTL model: CPU user time: 0.04 seconds. CPU system time: 0.01 seconds. Elapsed time: 0.05 seconds; current allocated memory: 250.637 MB.
INFO: [HLS 200-111] Finished Generating all RTL models: CPU user time: 0.13 seconds. CPU system time: 0.02 seconds. Elapsed time: 0.14 seconds; current allocated memory: 253.438 MB.
INFO: [HLS 200-111] Finished Updating report files: CPU user time: 0.38 seconds. CPU system time: 0.03 seconds. Elapsed time: 0.42 seconds; current allocated memory: 261.352 MB.
INFO: [VHDL 208-304] Generating VHDL RTL for unpack_blk_to_stream.
INFO: [VLOG 209-307] Generating Verilog RTL for unpack_blk_to_stream.
INFO: [HLS 200-790] **** Loop Constraint Status: All loop constraints were satisfied.
INFO: [HLS 200-789] **** Estimated Fmax: 144.68 MHz
INFO: [HLS 200-112] Total CPU user time: 67.38 seconds. Total CPU system time: 5.94 seconds. Total elapsed time: 78.42 seconds; peak allocated memory: 261.352 MB.
INFO: [v++ 60-791] Total elapsed time: 0h 1m 22s
