# 
# Steps log generated by v++
# This log file contains a collection of steps that describe the kernel compilation flow
# Note: Some steps are tagged as internal, these steps are for debugging purposes and 
#       are not expected to be able to run independently.
# 

# The following environment variables are set when running v++
Environment variables :
------------------------------------------
SHELL=/usr/bin/bash
SESSION_MANAGER=local/archlinux:@/tmp/.ICE-unix/1195,unix/archlinux:/tmp/.ICE-unix/1195
CSF_MDTVTexturesDirectory=/usr/share/opencascade/resources/Textures
XDG_CONFIG_DIRS=/home/admin/.config/kdedefaults:/etc/xdg
XDG_SESSION_PATH=/org/freedesktop/DisplayManager/Session0
XDG_MENU_PREFIX=plasma-
CONDA_EXE=/usr/bin/conda
RDI_APPROOT=/home/admin/Xilinx/Vitis/2024.2
RDI_JAVA_PLATFORM=
CSF_DrawPluginDefaults=/usr/share/opencascade/resources/DrawResources
TK_LIBRARY=/home/admin/Xilinx/Vitis/2024.2/tps/tk/tk8.5
ICEAUTHORITY=/run/user/1000/iceauth_SXtJMk
LANGUAGE=en_US:en
FREETYPE_PROPERTIES=truetype:interpreter-version=35
XIL_SUPPRESS_OVERRIDE_WARNINGS=1
RDI_BINROOT=/home/admin/Xilinx/Vitis/2024.2/bin
JAVA_HOME=/home/admin/Xilinx/Vitis/2024.2/tps/lnx64/jre11.0.16_1/
XILINX_VIVADO=/home/admin/Xilinx/Vivado/2024.2
CSF_LANGUAGE=us
SSH_AUTH_SOCK=/run/user/1000/gcr/ssh
CSF_MIGRATION_TYPES=/usr/share/opencascade/resources/StdResource/MigrationSheet.txt
RDI_OPT_EXT=.o
RDI_INSTALLVER=2024.2
RDI_INSTALLROOT=/home/admin/Xilinx
THEIA_DEFAULT_PLUGINS=local-dir:/home/admin/Xilinx/Vitis/2024.2/ide/electron-app/lnx64/resources/app/plugins
MEMORY_PRESSURE_WRITE=c29tZSAyMDAwMDAgMjAwMDAwMAA=
RDI_PATCHROOT=
DESKTOP_SESSION=plasma
CSF_OCCTResourcePath=/usr/share/opencascade/resources
GTK_RC_FILES=/etc/gtk/gtkrc:/home/admin/.gtkrc:/home/admin/.config/gtkrc
CSF_STEPDefaults=/usr/share/opencascade/resources/XSTEPResource
GTK_MODULES=canberra-gtk-module
XDG_SEAT=seat0
XIL_NO_OVERRIDE=0
RDI_LIBDIR=/home/admin/Xilinx/Vitis/2024.2/lib/lnx64.o/Default:/home/admin/Xilinx/Vitis/2024.2/lib/lnx64.o
PWD=/home/admin/Desktop/SOCExtraFeatures/PYNQZ2/MotorFatigue
XDG_SESSION_DESKTOP=plasma
LOGNAME=admin
QSYS_ROOTDIR=/home/admin/intelFPGA/23.1std/quartus/sopc_builder/bin
THEIA_ELECTRON_VERSION=15.5.7
XDG_SESSION_TYPE=wayland
_RDI_DONT_SET_XILINX_AS_PATH=True
DRAWHOME=/usr/share/opencascade/resources/DrawResources
SYSTEMD_EXEC_PID=1266
XAUTHORITY=/run/user/1000/xauth_sJrqta
CSF_StandardLiteDefaults=/usr/share/opencascade/resources/StdResource
RDI_PREPEND_PATH=/home/admin/Xilinx/Vitis/2024.2/bin
XDG_GREETER_DATA_DIR=/var/lib/lightdm-data/admin
XILINX_DSP=
THEIA_PLUGINS=local-dir:/home/admin/.theia/plugins
MOTD_SHOWN=pam
XKB_DEFAULT_MODEL=pc105+inet
GDM_LANG=en_US.UTF-8
GTK2_RC_FILES=/etc/gtk-2.0/gtkrc:/home/admin/.gtkrc-2.0:/home/admin/.config/gtkrc-2.0
HOME=/home/admin
SYNTH_COMMON=/home/admin/Xilinx/Vitis/2024.2/scripts/rt/data
LANG=en_US.UTF-8
XDG_CURRENT_DESKTOP=KDE
MEMORY_PRESSURE_WATCH=/sys/fs/cgroup/user.slice/user-1000.slice/user@1000.service/session.slice/plasma-plasmashell.service/memory.pressure
WAYLAND_DISPLAY=wayland-0
XILINX_HLS=/home/admin/Xilinx/Vitis/2024.2
XDG_SEAT_PATH=/org/freedesktop/DisplayManager/Seat0
HDI_PROCESSOR=x86_64
RDI_BUILD=yes
RDI_PROG=/home/admin/Xilinx/Vitis/2024.2/bin/unwrapped/lnx64.o/v++
INVOCATION_ID=9fc8fd6111144d67a6d2eec73a9602e2
MANAGERPID=954
RDI_SESSION_INFO=/home/admin:archlinux_1739827304_37946
CSF_ShadersDirectory=/usr/share/opencascade/resources/Shaders
CSF_EXCEPTION_PROMPT=1
CHROME_DESKTOP=Vitis Unified IDE.desktop
RT_TCL_PATH=/home/admin/Xilinx/Vitis/2024.2/scripts/rt/base_tcl/tcl
CSF_XmlOcafResource=/usr/share/opencascade/resources/XmlOcafResource
KDE_SESSION_UID=1000
XILINX_SDK=/home/admin/Xilinx/Vitis/2024.2
RDI_SHARED_DATA=/home/admin/Xilinx/SharedData/2024.2/data
XKB_DEFAULT_LAYOUT=us
CSF_SHMessage=/usr/share/opencascade/resources/SHMessage
XDG_ACTIVATION_TOKEN=kwin-153
VSCODE_API_VERSION=1.53.2
XDG_SESSION_CLASS=user
PYTHONPATH=/home/admin/Xilinx/Vitis/2024.2/cli/:/home/admin/Xilinx/Vitis/2024.2/cli/python-packages/site-packages:/home/admin/Xilinx/Vitis/2024.2/cli/proto:/home/admin/Xilinx/Vitis/2024.2/tps/lnx64/python-3.8.3/lib/python3.8/lib-dynload/:/home/admin/Xilinx/Vitis/2024.2/tps/lnx64/python-3.8.3/lib/python3.8/:/home/admin/Xilinx/Vivado/2024.2/tps/lnx64/python-3.8.3/lib/python3.8/lib-dynload/:/home/admin/Xilinx/Vivado/2024.2/tps/lnx64/python-3.8.3/lib/python3.8:/home/admin/Xilinx/Vitis/2024.2/cli/:/home/admin/Xilinx/Vitis/2024.2/cli/python-packages/site-packages:/home/admin/Xilinx/Vitis/2024.2/cli/python-packages/lnx64:/home/admin/Xilinx/Vitis/2024.2/cli/proto:/home/admin/Xilinx/Vitis/2024.2/scripts/python_pkg
PYTHONHOME=/home/admin/Xilinx/Vitis/2024.2/tps/lnx64/python-3.8.3/
VITIS_HLS_INSTALL=true
USER=admin
XILINX_PLANAHEAD=/home/admin/Xilinx/Vitis/2024.2
PATCH_INFO=
CONDA_SHLVL=0
QT_WAYLAND_RECONNECT=1
CSF_StandardDefaults=/usr/share/opencascade/resources/StdResource
RDI_BASEROOT=/home/admin/Xilinx/Vitis
KDE_SESSION_VERSION=6
LOPPER_DTC_FLAGS=-b 0 -@
PAM_KWALLET5_LOGIN=/run/user/1000/kwallet5.socket
CSF_IGESDefaults=/usr/share/opencascade/resources/XSTEPResource
RDI_TPS_ROOT=/home/admin/Xilinx/Vivado/2024.2/tps/lnx64
AMDAPPSDKROOT=/opt/AMDAPP/SDK
RDI_JAVA_VERSION=11.0.16_1
IDE_SKIP_SERVER_LICENSE=1
RDI_DATADIR=/home/admin/Xilinx/Vitis/2024.2/data
THEIA_ELECTRON_TOKEN={"value":"eb3e4ed9-694e-4662-8179-70208ac0e344"}
DISPLAY=:0
CSF_XCAFDefaults=/usr/share/opencascade/resources/StdResource
SHLVL=3
XILINX_VITIS_HLS_ENCAPSULATED=1
LC_TELEPHONE=en_IN.UTF-8
RDI_USE_JDK11=1
XDG_VTNR=8
CSF_PluginDefaults=/usr/share/opencascade/resources/StdResource
XILINX_VIVADO_HLS=/home/admin/Xilinx/Vivado/2024.2
XIL_CHECK_TCL_DEBUG=False
CSF_TObjMessage=/usr/share/opencascade/resources/TObj
XDG_SESSION_ID=2
CASROOT=/usr
LD_LIBRARY_PATH=/home/admin/Xilinx/Vitis/2024.2/lib/lnx64.o/Default:/home/admin/Xilinx/Vitis/2024.2/lib/lnx64.o:/home/admin/Xilinx/Vitis/2024.2/tps/lnx64/jre11.0.16_1/lib/:/home/admin/Xilinx/Vitis/2024.2/tps/lnx64/jre11.0.16_1/lib//server:/home/admin/Xilinx/Vitis/2024.2/lib/lnx64.o/Default:/home/admin/Xilinx/Vitis/2024.2/lib/lnx64.o:/home/admin/Xilinx/Vitis/2024.2/tps/lnx64/cmake-3.24.2/libs/Default:/home/admin/Xilinx/Vitis/2024.2/tps/lnx64/cmake-3.24.2/libs:/home/admin/Xilinx/Vitis/2024.2/lib/lnx64.o/Default:/home/admin/Xilinx/Vitis/2024.2/lib/lnx64.o:/home/admin/Xilinx/Vitis/2024.2/tps/lnx64/python-3.8.3/lib:/home/admin/Xilinx/Vivado/2024.2/tps/lnx64/cmake-3.24.2/libs/Default:/home/admin/Xilinx/Vivado/2024.2/tps/lnx64/cmake-3.24.2/libs:/home/admin/Xilinx/Vitis/2024.2/lib/lnx64.o:/home/admin/Xilinx/Vitis/2024.2/lib/lnx64.o/Default:/home/admin/Xilinx/Vitis/2024.2/lib/lnx64.o:/home/admin/Xilinx/Vivado/2024.2/tps/lnx64/python-3.8.3/lib
HDIPRELDPATH=/home/admin/Xilinx/Vitis/2024.2/lib/lnx64.o/Default:/home/admin/Xilinx/Vitis/2024.2/lib/lnx64.o:/home/admin/Xilinx/Vitis/2024.2/tps/lnx64/cmake-3.24.2/libs/Default:/home/admin/Xilinx/Vitis/2024.2/tps/lnx64/cmake-3.24.2/libs:/home/admin/Xilinx/Vitis/2024.2/lib/lnx64.o/Default:/home/admin/Xilinx/Vitis/2024.2/lib/lnx64.o:/home/admin/Xilinx/Vitis/2024.2/tps/lnx64/python-3.8.3/lib:/home/admin/Xilinx/Vivado/2024.2/tps/lnx64/cmake-3.24.2/libs/Default:/home/admin/Xilinx/Vivado/2024.2/tps/lnx64/cmake-3.24.2/libs:/home/admin/Xilinx/Vitis/2024.2/lib/lnx64.o:/home/admin/Xilinx/Vitis/2024.2/lib/lnx64.o/Default:/home/admin/Xilinx/Vitis/2024.2/lib/lnx64.o:/home/admin/Xilinx/Vivado/2024.2/tps/lnx64/python-3.8.3/lib
XDG_RUNTIME_DIR=/run/user/1000
TCMALLOC_LARGE_ALLOC_REPORT_THRESHOLD=4294967296
DEBUGINFOD_URLS=https://debuginfod.archlinux.org 
LC_TIME=en_IN.UTF-8
TCL_LIBRARY=/home/admin/Xilinx/Vitis/2024.2/tps/tcl/tcl8.6
LC_ALL=en_US.UTF-8
QT_AUTO_SCREEN_SCALE_FACTOR=0
JOURNAL_STREAM=9:13678
CSF_XSMessage=/usr/share/opencascade/resources/XSMessage
MMGT_CLEAR=1
GTK3_MODULES=xapp-gtk3-module
XILINX_VITIS_GIT=/home/admin/Xilinx/Vivado/2024.2/tps/lnx64/git-2.45.0/bin
XDG_DATA_DIRS=/home/admin/.local/share/flatpak/exports/share:/var/lib/flatpak/exports/share:/usr/local/share:/usr/share
KDE_FULL_SESSION=true
PATH=/home/admin/Xilinx/Vivado/2024.2/tps/lnx64/binutils-2.26/bin:/home/admin/Xilinx/Vitis/2024.2/bin/../gnu/aarch64/lin/aarch64-linux/bin:/home/admin/Xilinx/Vitis/2024.2/bin/../gnu/ppc64le/4.9.3/lnx64/bin:/home/admin/Xilinx/Vitis/2024.2/bin/../gnu/aarch32/lin/gcc-arm-linux-gnueabi/bin:/home/admin/Xilinx/Vivado/2024.2/tps/lnx64/gcc-8.3.0/bin:/home/admin/Xilinx/Vivado/2024.2/gnu/microblaze/lin/bin:/home/admin/Xilinx/Vitis/2024.2/bin:/home/admin/Xilinx/Vitis/2024.2/tps/lnx64/jre11.0.16_1/bin:/home/admin/Xilinx/Vitis/2024.2/gnu/microblaze/lin/bin:/home/admin/Xilinx/Vitis/2024.2/gnu/arm/lin/bin:/home/admin/Xilinx/Vitis/2024.2/gnu/microblaze/linux_toolchain/nt64_be/bin:/home/admin/Xilinx/Vitis/2024.2/gnu/microblaze/linux_toolchain/nt64_le/bin:/home/admin/Xilinx/Vitis/2024.2/gnu/aarch32/lin/gcc-arm-linux-gnueabi/bin:/home/admin/Xilinx/Vitis/2024.2/gnu/aarch32/lin/gcc-arm-none-eabi/bin:/home/admin/Xilinx/Vitis/2024.2/gnu/aarch64/lin/aarch64-linux/bin:/home/admin/Xilinx/Vitis/2024.2/gnu/aarch64/lin/aarch64-none/bin:/home/admin/Xilinx/Vitis/2024.2/gnu/armr5/lin/gcc-arm-none-eabi/bin:/home/admin/Xilinx/Vitis/2024.2/tps/lnx64/cmake-3.24.2/bin:/home/admin/Xilinx/Vitis/2024.2/lnx64/tools/clang/bin:/home/admin/Xilinx/Vitis/2024.2/tps/lnx64/python-3.8.3//bin:/home/admin/Xilinx/Vitis/2024.2/tps/lnx64/jre11.0.16_1//bin:/bin:/home/admin/Xilinx/Vivado/2024.2/bin:/home/admin/Xilinx/Vivado/2024.2/tps/lnx64/git-2.45.0/bin:/home/admin/Xilinx/Vivado/2024.2/tps/lnx64/cmake-3.24.2/bin:/home/admin/Xilinx/Vivado/2024.2/tps/lnx64/python-3.8.3/bin:/home/admin/Xilinx/Vitis/2024.2/gnu/riscv/lin/riscv64-unknown-elf/bin:/usr/condabin:/usr/local/bin:/usr/bin:/usr/local/sbin:/var/lib/flatpak/exports/bin:/usr/lib/jvm/default/bin:/usr/bin/site_perl:/usr/bin/vendor_perl:/usr/bin/core_perl:/usr/lib/rustup/bin:/home/admin/.lmstudio/bin
CSF_TObjDefaults=/usr/share/opencascade/resources/StdResource
RT_LIBPATH=/home/admin/Xilinx/Vitis/2024.2/scripts/rt/data
GDMSESSION=plasma
ORIGINAL_XDG_CURRENT_DESKTOP=KDE
HDI_APPROOT=/home/admin/Xilinx/Vitis/2024.2
DBUS_SESSION_BUS_ADDRESS=unix:path=/run/user/1000/bus
RDI_PLATFORM=lnx64
THEIA_APP_PROJECT_PATH=/home/admin/Xilinx/Vitis/2024.2/ide/electron-app/lnx64/resources/app
MYVIVADO=
KDE_APPLICATIONS_AS_SCOPE=1
HG=/usr/bin/hg
BUILDINFO=SW Build 5238363 on 2024-11-08-17:54:51
MAIL=/var/spool/mail/admin
ISL_IOSTREAMS_RSA=/home/admin/Xilinx/Vitis/2024.2/tps/isl
DRAWDEFAULT=/usr/share/opencascade/resources/DrawResources/DrawDefault
XKB_DEFAULT_OPTIONS=terminate:ctrl_alt_bksp
LC_NUMERIC=C
XILINX_VITIS=/home/admin/Xilinx/Vitis/2024.2
OLDPWD=/home/admin/Xilinx/Vitis/2024.2/bin
XILINX_VCXX=/home/admin/Xilinx/Vitis/2024.2/vcxx
_=/home/admin/Xilinx/Vitis/2024.2/bin/unwrapped/lnx64.o/v++
XILINX_CD_CONNECT_ID=42303
XILINX_CD_SESSION=789eaa01-51e3-43f9-bf5d-ac044e55282a


V++ command line:
------------------------------------------
/home/admin/Xilinx/Vitis/2024.2/bin/unwrapped/lnx64.o/v++ -c --mode hls --config /home/admin/Desktop/SOCExtraFeatures/PYNQZ2/MotorFatigue/hls_config.cfg --work_dir pack_stream_to_blk 

FINAL PROGRAM OPTIONS
--compile
--config /home/admin/Desktop/SOCExtraFeatures/PYNQZ2/MotorFatigue/hls_config.cfg
--hls.flow_target vivado
--hls.package.output.format ip_catalog
--hls.package.output.syn false
--hls.syn.file /home/admin/Desktop/SOCExtraFeatures/src/DataTypes.h
--hls.syn.file /home/admin/Desktop/SOCExtraFeatures/src/MatrixComplex.cpp
--hls.syn.file /home/admin/Desktop/SOCExtraFeatures/src/StatsCalc.cpp
--hls.syn.file /home/admin/Desktop/SOCExtraFeatures/src/StreamConverters.cpp
--hls.syn.file /home/admin/Desktop/SOCExtraFeatures/src/ZeroCross.cpp
--hls.syn.top pack_stream_to_blk
--mode hls
--part xc7z020clg400-1
--target hw
--work_dir pack_stream_to_blk

PARSED COMMAND LINE OPTIONS
-c 
--mode hls 
--config /home/admin/Desktop/SOCExtraFeatures/PYNQZ2/MotorFatigue/hls_config.cfg 
--work_dir pack_stream_to_blk 

PARSED CONFIG FILE (1) OPTIONS
file: /home/admin/Desktop/SOCExtraFeatures/PYNQZ2/MotorFatigue/hls_config.cfg
part xc7z020clg400-1 
hls.flow_target vivado 
hls.package.output.format ip_catalog 
hls.package.output.syn false 
hls.syn.top pack_stream_to_blk 
hls.syn.file /home/admin/Desktop/SOCExtraFeatures/src/DataTypes.h 
hls.syn.file /home/admin/Desktop/SOCExtraFeatures/src/MatrixComplex.cpp 
hls.syn.file /home/admin/Desktop/SOCExtraFeatures/src/StatsCalc.cpp 
hls.syn.file /home/admin/Desktop/SOCExtraFeatures/src/StreamConverters.cpp 
hls.syn.file /home/admin/Desktop/SOCExtraFeatures/src/ZeroCross.cpp 


==========================================
new:  steps log generated by v++ for new launch 
timestamp: 18 Feb 2025 03:22:40

------------------------------------------
VITIS-RUN command line :
------------------------------------------
/home/admin/Xilinx/Vitis/2024.2/bin/unwrapped/lnx64.o/vitis-run --mode hls --package --config /home/admin/Desktop/SOCExtraFeatures/PYNQZ2/MotorFatigue/hls_config.cfg --work_dir pack_stream_to_blk 
  Options from -O    : 
  Options from *.ini : 
  Options from Hw Platform : 

==========================================
new:  steps log generated by v++ for new launch 
timestamp: 18 Feb 2025 03:24:11

------------------------------------------
V++ command line :
------------------------------------------
/home/admin/Xilinx/Vitis/2024.2/bin/unwrapped/lnx64.o/v++ -c --mode hls --config /home/admin/Desktop/SOCExtraFeatures/PYNQZ2/MotorFatigue/hls_config.cfg --work_dir pack_stream_to_blk 
  Options from -O    : 
  Options from *.ini : 
  Options from Hw Platform : 

==========================================
new:  steps log generated by v++ for new launch 
timestamp: 18 Feb 2025 03:27:16

------------------------------------------
VITIS-RUN command line :
------------------------------------------
/home/admin/Xilinx/Vitis/2024.2/bin/unwrapped/lnx64.o/vitis-run --mode hls --package --config /home/admin/Desktop/SOCExtraFeatures/PYNQZ2/MotorFatigue/hls_config.cfg --work_dir pack_stream_to_blk 
  Options from -O    : 
  Options from *.ini : 
  Options from Hw Platform : 

==========================================
new:  steps log generated by v++ for new launch 
timestamp: 18 Feb 2025 03:33:05

------------------------------------------
V++ command line :
------------------------------------------
/home/admin/Xilinx/Vitis/2024.2/bin/unwrapped/lnx64.o/v++ -c --mode hls --config /home/admin/Desktop/SOCExtraFeatures/PYNQZ2/MotorFatigue/hls_config.cfg --work_dir pack_stream_to_blk 
  Options from -O    : 
  Options from *.ini : 
  Options from Hw Platform : 

==========================================
new:  steps log generated by v++ for new launch 
timestamp: 18 Feb 2025 03:34:43

------------------------------------------
VITIS-RUN command line :
------------------------------------------
/home/admin/Xilinx/Vitis/2024.2/bin/unwrapped/lnx64.o/vitis-run --mode hls --package --config /home/admin/Desktop/SOCExtraFeatures/PYNQZ2/MotorFatigue/hls_config.cfg --work_dir pack_stream_to_blk 
  Options from -O    : 
  Options from *.ini : 
  Options from Hw Platform : 

==========================================
new:  steps log generated by v++ for new launch 
timestamp: 18 Feb 2025 03:36:09

------------------------------------------
V++ command line :
------------------------------------------
/home/admin/Xilinx/Vitis/2024.2/bin/unwrapped/lnx64.o/v++ -c --mode hls --config /home/admin/Desktop/SOCExtraFeatures/PYNQZ2/MotorFatigue/hls_config.cfg --work_dir pack_stream_to_blk 
  Options from -O    : 
  Options from *.ini : 
  Options from Hw Platform : 

==========================================
new:  steps log generated by v++ for new launch 
timestamp: 18 Feb 2025 03:37:57

------------------------------------------
VITIS-RUN command line :
------------------------------------------
/home/admin/Xilinx/Vitis/2024.2/bin/unwrapped/lnx64.o/vitis-run --mode hls --package --config /home/admin/Desktop/SOCExtraFeatures/PYNQZ2/MotorFatigue/hls_config.cfg --work_dir pack_stream_to_blk 
  Options from -O    : 
  Options from *.ini : 
  Options from Hw Platform : 

==========================================
new:  steps log generated by v++ for new launch 
timestamp: 18 Feb 2025 03:40:23

------------------------------------------
V++ command line :
------------------------------------------
/home/admin/Xilinx/Vitis/2024.2/bin/unwrapped/lnx64.o/v++ -c --mode hls --config /home/admin/Desktop/SOCExtraFeatures/PYNQZ2/MotorFatigue/hls_config.cfg --work_dir pack_stream_to_blk 
  Options from -O    : 
  Options from *.ini : 
  Options from Hw Platform : 

==========================================
new:  steps log generated by v++ for new launch 
timestamp: 18 Feb 2025 03:46:51

------------------------------------------
VITIS-RUN command line :
------------------------------------------
/home/admin/Xilinx/Vitis/2024.2/bin/unwrapped/lnx64.o/vitis-run --mode hls --package --config /home/admin/Desktop/SOCExtraFeatures/PYNQZ2/MotorFatigue/hls_config.cfg --work_dir pack_stream_to_blk 
  Options from -O    : 
  Options from *.ini : 
  Options from Hw Platform : 

==========================================
new:  steps log generated by v++ for new launch 
timestamp: 18 Feb 2025 03:48:21

------------------------------------------
V++ command line :
------------------------------------------
/home/admin/Xilinx/Vitis/2024.2/bin/unwrapped/lnx64.o/v++ -c --mode hls --config /home/admin/Desktop/SOCExtraFeatures/PYNQZ2/MotorFatigue/hls_config.cfg --work_dir pack_stream_to_blk 
  Options from -O    : 
  Options from *.ini : 
  Options from Hw Platform : 

==========================================
new:  steps log generated by v++ for new launch 
timestamp: 18 Feb 2025 03:50:06

------------------------------------------
VITIS-RUN command line :
------------------------------------------
/home/admin/Xilinx/Vitis/2024.2/bin/unwrapped/lnx64.o/vitis-run --mode hls --package --config /home/admin/Desktop/SOCExtraFeatures/PYNQZ2/MotorFatigue/hls_config.cfg --work_dir pack_stream_to_blk 
  Options from -O    : 
  Options from *.ini : 
  Options from Hw Platform : 

==========================================
new:  steps log generated by v++ for new launch 
timestamp: 18 Feb 2025 03:51:42
