Tue Feb 18 03:22:38 2025: Running xcd server. This server was built by gradle.
Tue Feb 18 03:22:38 2025: Server was asked to start on port: '42303'
Tue Feb 18 03:22:38 2025: Server is using token UUID: '7eca2ece-d423-4b29-9e77-93fdbeaddb9a'
Tue Feb 18 03:22:38 2025: SESSION_MGR: creating session with session uuid: '6d04a3e9-ade5-4ab9-8d63-1f78fcd2ec76' and name 'default'
Tue Feb 18 03:22:38 2025: Attempting to start server on port '42303'
Tue Feb 18 03:22:38 2025: XCD main fifo: created main fifo '/tmp/xcdmain7eca2ece-d423-4b29-9e77-93fdbeaddb9a', fd read = 13
Tue Feb 18 03:22:38 2025: Running Dispatch Server
Tue Feb 18 03:22:38 2025: Version 2.2.0
Tue Feb 18 03:22:39 2025: Dispatch Server: Accepted socket connection from client
Tue Feb 18 03:22:39 2025: Starting Socket connection
Tue Feb 18 03:22:39 2025: EXCHANGE_TOKEN received, server token: 7eca2ece-d423-4b29-9e77-93fdbeaddb9a, passed token: 7eca2ece-d423-4b29-9e77-93fdbeaddb9a
Tue Feb 18 03:22:40 2025: DISPATCH_HANDLER: Adding handler from function makeHandler in library libxv_system_diagram
Tue Feb 18 03:22:40 2025: SESSION_MGR: creating session with session uuid: '789eaa01-51e3-43f9-bf5d-ac044e55282a' and name 'v++_compile_pack_stream_to_blk'
Tue Feb 18 03:22:40 2025: KERNEL_SVC: creating session with uuid: '789eaa01-51e3-43f9-bf5d-ac044e55282a' and name 'v++_compile_pack_stream_to_blk'
Tue Feb 18 03:22:40 2025: GUIDANCE_SMGR: creating guidance session with uuid: '789eaa01-51e3-43f9-bf5d-ac044e55282a' and name 'v++_compile_pack_stream_to_blk'
Tue Feb 18 03:22:40 2025: SYSTEM_DIAGRAM: creating session with uuid: '789eaa01-51e3-43f9-bf5d-ac044e55282a' and name 'v++_compile_pack_stream_to_blk'
Tue Feb 18 03:22:43 2025: Dispatch Server: Accepted socket connection from client
Tue Feb 18 03:22:43 2025: Starting Socket connection
Tue Feb 18 03:23:59 2025: SESSION_MGR: closing session for UUID '789eaa01-51e3-43f9-bf5d-ac044e55282a' with name 'v++_compile_pack_stream_to_blk'
Tue Feb 18 03:23:59 2025: KERNEL_SVC: closing session for UUID '789eaa01-51e3-43f9-bf5d-ac044e55282a' with name 'v++_compile_pack_stream_to_blk'
Tue Feb 18 03:23:59 2025: GUIDANCE_SMGR: closing session for UUID '789eaa01-51e3-43f9-bf5d-ac044e55282a' with name 'v++_compile_pack_stream_to_blk'
Tue Feb 18 03:23:59 2025: SYSTEM_DIAGRAM: closing session for UUID '789eaa01-51e3-43f9-bf5d-ac044e55282a' with name 'v++_compile_pack_stream_to_blk'
Tue Feb 18 03:23:59 2025: STOP_SERVER received, server token: 7eca2ece-d423-4b29-9e77-93fdbeaddb9a, passed token: 7eca2ece-d423-4b29-9e77-93fdbeaddb9a
Tue Feb 18 03:23:59 2025: Socket received request to stop server.
Tue Feb 18 03:23:59 2025: Dispatch Server: do_await_stop
Tue Feb 18 03:23:59 2025: Dispatch Server: stopping mainFifo_
Tue Feb 18 03:23:59 2025: XCD main fifo: Stopping
Tue Feb 18 03:23:59 2025: XCD main fifo: do_read error code: Operation canceled
Tue Feb 18 03:23:59 2025: XCD main fifo: bytes_transferred: 0
Tue Feb 18 03:23:59 2025: SERVER: destructor for server bound to port 42303
Tue Feb 18 03:23:59 2025: XCD main fifo: Good unlink of /tmp/xcdmain7eca2ece-d423-4b29-9e77-93fdbeaddb9a
Tue Feb 18 03:23:59 2025: Server exiting with status 0.
Tue Feb 18 03:23:59 2025: Closing log file.
Tue Feb 18 03:24:09 2025: Running xcd server. This server was built by gradle.
Tue Feb 18 03:24:09 2025: Server was asked to start on port: '36859'
Tue Feb 18 03:24:09 2025: Server is using token UUID: '8b5b0184-c245-4eec-8d23-3e6789d07387'
Tue Feb 18 03:24:09 2025: SESSION_MGR: creating session with session uuid: '6d04a3e9-ade5-4ab9-8d63-1f78fcd2ec76' and name 'default'
Tue Feb 18 03:24:09 2025: Attempting to start server on port '36859'
Tue Feb 18 03:24:09 2025: XCD main fifo: created main fifo '/tmp/xcdmain8b5b0184-c245-4eec-8d23-3e6789d07387', fd read = 13
Tue Feb 18 03:24:09 2025: Running Dispatch Server
Tue Feb 18 03:24:09 2025: Version 2.2.0
Tue Feb 18 03:24:11 2025: Dispatch Server: Accepted socket connection from client
Tue Feb 18 03:24:11 2025: Starting Socket connection
Tue Feb 18 03:24:11 2025: EXCHANGE_TOKEN received, server token: 8b5b0184-c245-4eec-8d23-3e6789d07387, passed token: 8b5b0184-c245-4eec-8d23-3e6789d07387
Tue Feb 18 03:24:11 2025: DISPATCH_HANDLER: Adding handler from function makeHandler in library libxv_system_diagram
Tue Feb 18 03:24:11 2025: SESSION_MGR: creating session with session uuid: 'a003fec7-31bb-4e89-b329-c9e358cef846' and name 'vitis-run_compile_pack_stream_to_blk'
Tue Feb 18 03:24:11 2025: KERNEL_SVC: creating session with uuid: 'a003fec7-31bb-4e89-b329-c9e358cef846' and name 'vitis-run_compile_pack_stream_to_blk'
Tue Feb 18 03:24:11 2025: GUIDANCE_SMGR: creating guidance session with uuid: 'a003fec7-31bb-4e89-b329-c9e358cef846' and name 'vitis-run_compile_pack_stream_to_blk'
Tue Feb 18 03:24:11 2025: SYSTEM_DIAGRAM: creating session with uuid: 'a003fec7-31bb-4e89-b329-c9e358cef846' and name 'vitis-run_compile_pack_stream_to_blk'
Tue Feb 18 03:24:15 2025: Dispatch Server: Accepted socket connection from client
Tue Feb 18 03:24:15 2025: Starting Socket connection
Tue Feb 18 03:24:31 2025: SESSION_MGR: closing session for UUID 'a003fec7-31bb-4e89-b329-c9e358cef846' with name 'vitis-run_compile_pack_stream_to_blk'
Tue Feb 18 03:24:31 2025: KERNEL_SVC: closing session for UUID 'a003fec7-31bb-4e89-b329-c9e358cef846' with name 'vitis-run_compile_pack_stream_to_blk'
Tue Feb 18 03:24:31 2025: GUIDANCE_SMGR: closing session for UUID 'a003fec7-31bb-4e89-b329-c9e358cef846' with name 'vitis-run_compile_pack_stream_to_blk'
Tue Feb 18 03:24:31 2025: SYSTEM_DIAGRAM: closing session for UUID 'a003fec7-31bb-4e89-b329-c9e358cef846' with name 'vitis-run_compile_pack_stream_to_blk'
Tue Feb 18 03:24:31 2025: STOP_SERVER received, server token: 8b5b0184-c245-4eec-8d23-3e6789d07387, passed token: 8b5b0184-c245-4eec-8d23-3e6789d07387
Tue Feb 18 03:24:31 2025: Socket received request to stop server.
Tue Feb 18 03:24:31 2025: Dispatch Server: do_await_stop
Tue Feb 18 03:24:31 2025: Dispatch Server: stopping mainFifo_
Tue Feb 18 03:24:31 2025: XCD main fifo: Stopping
Tue Feb 18 03:24:31 2025: XCD main fifo: do_read error code: Operation canceled
Tue Feb 18 03:24:31 2025: XCD main fifo: bytes_transferred: 0
Tue Feb 18 03:24:31 2025: SERVER: destructor for server bound to port 36859
Tue Feb 18 03:24:31 2025: XCD main fifo: Good unlink of /tmp/xcdmain8b5b0184-c245-4eec-8d23-3e6789d07387
Tue Feb 18 03:24:31 2025: Server exiting with status 0.
Tue Feb 18 03:24:31 2025: Closing log file.
Tue Feb 18 03:27:14 2025: Running xcd server. This server was built by gradle.
Tue Feb 18 03:27:14 2025: Server was asked to start on port: '42383'
Tue Feb 18 03:27:14 2025: Server is using token UUID: 'a8b389ec-86dc-4a90-9f75-bbbaefd11eb5'
Tue Feb 18 03:27:14 2025: SESSION_MGR: creating session with session uuid: '6d04a3e9-ade5-4ab9-8d63-1f78fcd2ec76' and name 'default'
Tue Feb 18 03:27:14 2025: Attempting to start server on port '42383'
Tue Feb 18 03:27:14 2025: XCD main fifo: created main fifo '/tmp/xcdmaina8b389ec-86dc-4a90-9f75-bbbaefd11eb5', fd read = 13
Tue Feb 18 03:27:14 2025: Running Dispatch Server
Tue Feb 18 03:27:14 2025: Version 2.2.0
Tue Feb 18 03:27:16 2025: Dispatch Server: Accepted socket connection from client
Tue Feb 18 03:27:16 2025: Starting Socket connection
Tue Feb 18 03:27:16 2025: EXCHANGE_TOKEN received, server token: a8b389ec-86dc-4a90-9f75-bbbaefd11eb5, passed token: a8b389ec-86dc-4a90-9f75-bbbaefd11eb5
Tue Feb 18 03:27:16 2025: DISPATCH_HANDLER: Adding handler from function makeHandler in library libxv_system_diagram
Tue Feb 18 03:27:16 2025: SESSION_MGR: creating session with session uuid: '0aa6c0f0-2882-4342-8e5f-35f212b9a22f' and name 'v++_compile_pack_stream_to_blk'
Tue Feb 18 03:27:16 2025: KERNEL_SVC: creating session with uuid: '0aa6c0f0-2882-4342-8e5f-35f212b9a22f' and name 'v++_compile_pack_stream_to_blk'
Tue Feb 18 03:27:16 2025: GUIDANCE_SMGR: creating guidance session with uuid: '0aa6c0f0-2882-4342-8e5f-35f212b9a22f' and name 'v++_compile_pack_stream_to_blk'
Tue Feb 18 03:27:16 2025: SYSTEM_DIAGRAM: creating session with uuid: '0aa6c0f0-2882-4342-8e5f-35f212b9a22f' and name 'v++_compile_pack_stream_to_blk'
Tue Feb 18 03:27:19 2025: Dispatch Server: Accepted socket connection from client
Tue Feb 18 03:27:19 2025: Starting Socket connection
Tue Feb 18 03:28:35 2025: SESSION_MGR: closing session for UUID '0aa6c0f0-2882-4342-8e5f-35f212b9a22f' with name 'v++_compile_pack_stream_to_blk'
Tue Feb 18 03:28:35 2025: KERNEL_SVC: closing session for UUID '0aa6c0f0-2882-4342-8e5f-35f212b9a22f' with name 'v++_compile_pack_stream_to_blk'
Tue Feb 18 03:28:35 2025: GUIDANCE_SMGR: closing session for UUID '0aa6c0f0-2882-4342-8e5f-35f212b9a22f' with name 'v++_compile_pack_stream_to_blk'
Tue Feb 18 03:28:35 2025: SYSTEM_DIAGRAM: closing session for UUID '0aa6c0f0-2882-4342-8e5f-35f212b9a22f' with name 'v++_compile_pack_stream_to_blk'
Tue Feb 18 03:28:35 2025: STOP_SERVER received, server token: a8b389ec-86dc-4a90-9f75-bbbaefd11eb5, passed token: a8b389ec-86dc-4a90-9f75-bbbaefd11eb5
Tue Feb 18 03:28:35 2025: Socket received request to stop server.
Tue Feb 18 03:28:35 2025: Dispatch Server: do_await_stop
Tue Feb 18 03:28:35 2025: Dispatch Server: stopping mainFifo_
Tue Feb 18 03:28:35 2025: XCD main fifo: Stopping
Tue Feb 18 03:28:35 2025: XCD main fifo: do_read error code: Operation canceled
Tue Feb 18 03:28:35 2025: XCD main fifo: bytes_transferred: 0
Tue Feb 18 03:28:35 2025: SERVER: destructor for server bound to port 42383
Tue Feb 18 03:28:35 2025: XCD main fifo: Good unlink of /tmp/xcdmaina8b389ec-86dc-4a90-9f75-bbbaefd11eb5
Tue Feb 18 03:28:35 2025: Server exiting with status 0.
Tue Feb 18 03:28:35 2025: Closing log file.
Tue Feb 18 03:33:03 2025: Running xcd server. This server was built by gradle.
Tue Feb 18 03:33:03 2025: Server was asked to start on port: '37895'
Tue Feb 18 03:33:03 2025: Server is using token UUID: 'f0ac8fc5-d75c-42a5-b6cc-2a2032fb3be2'
Tue Feb 18 03:33:03 2025: SESSION_MGR: creating session with session uuid: '6d04a3e9-ade5-4ab9-8d63-1f78fcd2ec76' and name 'default'
Tue Feb 18 03:33:03 2025: Attempting to start server on port '37895'
Tue Feb 18 03:33:03 2025: XCD main fifo: created main fifo '/tmp/xcdmainf0ac8fc5-d75c-42a5-b6cc-2a2032fb3be2', fd read = 13
Tue Feb 18 03:33:03 2025: Running Dispatch Server
Tue Feb 18 03:33:03 2025: Version 2.2.0
Tue Feb 18 03:33:05 2025: Dispatch Server: Accepted socket connection from client
Tue Feb 18 03:33:05 2025: Starting Socket connection
Tue Feb 18 03:33:05 2025: EXCHANGE_TOKEN received, server token: f0ac8fc5-d75c-42a5-b6cc-2a2032fb3be2, passed token: f0ac8fc5-d75c-42a5-b6cc-2a2032fb3be2
Tue Feb 18 03:33:05 2025: DISPATCH_HANDLER: Adding handler from function makeHandler in library libxv_system_diagram
Tue Feb 18 03:33:05 2025: SESSION_MGR: creating session with session uuid: '63d78dfb-d94c-4dd7-9e16-fa01091f6a3a' and name 'vitis-run_compile_pack_stream_to_blk'
Tue Feb 18 03:33:05 2025: KERNEL_SVC: creating session with uuid: '63d78dfb-d94c-4dd7-9e16-fa01091f6a3a' and name 'vitis-run_compile_pack_stream_to_blk'
Tue Feb 18 03:33:05 2025: GUIDANCE_SMGR: creating guidance session with uuid: '63d78dfb-d94c-4dd7-9e16-fa01091f6a3a' and name 'vitis-run_compile_pack_stream_to_blk'
Tue Feb 18 03:33:05 2025: SYSTEM_DIAGRAM: creating session with uuid: '63d78dfb-d94c-4dd7-9e16-fa01091f6a3a' and name 'vitis-run_compile_pack_stream_to_blk'
Tue Feb 18 03:33:08 2025: Dispatch Server: Accepted socket connection from client
Tue Feb 18 03:33:08 2025: Starting Socket connection
Tue Feb 18 03:33:22 2025: SESSION_MGR: closing session for UUID '63d78dfb-d94c-4dd7-9e16-fa01091f6a3a' with name 'vitis-run_compile_pack_stream_to_blk'
Tue Feb 18 03:33:22 2025: KERNEL_SVC: closing session for UUID '63d78dfb-d94c-4dd7-9e16-fa01091f6a3a' with name 'vitis-run_compile_pack_stream_to_blk'
Tue Feb 18 03:33:22 2025: GUIDANCE_SMGR: closing session for UUID '63d78dfb-d94c-4dd7-9e16-fa01091f6a3a' with name 'vitis-run_compile_pack_stream_to_blk'
Tue Feb 18 03:33:22 2025: SYSTEM_DIAGRAM: closing session for UUID '63d78dfb-d94c-4dd7-9e16-fa01091f6a3a' with name 'vitis-run_compile_pack_stream_to_blk'
Tue Feb 18 03:33:22 2025: STOP_SERVER received, server token: f0ac8fc5-d75c-42a5-b6cc-2a2032fb3be2, passed token: f0ac8fc5-d75c-42a5-b6cc-2a2032fb3be2
Tue Feb 18 03:33:22 2025: Socket received request to stop server.
Tue Feb 18 03:33:22 2025: Dispatch Server: do_await_stop
Tue Feb 18 03:33:22 2025: Dispatch Server: stopping mainFifo_
Tue Feb 18 03:33:22 2025: XCD main fifo: Stopping
Tue Feb 18 03:33:22 2025: XCD main fifo: do_read error code: Operation canceled
Tue Feb 18 03:33:22 2025: XCD main fifo: bytes_transferred: 0
Tue Feb 18 03:33:22 2025: SERVER: destructor for server bound to port 37895
Tue Feb 18 03:33:22 2025: XCD main fifo: Good unlink of /tmp/xcdmainf0ac8fc5-d75c-42a5-b6cc-2a2032fb3be2
Tue Feb 18 03:33:22 2025: Server exiting with status 0.
Tue Feb 18 03:33:22 2025: Closing log file.
Tue Feb 18 03:34:41 2025: Running xcd server. This server was built by gradle.
Tue Feb 18 03:34:41 2025: Server was asked to start on port: '38737'
Tue Feb 18 03:34:41 2025: Server is using token UUID: '33ae776c-cb62-441f-bd68-f5cbbf2880e0'
Tue Feb 18 03:34:41 2025: SESSION_MGR: creating session with session uuid: '6d04a3e9-ade5-4ab9-8d63-1f78fcd2ec76' and name 'default'
Tue Feb 18 03:34:41 2025: Attempting to start server on port '38737'
Tue Feb 18 03:34:41 2025: XCD main fifo: created main fifo '/tmp/xcdmain33ae776c-cb62-441f-bd68-f5cbbf2880e0', fd read = 13
Tue Feb 18 03:34:41 2025: Running Dispatch Server
Tue Feb 18 03:34:41 2025: Version 2.2.0
Tue Feb 18 03:34:42 2025: Dispatch Server: Accepted socket connection from client
Tue Feb 18 03:34:42 2025: Starting Socket connection
Tue Feb 18 03:34:42 2025: EXCHANGE_TOKEN received, server token: 33ae776c-cb62-441f-bd68-f5cbbf2880e0, passed token: 33ae776c-cb62-441f-bd68-f5cbbf2880e0
Tue Feb 18 03:34:43 2025: DISPATCH_HANDLER: Adding handler from function makeHandler in library libxv_system_diagram
Tue Feb 18 03:34:43 2025: SESSION_MGR: creating session with session uuid: '18036570-7f4e-4429-8c5c-6660517d1415' and name 'v++_compile_pack_stream_to_blk'
Tue Feb 18 03:34:43 2025: KERNEL_SVC: creating session with uuid: '18036570-7f4e-4429-8c5c-6660517d1415' and name 'v++_compile_pack_stream_to_blk'
Tue Feb 18 03:34:43 2025: GUIDANCE_SMGR: creating guidance session with uuid: '18036570-7f4e-4429-8c5c-6660517d1415' and name 'v++_compile_pack_stream_to_blk'
Tue Feb 18 03:34:43 2025: SYSTEM_DIAGRAM: creating session with uuid: '18036570-7f4e-4429-8c5c-6660517d1415' and name 'v++_compile_pack_stream_to_blk'
Tue Feb 18 03:34:46 2025: Dispatch Server: Accepted socket connection from client
Tue Feb 18 03:34:46 2025: Starting Socket connection
Tue Feb 18 03:36:02 2025: SESSION_MGR: closing session for UUID '18036570-7f4e-4429-8c5c-6660517d1415' with name 'v++_compile_pack_stream_to_blk'
Tue Feb 18 03:36:02 2025: KERNEL_SVC: closing session for UUID '18036570-7f4e-4429-8c5c-6660517d1415' with name 'v++_compile_pack_stream_to_blk'
Tue Feb 18 03:36:02 2025: GUIDANCE_SMGR: closing session for UUID '18036570-7f4e-4429-8c5c-6660517d1415' with name 'v++_compile_pack_stream_to_blk'
Tue Feb 18 03:36:02 2025: SYSTEM_DIAGRAM: closing session for UUID '18036570-7f4e-4429-8c5c-6660517d1415' with name 'v++_compile_pack_stream_to_blk'
Tue Feb 18 03:36:02 2025: STOP_SERVER received, server token: 33ae776c-cb62-441f-bd68-f5cbbf2880e0, passed token: 33ae776c-cb62-441f-bd68-f5cbbf2880e0
Tue Feb 18 03:36:02 2025: Socket received request to stop server.
Tue Feb 18 03:36:02 2025: Dispatch Server: do_await_stop
Tue Feb 18 03:36:02 2025: Dispatch Server: stopping mainFifo_
Tue Feb 18 03:36:02 2025: XCD main fifo: Stopping
Tue Feb 18 03:36:02 2025: XCD main fifo: do_read error code: Operation canceled
Tue Feb 18 03:36:02 2025: XCD main fifo: bytes_transferred: 0
Tue Feb 18 03:36:02 2025: SERVER: destructor for server bound to port 38737
Tue Feb 18 03:36:02 2025: XCD main fifo: Good unlink of /tmp/xcdmain33ae776c-cb62-441f-bd68-f5cbbf2880e0
Tue Feb 18 03:36:02 2025: Server exiting with status 0.
Tue Feb 18 03:36:02 2025: Closing log file.
Tue Feb 18 03:36:07 2025: Running xcd server. This server was built by gradle.
Tue Feb 18 03:36:07 2025: Server was asked to start on port: '34333'
Tue Feb 18 03:36:07 2025: Server is using token UUID: '8e4a4b55-53be-4760-b1db-f05bf7eb979b'
Tue Feb 18 03:36:07 2025: SESSION_MGR: creating session with session uuid: '6d04a3e9-ade5-4ab9-8d63-1f78fcd2ec76' and name 'default'
Tue Feb 18 03:36:07 2025: Attempting to start server on port '34333'
Tue Feb 18 03:36:07 2025: XCD main fifo: created main fifo '/tmp/xcdmain8e4a4b55-53be-4760-b1db-f05bf7eb979b', fd read = 13
Tue Feb 18 03:36:07 2025: Running Dispatch Server
Tue Feb 18 03:36:07 2025: Version 2.2.0
Tue Feb 18 03:36:09 2025: Dispatch Server: Accepted socket connection from client
Tue Feb 18 03:36:09 2025: Starting Socket connection
Tue Feb 18 03:36:09 2025: EXCHANGE_TOKEN received, server token: 8e4a4b55-53be-4760-b1db-f05bf7eb979b, passed token: 8e4a4b55-53be-4760-b1db-f05bf7eb979b
Tue Feb 18 03:36:09 2025: DISPATCH_HANDLER: Adding handler from function makeHandler in library libxv_system_diagram
Tue Feb 18 03:36:09 2025: SESSION_MGR: creating session with session uuid: '7ad9e193-f870-4067-938a-d59853d2e7da' and name 'vitis-run_compile_pack_stream_to_blk'
Tue Feb 18 03:36:09 2025: KERNEL_SVC: creating session with uuid: '7ad9e193-f870-4067-938a-d59853d2e7da' and name 'vitis-run_compile_pack_stream_to_blk'
Tue Feb 18 03:36:09 2025: GUIDANCE_SMGR: creating guidance session with uuid: '7ad9e193-f870-4067-938a-d59853d2e7da' and name 'vitis-run_compile_pack_stream_to_blk'
Tue Feb 18 03:36:09 2025: SYSTEM_DIAGRAM: creating session with uuid: '7ad9e193-f870-4067-938a-d59853d2e7da' and name 'vitis-run_compile_pack_stream_to_blk'
Tue Feb 18 03:36:12 2025: Dispatch Server: Accepted socket connection from client
Tue Feb 18 03:36:12 2025: Starting Socket connection
Tue Feb 18 03:36:31 2025: SESSION_MGR: closing session for UUID '7ad9e193-f870-4067-938a-d59853d2e7da' with name 'vitis-run_compile_pack_stream_to_blk'
Tue Feb 18 03:36:31 2025: KERNEL_SVC: closing session for UUID '7ad9e193-f870-4067-938a-d59853d2e7da' with name 'vitis-run_compile_pack_stream_to_blk'
Tue Feb 18 03:36:31 2025: GUIDANCE_SMGR: closing session for UUID '7ad9e193-f870-4067-938a-d59853d2e7da' with name 'vitis-run_compile_pack_stream_to_blk'
Tue Feb 18 03:36:31 2025: SYSTEM_DIAGRAM: closing session for UUID '7ad9e193-f870-4067-938a-d59853d2e7da' with name 'vitis-run_compile_pack_stream_to_blk'
Tue Feb 18 03:36:31 2025: STOP_SERVER received, server token: 8e4a4b55-53be-4760-b1db-f05bf7eb979b, passed token: 8e4a4b55-53be-4760-b1db-f05bf7eb979b
Tue Feb 18 03:36:31 2025: Socket received request to stop server.
Tue Feb 18 03:36:31 2025: Dispatch Server: do_await_stop
Tue Feb 18 03:36:31 2025: Dispatch Server: stopping mainFifo_
Tue Feb 18 03:36:31 2025: XCD main fifo: Stopping
Tue Feb 18 03:36:31 2025: XCD main fifo: do_read error code: Operation canceled
Tue Feb 18 03:36:31 2025: XCD main fifo: bytes_transferred: 0
Tue Feb 18 03:36:31 2025: SERVER: destructor for server bound to port 34333
Tue Feb 18 03:36:31 2025: XCD main fifo: Good unlink of /tmp/xcdmain8e4a4b55-53be-4760-b1db-f05bf7eb979b
Tue Feb 18 03:36:31 2025: Server exiting with status 0.
Tue Feb 18 03:36:31 2025: Closing log file.
Tue Feb 18 03:37:56 2025: Running xcd server. This server was built by gradle.
Tue Feb 18 03:37:56 2025: Server was asked to start on port: '42731'
Tue Feb 18 03:37:56 2025: Server is using token UUID: 'd1cce1fc-ff71-435b-8d1a-e9b9adeafe0f'
Tue Feb 18 03:37:56 2025: SESSION_MGR: creating session with session uuid: '6d04a3e9-ade5-4ab9-8d63-1f78fcd2ec76' and name 'default'
Tue Feb 18 03:37:56 2025: Attempting to start server on port '42731'
Tue Feb 18 03:37:56 2025: XCD main fifo: created main fifo '/tmp/xcdmaind1cce1fc-ff71-435b-8d1a-e9b9adeafe0f', fd read = 13
Tue Feb 18 03:37:56 2025: Running Dispatch Server
Tue Feb 18 03:37:56 2025: Version 2.2.0
Tue Feb 18 03:37:57 2025: Dispatch Server: Accepted socket connection from client
Tue Feb 18 03:37:57 2025: Starting Socket connection
Tue Feb 18 03:37:57 2025: EXCHANGE_TOKEN received, server token: d1cce1fc-ff71-435b-8d1a-e9b9adeafe0f, passed token: d1cce1fc-ff71-435b-8d1a-e9b9adeafe0f
Tue Feb 18 03:37:57 2025: DISPATCH_HANDLER: Adding handler from function makeHandler in library libxv_system_diagram
Tue Feb 18 03:37:57 2025: SESSION_MGR: creating session with session uuid: 'e7e98a04-c516-4caf-b84a-509e6bd25d0e' and name 'v++_compile_pack_stream_to_blk'
Tue Feb 18 03:37:57 2025: KERNEL_SVC: creating session with uuid: 'e7e98a04-c516-4caf-b84a-509e6bd25d0e' and name 'v++_compile_pack_stream_to_blk'
Tue Feb 18 03:37:57 2025: GUIDANCE_SMGR: creating guidance session with uuid: 'e7e98a04-c516-4caf-b84a-509e6bd25d0e' and name 'v++_compile_pack_stream_to_blk'
Tue Feb 18 03:37:57 2025: SYSTEM_DIAGRAM: creating session with uuid: 'e7e98a04-c516-4caf-b84a-509e6bd25d0e' and name 'v++_compile_pack_stream_to_blk'
Tue Feb 18 03:38:01 2025: Dispatch Server: Accepted socket connection from client
Tue Feb 18 03:38:01 2025: Starting Socket connection
Tue Feb 18 03:39:26 2025: SESSION_MGR: closing session for UUID 'e7e98a04-c516-4caf-b84a-509e6bd25d0e' with name 'v++_compile_pack_stream_to_blk'
Tue Feb 18 03:39:26 2025: KERNEL_SVC: closing session for UUID 'e7e98a04-c516-4caf-b84a-509e6bd25d0e' with name 'v++_compile_pack_stream_to_blk'
Tue Feb 18 03:39:26 2025: GUIDANCE_SMGR: closing session for UUID 'e7e98a04-c516-4caf-b84a-509e6bd25d0e' with name 'v++_compile_pack_stream_to_blk'
Tue Feb 18 03:39:26 2025: SYSTEM_DIAGRAM: closing session for UUID 'e7e98a04-c516-4caf-b84a-509e6bd25d0e' with name 'v++_compile_pack_stream_to_blk'
Tue Feb 18 03:39:26 2025: STOP_SERVER received, server token: d1cce1fc-ff71-435b-8d1a-e9b9adeafe0f, passed token: d1cce1fc-ff71-435b-8d1a-e9b9adeafe0f
Tue Feb 18 03:39:26 2025: Socket received request to stop server.
Tue Feb 18 03:39:26 2025: Dispatch Server: do_await_stop
Tue Feb 18 03:39:26 2025: Dispatch Server: stopping mainFifo_
Tue Feb 18 03:39:26 2025: XCD main fifo: Stopping
Tue Feb 18 03:39:26 2025: XCD main fifo: do_read error code: Operation canceled
Tue Feb 18 03:39:26 2025: XCD main fifo: bytes_transferred: 0
Tue Feb 18 03:39:26 2025: SERVER: destructor for server bound to port 42731
Tue Feb 18 03:39:26 2025: XCD main fifo: Good unlink of /tmp/xcdmaind1cce1fc-ff71-435b-8d1a-e9b9adeafe0f
Tue Feb 18 03:39:26 2025: Server exiting with status 0.
Tue Feb 18 03:39:26 2025: Closing log file.
Tue Feb 18 03:40:21 2025: Running xcd server. This server was built by gradle.
Tue Feb 18 03:40:21 2025: Server was asked to start on port: '41111'
Tue Feb 18 03:40:21 2025: Server is using token UUID: '99eaec04-2b93-49d1-9c82-3adc33caeb63'
Tue Feb 18 03:40:21 2025: SESSION_MGR: creating session with session uuid: '6d04a3e9-ade5-4ab9-8d63-1f78fcd2ec76' and name 'default'
Tue Feb 18 03:40:21 2025: Attempting to start server on port '41111'
Tue Feb 18 03:40:21 2025: XCD main fifo: created main fifo '/tmp/xcdmain99eaec04-2b93-49d1-9c82-3adc33caeb63', fd read = 13
Tue Feb 18 03:40:21 2025: Running Dispatch Server
Tue Feb 18 03:40:21 2025: Version 2.2.0
Tue Feb 18 03:40:23 2025: Dispatch Server: Accepted socket connection from client
Tue Feb 18 03:40:23 2025: Starting Socket connection
Tue Feb 18 03:40:23 2025: EXCHANGE_TOKEN received, server token: 99eaec04-2b93-49d1-9c82-3adc33caeb63, passed token: 99eaec04-2b93-49d1-9c82-3adc33caeb63
Tue Feb 18 03:40:23 2025: DISPATCH_HANDLER: Adding handler from function makeHandler in library libxv_system_diagram
Tue Feb 18 03:40:23 2025: SESSION_MGR: creating session with session uuid: '757b2da8-857a-452f-92d8-2c34d13a639c' and name 'vitis-run_compile_pack_stream_to_blk'
Tue Feb 18 03:40:23 2025: KERNEL_SVC: creating session with uuid: '757b2da8-857a-452f-92d8-2c34d13a639c' and name 'vitis-run_compile_pack_stream_to_blk'
Tue Feb 18 03:40:23 2025: GUIDANCE_SMGR: creating guidance session with uuid: '757b2da8-857a-452f-92d8-2c34d13a639c' and name 'vitis-run_compile_pack_stream_to_blk'
Tue Feb 18 03:40:23 2025: SYSTEM_DIAGRAM: creating session with uuid: '757b2da8-857a-452f-92d8-2c34d13a639c' and name 'vitis-run_compile_pack_stream_to_blk'
Tue Feb 18 03:40:26 2025: Dispatch Server: Accepted socket connection from client
Tue Feb 18 03:40:26 2025: Starting Socket connection
Tue Feb 18 03:40:45 2025: SESSION_MGR: closing session for UUID '757b2da8-857a-452f-92d8-2c34d13a639c' with name 'vitis-run_compile_pack_stream_to_blk'
Tue Feb 18 03:40:45 2025: KERNEL_SVC: closing session for UUID '757b2da8-857a-452f-92d8-2c34d13a639c' with name 'vitis-run_compile_pack_stream_to_blk'
Tue Feb 18 03:40:45 2025: GUIDANCE_SMGR: closing session for UUID '757b2da8-857a-452f-92d8-2c34d13a639c' with name 'vitis-run_compile_pack_stream_to_blk'
Tue Feb 18 03:40:45 2025: SYSTEM_DIAGRAM: closing session for UUID '757b2da8-857a-452f-92d8-2c34d13a639c' with name 'vitis-run_compile_pack_stream_to_blk'
Tue Feb 18 03:40:45 2025: STOP_SERVER received, server token: 99eaec04-2b93-49d1-9c82-3adc33caeb63, passed token: 99eaec04-2b93-49d1-9c82-3adc33caeb63
Tue Feb 18 03:40:45 2025: Socket received request to stop server.
Tue Feb 18 03:40:45 2025: Dispatch Server: do_await_stop
Tue Feb 18 03:40:45 2025: Dispatch Server: stopping mainFifo_
Tue Feb 18 03:40:45 2025: XCD main fifo: Stopping
Tue Feb 18 03:40:45 2025: XCD main fifo: do_read error code: Operation canceled
Tue Feb 18 03:40:45 2025: XCD main fifo: bytes_transferred: 0
Tue Feb 18 03:40:45 2025: SERVER: destructor for server bound to port 41111
Tue Feb 18 03:40:45 2025: XCD main fifo: Good unlink of /tmp/xcdmain99eaec04-2b93-49d1-9c82-3adc33caeb63
Tue Feb 18 03:40:45 2025: Server exiting with status 0.
Tue Feb 18 03:40:45 2025: Closing log file.
Tue Feb 18 03:46:49 2025: Running xcd server. This server was built by gradle.
Tue Feb 18 03:46:49 2025: Server was asked to start on port: '44435'
Tue Feb 18 03:46:49 2025: Server is using token UUID: 'e52b0873-1284-403a-bd96-fa4047c2750c'
Tue Feb 18 03:46:49 2025: SESSION_MGR: creating session with session uuid: '6d04a3e9-ade5-4ab9-8d63-1f78fcd2ec76' and name 'default'
Tue Feb 18 03:46:49 2025: Attempting to start server on port '44435'
Tue Feb 18 03:46:49 2025: XCD main fifo: created main fifo '/tmp/xcdmaine52b0873-1284-403a-bd96-fa4047c2750c', fd read = 13
Tue Feb 18 03:46:49 2025: Running Dispatch Server
Tue Feb 18 03:46:49 2025: Version 2.2.0
Tue Feb 18 03:46:51 2025: Dispatch Server: Accepted socket connection from client
Tue Feb 18 03:46:51 2025: Starting Socket connection
Tue Feb 18 03:46:51 2025: EXCHANGE_TOKEN received, server token: e52b0873-1284-403a-bd96-fa4047c2750c, passed token: e52b0873-1284-403a-bd96-fa4047c2750c
Tue Feb 18 03:46:51 2025: DISPATCH_HANDLER: Adding handler from function makeHandler in library libxv_system_diagram
Tue Feb 18 03:46:51 2025: SESSION_MGR: creating session with session uuid: 'fadc1260-510f-4b5c-b55f-74aa042798b6' and name 'v++_compile_pack_stream_to_blk'
Tue Feb 18 03:46:51 2025: KERNEL_SVC: creating session with uuid: 'fadc1260-510f-4b5c-b55f-74aa042798b6' and name 'v++_compile_pack_stream_to_blk'
Tue Feb 18 03:46:51 2025: GUIDANCE_SMGR: creating guidance session with uuid: 'fadc1260-510f-4b5c-b55f-74aa042798b6' and name 'v++_compile_pack_stream_to_blk'
Tue Feb 18 03:46:51 2025: SYSTEM_DIAGRAM: creating session with uuid: 'fadc1260-510f-4b5c-b55f-74aa042798b6' and name 'v++_compile_pack_stream_to_blk'
Tue Feb 18 03:46:54 2025: Dispatch Server: Accepted socket connection from client
Tue Feb 18 03:46:54 2025: Starting Socket connection
Tue Feb 18 03:48:13 2025: SESSION_MGR: closing session for UUID 'fadc1260-510f-4b5c-b55f-74aa042798b6' with name 'v++_compile_pack_stream_to_blk'
Tue Feb 18 03:48:13 2025: KERNEL_SVC: closing session for UUID 'fadc1260-510f-4b5c-b55f-74aa042798b6' with name 'v++_compile_pack_stream_to_blk'
Tue Feb 18 03:48:13 2025: GUIDANCE_SMGR: closing session for UUID 'fadc1260-510f-4b5c-b55f-74aa042798b6' with name 'v++_compile_pack_stream_to_blk'
Tue Feb 18 03:48:13 2025: SYSTEM_DIAGRAM: closing session for UUID 'fadc1260-510f-4b5c-b55f-74aa042798b6' with name 'v++_compile_pack_stream_to_blk'
Tue Feb 18 03:48:13 2025: STOP_SERVER received, server token: e52b0873-1284-403a-bd96-fa4047c2750c, passed token: e52b0873-1284-403a-bd96-fa4047c2750c
Tue Feb 18 03:48:13 2025: Socket received request to stop server.
Tue Feb 18 03:48:13 2025: Dispatch Server: do_await_stop
Tue Feb 18 03:48:13 2025: Dispatch Server: stopping mainFifo_
Tue Feb 18 03:48:13 2025: XCD main fifo: Stopping
Tue Feb 18 03:48:13 2025: XCD main fifo: do_read error code: Operation canceled
Tue Feb 18 03:48:13 2025: XCD main fifo: bytes_transferred: 0
Tue Feb 18 03:48:13 2025: SERVER: destructor for server bound to port 44435
Tue Feb 18 03:48:13 2025: XCD main fifo: Good unlink of /tmp/xcdmaine52b0873-1284-403a-bd96-fa4047c2750c
Tue Feb 18 03:48:13 2025: Server exiting with status 0.
Tue Feb 18 03:48:13 2025: Closing log file.
Tue Feb 18 03:48:19 2025: Running xcd server. This server was built by gradle.
Tue Feb 18 03:48:19 2025: Server was asked to start on port: '34059'
Tue Feb 18 03:48:19 2025: Server is using token UUID: 'c3799cf2-7c80-4985-a766-8e8f08799e8d'
Tue Feb 18 03:48:19 2025: SESSION_MGR: creating session with session uuid: '6d04a3e9-ade5-4ab9-8d63-1f78fcd2ec76' and name 'default'
Tue Feb 18 03:48:19 2025: Attempting to start server on port '34059'
Tue Feb 18 03:48:19 2025: XCD main fifo: created main fifo '/tmp/xcdmainc3799cf2-7c80-4985-a766-8e8f08799e8d', fd read = 13
Tue Feb 18 03:48:19 2025: Running Dispatch Server
Tue Feb 18 03:48:19 2025: Version 2.2.0
Tue Feb 18 03:48:20 2025: Dispatch Server: Accepted socket connection from client
Tue Feb 18 03:48:20 2025: Starting Socket connection
Tue Feb 18 03:48:20 2025: EXCHANGE_TOKEN received, server token: c3799cf2-7c80-4985-a766-8e8f08799e8d, passed token: c3799cf2-7c80-4985-a766-8e8f08799e8d
Tue Feb 18 03:48:21 2025: DISPATCH_HANDLER: Adding handler from function makeHandler in library libxv_system_diagram
Tue Feb 18 03:48:21 2025: SESSION_MGR: creating session with session uuid: '5377cbb2-ae09-4fbb-bf00-3fde6989e847' and name 'vitis-run_compile_pack_stream_to_blk'
Tue Feb 18 03:48:21 2025: KERNEL_SVC: creating session with uuid: '5377cbb2-ae09-4fbb-bf00-3fde6989e847' and name 'vitis-run_compile_pack_stream_to_blk'
Tue Feb 18 03:48:21 2025: GUIDANCE_SMGR: creating guidance session with uuid: '5377cbb2-ae09-4fbb-bf00-3fde6989e847' and name 'vitis-run_compile_pack_stream_to_blk'
Tue Feb 18 03:48:21 2025: SYSTEM_DIAGRAM: creating session with uuid: '5377cbb2-ae09-4fbb-bf00-3fde6989e847' and name 'vitis-run_compile_pack_stream_to_blk'
Tue Feb 18 03:48:24 2025: Dispatch Server: Accepted socket connection from client
Tue Feb 18 03:48:24 2025: Starting Socket connection
Tue Feb 18 03:48:45 2025: SESSION_MGR: closing session for UUID '5377cbb2-ae09-4fbb-bf00-3fde6989e847' with name 'vitis-run_compile_pack_stream_to_blk'
Tue Feb 18 03:48:45 2025: KERNEL_SVC: closing session for UUID '5377cbb2-ae09-4fbb-bf00-3fde6989e847' with name 'vitis-run_compile_pack_stream_to_blk'
Tue Feb 18 03:48:45 2025: GUIDANCE_SMGR: closing session for UUID '5377cbb2-ae09-4fbb-bf00-3fde6989e847' with name 'vitis-run_compile_pack_stream_to_blk'
Tue Feb 18 03:48:45 2025: SYSTEM_DIAGRAM: closing session for UUID '5377cbb2-ae09-4fbb-bf00-3fde6989e847' with name 'vitis-run_compile_pack_stream_to_blk'
Tue Feb 18 03:48:45 2025: STOP_SERVER received, server token: c3799cf2-7c80-4985-a766-8e8f08799e8d, passed token: c3799cf2-7c80-4985-a766-8e8f08799e8d
Tue Feb 18 03:48:45 2025: Socket received request to stop server.
Tue Feb 18 03:48:45 2025: Dispatch Server: do_await_stop
Tue Feb 18 03:48:45 2025: Dispatch Server: stopping mainFifo_
Tue Feb 18 03:48:45 2025: XCD main fifo: Stopping
Tue Feb 18 03:48:45 2025: XCD main fifo: do_read error code: Operation canceled
Tue Feb 18 03:48:45 2025: XCD main fifo: bytes_transferred: 0
Tue Feb 18 03:48:45 2025: SERVER: destructor for server bound to port 34059
Tue Feb 18 03:48:45 2025: XCD main fifo: Good unlink of /tmp/xcdmainc3799cf2-7c80-4985-a766-8e8f08799e8d
Tue Feb 18 03:48:45 2025: Server exiting with status 0.
Tue Feb 18 03:48:45 2025: Closing log file.
Tue Feb 18 03:50:04 2025: Running xcd server. This server was built by gradle.
Tue Feb 18 03:50:04 2025: Server was asked to start on port: '37595'
Tue Feb 18 03:50:04 2025: Server is using token UUID: 'b9ed0c92-3bec-449a-9fe4-b92fb1a7f3c7'
Tue Feb 18 03:50:04 2025: SESSION_MGR: creating session with session uuid: '6d04a3e9-ade5-4ab9-8d63-1f78fcd2ec76' and name 'default'
Tue Feb 18 03:50:04 2025: Attempting to start server on port '37595'
Tue Feb 18 03:50:04 2025: XCD main fifo: created main fifo '/tmp/xcdmainb9ed0c92-3bec-449a-9fe4-b92fb1a7f3c7', fd read = 13
Tue Feb 18 03:50:04 2025: Running Dispatch Server
Tue Feb 18 03:50:04 2025: Version 2.2.0
Tue Feb 18 03:50:06 2025: Dispatch Server: Accepted socket connection from client
Tue Feb 18 03:50:06 2025: Starting Socket connection
Tue Feb 18 03:50:06 2025: EXCHANGE_TOKEN received, server token: b9ed0c92-3bec-449a-9fe4-b92fb1a7f3c7, passed token: b9ed0c92-3bec-449a-9fe4-b92fb1a7f3c7
Tue Feb 18 03:50:06 2025: DISPATCH_HANDLER: Adding handler from function makeHandler in library libxv_system_diagram
Tue Feb 18 03:50:06 2025: SESSION_MGR: creating session with session uuid: '0fa61068-39a1-4351-8c26-d2ed8d466ca6' and name 'v++_compile_pack_stream_to_blk'
Tue Feb 18 03:50:06 2025: KERNEL_SVC: creating session with uuid: '0fa61068-39a1-4351-8c26-d2ed8d466ca6' and name 'v++_compile_pack_stream_to_blk'
Tue Feb 18 03:50:06 2025: GUIDANCE_SMGR: creating guidance session with uuid: '0fa61068-39a1-4351-8c26-d2ed8d466ca6' and name 'v++_compile_pack_stream_to_blk'
Tue Feb 18 03:50:06 2025: SYSTEM_DIAGRAM: creating session with uuid: '0fa61068-39a1-4351-8c26-d2ed8d466ca6' and name 'v++_compile_pack_stream_to_blk'
Tue Feb 18 03:50:09 2025: Dispatch Server: Accepted socket connection from client
Tue Feb 18 03:50:09 2025: Starting Socket connection
Tue Feb 18 03:51:30 2025: SESSION_MGR: closing session for UUID '0fa61068-39a1-4351-8c26-d2ed8d466ca6' with name 'v++_compile_pack_stream_to_blk'
Tue Feb 18 03:51:30 2025: KERNEL_SVC: closing session for UUID '0fa61068-39a1-4351-8c26-d2ed8d466ca6' with name 'v++_compile_pack_stream_to_blk'
Tue Feb 18 03:51:30 2025: GUIDANCE_SMGR: closing session for UUID '0fa61068-39a1-4351-8c26-d2ed8d466ca6' with name 'v++_compile_pack_stream_to_blk'
Tue Feb 18 03:51:30 2025: SYSTEM_DIAGRAM: closing session for UUID '0fa61068-39a1-4351-8c26-d2ed8d466ca6' with name 'v++_compile_pack_stream_to_blk'
Tue Feb 18 03:51:30 2025: STOP_SERVER received, server token: b9ed0c92-3bec-449a-9fe4-b92fb1a7f3c7, passed token: b9ed0c92-3bec-449a-9fe4-b92fb1a7f3c7
Tue Feb 18 03:51:30 2025: Socket received request to stop server.
Tue Feb 18 03:51:30 2025: Dispatch Server: do_await_stop
Tue Feb 18 03:51:30 2025: Dispatch Server: stopping mainFifo_
Tue Feb 18 03:51:30 2025: XCD main fifo: Stopping
Tue Feb 18 03:51:30 2025: XCD main fifo: do_read error code: Operation canceled
Tue Feb 18 03:51:30 2025: XCD main fifo: bytes_transferred: 0
Tue Feb 18 03:51:30 2025: SERVER: destructor for server bound to port 37595
Tue Feb 18 03:51:30 2025: XCD main fifo: Good unlink of /tmp/xcdmainb9ed0c92-3bec-449a-9fe4-b92fb1a7f3c7
Tue Feb 18 03:51:30 2025: Server exiting with status 0.
Tue Feb 18 03:51:30 2025: Closing log file.
Tue Feb 18 03:51:40 2025: Running xcd server. This server was built by gradle.
Tue Feb 18 03:51:40 2025: Server was asked to start on port: '38003'
Tue Feb 18 03:51:40 2025: Server is using token UUID: 'de11b1d4-922e-4db1-91cb-b0202cc952af'
Tue Feb 18 03:51:40 2025: SESSION_MGR: creating session with session uuid: '6d04a3e9-ade5-4ab9-8d63-1f78fcd2ec76' and name 'default'
Tue Feb 18 03:51:40 2025: Attempting to start server on port '38003'
Tue Feb 18 03:51:40 2025: XCD main fifo: created main fifo '/tmp/xcdmainde11b1d4-922e-4db1-91cb-b0202cc952af', fd read = 13
Tue Feb 18 03:51:40 2025: Running Dispatch Server
Tue Feb 18 03:51:40 2025: Version 2.2.0
Tue Feb 18 03:51:41 2025: Dispatch Server: Accepted socket connection from client
Tue Feb 18 03:51:41 2025: Starting Socket connection
Tue Feb 18 03:51:41 2025: EXCHANGE_TOKEN received, server token: de11b1d4-922e-4db1-91cb-b0202cc952af, passed token: de11b1d4-922e-4db1-91cb-b0202cc952af
Tue Feb 18 03:51:42 2025: DISPATCH_HANDLER: Adding handler from function makeHandler in library libxv_system_diagram
Tue Feb 18 03:51:42 2025: SESSION_MGR: creating session with session uuid: '9fb40041-8a83-4408-a58a-3a5901b0d422' and name 'vitis-run_compile_pack_stream_to_blk'
Tue Feb 18 03:51:42 2025: KERNEL_SVC: creating session with uuid: '9fb40041-8a83-4408-a58a-3a5901b0d422' and name 'vitis-run_compile_pack_stream_to_blk'
Tue Feb 18 03:51:42 2025: GUIDANCE_SMGR: creating guidance session with uuid: '9fb40041-8a83-4408-a58a-3a5901b0d422' and name 'vitis-run_compile_pack_stream_to_blk'
Tue Feb 18 03:51:42 2025: SYSTEM_DIAGRAM: creating session with uuid: '9fb40041-8a83-4408-a58a-3a5901b0d422' and name 'vitis-run_compile_pack_stream_to_blk'
Tue Feb 18 03:51:45 2025: Dispatch Server: Accepted socket connection from client
Tue Feb 18 03:51:45 2025: Starting Socket connection
Tue Feb 18 03:52:12 2025: SESSION_MGR: closing session for UUID '9fb40041-8a83-4408-a58a-3a5901b0d422' with name 'vitis-run_compile_pack_stream_to_blk'
Tue Feb 18 03:52:12 2025: KERNEL_SVC: closing session for UUID '9fb40041-8a83-4408-a58a-3a5901b0d422' with name 'vitis-run_compile_pack_stream_to_blk'
Tue Feb 18 03:52:12 2025: GUIDANCE_SMGR: closing session for UUID '9fb40041-8a83-4408-a58a-3a5901b0d422' with name 'vitis-run_compile_pack_stream_to_blk'
Tue Feb 18 03:52:12 2025: SYSTEM_DIAGRAM: closing session for UUID '9fb40041-8a83-4408-a58a-3a5901b0d422' with name 'vitis-run_compile_pack_stream_to_blk'
Tue Feb 18 03:52:12 2025: STOP_SERVER received, server token: de11b1d4-922e-4db1-91cb-b0202cc952af, passed token: de11b1d4-922e-4db1-91cb-b0202cc952af
Tue Feb 18 03:52:12 2025: Socket received request to stop server.
Tue Feb 18 03:52:12 2025: Dispatch Server: do_await_stop
Tue Feb 18 03:52:12 2025: Dispatch Server: stopping mainFifo_
Tue Feb 18 03:52:12 2025: XCD main fifo: Stopping
Tue Feb 18 03:52:12 2025: XCD main fifo: do_read error code: Operation canceled
Tue Feb 18 03:52:12 2025: XCD main fifo: bytes_transferred: 0
Tue Feb 18 03:52:12 2025: SERVER: destructor for server bound to port 38003
Tue Feb 18 03:52:12 2025: XCD main fifo: Good unlink of /tmp/xcdmainde11b1d4-922e-4db1-91cb-b0202cc952af
Tue Feb 18 03:52:12 2025: Server exiting with status 0.
Tue Feb 18 03:52:12 2025: Closing log file.
