Copyright 1986-2022 Xilinx, Inc. All Rights Reserved. Copyright 2022-2024 Advanced Micro Devices, Inc. All Rights Reserved.
---------------------------------------------------------------------------------------------------------------------------------------------
| Tool Version : Vivado v.2024.1 (lin64) Build 5076996 Wed May 22 18:36:09 MDT 2024
| Date         : Fri Oct  4 16:24:00 2024
| Host         : vitis running 64-bit AlmaLinux 9.4 (Seafoam Ocelot)
| Command      : upgrade_ip
| Device       : xc7z020clg400-1
---------------------------------------------------------------------------------------------------------------------------------------------

Upgrade Log for IP 'DMAnParkMat_unpack_blk_to_stream_0_1'

1. Summary
----------

CAUTION (success, with warnings) in the upgrade of DMAnParkMat_unpack_blk_to_stream_0_1 (xilinx.com:hls:unpack_blk_to_stream:1.0) from (Rev. 2113755235) to (Rev. 2113763399)

After upgrade, an IP may have parameter and port differences compared to the original customization. Please review the parameters within the IP customization GUI to ensure proper functionality. Also, please review the updated IP instantiation template to ensure proper connectivity, and update your design if required.

2. Interface Information
------------------------

Detected external interface differences while upgrading 'DMAnParkMat_unpack_blk_to_stream_0_1'.


-Upgrade has removed interface 's_axi_AXICTRL'

-Upgrade has added interface 's_axi_control' (xilinx.com:interface:aximm:1.0)


3. Connection Warnings
----------------------

Detected external port differences while upgrading 'DMAnParkMat_unpack_blk_to_stream_0_1'. These changes may impact your design.


-Upgrade has removed port 's_axi_AXICTRL_ARADDR'

-Upgrade has removed port 's_axi_AXICTRL_ARREADY'

-Upgrade has removed port 's_axi_AXICTRL_ARVALID'

-Upgrade has removed port 's_axi_AXICTRL_AWADDR'

-Upgrade has removed port 's_axi_AXICTRL_AWREADY'

-Upgrade has removed port 's_axi_AXICTRL_AWVALID'

-Upgrade has removed port 's_axi_AXICTRL_BREADY'

-Upgrade has removed port 's_axi_AXICTRL_BRESP'

-Upgrade has removed port 's_axi_AXICTRL_BVALID'

-Upgrade has removed port 's_axi_AXICTRL_RDATA'

-Upgrade has removed port 's_axi_AXICTRL_RREADY'

-Upgrade has removed port 's_axi_AXICTRL_RRESP'

-Upgrade has removed port 's_axi_AXICTRL_RVALID'

-Upgrade has removed port 's_axi_AXICTRL_WDATA'

-Upgrade has removed port 's_axi_AXICTRL_WREADY'

-Upgrade has removed port 's_axi_AXICTRL_WSTRB'

-Upgrade has removed port 's_axi_AXICTRL_WVALID'

-Upgrade has added port 's_axi_control_ARADDR'

-Upgrade has added port 's_axi_control_ARREADY'

-Upgrade has added port 's_axi_control_ARVALID'

-Upgrade has added port 's_axi_control_AWADDR'

-Upgrade has added port 's_axi_control_AWREADY'

-Upgrade has added port 's_axi_control_AWVALID'

-Upgrade has added port 's_axi_control_BREADY'

-Upgrade has added port 's_axi_control_BRESP'

-Upgrade has added port 's_axi_control_BVALID'

-Upgrade has added port 's_axi_control_RDATA'

-Upgrade has added port 's_axi_control_RREADY'

-Upgrade has added port 's_axi_control_RRESP'

-Upgrade has added port 's_axi_control_RVALID'

-Upgrade has added port 's_axi_control_WDATA'

-Upgrade has added port 's_axi_control_WREADY'

-Upgrade has added port 's_axi_control_WSTRB'

-Upgrade has added port 's_axi_control_WVALID'


4. Addressing Information
-------------------------

Detected addressing differences while upgrading 'DMAnParkMat_unpack_blk_to_stream_0_1'. These changes may impact your design.


-Upgrade has removed address block 's_axi_AXICTRL/Reg'

-Upgrade has added address block 's_axi_control/Reg'







Copyright 1986-2022 Xilinx, Inc. All Rights Reserved. Copyright 2022-2024 Advanced Micro Devices, Inc. All Rights Reserved.
---------------------------------------------------------------------------------------------------------------------------------------------
| Tool Version : Vivado v.2024.1 (lin64) Build 5076996 Wed May 22 18:36:09 MDT 2024
| Date         : Fri Oct  4 16:24:00 2024
| Host         : vitis running 64-bit AlmaLinux 9.4 (Seafoam Ocelot)
| Command      : upgrade_ip
| Device       : xc7z020clg400-1
---------------------------------------------------------------------------------------------------------------------------------------------

Upgrade Log for IP 'DMAnParkMat_pack_stream_to_blk_0_1'

1. Summary
----------

CAUTION (success, with warnings) in the upgrade of DMAnParkMat_pack_stream_to_blk_0_1 (xilinx.com:hls:pack_stream_to_blk:1.0) from (Rev. 2113755183) to (Rev. 2113763416)

After upgrade, an IP may have parameter and port differences compared to the original customization. Please review the parameters within the IP customization GUI to ensure proper functionality. Also, please review the updated IP instantiation template to ensure proper connectivity, and update your design if required.

2. Interface Information
------------------------

Detected external interface differences while upgrading 'DMAnParkMat_pack_stream_to_blk_0_1'.


-Upgrade has removed interface 's_axi_AXICTRL'

-Upgrade has added interface 's_axi_control' (xilinx.com:interface:aximm:1.0)


3. Connection Warnings
----------------------

Detected external port differences while upgrading 'DMAnParkMat_pack_stream_to_blk_0_1'. These changes may impact your design.


-Upgrade has removed port 's_axi_AXICTRL_ARADDR'

-Upgrade has removed port 's_axi_AXICTRL_ARREADY'

-Upgrade has removed port 's_axi_AXICTRL_ARVALID'

-Upgrade has removed port 's_axi_AXICTRL_AWADDR'

-Upgrade has removed port 's_axi_AXICTRL_AWREADY'

-Upgrade has removed port 's_axi_AXICTRL_AWVALID'

-Upgrade has removed port 's_axi_AXICTRL_BREADY'

-Upgrade has removed port 's_axi_AXICTRL_BRESP'

-Upgrade has removed port 's_axi_AXICTRL_BVALID'

-Upgrade has removed port 's_axi_AXICTRL_RDATA'

-Upgrade has removed port 's_axi_AXICTRL_RREADY'

-Upgrade has removed port 's_axi_AXICTRL_RRESP'

-Upgrade has removed port 's_axi_AXICTRL_RVALID'

-Upgrade has removed port 's_axi_AXICTRL_WDATA'

-Upgrade has removed port 's_axi_AXICTRL_WREADY'

-Upgrade has removed port 's_axi_AXICTRL_WSTRB'

-Upgrade has removed port 's_axi_AXICTRL_WVALID'

-Upgrade has added port 's_axi_control_ARADDR'

-Upgrade has added port 's_axi_control_ARREADY'

-Upgrade has added port 's_axi_control_ARVALID'

-Upgrade has added port 's_axi_control_AWADDR'

-Upgrade has added port 's_axi_control_AWREADY'

-Upgrade has added port 's_axi_control_AWVALID'

-Upgrade has added port 's_axi_control_BREADY'

-Upgrade has added port 's_axi_control_BRESP'

-Upgrade has added port 's_axi_control_BVALID'

-Upgrade has added port 's_axi_control_RDATA'

-Upgrade has added port 's_axi_control_RREADY'

-Upgrade has added port 's_axi_control_RRESP'

-Upgrade has added port 's_axi_control_RVALID'

-Upgrade has added port 's_axi_control_WDATA'

-Upgrade has added port 's_axi_control_WREADY'

-Upgrade has added port 's_axi_control_WSTRB'

-Upgrade has added port 's_axi_control_WVALID'


4. Addressing Information
-------------------------

Detected addressing differences while upgrading 'DMAnParkMat_pack_stream_to_blk_0_1'. These changes may impact your design.


-Upgrade has removed address block 's_axi_AXICTRL/Reg'

-Upgrade has added address block 's_axi_control/Reg'







Copyright 1986-2022 Xilinx, Inc. All Rights Reserved. Copyright 2022-2024 Advanced Micro Devices, Inc. All Rights Reserved.
---------------------------------------------------------------------------------------------------------------------------------------------
| Tool Version : Vivado v.2024.1 (lin64) Build 5076996 Wed May 22 18:36:09 MDT 2024
| Date         : Sat Sep 28 23:28:38 2024
| Host         : vitis running 64-bit AlmaLinux 9.4 (Seafoam Ocelot)
| Command      : upgrade_ip
| Device       : xc7z020clg400-1
---------------------------------------------------------------------------------------------------------------------------------------------

Upgrade Log for IP 'DMAnParkMat_pack_stream_to_blk_0_0'

1. Summary
----------

CAUTION (success, with warnings) in the upgrade of DMAnParkMat_pack_stream_to_blk_0_0 (xilinx.com:hls:pack_stream_to_blk:1.0) from (Rev. 2113744464) to (Rev. 2113755183)

After upgrade, an IP may have parameter and port differences compared to the original customization. Please review the parameters within the IP customization GUI to ensure proper functionality. Also, please review the updated IP instantiation template to ensure proper connectivity, and update your design if required.

2. Interface Information
------------------------

Detected external interface differences while upgrading 'DMAnParkMat_pack_stream_to_blk_0_0'.


-Upgrade has removed interface 'ap_ctrl'

-Upgrade has removed interface 's_axi_control'

-Upgrade has added interface 's_axi_AXICTRL' (xilinx.com:interface:aximm:1.0)


3. Connection Warnings
----------------------

Detected external port differences while upgrading 'DMAnParkMat_pack_stream_to_blk_0_0'. These changes may impact your design.


-Upgrade has removed port 'ap_done'

-Upgrade has removed port 'ap_idle'

-Upgrade has removed port 'ap_ready'

-Upgrade has removed port 'ap_start'

-Upgrade has removed port 's_axi_control_ARADDR'

-Upgrade has removed port 's_axi_control_ARREADY'

-Upgrade has removed port 's_axi_control_ARVALID'

-Upgrade has removed port 's_axi_control_AWADDR'

-Upgrade has removed port 's_axi_control_AWREADY'

-Upgrade has removed port 's_axi_control_AWVALID'

-Upgrade has removed port 's_axi_control_BREADY'

-Upgrade has removed port 's_axi_control_BRESP'

-Upgrade has removed port 's_axi_control_BVALID'

-Upgrade has removed port 's_axi_control_RDATA'

-Upgrade has removed port 's_axi_control_RREADY'

-Upgrade has removed port 's_axi_control_RRESP'

-Upgrade has removed port 's_axi_control_RVALID'

-Upgrade has removed port 's_axi_control_WDATA'

-Upgrade has removed port 's_axi_control_WREADY'

-Upgrade has removed port 's_axi_control_WSTRB'

-Upgrade has removed port 's_axi_control_WVALID'

-Upgrade has added port 'float_stream_TUSER'

-Upgrade has added port 'interrupt'

-Upgrade has added port 's_axi_AXICTRL_ARADDR'

-Upgrade has added port 's_axi_AXICTRL_ARREADY'

-Upgrade has added port 's_axi_AXICTRL_ARVALID'

-Upgrade has added port 's_axi_AXICTRL_AWADDR'

-Upgrade has added port 's_axi_AXICTRL_AWREADY'

-Upgrade has added port 's_axi_AXICTRL_AWVALID'

-Upgrade has added port 's_axi_AXICTRL_BREADY'

-Upgrade has added port 's_axi_AXICTRL_BRESP'

-Upgrade has added port 's_axi_AXICTRL_BVALID'

-Upgrade has added port 's_axi_AXICTRL_RDATA'

-Upgrade has added port 's_axi_AXICTRL_RREADY'

-Upgrade has added port 's_axi_AXICTRL_RRESP'

-Upgrade has added port 's_axi_AXICTRL_RVALID'

-Upgrade has added port 's_axi_AXICTRL_WDATA'

-Upgrade has added port 's_axi_AXICTRL_WREADY'

-Upgrade has added port 's_axi_AXICTRL_WSTRB'

-Upgrade has added port 's_axi_AXICTRL_WVALID'


4. Addressing Information
-------------------------

Detected addressing differences while upgrading 'DMAnParkMat_pack_stream_to_blk_0_0'. These changes may impact your design.


-Upgrade has removed address block 's_axi_control/Reg'

-Upgrade has added address block 's_axi_AXICTRL/Reg'


