

================================================================
== Vitis HLS Report for 'calculate_statistics_Pipeline_calc_moments'
================================================================
* Date:           Tue Feb 18 03:51:28 2025

* Version:        2024.2 (Build 5238294 on Nov  8 2024)
* Project:        pack_stream_to_blk
* Solution:       hls (Vivado IP Flow Target)
* Product family: zynq
* Target device:  xc7z020-clg400-1


================================================================
== Performance Estimates
================================================================
+ Timing: 
    * Summary: 
    +--------+----------+----------+------------+
    |  Clock |  Target  | Estimated| Uncertainty|
    +--------+----------+----------+------------+
    |ap_clk  |  10.00 ns|  7.256 ns|     2.70 ns|
    +--------+----------+----------+------------+

+ Latency: 
    * Summary: 
    +---------+---------+----------+----------+-----+-----+------------------------------------------------+
    |  Latency (cycles) |  Latency (absolute) |  Interval |                    Pipeline                    |
    |   min   |   max   |    min   |    max   | min | max |                      Type                      |
    +---------+---------+----------+----------+-----+-----+------------------------------------------------+
    |        ?|        ?|         ?|         ?|    0|    0|  loop auto-rewind stp (delay=0 clock cycles(s))|
    +---------+---------+----------+----------+-----+-----+------------------------------------------------+

    + Detail: 
        * Instance: 
        N/A

        * Loop: 
        +----------------+---------+---------+----------+-----------+-----------+------+----------+
        |                |  Latency (cycles) | Iteration|  Initiation Interval  | Trip |          |
        |    Loop Name   |   min   |   max   |  Latency |  achieved |   target  | Count| Pipelined|
        +----------------+---------+---------+----------+-----------+-----------+------+----------+
        |- calc_moments  |        ?|        ?|        41|          6|          1|     ?|       yes|
        +----------------+---------+---------+----------+-----------+-----------+------+----------+



================================================================
== Utilization Estimates
================================================================
* Summary: 
+-----------------+---------+-----+--------+-------+-----+
|       Name      | BRAM_18K| DSP |   FF   |  LUT  | URAM|
+-----------------+---------+-----+--------+-------+-----+
|DSP              |        -|    -|       -|      -|    -|
|Expression       |        -|    -|       0|     79|    -|
|FIFO             |        -|    -|       -|      -|    -|
|Instance         |        -|    -|       0|     20|    -|
|Memory           |        -|    -|       -|      -|    -|
|Multiplexer      |        -|    -|       0|    242|    -|
|Register         |        -|    -|     466|     32|    -|
+-----------------+---------+-----+--------+-------+-----+
|Total            |        0|    0|     466|    373|    0|
+-----------------+---------+-----+--------+-------+-----+
|Available        |      280|  220|  106400|  53200|    0|
+-----------------+---------+-----+--------+-------+-----+
|Utilization (%)  |        0|    0|      ~0|     ~0|    0|
+-----------------+---------+-----+--------+-------+-----+

+ Detail: 
    * Instance: 
    +--------------------------+----------------------+---------+----+---+----+-----+
    |         Instance         |        Module        | BRAM_18K| DSP| FF| LUT| URAM|
    +--------------------------+----------------------+---------+----+---+----+-----+
    |sparsemux_9_2_32_1_1_U60  |sparsemux_9_2_32_1_1  |        0|   0|  0|  20|    0|
    +--------------------------+----------------------+---------+----+---+----+-----+
    |Total                     |                      |        0|   0|  0|  20|    0|
    +--------------------------+----------------------+---------+----+---+----+-----+

    * DSP: 
    N/A

    * Memory: 
    N/A

    * FIFO: 
    N/A

    * Expression: 
    +----------------------+----------+----+---+----+------------+------------+
    |     Variable Name    | Operation| DSP| FF| LUT| Bitwidth P0| Bitwidth P1|
    +----------------------+----------+----+---+----+------------+------------+
    |add_ln144_fu_222_p2   |         +|   0|  0|  38|          31|           1|
    |icmp_ln144_fu_198_p2  |      icmp|   0|  0|  39|          32|          32|
    |ap_enable_pp0         |       xor|   0|  0|   2|           1|           2|
    +----------------------+----------+----+---+----+------------+------------+
    |Total                 |          |   0|  0|  79|          64|          35|
    +----------------------+----------+----+---+----+------------+------------+

    * Multiplexer: 
    +----------------------------------+----+-----------+-----+-----------+
    |               Name               | LUT| Input Size| Bits| Total Bits|
    +----------------------------------+----+-----------+-----+-----------+
    |ap_NS_fsm                         |  37|          7|    1|          7|
    |ap_done_int                       |   9|          2|    1|          2|
    |ap_enable_reg_pp0_iter0           |   9|          2|    1|          2|
    |ap_enable_reg_pp0_iter1           |   9|          2|    1|          2|
    |ap_enable_reg_pp0_iter6           |   9|          2|    1|          2|
    |ap_loop_exit_ready_pp0_iter1_reg  |   9|          2|    1|          2|
    |ap_loop_exit_ready_pp0_iter2_reg  |   9|          2|    1|          2|
    |ap_loop_exit_ready_pp0_iter3_reg  |   9|          2|    1|          2|
    |ap_loop_exit_ready_pp0_iter4_reg  |   9|          2|    1|          2|
    |ap_loop_exit_ready_pp0_iter5_reg  |   9|          2|    1|          2|
    |ap_sig_allocacmp_i_5              |   9|          2|   31|         62|
    |grp_fu_160_opcode                 |  14|          3|    2|          6|
    |grp_fu_160_p0                     |  20|          4|   32|        128|
    |grp_fu_160_p1                     |  20|          4|   32|        128|
    |grp_fu_164_p0                     |  20|          4|   32|        128|
    |grp_fu_164_p1                     |  14|          3|   32|         96|
    |i_fu_72                           |   9|          2|   31|         62|
    |kurt_accum_fu_68                  |   9|          2|   32|         64|
    |skew_accum_fu_64                  |   9|          2|   32|         64|
    +----------------------------------+----+-----------+-----+-----------+
    |Total                             | 242|         51|  266|        763|
    +----------------------------------+----+-----------+-----+-----------+

    * Register: 
    +----------------------------------+----+----+-----+-----------+
    |               Name               | FF | LUT| Bits| Const Bits|
    +----------------------------------+----+----+-----+-----------+
    |ap_CS_fsm                         |   6|   0|    6|          0|
    |ap_done_reg                       |   1|   0|    1|          0|
    |ap_enable_reg_pp0_iter0_reg       |   1|   0|    1|          0|
    |ap_enable_reg_pp0_iter1           |   1|   0|    1|          0|
    |ap_enable_reg_pp0_iter2           |   1|   0|    1|          0|
    |ap_enable_reg_pp0_iter3           |   1|   0|    1|          0|
    |ap_enable_reg_pp0_iter4           |   1|   0|    1|          0|
    |ap_enable_reg_pp0_iter5           |   1|   0|    1|          0|
    |ap_enable_reg_pp0_iter6           |   1|   0|    1|          0|
    |ap_loop_exit_ready_pp0_iter1_reg  |   1|   0|    1|          0|
    |ap_loop_exit_ready_pp0_iter2_reg  |   1|   0|    1|          0|
    |ap_loop_exit_ready_pp0_iter3_reg  |   1|   0|    1|          0|
    |ap_loop_exit_ready_pp0_iter4_reg  |   1|   0|    1|          0|
    |ap_loop_exit_ready_pp0_iter5_reg  |   1|   0|    1|          0|
    |i_5_reg_318                       |  31|   0|   31|          0|
    |i_fu_72                           |  31|   0|   31|          0|
    |icmp_ln144_reg_324                |   1|   0|    1|          0|
    |kurt_accum_fu_68                  |  32|   0|   32|          0|
    |mul2_reg_364                      |  32|   0|   32|          0|
    |mul4_reg_380                      |  32|   0|   32|          0|
    |norm_cubed_reg_369                |  32|   0|   32|          0|
    |normalized_reg_358                |  32|   0|   32|          0|
    |normalized_reg_358_pp0_iter4_reg  |  32|   0|   32|          0|
    |reg_172                           |  32|   0|   32|          0|
    |skew_accum_fu_64                  |  32|   0|   32|          0|
    |sub_reg_353                       |  32|   0|   32|          0|
    |tmp_2_reg_348                     |  32|   0|   32|          0|
    |icmp_ln144_reg_324                |  64|  32|    1|          0|
    +----------------------------------+----+----+-----+-----------+
    |Total                             | 466|  32|  403|          0|
    +----------------------------------+----+----+-----+-----------+



================================================================
== Interface
================================================================
* Summary: 
+-----------------------+-----+-----+------------+--------------------------------------------+--------------+
|       RTL Ports       | Dir | Bits|  Protocol  |                Source Object               |    C Type    |
+-----------------------+-----+-----+------------+--------------------------------------------+--------------+
|ap_clk                 |   in|    1|  ap_ctrl_hs|  calculate_statistics_Pipeline_calc_moments|  return value|
|ap_rst                 |   in|    1|  ap_ctrl_hs|  calculate_statistics_Pipeline_calc_moments|  return value|
|ap_start               |   in|    1|  ap_ctrl_hs|  calculate_statistics_Pipeline_calc_moments|  return value|
|ap_done                |  out|    1|  ap_ctrl_hs|  calculate_statistics_Pipeline_calc_moments|  return value|
|ap_idle                |  out|    1|  ap_ctrl_hs|  calculate_statistics_Pipeline_calc_moments|  return value|
|ap_ready               |  out|    1|  ap_ctrl_hs|  calculate_statistics_Pipeline_calc_moments|  return value|
|grp_fu_376_p_din0      |  out|   32|  ap_ctrl_hs|  calculate_statistics_Pipeline_calc_moments|  return value|
|grp_fu_376_p_din1      |  out|   32|  ap_ctrl_hs|  calculate_statistics_Pipeline_calc_moments|  return value|
|grp_fu_376_p_opcode    |  out|    2|  ap_ctrl_hs|  calculate_statistics_Pipeline_calc_moments|  return value|
|grp_fu_376_p_dout0     |   in|   32|  ap_ctrl_hs|  calculate_statistics_Pipeline_calc_moments|  return value|
|grp_fu_376_p_ce        |  out|    1|  ap_ctrl_hs|  calculate_statistics_Pipeline_calc_moments|  return value|
|grp_fu_381_p_din0      |  out|   32|  ap_ctrl_hs|  calculate_statistics_Pipeline_calc_moments|  return value|
|grp_fu_381_p_din1      |  out|   32|  ap_ctrl_hs|  calculate_statistics_Pipeline_calc_moments|  return value|
|grp_fu_381_p_dout0     |   in|   32|  ap_ctrl_hs|  calculate_statistics_Pipeline_calc_moments|  return value|
|grp_fu_381_p_ce        |  out|    1|  ap_ctrl_hs|  calculate_statistics_Pipeline_calc_moments|  return value|
|grp_fu_390_p_din0      |  out|   32|  ap_ctrl_hs|  calculate_statistics_Pipeline_calc_moments|  return value|
|grp_fu_390_p_din1      |  out|   32|  ap_ctrl_hs|  calculate_statistics_Pipeline_calc_moments|  return value|
|grp_fu_390_p_dout0     |   in|   32|  ap_ctrl_hs|  calculate_statistics_Pipeline_calc_moments|  return value|
|grp_fu_390_p_ce        |  out|    1|  ap_ctrl_hs|  calculate_statistics_Pipeline_calc_moments|  return value|
|n                      |   in|   32|     ap_none|                                           n|        scalar|
|data_address0          |  out|    8|   ap_memory|                                        data|         array|
|data_ce0               |  out|    1|   ap_memory|                                        data|         array|
|data_q0                |   in|   32|   ap_memory|                                        data|         array|
|data_1_address0        |  out|    8|   ap_memory|                                      data_1|         array|
|data_1_ce0             |  out|    1|   ap_memory|                                      data_1|         array|
|data_1_q0              |   in|   32|   ap_memory|                                      data_1|         array|
|data_2_address0        |  out|    8|   ap_memory|                                      data_2|         array|
|data_2_ce0             |  out|    1|   ap_memory|                                      data_2|         array|
|data_2_q0              |   in|   32|   ap_memory|                                      data_2|         array|
|data_3_address0        |  out|    8|   ap_memory|                                      data_3|         array|
|data_3_ce0             |  out|    1|   ap_memory|                                      data_3|         array|
|data_3_q0              |   in|   32|   ap_memory|                                      data_3|         array|
|mean_val               |   in|   32|     ap_none|                                    mean_val|        scalar|
|std_dev                |   in|   32|     ap_none|                                     std_dev|        scalar|
|kurt_accum_out         |  out|   32|      ap_vld|                              kurt_accum_out|       pointer|
|kurt_accum_out_ap_vld  |  out|    1|      ap_vld|                              kurt_accum_out|       pointer|
|skew_accum_out         |  out|   32|      ap_vld|                              skew_accum_out|       pointer|
|skew_accum_out_ap_vld  |  out|    1|      ap_vld|                              skew_accum_out|       pointer|
+-----------------------+-----+-----+------------+--------------------------------------------+--------------+

