/home/almavitis/VM_share/SOCExtraFeatures/SoC_wsHLS/SoC_hls_component/SoC_hls_component/hls/.autopilot/db/MatCalc.pp.0.cpp:8675:7: warning: Added loop label VITIS_LOOP_1223_1:   [xilinx-label-all-loops]
      for (i = 0; i < __N - 1; ++i) {
      ^~~
      VITIS_LOOP_1223_1: 
/home/almavitis/VM_share/SOCExtraFeatures/SoC_wsHLS/SoC_hls_component/SoC_hls_component/hls/.autopilot/db/MatCalc.pp.0.cpp:8675:7: note: FIX-IT applied suggested code changes
/home/almavitis/VM_share/SOCExtraFeatures/SoC_wsHLS/SoC_hls_component/SoC_hls_component/hls/.autopilot/db/MatCalc.pp.0.cpp:9649:5: warning: Added loop label VITIS_LOOP_676_1:   [xilinx-label-all-loops]
    for (unsigned i = low; i != high; ++i) {
    ^~~
    VITIS_LOOP_676_1: 
/home/almavitis/VM_share/SOCExtraFeatures/SoC_wsHLS/SoC_hls_component/SoC_hls_component/hls/.autopilot/db/MatCalc.pp.0.cpp:9649:5: note: FIX-IT applied suggested code changes
/home/almavitis/VM_share/SOCExtraFeatures/SoC_wsHLS/SoC_hls_component/SoC_hls_component/hls/.autopilot/db/MatCalc.pp.0.cpp:9663:5: warning: Added loop label VITIS_LOOP_690_1:   [xilinx-label-all-loops]
    for (unsigned i = low; i != high; ++i) {
    ^~~
    VITIS_LOOP_690_1: 
/home/almavitis/VM_share/SOCExtraFeatures/SoC_wsHLS/SoC_hls_component/SoC_hls_component/hls/.autopilot/db/MatCalc.pp.0.cpp:9663:5: note: FIX-IT applied suggested code changes
/home/almavitis/VM_share/SOCExtraFeatures/SoC_wsHLS/SoC_hls_component/SoC_hls_component/hls/.autopilot/db/MatCalc.pp.0.cpp:9677:5: warning: Added loop label VITIS_LOOP_704_1:   [xilinx-label-all-loops]
    for (unsigned i = low; i != high; ++i) {
    ^~~
    VITIS_LOOP_704_1: 
/home/almavitis/VM_share/SOCExtraFeatures/SoC_wsHLS/SoC_hls_component/SoC_hls_component/hls/.autopilot/db/MatCalc.pp.0.cpp:9677:5: note: FIX-IT applied suggested code changes
/home/almavitis/VM_share/SOCExtraFeatures/SoC_wsHLS/SoC_hls_component/SoC_hls_component/hls/.autopilot/db/MatCalc.pp.0.cpp:11294:7: warning: Added loop label VITIS_LOOP_1247_1:   [xilinx-label-all-loops]
      for (i = 0; i < __N - 1; ++i) {
      ^~~
      VITIS_LOOP_1247_1: 
/home/almavitis/VM_share/SOCExtraFeatures/SoC_wsHLS/SoC_hls_component/SoC_hls_component/hls/.autopilot/db/MatCalc.pp.0.cpp:11294:7: note: FIX-IT applied suggested code changes
/home/almavitis/VM_share/SOCExtraFeatures/SoC_wsHLS/SoC_hls_component/SoC_hls_component/hls/.autopilot/db/MatCalc.pp.0.cpp:15430:72: error: Invalid Directive: for current device, ROM_1P + LUTRAM is invalid combination for BIND_STORAGE's option 'type + impl' [clang-diagnostic-error]
#pragma HLS BIND_STORAGE variable=fourth_order_double::sin_cos_K0 type=ROM_1P impl=LUTRAM
                                                                       ^
/home/almavitis/VM_share/SOCExtraFeatures/SoC_wsHLS/SoC_hls_component/SoC_hls_component/hls/.autopilot/db/MatCalc.pp.0.cpp:15431:72: error: Invalid Directive: for current device, ROM_1P + LUTRAM is invalid combination for BIND_STORAGE's option 'type + impl' [clang-diagnostic-error]
#pragma HLS BIND_STORAGE variable=fourth_order_double::sin_cos_K1 type=ROM_1P impl=LUTRAM
                                                                       ^
/home/almavitis/VM_share/SOCExtraFeatures/SoC_wsHLS/SoC_hls_component/SoC_hls_component/hls/.autopilot/db/MatCalc.pp.0.cpp:15432:72: error: Invalid Directive: for current device, ROM_1P + LUTRAM is invalid combination for BIND_STORAGE's option 'type + impl' [clang-diagnostic-error]
#pragma HLS BIND_STORAGE variable=fourth_order_double::sin_cos_K2 type=ROM_1P impl=LUTRAM
                                                                       ^
/home/almavitis/VM_share/SOCExtraFeatures/SoC_wsHLS/SoC_hls_component/SoC_hls_component/hls/.autopilot/db/MatCalc.pp.0.cpp:15433:72: error: Invalid Directive: for current device, ROM_1P + LUTRAM is invalid combination for BIND_STORAGE's option 'type + impl' [clang-diagnostic-error]
#pragma HLS BIND_STORAGE variable=fourth_order_double::sin_cos_K3 type=ROM_1P impl=LUTRAM
                                                                       ^
/home/almavitis/VM_share/SOCExtraFeatures/SoC_wsHLS/SoC_hls_component/SoC_hls_component/hls/.autopilot/db/MatCalc.pp.0.cpp:15434:72: error: Invalid Directive: for current device, ROM_1P + LUTRAM is invalid combination for BIND_STORAGE's option 'type + impl' [clang-diagnostic-error]
#pragma HLS BIND_STORAGE variable=fourth_order_double::sin_cos_K4 type=ROM_1P impl=LUTRAM
                                                                       ^
/home/almavitis/VM_share/SOCExtraFeatures/SoC_wsHLS/SoC_hls_component/SoC_hls_component/hls/.autopilot/db/MatCalc.pp.0.cpp:15464:68: error: Invalid Directive: for current device, ROM_1P + LUTRAM is invalid combination for BIND_STORAGE's option 'type + impl' [clang-diagnostic-error]
#pragma HLS BIND_STORAGE variable=fourth_order_double::cos_K0 type=ROM_1P impl=LUTRAM
                                                                   ^
/home/almavitis/VM_share/SOCExtraFeatures/SoC_wsHLS/SoC_hls_component/SoC_hls_component/hls/.autopilot/db/MatCalc.pp.0.cpp:15465:68: error: Invalid Directive: for current device, ROM_1P + LUTRAM is invalid combination for BIND_STORAGE's option 'type + impl' [clang-diagnostic-error]
#pragma HLS BIND_STORAGE variable=fourth_order_double::cos_K1 type=ROM_1P impl=LUTRAM
                                                                   ^
/home/almavitis/VM_share/SOCExtraFeatures/SoC_wsHLS/SoC_hls_component/SoC_hls_component/hls/.autopilot/db/MatCalc.pp.0.cpp:15466:68: error: Invalid Directive: for current device, ROM_1P + LUTRAM is invalid combination for BIND_STORAGE's option 'type + impl' [clang-diagnostic-error]
#pragma HLS BIND_STORAGE variable=fourth_order_double::cos_K2 type=ROM_1P impl=LUTRAM
                                                                   ^
/home/almavitis/VM_share/SOCExtraFeatures/SoC_wsHLS/SoC_hls_component/SoC_hls_component/hls/.autopilot/db/MatCalc.pp.0.cpp:15467:68: error: Invalid Directive: for current device, ROM_1P + LUTRAM is invalid combination for BIND_STORAGE's option 'type + impl' [clang-diagnostic-error]
#pragma HLS BIND_STORAGE variable=fourth_order_double::cos_K3 type=ROM_1P impl=LUTRAM
                                                                   ^
/home/almavitis/VM_share/SOCExtraFeatures/SoC_wsHLS/SoC_hls_component/SoC_hls_component/hls/.autopilot/db/MatCalc.pp.0.cpp:15468:68: error: Invalid Directive: for current device, ROM_1P + LUTRAM is invalid combination for BIND_STORAGE's option 'type + impl' [clang-diagnostic-error]
#pragma HLS BIND_STORAGE variable=fourth_order_double::cos_K4 type=ROM_1P impl=LUTRAM
                                                                   ^
/home/almavitis/VM_share/SOCExtraFeatures/SoC_wsHLS/SoC_hls_component/SoC_hls_component/hls/.autopilot/db/MatCalc.pp.0.cpp:15469:68: error: Invalid Directive: for current device, ROM_1P + LUTRAM is invalid combination for BIND_STORAGE's option 'type + impl' [clang-diagnostic-error]
#pragma HLS BIND_STORAGE variable=fourth_order_double::sin_K0 type=ROM_1P impl=LUTRAM
                                                                   ^
/home/almavitis/VM_share/SOCExtraFeatures/SoC_wsHLS/SoC_hls_component/SoC_hls_component/hls/.autopilot/db/MatCalc.pp.0.cpp:15470:68: error: Invalid Directive: for current device, ROM_1P + LUTRAM is invalid combination for BIND_STORAGE's option 'type + impl' [clang-diagnostic-error]
#pragma HLS BIND_STORAGE variable=fourth_order_double::sin_K1 type=ROM_1P impl=LUTRAM
                                                                   ^
/home/almavitis/VM_share/SOCExtraFeatures/SoC_wsHLS/SoC_hls_component/SoC_hls_component/hls/.autopilot/db/MatCalc.pp.0.cpp:15471:68: error: Invalid Directive: for current device, ROM_1P + LUTRAM is invalid combination for BIND_STORAGE's option 'type + impl' [clang-diagnostic-error]
#pragma HLS BIND_STORAGE variable=fourth_order_double::sin_K2 type=ROM_1P impl=LUTRAM
                                                                   ^
/home/almavitis/VM_share/SOCExtraFeatures/SoC_wsHLS/SoC_hls_component/SoC_hls_component/hls/.autopilot/db/MatCalc.pp.0.cpp:15472:68: error: Invalid Directive: for current device, ROM_1P + LUTRAM is invalid combination for BIND_STORAGE's option 'type + impl' [clang-diagnostic-error]
#pragma HLS BIND_STORAGE variable=fourth_order_double::sin_K3 type=ROM_1P impl=LUTRAM
                                                                   ^
/home/almavitis/VM_share/SOCExtraFeatures/SoC_wsHLS/SoC_hls_component/SoC_hls_component/hls/.autopilot/db/MatCalc.pp.0.cpp:15473:68: error: Invalid Directive: for current device, ROM_1P + LUTRAM is invalid combination for BIND_STORAGE's option 'type + impl' [clang-diagnostic-error]
#pragma HLS BIND_STORAGE variable=fourth_order_double::sin_K4 type=ROM_1P impl=LUTRAM
                                                                   ^
/home/almavitis/VM_share/SOCExtraFeatures/SoC_wsHLS/SoC_hls_component/SoC_hls_component/hls/.autopilot/db/MatCalc.pp.0.cpp:15523:71: error: Invalid Directive: for current device, ROM_1P + LUTRAM is invalid combination for BIND_STORAGE's option 'type + impl' [clang-diagnostic-error]
#pragma HLS BIND_STORAGE variable=second_order_float::sin_cos_K0 type=ROM_1P impl=LUTRAM
                                                                      ^
/home/almavitis/VM_share/SOCExtraFeatures/SoC_wsHLS/SoC_hls_component/SoC_hls_component/hls/.autopilot/db/MatCalc.pp.0.cpp:15524:71: error: Invalid Directive: for current device, ROM_1P + LUTRAM is invalid combination for BIND_STORAGE's option 'type + impl' [clang-diagnostic-error]
#pragma HLS BIND_STORAGE variable=second_order_float::sin_cos_K1 type=ROM_1P impl=LUTRAM
                                                                      ^
/home/almavitis/VM_share/SOCExtraFeatures/SoC_wsHLS/SoC_hls_component/SoC_hls_component/hls/.autopilot/db/MatCalc.pp.0.cpp:15525:71: error: Invalid Directive: for current device, ROM_1P + LUTRAM is invalid combination for BIND_STORAGE's option 'type + impl' [clang-diagnostic-error]
#pragma HLS BIND_STORAGE variable=second_order_float::sin_cos_K2 type=ROM_1P impl=LUTRAM
                                                                      ^
/home/almavitis/VM_share/SOCExtraFeatures/SoC_wsHLS/SoC_hls_component/SoC_hls_component/hls/.autopilot/db/MatCalc.pp.0.cpp:15552:67: error: Invalid Directive: for current device, ROM_1P + LUTRAM is invalid combination for BIND_STORAGE's option 'type + impl' [clang-diagnostic-error]
#pragma HLS BIND_STORAGE variable=second_order_float::cos_K0 type=ROM_1P impl=LUTRAM
                                                                  ^
/home/almavitis/VM_share/SOCExtraFeatures/SoC_wsHLS/SoC_hls_component/SoC_hls_component/hls/.autopilot/db/MatCalc.pp.0.cpp:15553:67: error: Invalid Directive: for current device, ROM_1P + LUTRAM is invalid combination for BIND_STORAGE's option 'type + impl' [clang-diagnostic-error]
#pragma HLS BIND_STORAGE variable=second_order_float::cos_K1 type=ROM_1P impl=LUTRAM
                                                                  ^
/home/almavitis/VM_share/SOCExtraFeatures/SoC_wsHLS/SoC_hls_component/SoC_hls_component/hls/.autopilot/db/MatCalc.pp.0.cpp:15554:67: error: Invalid Directive: for current device, ROM_1P + LUTRAM is invalid combination for BIND_STORAGE's option 'type + impl' [clang-diagnostic-error]
#pragma HLS BIND_STORAGE variable=second_order_float::cos_K2 type=ROM_1P impl=LUTRAM
                                                                  ^
/home/almavitis/VM_share/SOCExtraFeatures/SoC_wsHLS/SoC_hls_component/SoC_hls_component/hls/.autopilot/db/MatCalc.pp.0.cpp:15555:67: error: Invalid Directive: for current device, ROM_1P + LUTRAM is invalid combination for BIND_STORAGE's option 'type + impl' [clang-diagnostic-error]
#pragma HLS BIND_STORAGE variable=second_order_float::sin_K0 type=ROM_1P impl=LUTRAM
                                                                  ^
/home/almavitis/VM_share/SOCExtraFeatures/SoC_wsHLS/SoC_hls_component/SoC_hls_component/hls/.autopilot/db/MatCalc.pp.0.cpp:15556:67: error: Invalid Directive: for current device, ROM_1P + LUTRAM is invalid combination for BIND_STORAGE's option 'type + impl' [clang-diagnostic-error]
#pragma HLS BIND_STORAGE variable=second_order_float::sin_K1 type=ROM_1P impl=LUTRAM
                                                                  ^
/home/almavitis/VM_share/SOCExtraFeatures/SoC_wsHLS/SoC_hls_component/SoC_hls_component/hls/.autopilot/db/MatCalc.pp.0.cpp:15557:67: error: Invalid Directive: for current device, ROM_1P + LUTRAM is invalid combination for BIND_STORAGE's option 'type + impl' [clang-diagnostic-error]
#pragma HLS BIND_STORAGE variable=second_order_float::sin_K2 type=ROM_1P impl=LUTRAM
                                                                  ^
/home/almavitis/VM_share/SOCExtraFeatures/SoC_wsHLS/SoC_hls_component/SoC_hls_component/hls/.autopilot/db/MatCalc.pp.0.cpp:15593:73: error: Invalid Directive: for current device, ROM_1P + LUTRAM is invalid combination for BIND_STORAGE's option 'type + impl' [clang-diagnostic-error]
#pragma HLS BIND_STORAGE variable=first_order_fixed_16::sin_cos_K0 type=ROM_1P impl=LUTRAM
                                                                        ^
/home/almavitis/VM_share/SOCExtraFeatures/SoC_wsHLS/SoC_hls_component/SoC_hls_component/hls/.autopilot/db/MatCalc.pp.0.cpp:15594:73: error: Invalid Directive: for current device, ROM_1P + LUTRAM is invalid combination for BIND_STORAGE's option 'type + impl' [clang-diagnostic-error]
#pragma HLS BIND_STORAGE variable=first_order_fixed_16::sin_cos_K1 type=ROM_1P impl=LUTRAM
                                                                        ^
/home/almavitis/VM_share/SOCExtraFeatures/SoC_wsHLS/SoC_hls_component/SoC_hls_component/hls/.autopilot/db/MatCalc.pp.0.cpp:15868:5: warning: Added loop label VITIS_LOOP_61_1:   [xilinx-label-all-loops]
    for (int n=0; n<Nmax; n++){
    ^~~
    VITIS_LOOP_61_1: 
/home/almavitis/VM_share/SOCExtraFeatures/SoC_wsHLS/SoC_hls_component/SoC_hls_component/hls/.autopilot/db/MatCalc.pp.0.cpp:15868:5: note: FIX-IT applied suggested code changes
/home/almavitis/VM_share/SOCExtraFeatures/SoC_wsHLS/SoC_hls_component/SoC_hls_component/hls/.autopilot/db/MatCalc.pp.0.cpp:15914:5: warning: Added loop label VITIS_LOOP_117_1:   [xilinx-label-all-loops]
    for (int n=0; n<Nmax; n++){
    ^~~
    VITIS_LOOP_117_1: 
/home/almavitis/VM_share/SOCExtraFeatures/SoC_wsHLS/SoC_hls_component/SoC_hls_component/hls/.autopilot/db/MatCalc.pp.0.cpp:15914:5: note: FIX-IT applied suggested code changes
/home/almavitis/VM_share/SOCExtraFeatures/SoC_wsHLS/SoC_hls_component/SoC_hls_component/hls/.autopilot/db/MatCalc.pp.0.cpp:16077:9: warning: Added loop label VITIS_LOOP_289_1:   [xilinx-label-all-loops]
        for(int i=0;i<W-1;i++){
        ^~~
        VITIS_LOOP_289_1: 
/home/almavitis/VM_share/SOCExtraFeatures/SoC_wsHLS/SoC_hls_component/SoC_hls_component/hls/.autopilot/db/MatCalc.pp.0.cpp:16077:9: note: FIX-IT applied suggested code changes
/home/almavitis/VM_share/SOCExtraFeatures/SoC_wsHLS/SoC_hls_component/SoC_hls_component/hls/.autopilot/db/MatCalc.pp.0.cpp:16229:9: warning: Added loop label VITIS_LOOP_449_1:   [xilinx-label-all-loops]
        for(int i=0;i<W-1;i++){
        ^~~
        VITIS_LOOP_449_1: 
/home/almavitis/VM_share/SOCExtraFeatures/SoC_wsHLS/SoC_hls_component/SoC_hls_component/hls/.autopilot/db/MatCalc.pp.0.cpp:16229:9: note: FIX-IT applied suggested code changes
/home/almavitis/VM_share/SOCExtraFeatures/SoC_wsHLS/SoC_hls_component/SoC_hls_component/hls/.autopilot/db/MatCalc.pp.0.cpp:16409:5: warning: Added loop label VITIS_LOOP_629_1:   [xilinx-label-all-loops]
    for(int i=0;i<W+1;i++){
    ^~~
    VITIS_LOOP_629_1: 
/home/almavitis/VM_share/SOCExtraFeatures/SoC_wsHLS/SoC_hls_component/SoC_hls_component/hls/.autopilot/db/MatCalc.pp.0.cpp:16409:5: note: FIX-IT applied suggested code changes
/home/almavitis/VM_share/SOCExtraFeatures/SoC_wsHLS/SoC_hls_component/SoC_hls_component/hls/.autopilot/db/MatCalc.pp.0.cpp:16413:5: warning: Added loop label VITIS_LOOP_633_2:   [xilinx-label-all-loops]
    for(int i=0;i<W+1;i++){
    ^~~
    VITIS_LOOP_633_2: 
/home/almavitis/VM_share/SOCExtraFeatures/SoC_wsHLS/SoC_hls_component/SoC_hls_component/hls/.autopilot/db/MatCalc.pp.0.cpp:16413:5: note: FIX-IT applied suggested code changes
/home/almavitis/VM_share/SOCExtraFeatures/SoC_wsHLS/SoC_hls_component/SoC_hls_component/hls/.autopilot/db/MatCalc.pp.0.cpp:16523:5: warning: Added loop label VITIS_LOOP_743_1:   [xilinx-label-all-loops]
    for (int n=0; n<Nmax; n++){
    ^~~
    VITIS_LOOP_743_1: 
/home/almavitis/VM_share/SOCExtraFeatures/SoC_wsHLS/SoC_hls_component/SoC_hls_component/hls/.autopilot/db/MatCalc.pp.0.cpp:16523:5: note: FIX-IT applied suggested code changes
/home/almavitis/VM_share/SOCExtraFeatures/SoC_wsHLS/SoC_hls_component/SoC_hls_component/hls/.autopilot/db/MatCalc.pp.0.cpp:16613:7: warning: Added loop label VITIS_LOOP_840_1:   [xilinx-label-all-loops]
      for(int i=0;i<W-1;i++){
      ^~~
      VITIS_LOOP_840_1: 
/home/almavitis/VM_share/SOCExtraFeatures/SoC_wsHLS/SoC_hls_component/SoC_hls_component/hls/.autopilot/db/MatCalc.pp.0.cpp:16613:7: note: FIX-IT applied suggested code changes
/home/almavitis/VM_share/SOCExtraFeatures/SoC_wsHLS/SoC_hls_component/SoC_hls_component/hls/.autopilot/db/MatCalc.pp.0.cpp:16632:7: warning: Added loop label VITIS_LOOP_859_2:   [xilinx-label-all-loops]
      for(int i=0;i<W-1;i++){
      ^~~
      VITIS_LOOP_859_2: 
/home/almavitis/VM_share/SOCExtraFeatures/SoC_wsHLS/SoC_hls_component/SoC_hls_component/hls/.autopilot/db/MatCalc.pp.0.cpp:16632:7: note: FIX-IT applied suggested code changes
/home/almavitis/VM_share/SOCExtraFeatures/SoC_wsHLS/SoC_hls_component/SoC_hls_component/hls/.autopilot/db/MatCalc.pp.0.cpp:16922:5: warning: Added loop label VITIS_LOOP_1173_1:   [xilinx-label-all-loops]
    for(int i=0; i<Nmax; i++) {
    ^~~
    VITIS_LOOP_1173_1: 
/home/almavitis/VM_share/SOCExtraFeatures/SoC_wsHLS/SoC_hls_component/SoC_hls_component/hls/.autopilot/db/MatCalc.pp.0.cpp:16922:5: note: FIX-IT applied suggested code changes
/home/almavitis/VM_share/SOCExtraFeatures/SoC_wsHLS/SoC_hls_component/SoC_hls_component/hls/.autopilot/db/MatCalc.pp.0.cpp:17005:5: warning: Added loop label VITIS_LOOP_1256_1:   [xilinx-label-all-loops]
    for(int i=0; i<Nmax; i++) {
    ^~~
    VITIS_LOOP_1256_1: 
/home/almavitis/VM_share/SOCExtraFeatures/SoC_wsHLS/SoC_hls_component/SoC_hls_component/hls/.autopilot/db/MatCalc.pp.0.cpp:17005:5: note: FIX-IT applied suggested code changes
/home/almavitis/VM_share/SOCExtraFeatures/SoC_wsHLS/SoC_hls_component/SoC_hls_component/hls/.autopilot/db/MatCalc.pp.0.cpp:17411:13: warning: Added loop label VITIS_LOOP_68_1:   [xilinx-label-all-loops]
            for (int j = 3; j >= I_+1; j--) {
            ^~~
            VITIS_LOOP_68_1: 
/home/almavitis/VM_share/SOCExtraFeatures/SoC_wsHLS/SoC_hls_component/SoC_hls_component/hls/.autopilot/db/MatCalc.pp.0.cpp:17411:13: note: FIX-IT applied suggested code changes
/home/almavitis/VM_share/SOCExtraFeatures/SoC_wsHLS/SoC_hls_component/SoC_hls_component/hls/.autopilot/db/MatCalc.pp.0.cpp:17417:17: warning: Added loop label VITIS_LOOP_74_2:   [xilinx-label-all-loops]
                for (int j = 3; j >= I_+1; j--){
                ^~~
                VITIS_LOOP_74_2: 
/home/almavitis/VM_share/SOCExtraFeatures/SoC_wsHLS/SoC_hls_component/SoC_hls_component/hls/.autopilot/db/MatCalc.pp.0.cpp:17417:17: note: FIX-IT applied suggested code changes
/home/almavitis/VM_share/SOCExtraFeatures/SoC_wsHLS/SoC_hls_component/SoC_hls_component/hls/.autopilot/db/MatCalc.pp.0.cpp:17421:17: warning: Added loop label VITIS_LOOP_78_3:   [xilinx-label-all-loops]
                for (int j = I_; j >= 0; j--){
                ^~~
                VITIS_LOOP_78_3: 
/home/almavitis/VM_share/SOCExtraFeatures/SoC_wsHLS/SoC_hls_component/SoC_hls_component/hls/.autopilot/db/MatCalc.pp.0.cpp:17421:17: note: FIX-IT applied suggested code changes
/home/almavitis/VM_share/SOCExtraFeatures/SoC_wsHLS/SoC_hls_component/SoC_hls_component/hls/.autopilot/db/MatCalc.pp.0.cpp:17469:13: warning: Added loop label VITIS_LOOP_145_4:   [xilinx-label-all-loops]
            for (int j = 9; j >= I_+4; j--) {
            ^~~
            VITIS_LOOP_145_4: 
/home/almavitis/VM_share/SOCExtraFeatures/SoC_wsHLS/SoC_hls_component/SoC_hls_component/hls/.autopilot/db/MatCalc.pp.0.cpp:17469:13: note: FIX-IT applied suggested code changes
/home/almavitis/VM_share/SOCExtraFeatures/SoC_wsHLS/SoC_hls_component/SoC_hls_component/hls/.autopilot/db/MatCalc.pp.0.cpp:17475:17: warning: Added loop label VITIS_LOOP_151_5:   [xilinx-label-all-loops]
                for (int j = 9; j >= I_+4; j--){
                ^~~
                VITIS_LOOP_151_5: 
/home/almavitis/VM_share/SOCExtraFeatures/SoC_wsHLS/SoC_hls_component/SoC_hls_component/hls/.autopilot/db/MatCalc.pp.0.cpp:17475:17: note: FIX-IT applied suggested code changes
/home/almavitis/VM_share/SOCExtraFeatures/SoC_wsHLS/SoC_hls_component/SoC_hls_component/hls/.autopilot/db/MatCalc.pp.0.cpp:17479:17: warning: Added loop label VITIS_LOOP_155_6:   [xilinx-label-all-loops]
                for (int j = I_+3; j >= 0; j--){
                ^~~
                VITIS_LOOP_155_6: 
/home/almavitis/VM_share/SOCExtraFeatures/SoC_wsHLS/SoC_hls_component/SoC_hls_component/hls/.autopilot/db/MatCalc.pp.0.cpp:17479:17: note: FIX-IT applied suggested code changes
/home/almavitis/VM_share/SOCExtraFeatures/SoC_wsHLS/SoC_hls_component/SoC_hls_component/hls/.autopilot/db/MatCalc.pp.0.cpp:17494:9: warning: Added loop label VITIS_LOOP_170_7:   [xilinx-label-all-loops]
        for (int j = 14; j < 22; j++){
        ^~~
        VITIS_LOOP_170_7: 
/home/almavitis/VM_share/SOCExtraFeatures/SoC_wsHLS/SoC_hls_component/SoC_hls_component/hls/.autopilot/db/MatCalc.pp.0.cpp:17494:9: note: FIX-IT applied suggested code changes
/home/almavitis/VM_share/SOCExtraFeatures/SoC_wsHLS/SoC_hls_component/SoC_hls_component/hls/.autopilot/db/MatCalc.pp.0.cpp:17502:17: warning: Added loop label VITIS_LOOP_178_8:   [xilinx-label-all-loops]
                for (int j = 0; j < 22; j++){
                ^~~
                VITIS_LOOP_178_8: 
/home/almavitis/VM_share/SOCExtraFeatures/SoC_wsHLS/SoC_hls_component/SoC_hls_component/hls/.autopilot/db/MatCalc.pp.0.cpp:17502:17: note: FIX-IT applied suggested code changes
/home/almavitis/VM_share/SOCExtraFeatures/SoC_wsHLS/SoC_hls_component/SoC_hls_component/hls/.autopilot/db/MatCalc.pp.0.cpp:17567:13: warning: Added loop label VITIS_LOOP_243_9:   [xilinx-label-all-loops]
            for (int j = 21; j >= I_+10; j--) {
            ^~~
            VITIS_LOOP_243_9: 
/home/almavitis/VM_share/SOCExtraFeatures/SoC_wsHLS/SoC_hls_component/SoC_hls_component/hls/.autopilot/db/MatCalc.pp.0.cpp:17567:13: note: FIX-IT applied suggested code changes
/home/almavitis/VM_share/SOCExtraFeatures/SoC_wsHLS/SoC_hls_component/SoC_hls_component/hls/.autopilot/db/MatCalc.pp.0.cpp:17573:17: warning: Added loop label VITIS_LOOP_249_10:   [xilinx-label-all-loops]
                for (int j = 21; j >= I_+10; j--) {
                ^~~
                VITIS_LOOP_249_10: 
/home/almavitis/VM_share/SOCExtraFeatures/SoC_wsHLS/SoC_hls_component/SoC_hls_component/hls/.autopilot/db/MatCalc.pp.0.cpp:17573:17: note: FIX-IT applied suggested code changes
/home/almavitis/VM_share/SOCExtraFeatures/SoC_wsHLS/SoC_hls_component/SoC_hls_component/hls/.autopilot/db/MatCalc.pp.0.cpp:17577:17: warning: Added loop label VITIS_LOOP_253_11:   [xilinx-label-all-loops]
                for (int j = I_+9; j >= 0; j--) {
                ^~~
                VITIS_LOOP_253_11: 
/home/almavitis/VM_share/SOCExtraFeatures/SoC_wsHLS/SoC_hls_component/SoC_hls_component/hls/.autopilot/db/MatCalc.pp.0.cpp:17577:17: note: FIX-IT applied suggested code changes
/home/almavitis/VM_share/SOCExtraFeatures/SoC_wsHLS/SoC_hls_component/SoC_hls_component/hls/.autopilot/db/MatCalc.pp.0.cpp:17592:9: warning: Added loop label VITIS_LOOP_268_12:   [xilinx-label-all-loops]
        for (int j = 27; j < 46; j++){
        ^~~
        VITIS_LOOP_268_12: 
/home/almavitis/VM_share/SOCExtraFeatures/SoC_wsHLS/SoC_hls_component/SoC_hls_component/hls/.autopilot/db/MatCalc.pp.0.cpp:17592:9: note: FIX-IT applied suggested code changes
/home/almavitis/VM_share/SOCExtraFeatures/SoC_wsHLS/SoC_hls_component/SoC_hls_component/hls/.autopilot/db/MatCalc.pp.0.cpp:17600:17: warning: Added loop label VITIS_LOOP_276_13:   [xilinx-label-all-loops]
                for (int j = 0; j < 46; j++) {
                ^~~
                VITIS_LOOP_276_13: 
/home/almavitis/VM_share/SOCExtraFeatures/SoC_wsHLS/SoC_hls_component/SoC_hls_component/hls/.autopilot/db/MatCalc.pp.0.cpp:17600:17: note: FIX-IT applied suggested code changes
/home/almavitis/VM_share/SOCExtraFeatures/SoC_wsHLS/SoC_hls_component/SoC_hls_component/hls/.autopilot/db/MatCalc.pp.0.cpp:17829:13: warning: Added loop label VITIS_LOOP_505_14:   [xilinx-label-all-loops]
            for (int j = 45; j >= I_+22; j--) {
            ^~~
            VITIS_LOOP_505_14: 
/home/almavitis/VM_share/SOCExtraFeatures/SoC_wsHLS/SoC_hls_component/SoC_hls_component/hls/.autopilot/db/MatCalc.pp.0.cpp:17829:13: note: FIX-IT applied suggested code changes
/home/almavitis/VM_share/SOCExtraFeatures/SoC_wsHLS/SoC_hls_component/SoC_hls_component/hls/.autopilot/db/MatCalc.pp.0.cpp:17835:17: warning: Added loop label VITIS_LOOP_511_15:   [xilinx-label-all-loops]
                for (int j = 45; j >= I_+22; j--){
                ^~~
                VITIS_LOOP_511_15: 
/home/almavitis/VM_share/SOCExtraFeatures/SoC_wsHLS/SoC_hls_component/SoC_hls_component/hls/.autopilot/db/MatCalc.pp.0.cpp:17835:17: note: FIX-IT applied suggested code changes
/home/almavitis/VM_share/SOCExtraFeatures/SoC_wsHLS/SoC_hls_component/SoC_hls_component/hls/.autopilot/db/MatCalc.pp.0.cpp:17839:17: warning: Added loop label VITIS_LOOP_515_16:   [xilinx-label-all-loops]
                for (int j = I_+21; j >= 0; j--) {
                ^~~
                VITIS_LOOP_515_16: 
/home/almavitis/VM_share/SOCExtraFeatures/SoC_wsHLS/SoC_hls_component/SoC_hls_component/hls/.autopilot/db/MatCalc.pp.0.cpp:17839:17: note: FIX-IT applied suggested code changes
/home/almavitis/VM_share/SOCExtraFeatures/SoC_wsHLS/SoC_hls_component/SoC_hls_component/hls/.autopilot/db/MatCalc.pp.0.cpp:17849:9: warning: Added loop label VITIS_LOOP_525_17:   [xilinx-label-all-loops]
        for (int j = 32-F_; j < 32+I_; j++){
        ^~~
        VITIS_LOOP_525_17: 
/home/almavitis/VM_share/SOCExtraFeatures/SoC_wsHLS/SoC_hls_component/SoC_hls_component/hls/.autopilot/db/MatCalc.pp.0.cpp:17849:9: note: FIX-IT applied suggested code changes
/home/almavitis/VM_share/SOCExtraFeatures/SoC_wsHLS/SoC_hls_component/SoC_hls_component/hls/.autopilot/db/MatCalc.pp.0.cpp:17853:9: warning: Added loop label VITIS_LOOP_529_18:   [xilinx-label-all-loops]
        for (int j = 32+I_; j <= 64; j++){
        ^~~
        VITIS_LOOP_529_18: 
/home/almavitis/VM_share/SOCExtraFeatures/SoC_wsHLS/SoC_hls_component/SoC_hls_component/hls/.autopilot/db/MatCalc.pp.0.cpp:17853:9: note: FIX-IT applied suggested code changes
/home/almavitis/VM_share/SOCExtraFeatures/SoC_wsHLS/SoC_hls_component/SoC_hls_component/hls/.autopilot/db/MatCalc.pp.0.cpp:17863:9: warning: Added loop label VITIS_LOOP_539_19:   [xilinx-label-all-loops]
        for (int j = 37; j < 64; j++) {
        ^~~
        VITIS_LOOP_539_19: 
/home/almavitis/VM_share/SOCExtraFeatures/SoC_wsHLS/SoC_hls_component/SoC_hls_component/hls/.autopilot/db/MatCalc.pp.0.cpp:17863:9: note: FIX-IT applied suggested code changes
/home/almavitis/VM_share/SOCExtraFeatures/SoC_wsHLS/SoC_hls_component/SoC_hls_component/hls/.autopilot/db/MatCalc.pp.0.cpp:17871:17: warning: Added loop label VITIS_LOOP_547_20:   [xilinx-label-all-loops]
                for (int j = 0; j < 64; j++){
                ^~~
                VITIS_LOOP_547_20: 
/home/almavitis/VM_share/SOCExtraFeatures/SoC_wsHLS/SoC_hls_component/SoC_hls_component/hls/.autopilot/db/MatCalc.pp.0.cpp:17871:17: note: FIX-IT applied suggested code changes
/home/almavitis/VM_share/SOCExtraFeatures/SoC_wsHLS/SoC_hls_component/SoC_hls_component/hls/.autopilot/db/MatCalc.pp.0.cpp:18232:13: warning: Added loop label VITIS_LOOP_908_21:   [xilinx-label-all-loops]
            for (int j = 63; j >= I_+31; j--) {
            ^~~
            VITIS_LOOP_908_21: 
/home/almavitis/VM_share/SOCExtraFeatures/SoC_wsHLS/SoC_hls_component/SoC_hls_component/hls/.autopilot/db/MatCalc.pp.0.cpp:18232:13: note: FIX-IT applied suggested code changes
/home/almavitis/VM_share/SOCExtraFeatures/SoC_wsHLS/SoC_hls_component/SoC_hls_component/hls/.autopilot/db/MatCalc.pp.0.cpp:18238:17: warning: Added loop label VITIS_LOOP_914_22:   [xilinx-label-all-loops]
                for (int j = 63; j >= I_+31; j--) {
                ^~~
                VITIS_LOOP_914_22: 
/home/almavitis/VM_share/SOCExtraFeatures/SoC_wsHLS/SoC_hls_component/SoC_hls_component/hls/.autopilot/db/MatCalc.pp.0.cpp:18238:17: note: FIX-IT applied suggested code changes
/home/almavitis/VM_share/SOCExtraFeatures/SoC_wsHLS/SoC_hls_component/SoC_hls_component/hls/.autopilot/db/MatCalc.pp.0.cpp:18242:17: warning: Added loop label VITIS_LOOP_918_23:   [xilinx-label-all-loops]
                for (int j = I_+30; j >= 0; j--) {
                ^~~
                VITIS_LOOP_918_23: 
/home/almavitis/VM_share/SOCExtraFeatures/SoC_wsHLS/SoC_hls_component/SoC_hls_component/hls/.autopilot/db/MatCalc.pp.0.cpp:18242:17: note: FIX-IT applied suggested code changes
/home/almavitis/VM_share/SOCExtraFeatures/SoC_wsHLS/SoC_hls_component/SoC_hls_component/hls/.autopilot/db/MatCalc.pp.0.cpp:18358:13: warning: Added loop label VITIS_LOOP_1034_1:   [xilinx-label-all-loops]
            for (int j = 4; j >= I_+1; j--) {
            ^~~
            VITIS_LOOP_1034_1: 
/home/almavitis/VM_share/SOCExtraFeatures/SoC_wsHLS/SoC_hls_component/SoC_hls_component/hls/.autopilot/db/MatCalc.pp.0.cpp:18358:13: note: FIX-IT applied suggested code changes
/home/almavitis/VM_share/SOCExtraFeatures/SoC_wsHLS/SoC_hls_component/SoC_hls_component/hls/.autopilot/db/MatCalc.pp.0.cpp:18364:17: warning: Added loop label VITIS_LOOP_1040_2:   [xilinx-label-all-loops]
                for (int j = 4; j >= I_+1; j--) {
                ^~~
                VITIS_LOOP_1040_2: 
/home/almavitis/VM_share/SOCExtraFeatures/SoC_wsHLS/SoC_hls_component/SoC_hls_component/hls/.autopilot/db/MatCalc.pp.0.cpp:18364:17: note: FIX-IT applied suggested code changes
/home/almavitis/VM_share/SOCExtraFeatures/SoC_wsHLS/SoC_hls_component/SoC_hls_component/hls/.autopilot/db/MatCalc.pp.0.cpp:18368:17: warning: Added loop label VITIS_LOOP_1044_3:   [xilinx-label-all-loops]
                for (int j = I_; j >= 0; j--) {
                ^~~
                VITIS_LOOP_1044_3: 
/home/almavitis/VM_share/SOCExtraFeatures/SoC_wsHLS/SoC_hls_component/SoC_hls_component/hls/.autopilot/db/MatCalc.pp.0.cpp:18368:17: note: FIX-IT applied suggested code changes
/home/almavitis/VM_share/SOCExtraFeatures/SoC_wsHLS/SoC_hls_component/SoC_hls_component/hls/.autopilot/db/MatCalc.pp.0.cpp:18455:13: warning: Added loop label VITIS_LOOP_1131_4:   [xilinx-label-all-loops]
            for (int j = 10; j >= I_+4; j--) {
            ^~~
            VITIS_LOOP_1131_4: 
/home/almavitis/VM_share/SOCExtraFeatures/SoC_wsHLS/SoC_hls_component/SoC_hls_component/hls/.autopilot/db/MatCalc.pp.0.cpp:18455:13: note: FIX-IT applied suggested code changes
/home/almavitis/VM_share/SOCExtraFeatures/SoC_wsHLS/SoC_hls_component/SoC_hls_component/hls/.autopilot/db/MatCalc.pp.0.cpp:18461:17: warning: Added loop label VITIS_LOOP_1137_5:   [xilinx-label-all-loops]
                for (int j = 10; j >= I_+4; j--) {
                ^~~
                VITIS_LOOP_1137_5: 
/home/almavitis/VM_share/SOCExtraFeatures/SoC_wsHLS/SoC_hls_component/SoC_hls_component/hls/.autopilot/db/MatCalc.pp.0.cpp:18461:17: note: FIX-IT applied suggested code changes
/home/almavitis/VM_share/SOCExtraFeatures/SoC_wsHLS/SoC_hls_component/SoC_hls_component/hls/.autopilot/db/MatCalc.pp.0.cpp:18465:17: warning: Added loop label VITIS_LOOP_1141_6:   [xilinx-label-all-loops]
                for (int j = I_+3; j >= 0; j--) {
                ^~~
                VITIS_LOOP_1141_6: 
/home/almavitis/VM_share/SOCExtraFeatures/SoC_wsHLS/SoC_hls_component/SoC_hls_component/hls/.autopilot/db/MatCalc.pp.0.cpp:18465:17: note: FIX-IT applied suggested code changes
/home/almavitis/VM_share/SOCExtraFeatures/SoC_wsHLS/SoC_hls_component/SoC_hls_component/hls/.autopilot/db/MatCalc.pp.0.cpp:18484:9: warning: Added loop label VITIS_LOOP_1160_7:   [xilinx-label-all-loops]
        for (int j = wf+3; j < w-1; j++) {
        ^~~
        VITIS_LOOP_1160_7: 
/home/almavitis/VM_share/SOCExtraFeatures/SoC_wsHLS/SoC_hls_component/SoC_hls_component/hls/.autopilot/db/MatCalc.pp.0.cpp:18484:9: note: FIX-IT applied suggested code changes
/home/almavitis/VM_share/SOCExtraFeatures/SoC_wsHLS/SoC_hls_component/SoC_hls_component/hls/.autopilot/db/MatCalc.pp.0.cpp:18491:17: warning: Added loop label VITIS_LOOP_1167_8:   [xilinx-label-all-loops]
                for (int j = 0; j < 22; j++) {
                ^~~
                VITIS_LOOP_1167_8: 
/home/almavitis/VM_share/SOCExtraFeatures/SoC_wsHLS/SoC_hls_component/SoC_hls_component/hls/.autopilot/db/MatCalc.pp.0.cpp:18491:17: note: FIX-IT applied suggested code changes
/home/almavitis/VM_share/SOCExtraFeatures/SoC_wsHLS/SoC_hls_component/SoC_hls_component/hls/.autopilot/db/MatCalc.pp.0.cpp:18607:13: warning: Added loop label VITIS_LOOP_1283_9:   [xilinx-label-all-loops]
            for (int j = 22; j >= I_+10; j--) {
            ^~~
            VITIS_LOOP_1283_9: 
/home/almavitis/VM_share/SOCExtraFeatures/SoC_wsHLS/SoC_hls_component/SoC_hls_component/hls/.autopilot/db/MatCalc.pp.0.cpp:18607:13: note: FIX-IT applied suggested code changes
/home/almavitis/VM_share/SOCExtraFeatures/SoC_wsHLS/SoC_hls_component/SoC_hls_component/hls/.autopilot/db/MatCalc.pp.0.cpp:18613:17: warning: Added loop label VITIS_LOOP_1289_10:   [xilinx-label-all-loops]
                for (int j = 22; j >= I_+10; j--){
                ^~~
                VITIS_LOOP_1289_10: 
/home/almavitis/VM_share/SOCExtraFeatures/SoC_wsHLS/SoC_hls_component/SoC_hls_component/hls/.autopilot/db/MatCalc.pp.0.cpp:18613:17: note: FIX-IT applied suggested code changes
/home/almavitis/VM_share/SOCExtraFeatures/SoC_wsHLS/SoC_hls_component/SoC_hls_component/hls/.autopilot/db/MatCalc.pp.0.cpp:18617:17: warning: Added loop label VITIS_LOOP_1293_11:   [xilinx-label-all-loops]
                for (int j = I_+9; j >= 0; j--) {
                ^~~
                VITIS_LOOP_1293_11: 
/home/almavitis/VM_share/SOCExtraFeatures/SoC_wsHLS/SoC_hls_component/SoC_hls_component/hls/.autopilot/db/MatCalc.pp.0.cpp:18617:17: note: FIX-IT applied suggested code changes
/home/almavitis/VM_share/SOCExtraFeatures/SoC_wsHLS/SoC_hls_component/SoC_hls_component/hls/.autopilot/db/MatCalc.pp.0.cpp:18637:9: warning: Added loop label VITIS_LOOP_1313_12:   [xilinx-label-all-loops]
        for (int j = wf+4; j < w-1; j++){
        ^~~
        VITIS_LOOP_1313_12: 
/home/almavitis/VM_share/SOCExtraFeatures/SoC_wsHLS/SoC_hls_component/SoC_hls_component/hls/.autopilot/db/MatCalc.pp.0.cpp:18637:9: note: FIX-IT applied suggested code changes
/home/almavitis/VM_share/SOCExtraFeatures/SoC_wsHLS/SoC_hls_component/SoC_hls_component/hls/.autopilot/db/MatCalc.pp.0.cpp:18644:17: warning: Added loop label VITIS_LOOP_1320_13:   [xilinx-label-all-loops]
                for (int j = 0; j < 46; j++) {
                ^~~
                VITIS_LOOP_1320_13: 
/home/almavitis/VM_share/SOCExtraFeatures/SoC_wsHLS/SoC_hls_component/SoC_hls_component/hls/.autopilot/db/MatCalc.pp.0.cpp:18644:17: note: FIX-IT applied suggested code changes
/home/almavitis/VM_share/SOCExtraFeatures/SoC_wsHLS/SoC_hls_component/SoC_hls_component/hls/.autopilot/db/MatCalc.pp.0.cpp:18906:13: warning: Added loop label VITIS_LOOP_1582_14:   [xilinx-label-all-loops]
            for (int j = 46; j >= I_+22; j--) {
            ^~~
            VITIS_LOOP_1582_14: 
/home/almavitis/VM_share/SOCExtraFeatures/SoC_wsHLS/SoC_hls_component/SoC_hls_component/hls/.autopilot/db/MatCalc.pp.0.cpp:18906:13: note: FIX-IT applied suggested code changes
/home/almavitis/VM_share/SOCExtraFeatures/SoC_wsHLS/SoC_hls_component/SoC_hls_component/hls/.autopilot/db/MatCalc.pp.0.cpp:18912:17: warning: Added loop label VITIS_LOOP_1588_15:   [xilinx-label-all-loops]
                for (int j = 46; j >= I_+22; j--) {
                ^~~
                VITIS_LOOP_1588_15: 
/home/almavitis/VM_share/SOCExtraFeatures/SoC_wsHLS/SoC_hls_component/SoC_hls_component/hls/.autopilot/db/MatCalc.pp.0.cpp:18912:17: note: FIX-IT applied suggested code changes
/home/almavitis/VM_share/SOCExtraFeatures/SoC_wsHLS/SoC_hls_component/SoC_hls_component/hls/.autopilot/db/MatCalc.pp.0.cpp:18916:17: warning: Added loop label VITIS_LOOP_1592_16:   [xilinx-label-all-loops]
                for (int j = I_+21; j >= 0; j--) {
                ^~~
                VITIS_LOOP_1592_16: 
/home/almavitis/VM_share/SOCExtraFeatures/SoC_wsHLS/SoC_hls_component/SoC_hls_component/hls/.autopilot/db/MatCalc.pp.0.cpp:18916:17: note: FIX-IT applied suggested code changes
/home/almavitis/VM_share/SOCExtraFeatures/SoC_wsHLS/SoC_hls_component/SoC_hls_component/hls/.autopilot/db/MatCalc.pp.0.cpp:18940:9: warning: Added loop label VITIS_LOOP_1616_17:   [xilinx-label-all-loops]
        for (int j = wf+5; j < w-1; j++){
        ^~~
        VITIS_LOOP_1616_17: 
/home/almavitis/VM_share/SOCExtraFeatures/SoC_wsHLS/SoC_hls_component/SoC_hls_component/hls/.autopilot/db/MatCalc.pp.0.cpp:18940:9: note: FIX-IT applied suggested code changes
/home/almavitis/VM_share/SOCExtraFeatures/SoC_wsHLS/SoC_hls_component/SoC_hls_component/hls/.autopilot/db/MatCalc.pp.0.cpp:18947:17: warning: Added loop label VITIS_LOOP_1623_18:   [xilinx-label-all-loops]
                for (int j = 0; j < 64; j++) {
                ^~~
                VITIS_LOOP_1623_18: 
/home/almavitis/VM_share/SOCExtraFeatures/SoC_wsHLS/SoC_hls_component/SoC_hls_component/hls/.autopilot/db/MatCalc.pp.0.cpp:18947:17: note: FIX-IT applied suggested code changes
/home/almavitis/VM_share/SOCExtraFeatures/SoC_wsHLS/SoC_hls_component/SoC_hls_component/hls/.autopilot/db/MatCalc.pp.0.cpp:19377:13: warning: Added loop label VITIS_LOOP_2053_19:   [xilinx-label-all-loops]
            for (int j = 64; j >= I_+31; j--) {
            ^~~
            VITIS_LOOP_2053_19: 
/home/almavitis/VM_share/SOCExtraFeatures/SoC_wsHLS/SoC_hls_component/SoC_hls_component/hls/.autopilot/db/MatCalc.pp.0.cpp:19377:13: note: FIX-IT applied suggested code changes
/home/almavitis/VM_share/SOCExtraFeatures/SoC_wsHLS/SoC_hls_component/SoC_hls_component/hls/.autopilot/db/MatCalc.pp.0.cpp:19383:17: warning: Added loop label VITIS_LOOP_2059_20:   [xilinx-label-all-loops]
                for (int j = 64; j >= I_+31; j--) {
                ^~~
                VITIS_LOOP_2059_20: 
/home/almavitis/VM_share/SOCExtraFeatures/SoC_wsHLS/SoC_hls_component/SoC_hls_component/hls/.autopilot/db/MatCalc.pp.0.cpp:19383:17: note: FIX-IT applied suggested code changes
/home/almavitis/VM_share/SOCExtraFeatures/SoC_wsHLS/SoC_hls_component/SoC_hls_component/hls/.autopilot/db/MatCalc.pp.0.cpp:19387:17: warning: Added loop label VITIS_LOOP_2063_21:   [xilinx-label-all-loops]
                for (int j = I_+30; j >= 0; j--) {
                ^~~
                VITIS_LOOP_2063_21: 
/home/almavitis/VM_share/SOCExtraFeatures/SoC_wsHLS/SoC_hls_component/SoC_hls_component/hls/.autopilot/db/MatCalc.pp.0.cpp:19387:17: note: FIX-IT applied suggested code changes
/home/almavitis/VM_share/SOCExtraFeatures/SoC_wsHLS/SoC_hls_component/SoC_hls_component/hls/.autopilot/db/MatCalc.pp.0.cpp:19517:13: warning: Added loop label VITIS_LOOP_2193_1:   [xilinx-label-all-loops]
            for(int j=3; j>=I+1; j--) {
            ^~~
            VITIS_LOOP_2193_1: 
/home/almavitis/VM_share/SOCExtraFeatures/SoC_wsHLS/SoC_hls_component/SoC_hls_component/hls/.autopilot/db/MatCalc.pp.0.cpp:19517:13: note: FIX-IT applied suggested code changes
/home/almavitis/VM_share/SOCExtraFeatures/SoC_wsHLS/SoC_hls_component/SoC_hls_component/hls/.autopilot/db/MatCalc.pp.0.cpp:19524:17: warning: Added loop label VITIS_LOOP_2200_2:   [xilinx-label-all-loops]
                for(int j=3; j>=I+1; j--) {
                ^~~
                VITIS_LOOP_2200_2: 
/home/almavitis/VM_share/SOCExtraFeatures/SoC_wsHLS/SoC_hls_component/SoC_hls_component/hls/.autopilot/db/MatCalc.pp.0.cpp:19524:17: note: FIX-IT applied suggested code changes
/home/almavitis/VM_share/SOCExtraFeatures/SoC_wsHLS/SoC_hls_component/SoC_hls_component/hls/.autopilot/db/MatCalc.pp.0.cpp:19528:17: warning: Added loop label VITIS_LOOP_2204_3:   [xilinx-label-all-loops]
                for(int j=I; j>=0; j--) {
                ^~~
                VITIS_LOOP_2204_3: 
/home/almavitis/VM_share/SOCExtraFeatures/SoC_wsHLS/SoC_hls_component/SoC_hls_component/hls/.autopilot/db/MatCalc.pp.0.cpp:19528:17: note: FIX-IT applied suggested code changes
/home/almavitis/VM_share/SOCExtraFeatures/SoC_wsHLS/SoC_hls_component/SoC_hls_component/hls/.autopilot/db/MatCalc.pp.0.cpp:19575:13: warning: Added loop label VITIS_LOOP_2251_4:   [xilinx-label-all-loops]
            for(int j=7; j>=3+I; j--) {
            ^~~
            VITIS_LOOP_2251_4: 
/home/almavitis/VM_share/SOCExtraFeatures/SoC_wsHLS/SoC_hls_component/SoC_hls_component/hls/.autopilot/db/MatCalc.pp.0.cpp:19575:13: note: FIX-IT applied suggested code changes
/home/almavitis/VM_share/SOCExtraFeatures/SoC_wsHLS/SoC_hls_component/SoC_hls_component/hls/.autopilot/db/MatCalc.pp.0.cpp:19582:17: warning: Added loop label VITIS_LOOP_2258_5:   [xilinx-label-all-loops]
                for(int j=7; j>=3+I; j--) {
                ^~~
                VITIS_LOOP_2258_5: 
/home/almavitis/VM_share/SOCExtraFeatures/SoC_wsHLS/SoC_hls_component/SoC_hls_component/hls/.autopilot/db/MatCalc.pp.0.cpp:19582:17: note: FIX-IT applied suggested code changes
/home/almavitis/VM_share/SOCExtraFeatures/SoC_wsHLS/SoC_hls_component/SoC_hls_component/hls/.autopilot/db/MatCalc.pp.0.cpp:19586:17: warning: Added loop label VITIS_LOOP_2262_6:   [xilinx-label-all-loops]
                for(int j=I+2; j>=0; j--) {
                ^~~
                VITIS_LOOP_2262_6: 
/home/almavitis/VM_share/SOCExtraFeatures/SoC_wsHLS/SoC_hls_component/SoC_hls_component/hls/.autopilot/db/MatCalc.pp.0.cpp:19586:17: note: FIX-IT applied suggested code changes
/home/almavitis/VM_share/SOCExtraFeatures/SoC_wsHLS/SoC_hls_component/SoC_hls_component/hls/.autopilot/db/MatCalc.pp.0.cpp:19604:9: warning: Added loop label VITIS_LOOP_2280_7:   [xilinx-label-all-loops]
        for(int j=11; j<16; j++) {
        ^~~
        VITIS_LOOP_2280_7: 
/home/almavitis/VM_share/SOCExtraFeatures/SoC_wsHLS/SoC_hls_component/SoC_hls_component/hls/.autopilot/db/MatCalc.pp.0.cpp:19604:9: note: FIX-IT applied suggested code changes
/home/almavitis/VM_share/SOCExtraFeatures/SoC_wsHLS/SoC_hls_component/SoC_hls_component/hls/.autopilot/db/MatCalc.pp.0.cpp:19659:13: warning: Added loop label VITIS_LOOP_2335_8:   [xilinx-label-all-loops]
            for(int j=15; j>=7+I; j--) {
            ^~~
            VITIS_LOOP_2335_8: 
/home/almavitis/VM_share/SOCExtraFeatures/SoC_wsHLS/SoC_hls_component/SoC_hls_component/hls/.autopilot/db/MatCalc.pp.0.cpp:19659:13: note: FIX-IT applied suggested code changes
/home/almavitis/VM_share/SOCExtraFeatures/SoC_wsHLS/SoC_hls_component/SoC_hls_component/hls/.autopilot/db/MatCalc.pp.0.cpp:19666:17: warning: Added loop label VITIS_LOOP_2342_9:   [xilinx-label-all-loops]
                for(int j=15; j>=7+I; j--) {
                ^~~
                VITIS_LOOP_2342_9: 
/home/almavitis/VM_share/SOCExtraFeatures/SoC_wsHLS/SoC_hls_component/SoC_hls_component/hls/.autopilot/db/MatCalc.pp.0.cpp:19666:17: note: FIX-IT applied suggested code changes
/home/almavitis/VM_share/SOCExtraFeatures/SoC_wsHLS/SoC_hls_component/SoC_hls_component/hls/.autopilot/db/MatCalc.pp.0.cpp:19670:17: warning: Added loop label VITIS_LOOP_2346_10:   [xilinx-label-all-loops]
                for(int j=6+I; j>=0; j--) {
                ^~~
                VITIS_LOOP_2346_10: 
/home/almavitis/VM_share/SOCExtraFeatures/SoC_wsHLS/SoC_hls_component/SoC_hls_component/hls/.autopilot/db/MatCalc.pp.0.cpp:19670:17: note: FIX-IT applied suggested code changes
/home/almavitis/VM_share/SOCExtraFeatures/SoC_wsHLS/SoC_hls_component/SoC_hls_component/hls/.autopilot/db/MatCalc.pp.0.cpp:19688:9: warning: Added loop label VITIS_LOOP_2364_11:   [xilinx-label-all-loops]
        for(int j=20; j<32; j++) {
        ^~~
        VITIS_LOOP_2364_11: 
/home/almavitis/VM_share/SOCExtraFeatures/SoC_wsHLS/SoC_hls_component/SoC_hls_component/hls/.autopilot/db/MatCalc.pp.0.cpp:19688:9: note: FIX-IT applied suggested code changes
/home/almavitis/VM_share/SOCExtraFeatures/SoC_wsHLS/SoC_hls_component/SoC_hls_component/hls/.autopilot/db/MatCalc.pp.0.cpp:19777:13: warning: Added loop label VITIS_LOOP_2453_12:   [xilinx-label-all-loops]
            for(int j=31; j>=I+15; j--) {
            ^~~
            VITIS_LOOP_2453_12: 
/home/almavitis/VM_share/SOCExtraFeatures/SoC_wsHLS/SoC_hls_component/SoC_hls_component/hls/.autopilot/db/MatCalc.pp.0.cpp:19777:13: note: FIX-IT applied suggested code changes
/home/almavitis/VM_share/SOCExtraFeatures/SoC_wsHLS/SoC_hls_component/SoC_hls_component/hls/.autopilot/db/MatCalc.pp.0.cpp:19784:17: warning: Added loop label VITIS_LOOP_2460_13:   [xilinx-label-all-loops]
                for(int j=31; j>=I+15; j--) {
                ^~~
                VITIS_LOOP_2460_13: 
/home/almavitis/VM_share/SOCExtraFeatures/SoC_wsHLS/SoC_hls_component/SoC_hls_component/hls/.autopilot/db/MatCalc.pp.0.cpp:19784:17: note: FIX-IT applied suggested code changes
/home/almavitis/VM_share/SOCExtraFeatures/SoC_wsHLS/SoC_hls_component/SoC_hls_component/hls/.autopilot/db/MatCalc.pp.0.cpp:19788:17: warning: Added loop label VITIS_LOOP_2464_14:   [xilinx-label-all-loops]
                for(int j=I+14; j>=0; j--) {
                ^~~
                VITIS_LOOP_2464_14: 
/home/almavitis/VM_share/SOCExtraFeatures/SoC_wsHLS/SoC_hls_component/SoC_hls_component/hls/.autopilot/db/MatCalc.pp.0.cpp:19788:17: note: FIX-IT applied suggested code changes
/home/almavitis/VM_share/SOCExtraFeatures/SoC_wsHLS/SoC_hls_component/SoC_hls_component/hls/.autopilot/db/MatCalc.pp.0.cpp:19798:9: warning: Added loop label VITIS_LOOP_2474_15:   [xilinx-label-all-loops]
        for(int j=32-F; j<32+I; j++) {
        ^~~
        VITIS_LOOP_2474_15: 
/home/almavitis/VM_share/SOCExtraFeatures/SoC_wsHLS/SoC_hls_component/SoC_hls_component/hls/.autopilot/db/MatCalc.pp.0.cpp:19798:9: note: FIX-IT applied suggested code changes
/home/almavitis/VM_share/SOCExtraFeatures/SoC_wsHLS/SoC_hls_component/SoC_hls_component/hls/.autopilot/db/MatCalc.pp.0.cpp:19802:9: warning: Added loop label VITIS_LOOP_2478_16:   [xilinx-label-all-loops]
        for(int j=32+I; j<=64; j++) {
        ^~~
        VITIS_LOOP_2478_16: 
/home/almavitis/VM_share/SOCExtraFeatures/SoC_wsHLS/SoC_hls_component/SoC_hls_component/hls/.autopilot/db/MatCalc.pp.0.cpp:19802:9: note: FIX-IT applied suggested code changes
/home/almavitis/VM_share/SOCExtraFeatures/SoC_wsHLS/SoC_hls_component/SoC_hls_component/hls/.autopilot/db/MatCalc.pp.0.cpp:19813:9: warning: Added loop label VITIS_LOOP_2489_17:   [xilinx-label-all-loops]
        for(int j=37; j<64; j++) {
        ^~~
        VITIS_LOOP_2489_17: 
/home/almavitis/VM_share/SOCExtraFeatures/SoC_wsHLS/SoC_hls_component/SoC_hls_component/hls/.autopilot/db/MatCalc.pp.0.cpp:19813:9: note: FIX-IT applied suggested code changes
/home/almavitis/VM_share/SOCExtraFeatures/SoC_wsHLS/SoC_hls_component/SoC_hls_component/hls/.autopilot/db/MatCalc.pp.0.cpp:19821:17: warning: Added loop label VITIS_LOOP_2497_18:   [xilinx-label-all-loops]
                for(int j=0; j<64; j++) {
                ^~~
                VITIS_LOOP_2497_18: 
/home/almavitis/VM_share/SOCExtraFeatures/SoC_wsHLS/SoC_hls_component/SoC_hls_component/hls/.autopilot/db/MatCalc.pp.0.cpp:19821:17: note: FIX-IT applied suggested code changes
/home/almavitis/VM_share/SOCExtraFeatures/SoC_wsHLS/SoC_hls_component/SoC_hls_component/hls/.autopilot/db/MatCalc.pp.0.cpp:20146:13: warning: Added loop label VITIS_LOOP_2822_19:   [xilinx-label-all-loops]
            for(int j=63; j>=I+31; j--) {
            ^~~
            VITIS_LOOP_2822_19: 
/home/almavitis/VM_share/SOCExtraFeatures/SoC_wsHLS/SoC_hls_component/SoC_hls_component/hls/.autopilot/db/MatCalc.pp.0.cpp:20146:13: note: FIX-IT applied suggested code changes
/home/almavitis/VM_share/SOCExtraFeatures/SoC_wsHLS/SoC_hls_component/SoC_hls_component/hls/.autopilot/db/MatCalc.pp.0.cpp:20153:17: warning: Added loop label VITIS_LOOP_2829_20:   [xilinx-label-all-loops]
                for(int j=63; j>=I+31; j--) {
                ^~~
                VITIS_LOOP_2829_20: 
/home/almavitis/VM_share/SOCExtraFeatures/SoC_wsHLS/SoC_hls_component/SoC_hls_component/hls/.autopilot/db/MatCalc.pp.0.cpp:20153:17: note: FIX-IT applied suggested code changes
/home/almavitis/VM_share/SOCExtraFeatures/SoC_wsHLS/SoC_hls_component/SoC_hls_component/hls/.autopilot/db/MatCalc.pp.0.cpp:20157:17: warning: Added loop label VITIS_LOOP_2833_21:   [xilinx-label-all-loops]
                for(int j=I+30; j>=0; j--) {
                ^~~
                VITIS_LOOP_2833_21: 
/home/almavitis/VM_share/SOCExtraFeatures/SoC_wsHLS/SoC_hls_component/SoC_hls_component/hls/.autopilot/db/MatCalc.pp.0.cpp:20157:17: note: FIX-IT applied suggested code changes
/home/almavitis/VM_share/SOCExtraFeatures/SoC_wsHLS/SoC_hls_component/SoC_hls_component/hls/.autopilot/db/MatCalc.pp.0.cpp:20245:4: warning: Added loop label VITIS_LOOP_2921_1:   [xilinx-label-all-loops]
   for(int j = 5; j>=I_+2; j--) {
   ^~~
   VITIS_LOOP_2921_1: 
/home/almavitis/VM_share/SOCExtraFeatures/SoC_wsHLS/SoC_hls_component/SoC_hls_component/hls/.autopilot/db/MatCalc.pp.0.cpp:20245:4: note: FIX-IT applied suggested code changes
/home/almavitis/VM_share/SOCExtraFeatures/SoC_wsHLS/SoC_hls_component/SoC_hls_component/hls/.autopilot/db/MatCalc.pp.0.cpp:20252:5: warning: Added loop label VITIS_LOOP_2928_2:   [xilinx-label-all-loops]
    for(int j = 5; j>=I_+2; j--) {
    ^~~
    VITIS_LOOP_2928_2: 
/home/almavitis/VM_share/SOCExtraFeatures/SoC_wsHLS/SoC_hls_component/SoC_hls_component/hls/.autopilot/db/MatCalc.pp.0.cpp:20252:5: note: FIX-IT applied suggested code changes
/home/almavitis/VM_share/SOCExtraFeatures/SoC_wsHLS/SoC_hls_component/SoC_hls_component/hls/.autopilot/db/MatCalc.pp.0.cpp:20256:5: warning: Added loop label VITIS_LOOP_2932_3:   [xilinx-label-all-loops]
    for(int j = I_+1; j>=0; j--) {
    ^~~
    VITIS_LOOP_2932_3: 
/home/almavitis/VM_share/SOCExtraFeatures/SoC_wsHLS/SoC_hls_component/SoC_hls_component/hls/.autopilot/db/MatCalc.pp.0.cpp:20256:5: note: FIX-IT applied suggested code changes
/home/almavitis/VM_share/SOCExtraFeatures/SoC_wsHLS/SoC_hls_component/SoC_hls_component/hls/.autopilot/db/MatCalc.pp.0.cpp:20271:3: warning: Added loop label VITIS_LOOP_2947_4:   [xilinx-label-all-loops]
  for(int j = 11; j >=7; j--) {
  ^~~
  VITIS_LOOP_2947_4: 
/home/almavitis/VM_share/SOCExtraFeatures/SoC_wsHLS/SoC_hls_component/SoC_hls_component/hls/.autopilot/db/MatCalc.pp.0.cpp:20271:3: note: FIX-IT applied suggested code changes
/home/almavitis/VM_share/SOCExtraFeatures/SoC_wsHLS/SoC_hls_component/SoC_hls_component/hls/.autopilot/db/MatCalc.pp.0.cpp:20303:4: warning: Added loop label VITIS_LOOP_2979_5:   [xilinx-label-all-loops]
   for(int j = 11; j >= I_+5; j--) {
   ^~~
   VITIS_LOOP_2979_5: 
/home/almavitis/VM_share/SOCExtraFeatures/SoC_wsHLS/SoC_hls_component/SoC_hls_component/hls/.autopilot/db/MatCalc.pp.0.cpp:20303:4: note: FIX-IT applied suggested code changes
/home/almavitis/VM_share/SOCExtraFeatures/SoC_wsHLS/SoC_hls_component/SoC_hls_component/hls/.autopilot/db/MatCalc.pp.0.cpp:20310:5: warning: Added loop label VITIS_LOOP_2986_6:   [xilinx-label-all-loops]
    for(int j = 11; j>= I_+5; j--) {
    ^~~
    VITIS_LOOP_2986_6: 
/home/almavitis/VM_share/SOCExtraFeatures/SoC_wsHLS/SoC_hls_component/SoC_hls_component/hls/.autopilot/db/MatCalc.pp.0.cpp:20310:5: note: FIX-IT applied suggested code changes
/home/almavitis/VM_share/SOCExtraFeatures/SoC_wsHLS/SoC_hls_component/SoC_hls_component/hls/.autopilot/db/MatCalc.pp.0.cpp:20314:5: warning: Added loop label VITIS_LOOP_2990_7:   [xilinx-label-all-loops]
    for(int j = I_+4; j>=0; j--) {
    ^~~
    VITIS_LOOP_2990_7: 
/home/almavitis/VM_share/SOCExtraFeatures/SoC_wsHLS/SoC_hls_component/SoC_hls_component/hls/.autopilot/db/MatCalc.pp.0.cpp:20314:5: note: FIX-IT applied suggested code changes
/home/almavitis/VM_share/SOCExtraFeatures/SoC_wsHLS/SoC_hls_component/SoC_hls_component/hls/.autopilot/db/MatCalc.pp.0.cpp:20329:3: warning: Added loop label VITIS_LOOP_3005_8:   [xilinx-label-all-loops]
  for(int j = 25; j>=15; j--) {
  ^~~
  VITIS_LOOP_3005_8: 
/home/almavitis/VM_share/SOCExtraFeatures/SoC_wsHLS/SoC_hls_component/SoC_hls_component/hls/.autopilot/db/MatCalc.pp.0.cpp:20329:3: note: FIX-IT applied suggested code changes
/home/almavitis/VM_share/SOCExtraFeatures/SoC_wsHLS/SoC_hls_component/SoC_hls_component/hls/.autopilot/db/MatCalc.pp.0.cpp:20379:4: warning: Added loop label VITIS_LOOP_3055_9:   [xilinx-label-all-loops]
   for(int j = 25; j>= I_+12; j--) {
   ^~~
   VITIS_LOOP_3055_9: 
/home/almavitis/VM_share/SOCExtraFeatures/SoC_wsHLS/SoC_hls_component/SoC_hls_component/hls/.autopilot/db/MatCalc.pp.0.cpp:20379:4: note: FIX-IT applied suggested code changes
/home/almavitis/VM_share/SOCExtraFeatures/SoC_wsHLS/SoC_hls_component/SoC_hls_component/hls/.autopilot/db/MatCalc.pp.0.cpp:20386:5: warning: Added loop label VITIS_LOOP_3062_10:   [xilinx-label-all-loops]
    for(int j = 25; j>=I_+12; j--) {
    ^~~
    VITIS_LOOP_3062_10: 
/home/almavitis/VM_share/SOCExtraFeatures/SoC_wsHLS/SoC_hls_component/SoC_hls_component/hls/.autopilot/db/MatCalc.pp.0.cpp:20386:5: note: FIX-IT applied suggested code changes
/home/almavitis/VM_share/SOCExtraFeatures/SoC_wsHLS/SoC_hls_component/SoC_hls_component/hls/.autopilot/db/MatCalc.pp.0.cpp:20390:5: warning: Added loop label VITIS_LOOP_3066_11:   [xilinx-label-all-loops]
    for(int j = I_+11; j>=0; j--) {
    ^~~
    VITIS_LOOP_3066_11: 
/home/almavitis/VM_share/SOCExtraFeatures/SoC_wsHLS/SoC_hls_component/SoC_hls_component/hls/.autopilot/db/MatCalc.pp.0.cpp:20390:5: note: FIX-IT applied suggested code changes
/home/almavitis/VM_share/SOCExtraFeatures/SoC_wsHLS/SoC_hls_component/SoC_hls_component/hls/.autopilot/db/MatCalc.pp.0.cpp:20405:3: warning: Added loop label VITIS_LOOP_3081_12:   [xilinx-label-all-loops]
  for(int j = 51; j >= 29; j--) {
  ^~~
  VITIS_LOOP_3081_12: 
/home/almavitis/VM_share/SOCExtraFeatures/SoC_wsHLS/SoC_hls_component/SoC_hls_component/hls/.autopilot/db/MatCalc.pp.0.cpp:20405:3: note: FIX-IT applied suggested code changes
/home/almavitis/VM_share/SOCExtraFeatures/SoC_wsHLS/SoC_hls_component/SoC_hls_component/hls/.autopilot/db/MatCalc.pp.0.cpp:20542:4: warning: Added loop label VITIS_LOOP_3218_13:   [xilinx-label-all-loops]
   for(int j = 51; j >= 25 + I_; j--) {
   ^~~
   VITIS_LOOP_3218_13: 
/home/almavitis/VM_share/SOCExtraFeatures/SoC_wsHLS/SoC_hls_component/SoC_hls_component/hls/.autopilot/db/MatCalc.pp.0.cpp:20542:4: note: FIX-IT applied suggested code changes
/home/almavitis/VM_share/SOCExtraFeatures/SoC_wsHLS/SoC_hls_component/SoC_hls_component/hls/.autopilot/db/MatCalc.pp.0.cpp:20549:5: warning: Added loop label VITIS_LOOP_3225_14:   [xilinx-label-all-loops]
    for(int j = 51; j>=25 + I_; j--) {
    ^~~
    VITIS_LOOP_3225_14: 
/home/almavitis/VM_share/SOCExtraFeatures/SoC_wsHLS/SoC_hls_component/SoC_hls_component/hls/.autopilot/db/MatCalc.pp.0.cpp:20549:5: note: FIX-IT applied suggested code changes
/home/almavitis/VM_share/SOCExtraFeatures/SoC_wsHLS/SoC_hls_component/SoC_hls_component/hls/.autopilot/db/MatCalc.pp.0.cpp:20553:5: warning: Added loop label VITIS_LOOP_3229_15:   [xilinx-label-all-loops]
    for(int j = 24 + I_; j >= 0; j--) {
    ^~~
    VITIS_LOOP_3229_15: 
/home/almavitis/VM_share/SOCExtraFeatures/SoC_wsHLS/SoC_hls_component/SoC_hls_component/hls/.autopilot/db/MatCalc.pp.0.cpp:20553:5: note: FIX-IT applied suggested code changes
/home/almavitis/VM_share/SOCExtraFeatures/SoC_wsHLS/SoC_hls_component/SoC_hls_component/hls/.autopilot/db/MatCalc.pp.0.cpp:20568:3: warning: Added loop label VITIS_LOOP_3244_16:   [xilinx-label-all-loops]
  for(int j = 63; j >= 36; j--) {
  ^~~
  VITIS_LOOP_3244_16: 
/home/almavitis/VM_share/SOCExtraFeatures/SoC_wsHLS/SoC_hls_component/SoC_hls_component/hls/.autopilot/db/MatCalc.pp.0.cpp:20568:3: note: FIX-IT applied suggested code changes
/home/almavitis/VM_share/SOCExtraFeatures/SoC_wsHLS/SoC_hls_component/SoC_hls_component/hls/.autopilot/db/MatCalc.pp.0.cpp:20728:4: warning: Added loop label VITIS_LOOP_3404_17:   [xilinx-label-all-loops]
   for(int j = 63; j >= 31 + I_; j--) {
   ^~~
   VITIS_LOOP_3404_17: 
/home/almavitis/VM_share/SOCExtraFeatures/SoC_wsHLS/SoC_hls_component/SoC_hls_component/hls/.autopilot/db/MatCalc.pp.0.cpp:20728:4: note: FIX-IT applied suggested code changes
/home/almavitis/VM_share/SOCExtraFeatures/SoC_wsHLS/SoC_hls_component/SoC_hls_component/hls/.autopilot/db/MatCalc.pp.0.cpp:20735:5: warning: Added loop label VITIS_LOOP_3411_18:   [xilinx-label-all-loops]
    for(int j = 63; j >= 31 + I_; j--) {
    ^~~
    VITIS_LOOP_3411_18: 
/home/almavitis/VM_share/SOCExtraFeatures/SoC_wsHLS/SoC_hls_component/SoC_hls_component/hls/.autopilot/db/MatCalc.pp.0.cpp:20735:5: note: FIX-IT applied suggested code changes
/home/almavitis/VM_share/SOCExtraFeatures/SoC_wsHLS/SoC_hls_component/SoC_hls_component/hls/.autopilot/db/MatCalc.pp.0.cpp:20739:5: warning: Added loop label VITIS_LOOP_3415_19:   [xilinx-label-all-loops]
    for(int j = 30 + I_; j >= 0; j--) {
    ^~~
    VITIS_LOOP_3415_19: 
/home/almavitis/VM_share/SOCExtraFeatures/SoC_wsHLS/SoC_hls_component/SoC_hls_component/hls/.autopilot/db/MatCalc.pp.0.cpp:20739:5: note: FIX-IT applied suggested code changes
/home/almavitis/VM_share/SOCExtraFeatures/SoC_wsHLS/SoC_hls_component/SoC_hls_component/hls/.autopilot/db/MatCalc.pp.0.cpp:21454:13: warning: Added loop label VITIS_LOOP_703_1:   [xilinx-label-all-loops]
            for (b_exp = I_-1; b_exp >= -F_; b_exp--) {
            ^~~
            VITIS_LOOP_703_1: 
/home/almavitis/VM_share/SOCExtraFeatures/SoC_wsHLS/SoC_hls_component/SoC_hls_component/hls/.autopilot/db/MatCalc.pp.0.cpp:21454:13: note: FIX-IT applied suggested code changes
/home/almavitis/VM_share/SOCExtraFeatures/SoC_wsHLS/SoC_hls_component/SoC_hls_component/hls/.autopilot/db/MatCalc.pp.0.cpp:21672:13: warning: Added loop label VITIS_LOOP_921_1:   [xilinx-label-all-loops]
            for (b_exp = I_-1; b_exp >= -F_; b_exp--) {
            ^~~
            VITIS_LOOP_921_1: 
/home/almavitis/VM_share/SOCExtraFeatures/SoC_wsHLS/SoC_hls_component/SoC_hls_component/hls/.autopilot/db/MatCalc.pp.0.cpp:21672:13: note: FIX-IT applied suggested code changes
/home/almavitis/VM_share/SOCExtraFeatures/SoC_wsHLS/SoC_hls_component/SoC_hls_component/hls/.autopilot/db/MatCalc.pp.0.cpp:22089:13: warning: Added loop label VITIS_LOOP_1345_1:   [xilinx-label-all-loops]
            for (b_exp = I_-1; b_exp >= -F_; b_exp--) {
            ^~~
            VITIS_LOOP_1345_1: 
/home/almavitis/VM_share/SOCExtraFeatures/SoC_wsHLS/SoC_hls_component/SoC_hls_component/hls/.autopilot/db/MatCalc.pp.0.cpp:22089:13: note: FIX-IT applied suggested code changes
/home/almavitis/VM_share/SOCExtraFeatures/SoC_wsHLS/SoC_hls_component/SoC_hls_component/hls/.autopilot/db/MatCalc.pp.0.cpp:22409:9: warning: Added loop label VITIS_LOOP_240_1:   [xilinx-label-all-loops]
        for ( int pos = msbr-1; pos >= 0; pos-- ) {
        ^~~
        VITIS_LOOP_240_1: 
/home/almavitis/VM_share/SOCExtraFeatures/SoC_wsHLS/SoC_hls_component/SoC_hls_component/hls/.autopilot/db/MatCalc.pp.0.cpp:22409:9: note: FIX-IT applied suggested code changes
/home/almavitis/VM_share/SOCExtraFeatures/SoC_wsHLS/SoC_hls_component/SoC_hls_component/hls/.autopilot/db/MatCalc.pp.0.cpp:22437:9: warning: Added loop label VITIS_LOOP_268_2:   [xilinx-label-all-loops]
        for ( int pos = -1; pos >= -F_-1; pos-- ) {
        ^~~
        VITIS_LOOP_268_2: 
/home/almavitis/VM_share/SOCExtraFeatures/SoC_wsHLS/SoC_hls_component/SoC_hls_component/hls/.autopilot/db/MatCalc.pp.0.cpp:22437:9: note: FIX-IT applied suggested code changes
/home/almavitis/VM_share/SOCExtraFeatures/SoC_wsHLS/SoC_hls_component/SoC_hls_component/hls/.autopilot/db/MatCalc.pp.0.cpp:23139:13: warning: Added loop label VITIS_LOOP_48_1:   [xilinx-label-all-loops]
            for (int j = 0; j < W_-1; j++){
            ^~~
            VITIS_LOOP_48_1: 
/home/almavitis/VM_share/SOCExtraFeatures/SoC_wsHLS/SoC_hls_component/SoC_hls_component/hls/.autopilot/db/MatCalc.pp.0.cpp:23139:13: note: FIX-IT applied suggested code changes
/home/almavitis/VM_share/SOCExtraFeatures/SoC_wsHLS/SoC_hls_component/SoC_hls_component/hls/.autopilot/db/MatCalc.pp.0.cpp:23192:5: warning: Added loop label VITIS_LOOP_109_2:   [xilinx-label-all-loops]
    for (int j = F_l+F_+I_m-1; j < F_l+W_+5; j++){
    ^~~
    VITIS_LOOP_109_2: 
/home/almavitis/VM_share/SOCExtraFeatures/SoC_wsHLS/SoC_hls_component/SoC_hls_component/hls/.autopilot/db/MatCalc.pp.0.cpp:23192:5: note: FIX-IT applied suggested code changes
/home/almavitis/VM_share/SOCExtraFeatures/SoC_wsHLS/SoC_hls_component/SoC_hls_component/hls/.autopilot/db/MatCalc.pp.0.cpp:23206:13: warning: Added loop label VITIS_LOOP_123_3:   [xilinx-label-all-loops]
            for (int j = WO_m-1; j >= W_-1; j--) {
            ^~~
            VITIS_LOOP_123_3: 
/home/almavitis/VM_share/SOCExtraFeatures/SoC_wsHLS/SoC_hls_component/SoC_hls_component/hls/.autopilot/db/MatCalc.pp.0.cpp:23206:13: note: FIX-IT applied suggested code changes
/home/almavitis/VM_share/SOCExtraFeatures/SoC_wsHLS/SoC_hls_component/SoC_hls_component/hls/.autopilot/db/MatCalc.pp.0.cpp:23236:13: warning: Added loop label VITIS_LOOP_153_4:   [xilinx-label-all-loops]
            for (int j = W_-2; j >= 0; j--){
            ^~~
            VITIS_LOOP_153_4: 
/home/almavitis/VM_share/SOCExtraFeatures/SoC_wsHLS/SoC_hls_component/SoC_hls_component/hls/.autopilot/db/MatCalc.pp.0.cpp:23236:13: note: FIX-IT applied suggested code changes
/home/almavitis/VM_share/SOCExtraFeatures/SoC_wsHLS/SoC_hls_component/SoC_hls_component/hls/.autopilot/db/MatCalc.pp.0.cpp:23321:12: warning: Added loop label VITIS_LOOP_281_1:   [xilinx-label-all-loops]
           for(int i = wf_log+we_log-2; i > WI_e - 2; --i) {
           ^~~
           VITIS_LOOP_281_1: 
/home/almavitis/VM_share/SOCExtraFeatures/SoC_wsHLS/SoC_hls_component/SoC_hls_component/hls/.autopilot/db/MatCalc.pp.0.cpp:23321:12: note: FIX-IT applied suggested code changes
/home/almavitis/VM_share/SOCExtraFeatures/SoC_wsHLS/SoC_hls_component/SoC_hls_component/hls/.autopilot/db/MatCalc.pp.0.cpp:23341:16: warning: Added loop label VITIS_LOOP_301_2:   [xilinx-label-all-loops]
               for (int j = WO_e-1; j >= W_-1; j--) {
               ^~~
               VITIS_LOOP_301_2: 
/home/almavitis/VM_share/SOCExtraFeatures/SoC_wsHLS/SoC_hls_component/SoC_hls_component/hls/.autopilot/db/MatCalc.pp.0.cpp:23341:16: note: FIX-IT applied suggested code changes
/home/almavitis/VM_share/SOCExtraFeatures/SoC_wsHLS/SoC_hls_component/SoC_hls_component/hls/.autopilot/db/MatCalc.pp.0.cpp:23355:20: warning: Added loop label VITIS_LOOP_315_3:   [xilinx-label-all-loops]
                   for(int i = 0; i < W_-1; ++i) {
                   ^~~
                   VITIS_LOOP_315_3: 
/home/almavitis/VM_share/SOCExtraFeatures/SoC_wsHLS/SoC_hls_component/SoC_hls_component/hls/.autopilot/db/MatCalc.pp.0.cpp:23355:20: note: FIX-IT applied suggested code changes
/home/almavitis/VM_share/SOCExtraFeatures/SoC_wsHLS/SoC_hls_component/SoC_hls_component/hls/.autopilot/db/MatCalc.pp.0.cpp:23448:12: warning: Added loop label VITIS_LOOP_433_1:   [xilinx-label-all-loops]
           for (int j =WO_d-1; j >= W_-1; j--) {
           ^~~
           VITIS_LOOP_433_1: 
/home/almavitis/VM_share/SOCExtraFeatures/SoC_wsHLS/SoC_hls_component/SoC_hls_component/hls/.autopilot/db/MatCalc.pp.0.cpp:23448:12: note: FIX-IT applied suggested code changes
/home/almavitis/VM_share/SOCExtraFeatures/SoC_wsHLS/SoC_hls_component/SoC_hls_component/hls/.autopilot/db/MatCalc.pp.0.cpp:23462:15: warning: Added loop label VITIS_LOOP_447_2:   [xilinx-label-all-loops]
              for(int i = 0; i < W_-1; ++i) {
              ^~~
              VITIS_LOOP_447_2: 
/home/almavitis/VM_share/SOCExtraFeatures/SoC_wsHLS/SoC_hls_component/SoC_hls_component/hls/.autopilot/db/MatCalc.pp.0.cpp:23462:15: note: FIX-IT applied suggested code changes
/home/almavitis/VM_share/SOCExtraFeatures/SoC_wsHLS/SoC_hls_component/SoC_hls_component/hls/.autopilot/db/MatCalc.pp.0.cpp:23582:13: warning: Added loop label VITIS_LOOP_33_1:   [xilinx-label-all-loops]
            for (int i = 0; i < W_-1; i++){
            ^~~
            VITIS_LOOP_33_1: 
/home/almavitis/VM_share/SOCExtraFeatures/SoC_wsHLS/SoC_hls_component/SoC_hls_component/hls/.autopilot/db/MatCalc.pp.0.cpp:23582:13: note: FIX-IT applied suggested code changes
/home/almavitis/VM_share/SOCExtraFeatures/SoC_wsHLS/SoC_hls_component/SoC_hls_component/hls/.autopilot/db/MatCalc.pp.0.cpp:23706:13: warning: Added loop label VITIS_LOOP_183_1:   [xilinx-label-all-loops]
            for (int i = 0; i < W_-1; i++){
            ^~~
            VITIS_LOOP_183_1: 
/home/almavitis/VM_share/SOCExtraFeatures/SoC_wsHLS/SoC_hls_component/SoC_hls_component/hls/.autopilot/db/MatCalc.pp.0.cpp:23706:13: note: FIX-IT applied suggested code changes
/home/almavitis/VM_share/SOCExtraFeatures/SoC_wsHLS/SoC_hls_component/SoC_hls_component/hls/.autopilot/db/MatCalc.pp.0.cpp:23761:13: warning: Added loop label VITIS_LOOP_248_1:   [xilinx-label-all-loops]
            for (int i = 0; i < W_-1; i++){
            ^~~
            VITIS_LOOP_248_1: 
/home/almavitis/VM_share/SOCExtraFeatures/SoC_wsHLS/SoC_hls_component/SoC_hls_component/hls/.autopilot/db/MatCalc.pp.0.cpp:23761:13: note: FIX-IT applied suggested code changes
/home/almavitis/VM_share/SOCExtraFeatures/SoC_wsHLS/SoC_hls_component/SoC_hls_component/hls/.autopilot/db/MatCalc.pp.0.cpp:24280:2: warning: Added loop label VITIS_LOOP_16_1:   [xilinx-label-all-loops]
 for (int i=0; i<W_;i++)
 ^~~
 VITIS_LOOP_16_1: 
/home/almavitis/VM_share/SOCExtraFeatures/SoC_wsHLS/SoC_hls_component/SoC_hls_component/hls/.autopilot/db/MatCalc.pp.0.cpp:24280:2: note: FIX-IT applied suggested code changes
/home/almavitis/VM_share/SOCExtraFeatures/SoC_wsHLS/SoC_hls_component/SoC_hls_component/hls/.autopilot/db/MatCalc.pp.0.cpp:24291:2: warning: Added loop label VITIS_LOOP_27_1:   [xilinx-label-all-loops]
 for (int i=0; i<W_;i++)
 ^~~
 VITIS_LOOP_27_1: 
/home/almavitis/VM_share/SOCExtraFeatures/SoC_wsHLS/SoC_hls_component/SoC_hls_component/hls/.autopilot/db/MatCalc.pp.0.cpp:24291:2: note: FIX-IT applied suggested code changes
/home/almavitis/VM_share/SOCExtraFeatures/SoC_wsHLS/SoC_hls_component/SoC_hls_component/hls/.autopilot/db/MatCalc.pp.0.cpp:24302:2: warning: Added loop label VITIS_LOOP_38_1:   [xilinx-label-all-loops]
 for (int i=0; i<I_;i++)
 ^~~
 VITIS_LOOP_38_1: 
/home/almavitis/VM_share/SOCExtraFeatures/SoC_wsHLS/SoC_hls_component/SoC_hls_component/hls/.autopilot/db/MatCalc.pp.0.cpp:24302:2: note: FIX-IT applied suggested code changes
/home/almavitis/VM_share/SOCExtraFeatures/SoC_wsHLS/SoC_hls_component/SoC_hls_component/hls/.autopilot/db/MatCalc.pp.0.cpp:24313:2: warning: Added loop label VITIS_LOOP_49_1:   [xilinx-label-all-loops]
 for (int i=0; i<I_;i++)
 ^~~
 VITIS_LOOP_49_1: 
/home/almavitis/VM_share/SOCExtraFeatures/SoC_wsHLS/SoC_hls_component/SoC_hls_component/hls/.autopilot/db/MatCalc.pp.0.cpp:24313:2: note: FIX-IT applied suggested code changes
/home/almavitis/VM_share/SOCExtraFeatures/SoC_wsHLS/SoC_hls_component/SoC_hls_component/hls/.autopilot/db/MatCalc.pp.0.cpp:24324:2: warning: Added loop label VITIS_LOOP_60_1:   [xilinx-label-all-loops]
 for (int i=0; i<W_;i++)
 ^~~
 VITIS_LOOP_60_1: 
/home/almavitis/VM_share/SOCExtraFeatures/SoC_wsHLS/SoC_hls_component/SoC_hls_component/hls/.autopilot/db/MatCalc.pp.0.cpp:24324:2: note: FIX-IT applied suggested code changes
/home/almavitis/VM_share/SOCExtraFeatures/SoC_wsHLS/SoC_hls_component/SoC_hls_component/hls/.autopilot/db/MatCalc.pp.0.cpp:24335:2: warning: Added loop label VITIS_LOOP_71_1:   [xilinx-label-all-loops]
 for (int i=0; i<W_;i++)
 ^~~
 VITIS_LOOP_71_1: 
/home/almavitis/VM_share/SOCExtraFeatures/SoC_wsHLS/SoC_hls_component/SoC_hls_component/hls/.autopilot/db/MatCalc.pp.0.cpp:24335:2: note: FIX-IT applied suggested code changes
/home/almavitis/VM_share/SOCExtraFeatures/SoC_wsHLS/SoC_hls_component/SoC_hls_component/hls/.autopilot/db/MatCalc.pp.0.cpp:24346:2: warning: Added loop label VITIS_LOOP_82_1:   [xilinx-label-all-loops]
 for (int i=0; i<I_;i++)
 ^~~
 VITIS_LOOP_82_1: 
/home/almavitis/VM_share/SOCExtraFeatures/SoC_wsHLS/SoC_hls_component/SoC_hls_component/hls/.autopilot/db/MatCalc.pp.0.cpp:24346:2: note: FIX-IT applied suggested code changes
/home/almavitis/VM_share/SOCExtraFeatures/SoC_wsHLS/SoC_hls_component/SoC_hls_component/hls/.autopilot/db/MatCalc.pp.0.cpp:24357:2: warning: Added loop label VITIS_LOOP_93_1:   [xilinx-label-all-loops]
 for (int i=0; i<I_;i++)
 ^~~
 VITIS_LOOP_93_1: 
/home/almavitis/VM_share/SOCExtraFeatures/SoC_wsHLS/SoC_hls_component/SoC_hls_component/hls/.autopilot/db/MatCalc.pp.0.cpp:24357:2: note: FIX-IT applied suggested code changes
/home/almavitis/VM_share/SOCExtraFeatures/SoC_wsHLS/SoC_hls_component/SoC_hls_component/hls/.autopilot/db/MatCalc.pp.0.cpp:26717:12: warning: Added loop label VITIS_LOOP_26_1:   [xilinx-label-all-loops]
           for(int i = 0; i < W_-1; ++i) {
           ^~~
           VITIS_LOOP_26_1: 
/home/almavitis/VM_share/SOCExtraFeatures/SoC_wsHLS/SoC_hls_component/SoC_hls_component/hls/.autopilot/db/MatCalc.pp.0.cpp:26717:12: note: FIX-IT applied suggested code changes
/home/almavitis/VM_share/SOCExtraFeatures/SoC_wsHLS/SoC_hls_component/SoC_hls_component/hls/.autopilot/db/MatCalc.pp.0.cpp:26781:7: warning: Added loop label VITIS_LOOP_40_1:   [xilinx-label-all-loops]
      for(int pos = msbr - 1 ; pos >= -F-1; pos--) {
      ^~~
      VITIS_LOOP_40_1: 
/home/almavitis/VM_share/SOCExtraFeatures/SoC_wsHLS/SoC_hls_component/SoC_hls_component/hls/.autopilot/db/MatCalc.pp.0.cpp:26781:7: note: FIX-IT applied suggested code changes
/home/almavitis/VM_share/SOCExtraFeatures/SoC_wsHLS/SoC_hls_component/SoC_hls_component/hls/.autopilot/db/MatCalc.pp.0.cpp:26898:9: warning: Added loop label VITIS_LOOP_49_1:   [xilinx-label-all-loops]
        for(int pos = msbr - 1; pos >= 0; pos--) {
        ^~~
        VITIS_LOOP_49_1: 
/home/almavitis/VM_share/SOCExtraFeatures/SoC_wsHLS/SoC_hls_component/SoC_hls_component/hls/.autopilot/db/MatCalc.pp.0.cpp:26898:9: note: FIX-IT applied suggested code changes
/home/almavitis/VM_share/SOCExtraFeatures/SoC_wsHLS/SoC_hls_component/SoC_hls_component/hls/.autopilot/db/MatCalc.pp.0.cpp:26923:5: warning: Added loop label VITIS_LOOP_81_2:   [xilinx-label-all-loops]
    for(int pos = -1; pos >= -F-1; pos--) {
    ^~~
    VITIS_LOOP_81_2: 
/home/almavitis/VM_share/SOCExtraFeatures/SoC_wsHLS/SoC_hls_component/SoC_hls_component/hls/.autopilot/db/MatCalc.pp.0.cpp:26923:5: note: FIX-IT applied suggested code changes
/home/almavitis/VM_share/SOCExtraFeatures/SoC_wsHLS/SoC_hls_component/SoC_hls_component/hls/.autopilot/db/MatCalc.pp.0.cpp:26993:8: warning: Added loop label VITIS_LOOP_169_3:   [xilinx-label-all-loops]
       for(int i = 0; i < W - 1; ++i) {
       ^~~
       VITIS_LOOP_169_3: 
/home/almavitis/VM_share/SOCExtraFeatures/SoC_wsHLS/SoC_hls_component/SoC_hls_component/hls/.autopilot/db/MatCalc.pp.0.cpp:26993:8: note: FIX-IT applied suggested code changes
/home/almavitis/VM_share/SOCExtraFeatures/SoC_wsHLS/SoC_hls_component/SoC_hls_component/hls/.autopilot/db/MatCalc.pp.0.cpp:58616:3: warning: Added loop label VITIS_LOOP_462_1:   [xilinx-label-all-loops]
  for (int i = 0; i < FFT_LENGTH; ++i)
  ^~~
  VITIS_LOOP_462_1: 
/home/almavitis/VM_share/SOCExtraFeatures/SoC_wsHLS/SoC_hls_component/SoC_hls_component/hls/.autopilot/db/MatCalc.pp.0.cpp:58616:3: note: FIX-IT applied suggested code changes
/home/almavitis/VM_share/SOCExtraFeatures/SoC_wsHLS/SoC_hls_component/SoC_hls_component/hls/.autopilot/db/MatCalc.pp.0.cpp:58618:4: warning: Added loop label VITIS_LOOP_464_2:   [xilinx-label-all-loops]
   for (int c = 0; c < FFT_CHANNELS; ++c)
   ^~~
   VITIS_LOOP_464_2: 
/home/almavitis/VM_share/SOCExtraFeatures/SoC_wsHLS/SoC_hls_component/SoC_hls_component/hls/.autopilot/db/MatCalc.pp.0.cpp:58618:4: note: FIX-IT applied suggested code changes
/home/almavitis/VM_share/SOCExtraFeatures/SoC_wsHLS/SoC_hls_component/SoC_hls_component/hls/.autopilot/db/MatCalc.pp.0.cpp:58684:3: warning: Added loop label VITIS_LOOP_847_1:   [xilinx-label-all-loops]
  for (int i = 0; i < FFT_LENGTH; ++i)
  ^~~
  VITIS_LOOP_847_1: 
/home/almavitis/VM_share/SOCExtraFeatures/SoC_wsHLS/SoC_hls_component/SoC_hls_component/hls/.autopilot/db/MatCalc.pp.0.cpp:58684:3: note: FIX-IT applied suggested code changes
/home/almavitis/VM_share/SOCExtraFeatures/SoC_wsHLS/SoC_hls_component/SoC_hls_component/hls/.autopilot/db/MatCalc.pp.0.cpp:58742:3: warning: Added loop label VITIS_LOOP_926_1:   [xilinx-label-all-loops]
  for (int i = 0; i < FFT_LENGTH; ++i)
  ^~~
  VITIS_LOOP_926_1: 
/home/almavitis/VM_share/SOCExtraFeatures/SoC_wsHLS/SoC_hls_component/SoC_hls_component/hls/.autopilot/db/MatCalc.pp.0.cpp:58742:3: note: FIX-IT applied suggested code changes
/home/almavitis/VM_share/SOCExtraFeatures/SoC_wsHLS/SoC_hls_component/SoC_hls_component/hls/.autopilot/db/MatCalc.pp.0.cpp:58802:3: warning: Added loop label VITIS_LOOP_986_1:   [xilinx-label-all-loops]
  for (int i = 0; i < FFT_LENGTH; ++i)
  ^~~
  VITIS_LOOP_986_1: 
/home/almavitis/VM_share/SOCExtraFeatures/SoC_wsHLS/SoC_hls_component/SoC_hls_component/hls/.autopilot/db/MatCalc.pp.0.cpp:58802:3: note: FIX-IT applied suggested code changes
/home/almavitis/VM_share/SOCExtraFeatures/SoC_wsHLS/SoC_hls_component/SoC_hls_component/hls/.autopilot/db/MatCalc.pp.0.cpp:58861:3: warning: Added loop label VITIS_LOOP_1045_1:   [xilinx-label-all-loops]
  for (int i = 0; i < FFT_LENGTH; ++i)
  ^~~
  VITIS_LOOP_1045_1: 
/home/almavitis/VM_share/SOCExtraFeatures/SoC_wsHLS/SoC_hls_component/SoC_hls_component/hls/.autopilot/db/MatCalc.pp.0.cpp:58861:3: note: FIX-IT applied suggested code changes
/home/almavitis/VM_share/SOCExtraFeatures/SoC_wsHLS/SoC_hls_component/SoC_hls_component/hls/.autopilot/db/MatCalc.pp.0.cpp:58863:4: warning: Added loop label VITIS_LOOP_1047_2:   [xilinx-label-all-loops]
   for (int c = 0; c < FFT_CHANNELS; ++c)
   ^~~
   VITIS_LOOP_1047_2: 
/home/almavitis/VM_share/SOCExtraFeatures/SoC_wsHLS/SoC_hls_component/SoC_hls_component/hls/.autopilot/db/MatCalc.pp.0.cpp:58863:4: note: FIX-IT applied suggested code changes
/home/almavitis/VM_share/SOCExtraFeatures/SoC_wsHLS/SoC_hls_component/SoC_hls_component/hls/.autopilot/db/MatCalc.pp.0.cpp:58906:2: warning: Added loop label VITIS_LOOP_1090_1:   [xilinx-label-all-loops]
 for (unsigned i = 0; i < (1 << CONFIG_T::max_nfft); i++) {
 ^~~
 VITIS_LOOP_1090_1: 
/home/almavitis/VM_share/SOCExtraFeatures/SoC_wsHLS/SoC_hls_component/SoC_hls_component/hls/.autopilot/db/MatCalc.pp.0.cpp:58906:2: note: FIX-IT applied suggested code changes
/home/almavitis/VM_share/SOCExtraFeatures/SoC_wsHLS/SoC_hls_component/SoC_hls_component/hls/.autopilot/db/MatCalc.pp.0.cpp:58921:2: warning: Added loop label VITIS_LOOP_1105_1:   [xilinx-label-all-loops]
 for (unsigned i = 0; i < (1 << CONFIG_T::max_nfft); i++) {
 ^~~
 VITIS_LOOP_1105_1: 
/home/almavitis/VM_share/SOCExtraFeatures/SoC_wsHLS/SoC_hls_component/SoC_hls_component/hls/.autopilot/db/MatCalc.pp.0.cpp:58921:2: note: FIX-IT applied suggested code changes
/home/almavitis/VM_share/SOCExtraFeatures/SoC_wsHLS/SoC_hls_component/SoC_hls_component/hls/.autopilot/db/MatCalc.pp.0.cpp:59291:2: warning: Added loop label VITIS_LOOP_1575_1:   [xilinx-label-all-loops]
 for (unsigned i = 0; i < (1 << CONFIG_T::max_nfft); i++) {
 ^~~
 VITIS_LOOP_1575_1: 
/home/almavitis/VM_share/SOCExtraFeatures/SoC_wsHLS/SoC_hls_component/SoC_hls_component/hls/.autopilot/db/MatCalc.pp.0.cpp:59291:2: note: FIX-IT applied suggested code changes
/home/almavitis/VM_share/SOCExtraFeatures/SoC_wsHLS/SoC_hls_component/SoC_hls_component/hls/.autopilot/db/MatCalc.pp.0.cpp:59306:2: warning: Added loop label VITIS_LOOP_1590_1:   [xilinx-label-all-loops]
 for (unsigned i = 0; i < (1 << CONFIG_T::max_nfft); i++) {
 ^~~
 VITIS_LOOP_1590_1: 
/home/almavitis/VM_share/SOCExtraFeatures/SoC_wsHLS/SoC_hls_component/SoC_hls_component/hls/.autopilot/db/MatCalc.pp.0.cpp:59306:2: note: FIX-IT applied suggested code changes
/home/almavitis/VM_share/SOCExtraFeatures/SoC_wsHLS/SoC_hls_component/SoC_hls_component/hls/.autopilot/db/MatCalc.pp.0.cpp:59363:2: warning: Added loop label VITIS_LOOP_1647_1:   [xilinx-label-all-loops]
 for (int i = 0; i < FFT_LENGTH; ++i) {
 ^~~
 VITIS_LOOP_1647_1: 
/home/almavitis/VM_share/SOCExtraFeatures/SoC_wsHLS/SoC_hls_component/SoC_hls_component/hls/.autopilot/db/MatCalc.pp.0.cpp:59363:2: note: FIX-IT applied suggested code changes
/home/almavitis/VM_share/SOCExtraFeatures/SoC_wsHLS/SoC_hls_component/SoC_hls_component/hls/.autopilot/db/MatCalc.pp.0.cpp:59414:2: warning: Added loop label VITIS_LOOP_1698_1:   [xilinx-label-all-loops]
 for (int i = 0; i < FFT_LENGTH; ++i) {
 ^~~
 VITIS_LOOP_1698_1: 
/home/almavitis/VM_share/SOCExtraFeatures/SoC_wsHLS/SoC_hls_component/SoC_hls_component/hls/.autopilot/db/MatCalc.pp.0.cpp:59414:2: note: FIX-IT applied suggested code changes
/home/almavitis/VM_share/SOCExtraFeatures/SoC_wsHLS/SoC_hls_component/SoC_hls_component/hls/.autopilot/db/MatCalc.pp.0.cpp:59744:3: warning: Added loop label VITIS_LOOP_27_1:   [xilinx-label-all-loops]
  for (int k = 0; k < 3; k++) {
  ^~~
  VITIS_LOOP_27_1: 
/home/almavitis/VM_share/SOCExtraFeatures/SoC_wsHLS/SoC_hls_component/SoC_hls_component/hls/.autopilot/db/MatCalc.pp.0.cpp:59744:3: note: FIX-IT applied suggested code changes
/home/almavitis/VM_share/SOCExtraFeatures/SoC_wsHLS/SoC_hls_component/SoC_hls_component/hls/.autopilot/db/MatCalc.pp.0.cpp:59749:5: warning: Added loop label VITIS_LOOP_32_2:   [xilinx-label-all-loops]
    for (int i = 0; i < 3; i++) {
    ^~~
    VITIS_LOOP_32_2: 
/home/almavitis/VM_share/SOCExtraFeatures/SoC_wsHLS/SoC_hls_component/SoC_hls_component/hls/.autopilot/db/MatCalc.pp.0.cpp:59749:5: note: FIX-IT applied suggested code changes
/home/almavitis/VM_share/SOCExtraFeatures/SoC_wsHLS/SoC_hls_component/SoC_hls_component/hls/.autopilot/db/MatCalc.pp.0.cpp:59750:7: warning: Added loop label VITIS_LOOP_33_3:   [xilinx-label-all-loops]
      for (int j = 0; j < 3; j++) {
      ^~~
      VITIS_LOOP_33_3: 
/home/almavitis/VM_share/SOCExtraFeatures/SoC_wsHLS/SoC_hls_component/SoC_hls_component/hls/.autopilot/db/MatCalc.pp.0.cpp:59750:7: note: FIX-IT applied suggested code changes
/home/almavitis/VM_share/SOCExtraFeatures/SoC_wsHLS/SoC_hls_component/SoC_hls_component/hls/.autopilot/db/MatCalc.pp.0.cpp:59768:3: warning: Added loop label VITIS_LOOP_51_1:   [xilinx-label-all-loops]
  for (int i = 0; i < 3; i++) {
  ^~~
  VITIS_LOOP_51_1: 
/home/almavitis/VM_share/SOCExtraFeatures/SoC_wsHLS/SoC_hls_component/SoC_hls_component/hls/.autopilot/db/MatCalc.pp.0.cpp:59768:3: note: FIX-IT applied suggested code changes
/home/almavitis/VM_share/SOCExtraFeatures/SoC_wsHLS/SoC_hls_component/SoC_hls_component/hls/.autopilot/db/MatCalc.pp.0.cpp:59774:3: warning: Added loop label VITIS_LOOP_57_2:   [xilinx-label-all-loops]
  for (int k = 0; k < 3; k++) {
  ^~~
  VITIS_LOOP_57_2: 
/home/almavitis/VM_share/SOCExtraFeatures/SoC_wsHLS/SoC_hls_component/SoC_hls_component/hls/.autopilot/db/MatCalc.pp.0.cpp:59774:3: note: FIX-IT applied suggested code changes
/home/almavitis/VM_share/SOCExtraFeatures/SoC_wsHLS/SoC_hls_component/SoC_hls_component/hls/.autopilot/db/MatCalc.pp.0.cpp:59779:5: warning: Added loop label VITIS_LOOP_62_3:   [xilinx-label-all-loops]
    for (int i = 0; i < 3; i++) {
    ^~~
    VITIS_LOOP_62_3: 
/home/almavitis/VM_share/SOCExtraFeatures/SoC_wsHLS/SoC_hls_component/SoC_hls_component/hls/.autopilot/db/MatCalc.pp.0.cpp:59779:5: note: FIX-IT applied suggested code changes
/home/almavitis/VM_share/SOCExtraFeatures/SoC_wsHLS/SoC_hls_component/SoC_hls_component/hls/.autopilot/db/MatCalc.pp.0.cpp:59780:7: warning: Added loop label VITIS_LOOP_63_4:   [xilinx-label-all-loops]
      for (int j = 0; j < 3; j++) {
      ^~~
      VITIS_LOOP_63_4: 
/home/almavitis/VM_share/SOCExtraFeatures/SoC_wsHLS/SoC_hls_component/SoC_hls_component/hls/.autopilot/db/MatCalc.pp.0.cpp:59780:7: note: FIX-IT applied suggested code changes
/home/almavitis/VM_share/SOCExtraFeatures/SoC_wsHLS/SoC_hls_component/SoC_hls_component/hls/.autopilot/db/MatCalc.pp.0.cpp:59813:3: warning: Added loop label VITIS_LOOP_96_1:   [xilinx-label-all-loops]
  while (!float_stream.empty() || !last_seen) {
  ^~~~~
  VITIS_LOOP_96_1: 
/home/almavitis/VM_share/SOCExtraFeatures/SoC_wsHLS/SoC_hls_component/SoC_hls_component/hls/.autopilot/db/MatCalc.pp.0.cpp:59813:3: note: FIX-IT applied suggested code changes
/home/almavitis/VM_share/SOCExtraFeatures/SoC_wsHLS/SoC_hls_component/SoC_hls_component/hls/.autopilot/db/MatCalc.pp.0.cpp:59847:3: warning: Added loop label VITIS_LOOP_130_1:   [xilinx-label-all-loops]
  for (int i = 0; i < 3; i++) {
  ^~~
  VITIS_LOOP_130_1: 
/home/almavitis/VM_share/SOCExtraFeatures/SoC_wsHLS/SoC_hls_component/SoC_hls_component/hls/.autopilot/db/MatCalc.pp.0.cpp:59847:3: note: FIX-IT applied suggested code changes
/home/almavitis/VM_share/SOCExtraFeatures/SoC_wsHLS/SoC_hls_component/SoC_hls_component/hls/.autopilot/db/MatCalc.pp.0.cpp:59853:3: warning: Added loop label VITIS_LOOP_136_2:   [xilinx-label-all-loops]
  for (int k = 0; k < 3; k++) {
  ^~~
  VITIS_LOOP_136_2: 
/home/almavitis/VM_share/SOCExtraFeatures/SoC_wsHLS/SoC_hls_component/SoC_hls_component/hls/.autopilot/db/MatCalc.pp.0.cpp:59853:3: note: FIX-IT applied suggested code changes
/home/almavitis/VM_share/SOCExtraFeatures/SoC_wsHLS/SoC_hls_component/SoC_hls_component/hls/.autopilot/db/MatCalc.pp.0.cpp:59857:5: warning: Added loop label VITIS_LOOP_140_3:   [xilinx-label-all-loops]
    for (int i = 0; i < 3; i++) {
    ^~~
    VITIS_LOOP_140_3: 
/home/almavitis/VM_share/SOCExtraFeatures/SoC_wsHLS/SoC_hls_component/SoC_hls_component/hls/.autopilot/db/MatCalc.pp.0.cpp:59857:5: note: FIX-IT applied suggested code changes
/home/almavitis/VM_share/SOCExtraFeatures/SoC_wsHLS/SoC_hls_component/SoC_hls_component/hls/.autopilot/db/MatCalc.pp.0.cpp:59858:7: warning: Added loop label VITIS_LOOP_141_4:   [xilinx-label-all-loops]
      for (int j = 0; j < 3; j++) {
      ^~~
      VITIS_LOOP_141_4: 
/home/almavitis/VM_share/SOCExtraFeatures/SoC_wsHLS/SoC_hls_component/SoC_hls_component/hls/.autopilot/db/MatCalc.pp.0.cpp:59858:7: note: FIX-IT applied suggested code changes
/home/almavitis/VM_share/SOCExtraFeatures/SoC_wsHLS/SoC_hls_component/SoC_hls_component/hls/.autopilot/db/MatCalc.pp.0.cpp:59889:3: warning: Added loop label VITIS_LOOP_172_1:   [xilinx-label-all-loops]
  for (int ib = 0; ib < *size / 3; ib++) {
  ^~~
  VITIS_LOOP_172_1: 
/home/almavitis/VM_share/SOCExtraFeatures/SoC_wsHLS/SoC_hls_component/SoC_hls_component/hls/.autopilot/db/MatCalc.pp.0.cpp:59889:3: note: FIX-IT applied suggested code changes
/home/almavitis/VM_share/SOCExtraFeatures/SoC_wsHLS/SoC_hls_component/SoC_hls_component/hls/.autopilot/db/MatCalc.pp.0.cpp:59891:5: warning: Added loop label VITIS_LOOP_174_2:   [xilinx-label-all-loops]
    for (int i = 0; i < 3; i++) {
    ^~~
    VITIS_LOOP_174_2: 
/home/almavitis/VM_share/SOCExtraFeatures/SoC_wsHLS/SoC_hls_component/SoC_hls_component/hls/.autopilot/db/MatCalc.pp.0.cpp:59891:5: note: FIX-IT applied suggested code changes
/home/almavitis/VM_share/SOCExtraFeatures/SoC_wsHLS/SoC_hls_component/SoC_hls_component/hls/.autopilot/db/MatCalc.pp.0.cpp:59897:5: warning: Added loop label VITIS_LOOP_180_3:   [xilinx-label-all-loops]
    for (int k = 0; k < 3; k++) {
    ^~~
    VITIS_LOOP_180_3: 
/home/almavitis/VM_share/SOCExtraFeatures/SoC_wsHLS/SoC_hls_component/SoC_hls_component/hls/.autopilot/db/MatCalc.pp.0.cpp:59897:5: note: FIX-IT applied suggested code changes
/home/almavitis/VM_share/SOCExtraFeatures/SoC_wsHLS/SoC_hls_component/SoC_hls_component/hls/.autopilot/db/MatCalc.pp.0.cpp:59901:7: warning: Added loop label VITIS_LOOP_184_4:   [xilinx-label-all-loops]
      for (int i = 0; i < 3; i++) {
      ^~~
      VITIS_LOOP_184_4: 
/home/almavitis/VM_share/SOCExtraFeatures/SoC_wsHLS/SoC_hls_component/SoC_hls_component/hls/.autopilot/db/MatCalc.pp.0.cpp:59901:7: note: FIX-IT applied suggested code changes
/home/almavitis/VM_share/SOCExtraFeatures/SoC_wsHLS/SoC_hls_component/SoC_hls_component/hls/.autopilot/db/MatCalc.pp.0.cpp:59902:9: warning: Added loop label VITIS_LOOP_185_5:   [xilinx-label-all-loops]
        for (int j = 0; j < 3; j++) {
        ^~~
        VITIS_LOOP_185_5: 
/home/almavitis/VM_share/SOCExtraFeatures/SoC_wsHLS/SoC_hls_component/SoC_hls_component/hls/.autopilot/db/MatCalc.pp.0.cpp:59902:9: note: FIX-IT applied suggested code changes
/home/almavitis/VM_share/SOCExtraFeatures/SoC_wsHLS/SoC_hls_component/SoC_hls_component/hls/.autopilot/db/MatCalc.pp.0.cpp:59931:3: warning: Added loop label VITIS_LOOP_214_1:   [xilinx-label-all-loops]
  for (int i = 0; i < 3; i++) temp.in[i] = 0;
  ^~~
  VITIS_LOOP_214_1: 
/home/almavitis/VM_share/SOCExtraFeatures/SoC_wsHLS/SoC_hls_component/SoC_hls_component/hls/.autopilot/db/MatCalc.pp.0.cpp:59931:3: note: FIX-IT applied suggested code changes
/home/almavitis/VM_share/SOCExtraFeatures/SoC_wsHLS/SoC_hls_component/SoC_hls_component/hls/.autopilot/db/MatCalc.pp.0.cpp:59933:3: warning: Added loop label VITIS_LOOP_216_2:   [xilinx-label-all-loops]
  for (int i = 0; i < *lenSignal/3; i++){
  ^~~
  VITIS_LOOP_216_2: 
/home/almavitis/VM_share/SOCExtraFeatures/SoC_wsHLS/SoC_hls_component/SoC_hls_component/hls/.autopilot/db/MatCalc.pp.0.cpp:59933:3: note: FIX-IT applied suggested code changes
/home/almavitis/VM_share/SOCExtraFeatures/SoC_wsHLS/SoC_hls_component/SoC_hls_component/hls/.autopilot/db/MatCalc.pp.0.cpp:59937:5: warning: Added loop label VITIS_LOOP_220_3:   [xilinx-label-all-loops]
    for (int j = 0; j < 3; j++) temp.in[j] = hls::sqrtf((hls::pownf(ID_temp.in[j], 2)) + (hls::pownf(IQ_temp.in[j], 2)));
    ^~~
    VITIS_LOOP_220_3: 
/home/almavitis/VM_share/SOCExtraFeatures/SoC_wsHLS/SoC_hls_component/SoC_hls_component/hls/.autopilot/db/MatCalc.pp.0.cpp:59937:5: note: FIX-IT applied suggested code changes
/home/almavitis/VM_share/SOCExtraFeatures/SoC_wsHLS/SoC_hls_component/SoC_hls_component/hls/.autopilot/db/MatCalc.pp.0.cpp:59954:3: warning: Added loop label VITIS_LOOP_255_1:   [xilinx-label-all-loops]
  while (!blk_stream.empty() || !last_seen) {
  ^~~~~
  VITIS_LOOP_255_1: 
/home/almavitis/VM_share/SOCExtraFeatures/SoC_wsHLS/SoC_hls_component/SoC_hls_component/hls/.autopilot/db/MatCalc.pp.0.cpp:59954:3: note: FIX-IT applied suggested code changes
/home/almavitis/VM_share/SOCExtraFeatures/SoC_wsHLS/SoC_hls_component/SoC_hls_component/hls/.autopilot/db/MatCalc.pp.0.cpp:59959:7: warning: Added loop label VITIS_LOOP_260_2:   [xilinx-label-all-loops]
      for (unsigned j = 0; j < 3; j++) {
      ^~~
      VITIS_LOOP_260_2: 
/home/almavitis/VM_share/SOCExtraFeatures/SoC_wsHLS/SoC_hls_component/SoC_hls_component/hls/.autopilot/db/MatCalc.pp.0.cpp:59959:7: note: FIX-IT applied suggested code changes
