
*** Running vivado
    with args -log MotorFatigue_PYNQZ2_axi_dma_2_0.vds -m64 -product Vivado -mode batch -messageDb vivado.pb -notrace -source MotorFatigue_PYNQZ2_axi_dma_2_0.tcl


****** Vivado v2024.2 (64-bit)
  **** SW Build 5239630 on Fri Nov 08 22:34:34 MST 2024
  **** IP Build 5239520 on Sun Nov 10 16:12:51 MST 2024
  **** SharedData Build 5239561 on Fri Nov 08 14:39:27 MST 2024
  **** Start of session at: Tue Feb 18 04:14:13 2025
    ** Copyright 1986-2022 Xilinx, Inc. All Rights Reserved.
    ** Copyright 2022-2024 Advanced Micro Devices, Inc. All Rights Reserved.

source MotorFatigue_PYNQZ2_axi_dma_2_0.tcl -notrace
INFO: [IP_Flow 19-234] Refreshing IP repositories
INFO: [IP_Flow 19-1700] Loaded user IP repository '/home/admin/Desktop/SOCExtraFeatures/PYNQZ2_IPs'.
INFO: [IP_Flow 19-2313] Loaded Vivado IP repository '/home/admin/Xilinx/Vivado/2024.2/data/ip'.
INFO: [IP_Flow 19-6924] IPCACHE: Running cache check for IP inst: MotorFatigue_PYNQZ2_axi_dma_2_0
INFO: [IP_Flow 19-6922] IPCACHE: Exporting cached entry 4ee6a328d7ae0d26 to dir: /home/admin/Desktop/SOCExtraFeatures/PYNQZ2_VIVADO/MotorFault_PYNQZ2.runs/MotorFatigue_PYNQZ2_axi_dma_2_0_synth_1
INFO: [IP_Flow 19-6928] IPCACHE: copied cached file /home/admin/Desktop/SOCExtraFeatures/PYNQZ2_VIVADO/MotorFault_PYNQZ2.cache/ip/2024.2/4/e/4ee6a328d7ae0d26/MotorFatigue_PYNQZ2_axi_dma_0_0_sim_netlist.v to /home/admin/Desktop/SOCExtraFeatures/PYNQZ2_VIVADO/MotorFault_PYNQZ2.runs/MotorFatigue_PYNQZ2_axi_dma_2_0_synth_1/MotorFatigue_PYNQZ2_axi_dma_2_0_sim_netlist.v.
INFO: [IP_Flow 19-6928] IPCACHE: copied cached file /home/admin/Desktop/SOCExtraFeatures/PYNQZ2_VIVADO/MotorFault_PYNQZ2.cache/ip/2024.2/4/e/4ee6a328d7ae0d26/MotorFatigue_PYNQZ2_axi_dma_0_0_stub.v to /home/admin/Desktop/SOCExtraFeatures/PYNQZ2_VIVADO/MotorFault_PYNQZ2.runs/MotorFatigue_PYNQZ2_axi_dma_2_0_synth_1/MotorFatigue_PYNQZ2_axi_dma_2_0_stub.v.
INFO: [IP_Flow 19-6928] IPCACHE: copied cached file /home/admin/Desktop/SOCExtraFeatures/PYNQZ2_VIVADO/MotorFault_PYNQZ2.cache/ip/2024.2/4/e/4ee6a328d7ae0d26/MotorFatigue_PYNQZ2_axi_dma_0_0_stub.vhdl to /home/admin/Desktop/SOCExtraFeatures/PYNQZ2_VIVADO/MotorFault_PYNQZ2.runs/MotorFatigue_PYNQZ2_axi_dma_2_0_synth_1/MotorFatigue_PYNQZ2_axi_dma_2_0_stub.vhdl.
INFO: [IP_Flow 19-6928] IPCACHE: copied cached file /home/admin/Desktop/SOCExtraFeatures/PYNQZ2_VIVADO/MotorFault_PYNQZ2.cache/ip/2024.2/4/e/4ee6a328d7ae0d26/MotorFatigue_PYNQZ2_axi_dma_0_0.dcp to /home/admin/Desktop/SOCExtraFeatures/PYNQZ2_VIVADO/MotorFault_PYNQZ2.runs/MotorFatigue_PYNQZ2_axi_dma_2_0_synth_1/MotorFatigue_PYNQZ2_axi_dma_2_0.dcp.
INFO: [IP_Flow 19-6928] IPCACHE: copied cached file /home/admin/Desktop/SOCExtraFeatures/PYNQZ2_VIVADO/MotorFault_PYNQZ2.cache/ip/2024.2/4/e/4ee6a328d7ae0d26/MotorFatigue_PYNQZ2_axi_dma_0_0_sim_netlist.vhdl to /home/admin/Desktop/SOCExtraFeatures/PYNQZ2_VIVADO/MotorFault_PYNQZ2.runs/MotorFatigue_PYNQZ2_axi_dma_2_0_synth_1/MotorFatigue_PYNQZ2_axi_dma_2_0_sim_netlist.vhdl.
INFO: [IP_Flow 19-4838] Using cached IP synthesis design for IP MotorFatigue_PYNQZ2_axi_dma_2_0, cache-ID = 4ee6a328d7ae0d26.
INFO: [Common 17-206] Exiting Vivado at Tue Feb 18 04:14:18 2025...
