INFO: [v++ 60-1548] Creating build summary session with primary output /home/almavitis/VM_share/SOCExtraFeatures/SoC_wsHLS/SoC_hls_component/SoC_hls_component/SoC_hls_component.hlscompile_summary, at Fri Nov 15 14:10:25 2024
INFO: [v++ 82-31] Launching vitis_hls: vitis_hls -nolog -run csynth -work_dir /home/almavitis/VM_share/SOCExtraFeatures/SoC_wsHLS/SoC_hls_component/SoC_hls_component -config /home/almavitis/VM_share/SOCExtraFeatures/SoC_wsHLS/SoC_hls_component/hls_config.cfg -cmdlineconfig /home/almavitis/VM_share/SOCExtraFeatures/SoC_wsHLS/SoC_hls_component/SoC_hls_component/hls/config.cmdline

****** Vitis HLS - High-Level Synthesis from C, C++ and OpenCL v2024.1 (64-bit)
  **** SW Build 5069499 on May 21 2024
  **** IP Build 5075265 on Wed May 22 21:45:21 MDT 2024
  **** SharedData Build 5076995 on Wed May 22 18:29:18 MDT 2024
  **** Start of session at: Fri Nov 15 14:10:26 2024
    ** Copyright 1986-2022 Xilinx, Inc. All Rights Reserved.
    ** Copyright 2022-2024 Advanced Micro Devices, Inc. All Rights Reserved.

source /tools/Xilinx/Vitis_HLS/2024.1/scripts/vitis_hls/hls.tcl -notrace
INFO: [HLS 200-10] For user 'almavitis' on host 'vitis' (Linux_x86_64 version 5.14.0-427.37.1.el9_4.x86_64) on Fri Nov 15 14:10:28 IST 2024
INFO: [HLS 200-10] On os "AlmaLinux 9.4 (Seafoam Ocelot)"
INFO: [HLS 200-10] In directory '/home/almavitis/VM_share/SOCExtraFeatures/SoC_wsHLS/SoC_hls_component'
INFO: [HLS 200-2005] Using work_dir /home/almavitis/VM_share/SOCExtraFeatures/SoC_wsHLS/SoC_hls_component/SoC_hls_component 
INFO: [HLS 200-1505] Using default flow_target 'vivado'
Resolution: For help on HLS 200-1505 see docs.xilinx.com/access/sources/dita/topic?Doc_Version=2024.1%20English&url=ug1448-hls-guidance&resourceid=200-1505.html
INFO: [HLS 200-1465] Applying ini 'syn.file=/home/almavitis/VM_share/SOCExtraFeatures/src/dimensions.h' from /home/almavitis/VM_share/SOCExtraFeatures/SoC_wsHLS/SoC_hls_component/hls_config.cfg(11)
INFO: [HLS 200-10] Adding design file '/home/almavitis/VM_share/SOCExtraFeatures/src/dimensions.h' to the project
INFO: [HLS 200-1465] Applying ini 'syn.file=/home/almavitis/VM_share/SOCExtraFeatures/src/MatCalc.cpp' from /home/almavitis/VM_share/SOCExtraFeatures/SoC_wsHLS/SoC_hls_component/hls_config.cfg(12)
INFO: [HLS 200-10] Adding design file '/home/almavitis/VM_share/SOCExtraFeatures/src/MatCalc.cpp' to the project
INFO: [HLS 200-1465] Applying ini 'syn.file=/home/almavitis/VM_share/SOCExtraFeatures/src/FFT.cpp' from /home/almavitis/VM_share/SOCExtraFeatures/SoC_wsHLS/SoC_hls_component/hls_config.cfg(13)
INFO: [HLS 200-10] Adding design file '/home/almavitis/VM_share/SOCExtraFeatures/src/FFT.cpp' to the project
INFO: [HLS 200-1465] Applying ini 'tb.file=/home/almavitis/VM_share/SOCExtraFeatures/src/H_L2_1.csv' from /home/almavitis/VM_share/SOCExtraFeatures/SoC_wsHLS/SoC_hls_component/hls_config.cfg(14)
INFO: [HLS 200-10] Adding test bench file '/home/almavitis/VM_share/SOCExtraFeatures/src/H_L2_1.csv' to the project
INFO: [HLS 200-1465] Applying ini 'tb.file=/home/almavitis/VM_share/SOCExtraFeatures/src/tb.cpp' from /home/almavitis/VM_share/SOCExtraFeatures/SoC_wsHLS/SoC_hls_component/hls_config.cfg(15)
INFO: [HLS 200-10] Adding test bench file '/home/almavitis/VM_share/SOCExtraFeatures/src/tb.cpp' to the project
INFO: [HLS 200-1465] Applying ini 'syn.top=unpack_blk_to_stream' from /home/almavitis/VM_share/SOCExtraFeatures/SoC_wsHLS/SoC_hls_component/hls_config.cfg(9)
INFO: [HLS 200-1465] Applying ini 'flow_target=vivado' from /home/almavitis/VM_share/SOCExtraFeatures/SoC_wsHLS/SoC_hls_component/hls_config.cfg(4)
INFO: [HLS 200-1505] Using flow_target 'vivado'
Resolution: For help on HLS 200-1505 see docs.xilinx.com/access/sources/dita/topic?Doc_Version=2024.1%20English&url=ug1448-hls-guidance&resourceid=200-1505.html
INFO: [HLS 200-1465] Applying ini 'part=xc7z020clg400-1' from /home/almavitis/VM_share/SOCExtraFeatures/SoC_wsHLS/SoC_hls_component/hls_config.cfg(1)
INFO: [HLS 200-1611] Setting target device to 'xc7z020-clg400-1'
INFO: [HLS 200-1465] Applying ini 'clock=5ns' from /home/almavitis/VM_share/SOCExtraFeatures/SoC_wsHLS/SoC_hls_component/hls_config.cfg(8)
INFO: [SYN 201-201] Setting up clock 'default' with a period of 5ns.
INFO: [HLS 200-1465] Applying ini 'clock_uncertainty=0ns' from /home/almavitis/VM_share/SOCExtraFeatures/SoC_wsHLS/SoC_hls_component/hls_config.cfg(7)
INFO: [SYN 201-201] Setting up clock 'default' with an uncertainty of 0ns.
INFO: [HLS 200-1465] Applying ini 'csim.code_analyzer=1' from /home/almavitis/VM_share/SOCExtraFeatures/SoC_wsHLS/SoC_hls_component/hls_config.cfg(10)
INFO: [HLS 200-1465] Applying ini 'package.output.format=ip_catalog' from /home/almavitis/VM_share/SOCExtraFeatures/SoC_wsHLS/SoC_hls_component/hls_config.cfg(5)
INFO: [HLS 200-111] Finished File checks and directory preparation: CPU user time: 2.63 seconds. CPU system time: 0.45 seconds. Elapsed time: 3.09 seconds; current allocated memory: 260.465 MB.
INFO: [HLS 200-10] Analyzing design file '../../src/FFT.cpp' ... 
WARNING: [HLS 214-113] Either use an argument of the function or declare the variable inside the dataflow loop body (/tools/Xilinx/Vitis_HLS/2024.1/common/technology/autopilot/hls_fft.h:1862:25)
Resolution: For help on HLS 214-113 see docs.xilinx.com/access/sources/dita/topic?Doc_Version=2024.1%20English&url=ug1448-hls-guidance&resourceid=214-113.html
WARNING: [HLS 214-113] Either use an argument of the function or declare the variable inside the dataflow loop body (/tools/Xilinx/Vitis_HLS/2024.1/common/technology/autopilot/hls_fft.h:1865:2)
Resolution: For help on HLS 214-113 see docs.xilinx.com/access/sources/dita/topic?Doc_Version=2024.1%20English&url=ug1448-hls-guidance&resourceid=214-113.html
WARNING: [HLS 214-113] Either use an argument of the function or declare the variable inside the dataflow loop body (/tools/Xilinx/Vitis_HLS/2024.1/common/technology/autopilot/hls_fft.h:1865:12)
Resolution: For help on HLS 214-113 see docs.xilinx.com/access/sources/dita/topic?Doc_Version=2024.1%20English&url=ug1448-hls-guidance&resourceid=214-113.html
WARNING: [HLS 200-471] Dataflow form checks found 3 issue(s) in file ../../src/FFT.cpp
Resolution: For help on HLS 200-471 see docs.xilinx.com/access/sources/dita/topic?Doc_Version=2024.1%20English&url=ug1448-hls-guidance&resourceid=200-471.html
WARNING: [HLS 207-5292] unused parameter 'data_type' (/tools/Xilinx/Vitis_HLS/2024.1/common/technology/autopilot/hls_fft.h:112:72)
WARNING: [HLS 207-5292] unused parameter 'cp_len_enable' (/tools/Xilinx/Vitis_HLS/2024.1/common/technology/autopilot/hls_fft.h:136:61)
WARNING: [HLS 207-5292] unused parameter 'scaling_opt' (/tools/Xilinx/Vitis_HLS/2024.1/common/technology/autopilot/hls_fft.h:149:63)
WARNING: [HLS 207-5292] unused parameter 'scaling_opt' (/tools/Xilinx/Vitis_HLS/2024.1/common/technology/autopilot/hls_fft.h:326:66)
WARNING: [HLS 207-5292] unused parameter 'has_ovflo' (/tools/Xilinx/Vitis_HLS/2024.1/common/technology/autopilot/hls_fft.h:339:61)
INFO: [HLS 200-10] Analyzing design file '../../src/MatCalc.cpp' ... 
WARNING: [HLS 207-5292] unused parameter 'data_type' (/tools/Xilinx/Vitis_HLS/2024.1/common/technology/autopilot/hls_fft.h:112:72)
WARNING: [HLS 207-5292] unused parameter 'cp_len_enable' (/tools/Xilinx/Vitis_HLS/2024.1/common/technology/autopilot/hls_fft.h:136:61)
WARNING: [HLS 207-5292] unused parameter 'scaling_opt' (/tools/Xilinx/Vitis_HLS/2024.1/common/technology/autopilot/hls_fft.h:149:63)
WARNING: [HLS 207-5292] unused parameter 'scaling_opt' (/tools/Xilinx/Vitis_HLS/2024.1/common/technology/autopilot/hls_fft.h:326:66)
WARNING: [HLS 207-5292] unused parameter 'has_ovflo' (/tools/Xilinx/Vitis_HLS/2024.1/common/technology/autopilot/hls_fft.h:339:61)
INFO: [HLS 200-111] Finished Source Code Analysis and Preprocessing: CPU user time: 44.31 seconds. CPU system time: 4.78 seconds. Elapsed time: 50.68 seconds; current allocated memory: 272.832 MB.
INFO: [HLS 200-777] Using interface defaults for 'Vivado' flow target.
INFO: [HLS 200-1995] There were 208 instructions in the design after the 'Compile/Link' phase of compilation. See the Design Size Report for more details: /home/almavitis/VM_share/SOCExtraFeatures/SoC_wsHLS/SoC_hls_component/SoC_hls_component/hls/syn/report/csynth_design_size.rpt
INFO: [HLS 200-1995] There were 81 instructions in the design after the 'Unroll/Inline (step 1)' phase of compilation. See the Design Size Report for more details: /home/almavitis/VM_share/SOCExtraFeatures/SoC_wsHLS/SoC_hls_component/SoC_hls_component/hls/syn/report/csynth_design_size.rpt
INFO: [HLS 200-1995] There were 67 instructions in the design after the 'Unroll/Inline (step 2)' phase of compilation. See the Design Size Report for more details: /home/almavitis/VM_share/SOCExtraFeatures/SoC_wsHLS/SoC_hls_component/SoC_hls_component/hls/syn/report/csynth_design_size.rpt
INFO: [HLS 200-1995] There were 66 instructions in the design after the 'Unroll/Inline (step 3)' phase of compilation. See the Design Size Report for more details: /home/almavitis/VM_share/SOCExtraFeatures/SoC_wsHLS/SoC_hls_component/SoC_hls_component/hls/syn/report/csynth_design_size.rpt
INFO: [HLS 200-1995] There were 66 instructions in the design after the 'Unroll/Inline (step 4)' phase of compilation. See the Design Size Report for more details: /home/almavitis/VM_share/SOCExtraFeatures/SoC_wsHLS/SoC_hls_component/SoC_hls_component/hls/syn/report/csynth_design_size.rpt
INFO: [HLS 200-1995] There were 67 instructions in the design after the 'Array/Struct (step 1)' phase of compilation. See the Design Size Report for more details: /home/almavitis/VM_share/SOCExtraFeatures/SoC_wsHLS/SoC_hls_component/SoC_hls_component/hls/syn/report/csynth_design_size.rpt
INFO: [HLS 200-1995] There were 67 instructions in the design after the 'Array/Struct (step 2)' phase of compilation. See the Design Size Report for more details: /home/almavitis/VM_share/SOCExtraFeatures/SoC_wsHLS/SoC_hls_component/SoC_hls_component/hls/syn/report/csynth_design_size.rpt
INFO: [HLS 200-1995] There were 67 instructions in the design after the 'Array/Struct (step 3)' phase of compilation. See the Design Size Report for more details: /home/almavitis/VM_share/SOCExtraFeatures/SoC_wsHLS/SoC_hls_component/SoC_hls_component/hls/syn/report/csynth_design_size.rpt
INFO: [HLS 200-1995] There were 67 instructions in the design after the 'Array/Struct (step 4)' phase of compilation. See the Design Size Report for more details: /home/almavitis/VM_share/SOCExtraFeatures/SoC_wsHLS/SoC_hls_component/SoC_hls_component/hls/syn/report/csynth_design_size.rpt
INFO: [HLS 200-1995] There were 92 instructions in the design after the 'Array/Struct (step 5)' phase of compilation. See the Design Size Report for more details: /home/almavitis/VM_share/SOCExtraFeatures/SoC_wsHLS/SoC_hls_component/SoC_hls_component/hls/syn/report/csynth_design_size.rpt
INFO: [HLS 200-1995] There were 86 instructions in the design after the 'Performance (step 1)' phase of compilation. See the Design Size Report for more details: /home/almavitis/VM_share/SOCExtraFeatures/SoC_wsHLS/SoC_hls_component/SoC_hls_component/hls/syn/report/csynth_design_size.rpt
INFO: [HLS 200-1995] There were 102 instructions in the design after the 'Performance (step 2)' phase of compilation. See the Design Size Report for more details: /home/almavitis/VM_share/SOCExtraFeatures/SoC_wsHLS/SoC_hls_component/SoC_hls_component/hls/syn/report/csynth_design_size.rpt
INFO: [HLS 200-1995] There were 86 instructions in the design after the 'Performance (step 3)' phase of compilation. See the Design Size Report for more details: /home/almavitis/VM_share/SOCExtraFeatures/SoC_wsHLS/SoC_hls_component/SoC_hls_component/hls/syn/report/csynth_design_size.rpt
INFO: [HLS 200-1995] There were 74 instructions in the design after the 'Performance (step 4)' phase of compilation. See the Design Size Report for more details: /home/almavitis/VM_share/SOCExtraFeatures/SoC_wsHLS/SoC_hls_component/SoC_hls_component/hls/syn/report/csynth_design_size.rpt
INFO: [HLS 200-1995] There were 69 instructions in the design after the 'HW Transforms (step 1)' phase of compilation. See the Design Size Report for more details: /home/almavitis/VM_share/SOCExtraFeatures/SoC_wsHLS/SoC_hls_component/SoC_hls_component/hls/syn/report/csynth_design_size.rpt
INFO: [HLS 200-1995] There were 60 instructions in the design after the 'HW Transforms (step 2)' phase of compilation. See the Design Size Report for more details: /home/almavitis/VM_share/SOCExtraFeatures/SoC_wsHLS/SoC_hls_component/SoC_hls_component/hls/syn/report/csynth_design_size.rpt
INFO: [HLS 214-376] automatically set the pipeline for Loop< VITIS_LOOP_255_1> at ../../src/MatCalc.cpp:255:21 
INFO: [HLS 214-291] Loop 'VITIS_LOOP_260_2' is marked as complete unroll implied by the pipeline pragma (../../src/MatCalc.cpp:260:25)
INFO: [HLS 214-186] Unrolling loop 'VITIS_LOOP_260_2' (../../src/MatCalc.cpp:260:25) in function 'unpack_blk_to_stream' completely with a factor of 3 (../../src/MatCalc.cpp:248:0)
INFO: [HLS 214-421] Automatically partitioning small array 'temp_blk' completely based on array size. (../../src/MatCalc.cpp:257:11)
INFO: [HLS 214-270] Inferring pragma 'array_partition type=complete dim=1' for array 'temp_blk' due to pipeline pragma (../../src/MatCalc.cpp:257:11)
INFO: [HLS 214-248] Applying array_partition to 'temp_blk': Complete partitioning on dimension 1. (../../src/MatCalc.cpp:257:11)
INFO: [HLS 200-111] Finished Compiling Optimization and Transform: CPU user time: 2.92 seconds. CPU system time: 0.88 seconds. Elapsed time: 8.42 seconds; current allocated memory: 274.066 MB.
INFO: [HLS 200-111] Finished Checking Pragmas: CPU user time: 0 seconds. CPU system time: 0 seconds. Elapsed time: 0.01 seconds; current allocated memory: 274.066 MB.
INFO: [HLS 200-10] Starting code transformations ...
INFO: [HLS 200-111] Finished Standard Transforms: CPU user time: 0.02 seconds. CPU system time: 0.01 seconds. Elapsed time: 0.52 seconds; current allocated memory: 275.055 MB.
INFO: [HLS 200-10] Checking synthesizability ...
INFO: [HLS 200-111] Finished Checking Synthesizability: CPU user time: 0.01 seconds. CPU system time: 0.01 seconds. Elapsed time: 0.03 seconds; current allocated memory: 276.262 MB.
INFO: [HLS 200-111] Finished Loop, function and other optimizations: CPU user time: 0.03 seconds. CPU system time: 0.01 seconds. Elapsed time: 0.06 seconds; current allocated memory: 298.523 MB.
INFO: [HLS 200-111] Finished Architecture Synthesis: CPU user time: 0.04 seconds. CPU system time: 0.01 seconds. Elapsed time: 0.05 seconds; current allocated memory: 298.523 MB.
INFO: [HLS 200-10] Starting hardware synthesis ...
INFO: [HLS 200-10] Synthesizing 'unpack_blk_to_stream' ...
INFO: [HLS 200-10] ----------------------------------------------------------------
INFO: [HLS 200-42] -- Implementing module 'unpack_blk_to_stream' 
INFO: [HLS 200-10] ----------------------------------------------------------------
INFO: [SCHED 204-11] Starting scheduling ...
INFO: [SCHED 204-61] Pipelining loop 'VITIS_LOOP_255_1'.
WARNING: [HLS 200-880] The II Violation in module 'unpack_blk_to_stream' (loop 'VITIS_LOOP_255_1'): Unable to enforce a carried dependence constraint (II = 1, distance = 1, offset = 1) between 'xor' operation 1 bit ('axis_data.last', ../../src/MatCalc.cpp:267) and axis request operation ('tmp_1', ../../src/MatCalc.cpp:256) on port 'blk_stream' (../../src/MatCalc.cpp:256).
Resolution: For help on HLS 200-880 see docs.xilinx.com/access/sources/dita/topic?Doc_Version=2024.1%20English&url=ug1448-hls-guidance&resourceid=200-880.html
WARNING: [HLS 200-880] The II Violation in module 'unpack_blk_to_stream' (loop 'VITIS_LOOP_255_1'): Unable to enforce a carried dependence constraint (II = 2, distance = 1, offset = 1) between axis write operation ('float_stream_V_data_V_write_ln277', ../../src/MatCalc.cpp:277) on port 'float_stream_V_data_V' (../../src/MatCalc.cpp:277) and axis write operation ('float_stream_V_data_V_write_ln277', ../../src/MatCalc.cpp:277) on port 'float_stream_V_data_V' (../../src/MatCalc.cpp:277).
Resolution: For help on HLS 200-880 see docs.xilinx.com/access/sources/dita/topic?Doc_Version=2024.1%20English&url=ug1448-hls-guidance&resourceid=200-880.html
INFO: [HLS 200-1470] Pipelining result : Target II = NA, Final II = 3, Depth = 6, loop 'VITIS_LOOP_255_1'
INFO: [SCHED 204-11] Finished scheduling.
INFO: [HLS 200-111] Finished Scheduling: CPU user time: 0.04 seconds. CPU system time: 0.03 seconds. Elapsed time: 0.12 seconds; current allocated memory: 298.523 MB.
INFO: [BIND 205-100] Starting micro-architecture generation ...
INFO: [BIND 205-101] Performing variable lifetime analysis.
INFO: [BIND 205-101] Exploring resource sharing.
INFO: [BIND 205-101] Binding ...
INFO: [BIND 205-100] Finished micro-architecture generation.
INFO: [HLS 200-111] Finished Binding: CPU user time: 0.02 seconds. CPU system time: 0.01 seconds. Elapsed time: 0.04 seconds; current allocated memory: 298.523 MB.
INFO: [HLS 200-10] ----------------------------------------------------------------
INFO: [HLS 200-10] -- Generating RTL for module 'unpack_blk_to_stream' 
INFO: [HLS 200-10] ----------------------------------------------------------------
WARNING: [RTGEN 206-101] Design contains AXI ports. Reset is fixed to synchronous and active low.
INFO: [RTGEN 206-500] Setting interface mode on port 'unpack_blk_to_stream/blk_stream' to 'axis' (register, both mode).
INFO: [RTGEN 206-500] Setting interface mode on port 'unpack_blk_to_stream/float_stream_V_data_V' to 'axis' (register, both mode).
INFO: [RTGEN 206-500] Setting interface mode on port 'unpack_blk_to_stream/float_stream_V_keep_V' to 'axis' (register, both mode).
INFO: [RTGEN 206-500] Setting interface mode on port 'unpack_blk_to_stream/float_stream_V_strb_V' to 'axis' (register, both mode).
INFO: [RTGEN 206-500] Setting interface mode on port 'unpack_blk_to_stream/float_stream_V_user_V' to 'axis' (register, both mode).
INFO: [RTGEN 206-500] Setting interface mode on port 'unpack_blk_to_stream/float_stream_V_last_V' to 'axis' (register, both mode).
INFO: [RTGEN 206-500] Setting interface mode on function 'unpack_blk_to_stream' to 's_axilite & ap_ctrl_hs'.
INFO: [HLS 200-1030] Apply Unified Pipeline Control on module 'unpack_blk_to_stream' pipeline 'VITIS_LOOP_255_1' pipeline type 'loop pipeline'
INFO: [RTGEN 206-100] Bundling port 'return' to AXI-Lite port CTRL.
INFO: [RTGEN 206-100] Finished creating RTL model for 'unpack_blk_to_stream'.
INFO: [HLS 200-111] Finished Creating RTL model: CPU user time: 0.04 seconds. CPU system time: 0.01 seconds. Elapsed time: 0.1 seconds; current allocated memory: 298.523 MB.
INFO: [HLS 200-111] Finished Generating all RTL models: CPU user time: 0.18 seconds. CPU system time: 0.04 seconds. Elapsed time: 0.27 seconds; current allocated memory: 298.523 MB.
INFO: [HLS 200-111] Finished Updating report files: CPU user time: 0.56 seconds. CPU system time: 0.08 seconds. Elapsed time: 0.72 seconds; current allocated memory: 299.895 MB.
INFO: [VHDL 208-304] Generating VHDL RTL for unpack_blk_to_stream.
INFO: [VLOG 209-307] Generating Verilog RTL for unpack_blk_to_stream.
INFO: [HLS 200-790] **** Loop Constraint Status: All loop constraints were NOT satisfied.
INFO: [HLS 200-789] **** Estimated Fmax: 282.17 MHz
INFO: [HLS 200-112] Total CPU user time: 50.82 seconds. Total CPU system time: 6.33 seconds. Total elapsed time: 64.14 seconds; peak allocated memory: 299.895 MB.
INFO: [v++ 60-791] Total elapsed time: 0h 1m 7s
