INFO: [vitis-run 60-1548] Creating build summary session with primary output /home/almavitis/VM_share/SOCExtraFeatures/SoC_wsHLS/SoC_hls_component/SoC_hls_component/SoC_hls_component.hlsrun_csim_summary, at Sun Jan 19 22:56:54 2025
INFO: [vitis-run 82-31] Launching vitis_hls: vitis_hls -nolog -run csim -work_dir /home/almavitis/VM_share/SOCExtraFeatures/SoC_wsHLS/SoC_hls_component/SoC_hls_component -config /home/almavitis/VM_share/SOCExtraFeatures/SoC_wsHLS/SoC_hls_component/hls_config.cfg -cmdlineconfig /home/almavitis/VM_share/SOCExtraFeatures/SoC_wsHLS/SoC_hls_component/SoC_hls_component/hls/config.cmdline

****** Vitis HLS - High-Level Synthesis from C, C++ and OpenCL v2024.1 (64-bit)
  **** SW Build 5069499 on May 21 2024
  **** IP Build 5075265 on Wed May 22 21:45:21 MDT 2024
  **** SharedData Build 5076995 on Wed May 22 18:29:18 MDT 2024
  **** Start of session at: Sun Jan 19 22:56:55 2025
    ** Copyright 1986-2022 Xilinx, Inc. All Rights Reserved.
    ** Copyright 2022-2024 Advanced Micro Devices, Inc. All Rights Reserved.

source /tools/Xilinx/Vitis_HLS/2024.1/scripts/vitis_hls/hls.tcl -notrace
INFO: [HLS 200-10] For user 'almavitis' on host 'vitis' (Linux_x86_64 version 5.14.0-503.21.1.el9_5.x86_64) on Sun Jan 19 22:56:57 IST 2025
INFO: [HLS 200-10] On os "AlmaLinux 9.5 (Teal Serval)"
INFO: [HLS 200-10] In directory '/home/almavitis/VM_share/SOCExtraFeatures/SoC_wsHLS/SoC_hls_component'
INFO: [HLS 200-2005] Using work_dir /home/almavitis/VM_share/SOCExtraFeatures/SoC_wsHLS/SoC_hls_component/SoC_hls_component 
INFO: [HLS 200-1505] Using default flow_target 'vivado'
Resolution: For help on HLS 200-1505 see docs.xilinx.com/access/sources/dita/topic?Doc_Version=2024.1%20English&url=ug1448-hls-guidance&resourceid=200-1505.html
INFO: [HLS 200-1465] Applying ini 'syn.file=/home/almavitis/VM_share/SOCExtraFeatures/src/dimensions.h' from /home/almavitis/VM_share/SOCExtraFeatures/SoC_wsHLS/SoC_hls_component/hls_config.cfg(11)
INFO: [HLS 200-10] Adding design file '/home/almavitis/VM_share/SOCExtraFeatures/src/dimensions.h' to the project
INFO: [HLS 200-1465] Applying ini 'syn.file=/home/almavitis/VM_share/SOCExtraFeatures/src/MatCalc.cpp' from /home/almavitis/VM_share/SOCExtraFeatures/SoC_wsHLS/SoC_hls_component/hls_config.cfg(12)
INFO: [HLS 200-10] Adding design file '/home/almavitis/VM_share/SOCExtraFeatures/src/MatCalc.cpp' to the project
INFO: [HLS 200-1465] Applying ini 'syn.file=/home/almavitis/VM_share/SOCExtraFeatures/src/FFT.cpp' from /home/almavitis/VM_share/SOCExtraFeatures/SoC_wsHLS/SoC_hls_component/hls_config.cfg(13)
INFO: [HLS 200-10] Adding design file '/home/almavitis/VM_share/SOCExtraFeatures/src/FFT.cpp' to the project
INFO: [HLS 200-1465] Applying ini 'tb.file=/home/almavitis/VM_share/SOCExtraFeatures/src/H_L2_1.csv' from /home/almavitis/VM_share/SOCExtraFeatures/SoC_wsHLS/SoC_hls_component/hls_config.cfg(14)
INFO: [HLS 200-10] Adding test bench file '/home/almavitis/VM_share/SOCExtraFeatures/src/H_L2_1.csv' to the project
INFO: [HLS 200-1465] Applying ini 'tb.file=/home/almavitis/VM_share/SOCExtraFeatures/src/tb.cpp' from /home/almavitis/VM_share/SOCExtraFeatures/SoC_wsHLS/SoC_hls_component/hls_config.cfg(15)
INFO: [HLS 200-10] Adding test bench file '/home/almavitis/VM_share/SOCExtraFeatures/src/tb.cpp' to the project
INFO: [HLS 200-1465] Applying ini 'syn.top=unpack_blk_to_stream' from /home/almavitis/VM_share/SOCExtraFeatures/SoC_wsHLS/SoC_hls_component/hls_config.cfg(9)
INFO: [HLS 200-1465] Applying ini 'flow_target=vivado' from /home/almavitis/VM_share/SOCExtraFeatures/SoC_wsHLS/SoC_hls_component/hls_config.cfg(4)
INFO: [HLS 200-1505] Using flow_target 'vivado'
Resolution: For help on HLS 200-1505 see docs.xilinx.com/access/sources/dita/topic?Doc_Version=2024.1%20English&url=ug1448-hls-guidance&resourceid=200-1505.html
INFO: [HLS 200-1465] Applying ini 'part=xc7z020clg400-1' from /home/almavitis/VM_share/SOCExtraFeatures/SoC_wsHLS/SoC_hls_component/hls_config.cfg(1)
INFO: [HLS 200-1611] Setting target device to 'xc7z020-clg400-1'
INFO: [HLS 200-1465] Applying ini 'clock=5ns' from /home/almavitis/VM_share/SOCExtraFeatures/SoC_wsHLS/SoC_hls_component/hls_config.cfg(8)
INFO: [SYN 201-201] Setting up clock 'default' with a period of 5ns.
INFO: [HLS 200-1465] Applying ini 'clock_uncertainty=0ns' from /home/almavitis/VM_share/SOCExtraFeatures/SoC_wsHLS/SoC_hls_component/hls_config.cfg(7)
INFO: [SYN 201-201] Setting up clock 'default' with an uncertainty of 0ns.
INFO: [HLS 200-1465] Applying ini 'csim.code_analyzer=1' from /home/almavitis/VM_share/SOCExtraFeatures/SoC_wsHLS/SoC_hls_component/hls_config.cfg(10)
INFO: [HLS 200-1465] Applying ini 'package.output.format=ip_catalog' from /home/almavitis/VM_share/SOCExtraFeatures/SoC_wsHLS/SoC_hls_component/hls_config.cfg(5)
INFO: [SIM 211-200] Executing Code Analyzer instead of classic HLS C simulation
INFO: [SIM 211-200] Compiling source code ../../src/MatCalc.cpp as hardware code with instrumentation
INFO: [SIM 211-200] Compiling source code ../../src/FFT.cpp as hardware code with instrumentation
INFO: [SIM 211-200] Compiling source code ../../src/tb.cpp as test bench code with instrumentation
INFO: [SIM 211-200] Compiling source code ../../src/FFT.cpp as test bench code with instrumentation
INFO: [SIM 211-200] Compiling source code ../../src/MatCalc.cpp as test bench code with instrumentation
../../src/FFT.cpp:3:23: error: unknown type name 'fft_stream'
void read_from_stream(fft_stream& stream_input, fft_complex_stream& fft_input) {
                      ^
../../src/FFT.cpp:3:49: error: unknown type name 'fft_complex_stream'
void read_from_stream(fft_stream& stream_input, fft_complex_stream& fft_input) {
                                                ^
../../src/FFT.cpp:4:44: warning: invalid variable expr  [-Winvalid-hls-pragmas]
  #pragma HLS INTERFACE mode = axis port = stream_input name = stream_input
                                           ^
../../src/FFT.cpp:5:44: warning: invalid variable expr  [-Winvalid-hls-pragmas]
  #pragma HLS INTERFACE mode = axis port = fft_input name = fft_input
                                           ^
../../src/FFT.cpp:28:18: error: unknown type name 'fft_complex_stream'
void call_fft_ip(fft_complex_stream& fft_input, fft_complex_stream& fft_output) {
                 ^
../../src/FFT.cpp:28:49: error: unknown type name 'fft_complex_stream'
void call_fft_ip(fft_complex_stream& fft_input, fft_complex_stream& fft_output) {
                                                ^
../../src/FFT.cpp:30:44: warning: invalid variable expr  [-Winvalid-hls-pragmas]
  #pragma HLS INTERFACE mode = axis port = fft_input name = fft_input
                                           ^
../../src/FFT.cpp:31:44: warning: invalid variable expr  [-Winvalid-hls-pragmas]
  #pragma HLS INTERFACE mode = axis port = fft_output name = fft_output
                                           ^
../../src/FFT.cpp:34:26: error: use of undeclared identifier 'FFT_LENGTH_MAX'
  std::complex<float> xn[FFT_LENGTH_MAX];
                         ^
../../src/FFT.cpp:35:26: error: use of undeclared identifier 'FFT_LENGTH_MAX'
  std::complex<float> xk[FFT_LENGTH_MAX];
                         ^
../../src/FFT.cpp:38:24: error: use of undeclared identifier 'FFT_LENGTH_MAX'
  for (int i = 0; i < (FFT_LENGTH_MAX); i++) {
                       ^
../../src/FFT.cpp:46:15: error: use of undeclared identifier 'FFT_LENGTH_MAX'
  while (i < (FFT_LENGTH_MAX) && !last_read) {
              ^
../../src/FFT.cpp:57:3: error: use of undeclared identifier 'config_t'; did you mean 'hls::ip_fft::config_t'?
  config_t fft_config;
  ^~~~~~~~
  hls::ip_fft::config_t
/tools/Xilinx/Vitis_HLS/2024.1/vcxx/data/include/hls_fft.h:104:8: note: 'hls::ip_fft::config_t' declared here
struct config_t
       ^
../../src/FFT.cpp:57:3: error: unknown type name 'config_t'
  config_t fft_config;
  ^
../../src/FFT.cpp:58:3: error: use of undeclared identifier 'status_t'; did you mean 'hls::ip_fft::status_t'?
  status_t fft_status;
  ^~~~~~~~
  hls::ip_fft::status_t
/tools/Xilinx/Vitis_HLS/2024.1/vcxx/data/include/hls_fft.h:302:8: note: 'hls::ip_fft::status_t' declared here
struct status_t
       ^
../../src/FFT.cpp:58:3: error: unknown type name 'status_t'
  status_t fft_status;
  ^
../../src/FFT.cpp:61:22: error: use of undeclared identifier 'FFT_STAGES'
  fft_config.setNfft(FFT_STAGES); // Set the FFT size
                     ^
../../src/FFT.cpp:64:12: error: use of undeclared identifier 'FFT_IP_CONFIG'
  hls::fft<FFT_IP_CONFIG>(xn, xk, &fft_status, &fft_config);
           ^
../../src/FFT.cpp:67:24: error: use of undeclared identifier 'FFT_LENGTH_MAX'
  for (int j = 0; j < (FFT_LENGTH_MAX); j++) {
                       ^
../../src/FFT.cpp:72:16: error: use of undeclared identifier 'FFT_LENGTH_MAX'
        (j == (FFT_LENGTH_MAX)-1); // Set the last flag appropriately
               ^
../../src/FFT.cpp:77:22: error: unknown type name 'fft_complex_stream'
void write_to_stream(fft_complex_stream& fft_output, fft_stream& stream_output) {
                     ^
../../src/FFT.cpp:77:54: error: unknown type name 'fft_stream'
void write_to_stream(fft_complex_stream& fft_output, fft_stream& stream_output) {
                                                     ^
../../src/FFT.cpp:79:44: warning: invalid variable expr  [-Winvalid-hls-pragmas]
  #pragma HLS INTERFACE mode = axis port = fft_output name = fft_output
                                           ^
../../src/FFT.cpp:80:44: warning: invalid variable expr  [-Winvalid-hls-pragmas]
  #pragma HLS INTERFACE mode = axis port = stream_output name = stream_output
                                           ^
../../src/FFT.cpp:86:23: error: use of undeclared identifier 'FFT_LENGTH_MAX'
  for (int i = 0; i < FFT_LENGTH_MAX; i++) {
                      ^
fatal error: too many errors emitted, stopping now [-ferror-limit=]
6 warnings and 20 errors generated.
ERROR: [SIM 211-200] Code Analyzer execution failed. Consider running the classic C simulation instead by disabling the hls.csim.code_analyzer option in the config file.
ERROR: Problem running csim: child process exited abnormally
INFO: [HLS 200-112] Total CPU user time: 25.57 seconds. Total CPU system time: 2.56 seconds. Total elapsed time: 14.5 seconds; peak allocated memory: 263.414 MB.
