INFO: [vitis-run 60-1548] Creating build summary session with primary output /home/almavitis/VM_share/SOCExtraFeatures/SoC_wsHLS/SoC_hls_component/SoC_hls_component/SoC_hls_component.hlsrun_csim_summary, at Fri Nov 15 13:44:30 2024
INFO: [vitis-run 82-31] Launching vitis_hls: vitis_hls -nolog -run csim -work_dir /home/almavitis/VM_share/SOCExtraFeatures/SoC_wsHLS/SoC_hls_component/SoC_hls_component -config /home/almavitis/VM_share/SOCExtraFeatures/SoC_wsHLS/SoC_hls_component/hls_config.cfg -cmdlineconfig /home/almavitis/VM_share/SOCExtraFeatures/SoC_wsHLS/SoC_hls_component/SoC_hls_component/hls/config.cmdline

****** Vitis HLS - High-Level Synthesis from C, C++ and OpenCL v2024.1 (64-bit)
  **** SW Build 5069499 on May 21 2024
  **** IP Build 5075265 on Wed May 22 21:45:21 MDT 2024
  **** SharedData Build 5076995 on Wed May 22 18:29:18 MDT 2024
  **** Start of session at: Fri Nov 15 13:44:32 2024
    ** Copyright 1986-2022 Xilinx, Inc. All Rights Reserved.
    ** Copyright 2022-2024 Advanced Micro Devices, Inc. All Rights Reserved.

source /tools/Xilinx/Vitis_HLS/2024.1/scripts/vitis_hls/hls.tcl -notrace
INFO: [HLS 200-10] For user 'almavitis' on host 'vitis' (Linux_x86_64 version 5.14.0-427.37.1.el9_4.x86_64) on Fri Nov 15 13:44:34 IST 2024
INFO: [HLS 200-10] On os "AlmaLinux 9.4 (Seafoam Ocelot)"
INFO: [HLS 200-10] In directory '/home/almavitis/VM_share/SOCExtraFeatures/SoC_wsHLS/SoC_hls_component'
INFO: [HLS 200-2005] Using work_dir /home/almavitis/VM_share/SOCExtraFeatures/SoC_wsHLS/SoC_hls_component/SoC_hls_component 
INFO: [HLS 200-1505] Using default flow_target 'vivado'
Resolution: For help on HLS 200-1505 see docs.xilinx.com/access/sources/dita/topic?Doc_Version=2024.1%20English&url=ug1448-hls-guidance&resourceid=200-1505.html
INFO: [HLS 200-1465] Applying ini 'syn.file=/home/almavitis/VM_share/SOCExtraFeatures/src/dimensions.h' from /home/almavitis/VM_share/SOCExtraFeatures/SoC_wsHLS/SoC_hls_component/hls_config.cfg(11)
INFO: [HLS 200-10] Adding design file '/home/almavitis/VM_share/SOCExtraFeatures/src/dimensions.h' to the project
INFO: [HLS 200-1465] Applying ini 'syn.file=/home/almavitis/VM_share/SOCExtraFeatures/src/MatCalc.cpp' from /home/almavitis/VM_share/SOCExtraFeatures/SoC_wsHLS/SoC_hls_component/hls_config.cfg(12)
INFO: [HLS 200-10] Adding design file '/home/almavitis/VM_share/SOCExtraFeatures/src/MatCalc.cpp' to the project
INFO: [HLS 200-1465] Applying ini 'syn.file=/home/almavitis/VM_share/SOCExtraFeatures/src/FFT.cpp' from /home/almavitis/VM_share/SOCExtraFeatures/SoC_wsHLS/SoC_hls_component/hls_config.cfg(13)
INFO: [HLS 200-10] Adding design file '/home/almavitis/VM_share/SOCExtraFeatures/src/FFT.cpp' to the project
INFO: [HLS 200-1465] Applying ini 'tb.file=/home/almavitis/VM_share/SOCExtraFeatures/src/H_L2_1.csv' from /home/almavitis/VM_share/SOCExtraFeatures/SoC_wsHLS/SoC_hls_component/hls_config.cfg(14)
INFO: [HLS 200-10] Adding test bench file '/home/almavitis/VM_share/SOCExtraFeatures/src/H_L2_1.csv' to the project
INFO: [HLS 200-1465] Applying ini 'tb.file=/home/almavitis/VM_share/SOCExtraFeatures/src/tb.cpp' from /home/almavitis/VM_share/SOCExtraFeatures/SoC_wsHLS/SoC_hls_component/hls_config.cfg(15)
INFO: [HLS 200-10] Adding test bench file '/home/almavitis/VM_share/SOCExtraFeatures/src/tb.cpp' to the project
INFO: [HLS 200-1465] Applying ini 'syn.top=unpack_blk_to_stream' from /home/almavitis/VM_share/SOCExtraFeatures/SoC_wsHLS/SoC_hls_component/hls_config.cfg(9)
INFO: [HLS 200-1465] Applying ini 'flow_target=vivado' from /home/almavitis/VM_share/SOCExtraFeatures/SoC_wsHLS/SoC_hls_component/hls_config.cfg(4)
INFO: [HLS 200-1505] Using flow_target 'vivado'
Resolution: For help on HLS 200-1505 see docs.xilinx.com/access/sources/dita/topic?Doc_Version=2024.1%20English&url=ug1448-hls-guidance&resourceid=200-1505.html
INFO: [HLS 200-1465] Applying ini 'part=xc7z020clg400-1' from /home/almavitis/VM_share/SOCExtraFeatures/SoC_wsHLS/SoC_hls_component/hls_config.cfg(1)
INFO: [HLS 200-1611] Setting target device to 'xc7z020-clg400-1'
INFO: [HLS 200-1465] Applying ini 'clock=5ns' from /home/almavitis/VM_share/SOCExtraFeatures/SoC_wsHLS/SoC_hls_component/hls_config.cfg(8)
INFO: [SYN 201-201] Setting up clock 'default' with a period of 5ns.
INFO: [HLS 200-1465] Applying ini 'clock_uncertainty=0ns' from /home/almavitis/VM_share/SOCExtraFeatures/SoC_wsHLS/SoC_hls_component/hls_config.cfg(7)
INFO: [SYN 201-201] Setting up clock 'default' with an uncertainty of 0ns.
INFO: [HLS 200-1465] Applying ini 'csim.code_analyzer=1' from /home/almavitis/VM_share/SOCExtraFeatures/SoC_wsHLS/SoC_hls_component/hls_config.cfg(10)
INFO: [HLS 200-1465] Applying ini 'package.output.format=ip_catalog' from /home/almavitis/VM_share/SOCExtraFeatures/SoC_wsHLS/SoC_hls_component/hls_config.cfg(5)
INFO: [SIM 211-200] Executing Code Analyzer instead of classic HLS C simulation
INFO: [SIM 211-200] Compiling source code ../../src/MatCalc.cpp as hardware code with instrumentation
INFO: [SIM 211-200] Compiling source code ../../src/FFT.cpp as hardware code with instrumentation
INFO: [SIM 211-200] Compiling source code ../../src/tb.cpp as test bench code with instrumentation
INFO: [SIM 211-200] Compiling source code ../../src/FFT.cpp as test bench code with instrumentation
INFO: [SIM 211-200] Compiling source code ../../src/MatCalc.cpp as test bench code with instrumentation
INFO: [SIM 211-200] Linking hardware code
INFO: [SIM 211-200] Transforming hardware bitcode
INFO: [SIM 211-200] Linking executable
INFO: [SIM 211-200] Determining source code dependencies
INFO: [SIM 211-200] Generating static call graph
INFO: [SIM 211-200] Analyzing Interfaces
INFO: [SIM 211-200] Running executable
Invalid data in line: "Item","V1","A1","V2","A2","V3","A3"
Stream > BLK > Stream values:
-0.361639 -0.364174 -0.365761 -0.367142 -0.367441 -0.365708 -0.3642 -0.362129 -0.358458 -0.353972 -0.352788 -0.348304 -0.34793 -0.34595 -0.344925 -0.342832 -0.342319 -0.340544 -0.339778 -0.337095 -0.33503 -0.33417 -0.329029 -0.328844 -0.322018 -0.322779 -0.315198 -0.312596 -0.3066 -0.304268 -0.301462 -0.297077 -0.29625 -0.292513 -0.290623 -0.286472 -0.285548 -0.280262 -0.277081 -0.274689 -0.268848 -0.268102 -0.260579 -0.258835 -0.251396 -0.248434 -0.243215 -0.239156 -0.235703 -0.230485 -0.227494 -0.223885 -0.221247 -0.215343 -0.211645 -0.207263 -0.202934 -0.199118 -0.19076 -0.188215 -0.178644 -0.174928 -0.16457 -0.159726 -0.149761 -0.143342 -0.135832 -0.12839 -0.123001 -0.117435 -0.114223 -0.111507 -0.107314 -0.105602 -0.099693 -0.100134 -0.0902862 -0.0918932 -0.0810081 -0.0814373 -0.0683897 -0.0666797 -0.0533792 -0.0499912 -0.0392082 -0.037093 -0.0284081 -0.0271889 -0.0216665 -0.0212638 -0.0178342 -0.0197128 -0.0148962 -0.0169698 -0.00805194 -0.0115242 -0.000890516 -0.00307764 0.00880627 0.00702624 0.0182018 0.0188052 0.0319726 0.0324406 0.045292 0.0452488 0.0558767 0.0554959 0.0641276 0.0601471 0.0685531 0.0656999 0.0764622 0.072628 0.0865519 0.0832312 0.0984406 0.0958877 0.110801 0.109503 0.125707 0.124684 0.140222 0.138456 0.151363 0.149142 0.16297 0.158914 0.176633 0.172625 0.193592 0.189156 0.211706 0.207549 0.22888 0.224752 0.240587 0.238018 0.246779 0.24431 0.249306 0.24849 0.250801 0.249682 0.25198 0.251545 0.259291 0.254038 0.26926 0.26594 0.282956 0.278404 0.294586 0.290539 0.301751 0.298126 0.302653 0.30161 0.301086 0.301881 0.298215 0.299379 0.298071 0.298346 0.301988 0.298975 0.306226 0.303404 0.31458 0.309624 0.322359 0.317958 0.329591 0.324591 0.330264 0.330796 0.328225 0.32949 0.326385 0.327075 0.326948 0.325087 0.330301 0.326766 0.336251 0.331361 0.342672 0.337061 0.349404 0.344835 0.352886 0.350121 0.352261 0.353012 0.351718 0.352139 0.351262 0.351445 0.353882 0.351717 0.357674 0.354541 0.36155 0.359203 0.363386 0.361709 0.362981 0.363901 0.360582 0.362244 0.354902 0.356746 0.348221 0.349642 0.338086 0.343521 0.335056 0.337404 0.330972 0.334682 0.329175 0.330767 0.323785 0.326434 0.319202 0.320923 0.313702 0.313611 0.305359 0.306393 0.296105 0.297549 0.288264 0.291004 0.281952 0.285885 0.276127 0.280965 0.270342 0.275356 0.262724 0.26797 0.255861 0.258795 0.248733 0.248752 0.238756 0.239584 0.22792 0.230682 0.21767 0.222079 0.207336 0.213552 0.199144 0.206473 0.192609 0.196673 0.185634 0.189129 0.177319 0.180109 0.16608 0.169209 0.150948 0.155809 0.134496 0.139581 0.115934 0.123201 0.102627 0.107583 0.0932525 0.0961516 0.0866977 0.08848 0.0820089 0.0813474 0.0770826 0.0751948 0.0704461 0.0675552 0.059408 0.0590395 0.0446766 0.0453662 0.0300142 0.0326991 0.0163806 0.0189088 0.00579358 0.00698825 0.000542223 -0.000214137 -0.00214037 -0.0029899 -0.00427712 -0.00664082 -0.00991813 -0.0118072 -0.0178739 -0.0190938 -0.0282716 -0.0281468 -0.0398552 -0.0393133 -0.0526527 -0.0531256 -0.0671034 -0.067764 -0.0771907 -0.0789904 -0.0824592 -0.0848872 -0.0880404 -0.0916392 -0.0960722 -0.0996104 -0.107856 -0.110511 -0.12138 -0.123006 -0.137343 -0.137763 -0.151999 -0.153402 -0.164226 -0.166267 -0.173803 -0.176098 -0.182707 -0.186826 -0.194599 -0.199349 -0.209176 -0.215248 -0.225519 -0.232298 -0.240616 -0.244446 -0.248969 -0.251562 -0.25427 -0.255569 -0.256505 -0.258246 -0.258486 -0.258233 -0.259595 -0.26154 -0.263468 -0.267138 -0.273171 -0.277229 -0.284096 -0.29016 -0.296746 -0.300311 -0.302364 -0.306194 -0.305892 -0.304694 -0.302987 -0.301473 -0.299843 -0.298249 -0.29843 -0.30099 -0.302098 -0.304396 -0.307266 -0.310791 -0.313884 -0.318256 -0.320856 -0.326943 -0.328964 -0.332267 -0.332981 -0.332299 -0.331265 -0.328903 -0.328869 -0.327534 -0.326263 -0.328826 -0.328927 -0.333098 -0.33487 -0.341439 -0.344143 -0.348322 -0.350563 -0.354538 -0.355864 -0.356978 -0.356701 -0.356464 -0.355922 -0.353918 -0.35445 -0.354623 -0.354366 -0.355621 -0.356358 -0.357386 -0.357373 -0.358069 -0.35763 -0.356773 -0.356236 -0.354608 -0.351954 -0.351042 -0.347363 -0.345024 -0.339032 -0.338132 -0.332883 -0.330325 -0.329398 -0.326369 -0.326146 -0.323563 -0.322857 -0.318608 -0.317638 -0.314384 -0.310221 -0.308956 -0.302817 -0.301785 -0.294678 -0.294874 -0.289129 -0.286026 -0.283573 -0.280098 -0.278805 -0.275548 -0.273789 -0.270636 -0.268617 -0.261692 -0.260033 -0.255263 -0.250774 -0.249642 -0.243418 -0.241766 -0.233959 -0.231768 -0.224023 -0.22059 -0.215425 -0.21133 -0.208222 -0.202364 -0.201372 -0.195863 -0.194135 -0.189071 -0.185856 -0.180514 -0.175055 -0.173459 -0.162772 -0.160406 -0.14872 -0.145947 -0.131463 -0.126263 -0.114156 -0.110176 -0.103693 -0.10066 -0.0959565 -0.0942767 -0.09018 -0.0894872 -0.0847419 -0.0860776 -0.0792006 -0.0809286 -0.0707198 -0.0721376 -0.0628017 -0.0610082 -0.0496144 -0.0480866 -0.0377838 -0.0351275 -0.0244114 -0.0232612 -0.0160249 -0.015402 -0.00907368 -0.010634 -0.00668178 -0.00833428 -0.00229356 -0.00369149 0.00435542 0.00246154 0.0129872 0.011476 0.0218422 0.0218642 0.0343616 0.0351211 0.0507164 0.0494304 0.0648977 0.0630304 0.0730078 0.0697681 0.0769503 0.0748114 0.0857305 0.0815729 0.0949486 0.0922076 0.107612 0.105439 0.122134 0.121195 0.137642 0.137588 0.152345 0.15095 0.164869 0.162926 0.175398 0.172127 0.186408 0.1808 0.200131 0.194358 0.214983 0.20998 0.227298 0.222944 0.234453 0.231269 0.23936 0.236923 0.242809 0.241597 0.2451 0.243765 0.246429 0.245317 0.252567 0.248421 0.260905 0.256294 0.272611 0.267291 0.283371 0.279223 0.290558 0.28852 0.292835 0.291521 0.291045 0.292745 0.289605 0.290337 0.290174 0.290065 0.294887 0.291351 0.300829 0.296663 0.307384 0.30273 0.316979 0.310541 0.324789 0.319457 0.327259 0.325253 0.326628 0.327584 0.32453 0.32532 0.325362 0.32512 0.32842 0.325956 0.33557 0.33075 0.343202 0.338478 0.350119 0.34538 0.354613 0.350806 0.354629 0.355018 0.353666 0.354909 0.351571 0.352983 0.351882 0.351669 0.351966 0.352211 0.353128 0.35314 0.352004 0.352497 0.349447 0.350874 0.34687 0.348401 0.342253 0.343323 0.334567 0.337054 0.326784 0.329465 0.322545 0.325184 0.318742 0.32168 0.315567 0.317019 0.309788 0.313576 0.305705 0.307121 0.299718 0.299464 0.29243 0.292787 0.284059 0.286608 0.277804 0.280188 0.272156 0.274841 0.265851 0.270534 0.259473 0.264545 0.252266 0.257148 0.245999 0.249032 0.23833 0.240143 0.228722 0.230809 0.217922 0.221197 0.206594 0.211124 0.195256 0.201458 0.187926 0.194265 0.181143 0.186682 0.173073 0.177996 0.165405 0.169302 0.153653 0.156631 0.141469 0.143001 0.124158 0.127167 0.10817 0.111142 0.0950887 0.0976212 0.0849568 0.0872141 0.0788171 0.0805046 0.0763092 0.0758123 0.0726029 0.0708194 0.0667135 0.0646565 0.0569568 0.0567318 0.0444222 0.0463044 0.0314605 0.03431 0.019565 0.0208051 0.00914018 0.0096232 0.00170361 0.000200361 -0.00284459 -0.00514841 -0.00707762 -0.00796183 -0.0109493 -0.0146124 -0.0197134 -0.0210247 -0.0287507 -0.030599 -0.040983 -0.0422162 -0.0563169 -0.0571264 -0.0718754 -0.0738496 -0.0833748 -0.0848238 -0.089346 -0.0918767 -0.0972123 -0.101107 -0.108036 -0.111197 -0.122009 -0.126003 -0.139954 -0.14117 -0.154184 -0.155775 -0.167359 -0.168243 -0.179468 -0.181021 -0.187239 -0.191131 -0.195984 -0.199806 -0.203885 -0.21061 -0.216996 -0.222052 -0.229468 -0.234595 -0.242298 -0.24555 -0.250591 -0.253891 -0.255979 -0.257924 -0.259247 -0.26018 -0.260602 -0.260875 -0.261657 -0.262534 -0.263311 -0.267718 -0.271463 -0.276095 -0.282176 -0.287323 -0.291695 -0.297035 -0.29966 -0.303545 -0.304091 -0.304437 -0.304369 -0.303452 -0.303129 -0.30208 -0.302661 -0.302683 -0.303843 -0.305661 -0.307276 -0.311775 -0.314279 -0.3205 -0.323482 -0.330345 -0.331414 -0.336189 -0.33652 -0.336789 -0.336474 -0.336784 -0.336025 -0.334691 -0.334988 -0.337495 -0.338402 -0.34162 -0.343411 -0.350345 -0.35114 -0.355395 -0.356611 -0.36104 -0.361196 -0.361942 -0.362598 -0.362003 -0.361553 -0.358151 -0.357564 -0.353272 -0.353309 -0.352602 -0.352446 -0.351359 -0.350883 -0.35047 -0.350237 -0.34762 -0.346425 -0.345374 -0.341115 -0.341619 -0.333487 -0.33444 -0.327043 -0.325377 -0.3207 -0.317529 -0.315379 -0.310423 -0.3101 -0.307889 -0.307243 -0.302445 -0.301521 -0.296368 -0.293371 -0.291271 -0.285354 -0.284913 -0.277679 -0.276417 -0.26957 -0.267098 -0.26232 -0.257805 -0.255771 -0.25018 -0.248797 -0.243654 -0.241376 -0.235943 -0.233495 -0.228307 -0.224352 -0.221867 -0.21497 -0.213707 -0.204099 -0.202077 -0.192015 -0.189185 -0.18025 -0.172805 -0.166459 -0.160966 -0.156453 -0.150595 -0.148414 -0.144094 -0.140558 -0.135817 -0.130647 -0.127697 -0.117114 -0.115517 -0.103538 -0.101232 -0.0895873 -0.0878907 -0.075919 -0.0732985 -0.0637464 -0.0610816 -0.0527857 -0.0514047 -0.0459839 -0.0450947 -0.0411526 -0.0426157 -0.0375086 -0.0384886 -0.0314428 -0.0341726 -0.0247027 -0.0252179 -0.0144275 -0.0142173 -0.00252803 -0.000935182 0.0113642 0.0131159 0.0240009 0.024443 0.0335803 0.0331475 0.0391596 0.0365021 0.0436841 0.0413519 0.0502775 0.0466392 0.0592026 0.0568889 0.069069 0.0684446 0.0828204 0.0814149 0.0979148 0.0962539 0.112428 0.111796 0.124718 0.123329 0.134712 0.131006 0.144417 0.140071 0.159093 0.153427 0.175792 0.172898 0.192823 0.190313 0.20765 0.205525 0.218762 0.21509 0.226495 0.22368 0.231463 0.228094 0.238325 0.2336 0.246562 0.241413 0.257403 0.252283 0.268301 0.26327 0.278932 0.275177 0.287167 0.283397 0.289263 0.288216 0.28966 0.2899 0.288607 0.288471 0.288432 0.288771 0.291644 0.288396 0.299298 0.294854 0.308593 0.304137 0.31885 0.313856 0.324665 0.320837 0.324394 0.324962 0.322595 0.324673 0.32008 0.321958 0.320391 0.319851 0.322824 0.321 0.329999 0.325335 0.336176 0.331158 0.34367 0.338954 0.349728 0.345395 0.350907 0.350804 0.349099 0.350334 0.347657 0.348496 0.350183 0.346822 0.354186 0.349984 0.359803 0.354548 0.36296 0.359449 (last element in stream)

spec:0:0: warning: Hls::stream 'IO_blk' contains leftover data, which may result in RTL simulation hanging.
spec:0:0: warning: Hls::stream 'ID_blk' contains leftover data, which may result in RTL simulation hanging.
INFO: [SIM 211-200] Analyzing trace data
INFO: [SIM 211-208] Running Code Analyzer
INFO: [SIM 211-210] Code Analyzer finished
INFO: [HLS 200-112] Total CPU user time: 59.18 seconds. Total CPU system time: 4.39 seconds. Total elapsed time: 28.53 seconds; peak allocated memory: 260.441 MB.
INFO: [vitis-run 60-791] Total elapsed time: 0h 0m 32s
