INFO: [vitis-run 60-1548] Creating build summary session with primary output /run/media/work/Storage/SOCExtraFeatures/SoC_wsHLS/SoC_hls_component/SoC_hls_component/SoC_hls_component.hlsrun_csim_summary, at Tue Oct 22 15:59:15 2024
INFO: [vitis-run 82-31] Launching vitis_hls: vitis_hls -nolog -run csim -work_dir /run/media/work/Storage/SOCExtraFeatures/SoC_wsHLS/SoC_hls_component/SoC_hls_component -config /run/media/work/Storage/SOCExtraFeatures/SoC_wsHLS/SoC_hls_component/hls_config.cfg -cmdlineconfig /run/media/work/Storage/SOCExtraFeatures/SoC_wsHLS/SoC_hls_component/SoC_hls_component/hls/config.cmdline

****** Vitis HLS - High-Level Synthesis from C, C++ and OpenCL v2024.1 (64-bit)
  **** SW Build 5069499 on May 21 2024
  **** IP Build 5075265 on Wed May 22 21:45:21 MDT 2024
  **** SharedData Build 5076995 on Wed May 22 18:29:18 MDT 2024
  **** Start of session at: Tue Oct 22 15:59:15 2024
    ** Copyright 1986-2022 Xilinx, Inc. All Rights Reserved.
    ** Copyright 2022-2024 Advanced Micro Devices, Inc. All Rights Reserved.

source /home/work/Xilinx/Install/Vitis_HLS/2024.1/scripts/vitis_hls/hls.tcl -notrace
INFO: [HLS 200-10] For user 'work' on host 'workstation.ICcenterETCE.jadavpuruniversity.in' (Linux_x86_64 version 4.18.0-553.16.1.el8_10.x86_64) on Tue Oct 22 15:59:16 IST 2024
INFO: [HLS 200-10] On os "AlmaLinux release 8.10 (Cerulean Leopard)"
INFO: [HLS 200-10] In directory '/run/media/work/Storage/SOCExtraFeatures/SoC_wsHLS/SoC_hls_component'
INFO: [HLS 200-2005] Using work_dir /run/media/work/Storage/SOCExtraFeatures/SoC_wsHLS/SoC_hls_component/SoC_hls_component 
INFO: [HLS 200-1505] Using default flow_target 'vivado'
Resolution: For help on HLS 200-1505 see docs.xilinx.com/access/sources/dita/topic?Doc_Version=2024.1%20English&url=ug1448-hls-guidance&resourceid=200-1505.html
INFO: [HLS 200-1465] Applying ini 'syn.file=/run/media/work/Storage/SOCExtraFeatures/src/dimensions.h' from /run/media/work/Storage/SOCExtraFeatures/SoC_wsHLS/SoC_hls_component/hls_config.cfg(13)
INFO: [HLS 200-10] Adding design file '/run/media/work/Storage/SOCExtraFeatures/src/dimensions.h' to the project
INFO: [HLS 200-1465] Applying ini 'syn.file=/run/media/work/Storage/SOCExtraFeatures/src/MatCalc.cpp' from /run/media/work/Storage/SOCExtraFeatures/SoC_wsHLS/SoC_hls_component/hls_config.cfg(14)
INFO: [HLS 200-10] Adding design file '/run/media/work/Storage/SOCExtraFeatures/src/MatCalc.cpp' to the project
INFO: [HLS 200-1465] Applying ini 'syn.file=/run/media/work/Storage/SOCExtraFeatures/src/FFT.cpp' from /run/media/work/Storage/SOCExtraFeatures/SoC_wsHLS/SoC_hls_component/hls_config.cfg(15)
INFO: [HLS 200-10] Adding design file '/run/media/work/Storage/SOCExtraFeatures/src/FFT.cpp' to the project
INFO: [HLS 200-1465] Applying ini 'tb.file=/run/media/work/Storage/SOCExtraFeatures/src/tb.cpp' from /run/media/work/Storage/SOCExtraFeatures/SoC_wsHLS/SoC_hls_component/hls_config.cfg(11)
INFO: [HLS 200-10] Adding test bench file '/run/media/work/Storage/SOCExtraFeatures/src/tb.cpp' to the project
INFO: [HLS 200-1465] Applying ini 'tb.file=/run/media/work/Storage/SOCExtraFeatures/src/H_L2_1.csv' from /run/media/work/Storage/SOCExtraFeatures/SoC_wsHLS/SoC_hls_component/hls_config.cfg(12)
INFO: [HLS 200-10] Adding test bench file '/run/media/work/Storage/SOCExtraFeatures/src/H_L2_1.csv' to the project
INFO: [HLS 200-1465] Applying ini 'syn.top=unpack_blk_to_stream' from /run/media/work/Storage/SOCExtraFeatures/SoC_wsHLS/SoC_hls_component/hls_config.cfg(9)
INFO: [HLS 200-1465] Applying ini 'flow_target=vivado' from /run/media/work/Storage/SOCExtraFeatures/SoC_wsHLS/SoC_hls_component/hls_config.cfg(4)
INFO: [HLS 200-1505] Using flow_target 'vivado'
Resolution: For help on HLS 200-1505 see docs.xilinx.com/access/sources/dita/topic?Doc_Version=2024.1%20English&url=ug1448-hls-guidance&resourceid=200-1505.html
INFO: [HLS 200-1465] Applying ini 'part=xc7z020clg400-1' from /run/media/work/Storage/SOCExtraFeatures/SoC_wsHLS/SoC_hls_component/hls_config.cfg(1)
INFO: [HLS 200-1611] Setting target device to 'xc7z020-clg400-1'
INFO: [HLS 200-1465] Applying ini 'clock=5ns' from /run/media/work/Storage/SOCExtraFeatures/SoC_wsHLS/SoC_hls_component/hls_config.cfg(8)
INFO: [SYN 201-201] Setting up clock 'default' with a period of 5ns.
INFO: [HLS 200-1465] Applying ini 'clock_uncertainty=0ns' from /run/media/work/Storage/SOCExtraFeatures/SoC_wsHLS/SoC_hls_component/hls_config.cfg(7)
INFO: [SYN 201-201] Setting up clock 'default' with an uncertainty of 0ns.
INFO: [HLS 200-1465] Applying ini 'csim.code_analyzer=1' from /run/media/work/Storage/SOCExtraFeatures/SoC_wsHLS/SoC_hls_component/hls_config.cfg(10)
INFO: [HLS 200-1465] Applying ini 'package.output.format=ip_catalog' from /run/media/work/Storage/SOCExtraFeatures/SoC_wsHLS/SoC_hls_component/hls_config.cfg(5)
INFO: [SIM 211-200] Executing Code Analyzer instead of classic HLS C simulation
INFO: [SIM 211-200] Compiling source code ../../src/tb.cpp as test bench code with instrumentation
../../src/tb.cpp:714:43: error: invalid operands to binary expression ('std::ostream' (aka 'basic_ostream<char>') and 'hls::axis<float, 32, 0, 0, '8', false>')
  for (int i = 0; i < ROW; i++) std::cout << test.read() << " ";
                                ~~~~~~~~~ ^  ~~~~~~~~~~~
/home/work/Xilinx/Install/Vitis_HLS/2024.1/tps/lnx64/gcc-8.3.0/lib/gcc/x86_64-pc-linux-gnu/8.3.0/../../../../include/c++/8.3.0/system_error:217:5: note: candidate function template not viable: no known conversion from 'hls::axis<float, 32, 0, 0, '8', false>' to 'const std::error_code' for 2nd argument
    operator<<(basic_ostream<_CharT, _Traits>& __os, const error_code& __e)
    ^
/home/work/Xilinx/Install/Vitis_HLS/2024.1/tps/lnx64/gcc-8.3.0/lib/gcc/x86_64-pc-linux-gnu/8.3.0/../../../../include/c++/8.3.0/ostream:502:5: note: candidate function template not viable: no known conversion from 'hls::axis<float, 32, 0, 0, '8', false>' to 'char' for 2nd argument
    operator<<(basic_ostream<_CharT, _Traits>& __out, char __c)
    ^
/home/work/Xilinx/Install/Vitis_HLS/2024.1/tps/lnx64/gcc-8.3.0/lib/gcc/x86_64-pc-linux-gnu/8.3.0/../../../../include/c++/8.3.0/ostream:508:5: note: candidate function template not viable: no known conversion from 'hls::axis<float, 32, 0, 0, '8', false>' to 'char' for 2nd argument
    operator<<(basic_ostream<char, _Traits>& __out, char __c)
    ^
/home/work/Xilinx/Install/Vitis_HLS/2024.1/tps/lnx64/gcc-8.3.0/lib/gcc/x86_64-pc-linux-gnu/8.3.0/../../../../include/c++/8.3.0/ostream:514:5: note: candidate function template not viable: no known conversion from 'hls::axis<float, 32, 0, 0, '8', false>' to 'signed char' for 2nd argument
    operator<<(basic_ostream<char, _Traits>& __out, signed char __c)
    ^
/home/work/Xilinx/Install/Vitis_HLS/2024.1/tps/lnx64/gcc-8.3.0/lib/gcc/x86_64-pc-linux-gnu/8.3.0/../../../../include/c++/8.3.0/ostream:519:5: note: candidate function template not viable: no known conversion from 'hls::axis<float, 32, 0, 0, '8', false>' to 'unsigned char' for 2nd argument
    operator<<(basic_ostream<char, _Traits>& __out, unsigned char __c)
    ^
/home/work/Xilinx/Install/Vitis_HLS/2024.1/tps/lnx64/gcc-8.3.0/lib/gcc/x86_64-pc-linux-gnu/8.3.0/../../../../include/c++/8.3.0/ostream:556:5: note: candidate function template not viable: no known conversion from 'hls::axis<float, 32, 0, 0, '8', false>' to 'const char *' for 2nd argument
    operator<<(basic_ostream<char, _Traits>& __out, const char* __s)
    ^
/home/work/Xilinx/Install/Vitis_HLS/2024.1/tps/lnx64/gcc-8.3.0/lib/gcc/x86_64-pc-linux-gnu/8.3.0/../../../../include/c++/8.3.0/ostream:569:5: note: candidate function template not viable: no known conversion from 'hls::axis<float, 32, 0, 0, '8', false>' to 'const signed char *' for 2nd argument
    operator<<(basic_ostream<char, _Traits>& __out, const signed char* __s)
    ^
/home/work/Xilinx/Install/Vitis_HLS/2024.1/tps/lnx64/gcc-8.3.0/lib/gcc/x86_64-pc-linux-gnu/8.3.0/../../../../include/c++/8.3.0/ostream:574:5: note: candidate function template not viable: no known conversion from 'hls::axis<float, 32, 0, 0, '8', false>' to 'const unsigned char *' for 2nd argument
    operator<<(basic_ostream<char, _Traits>& __out, const unsigned char* __s)
    ^
/home/work/Xilinx/Install/Vitis_HLS/2024.1/tps/lnx64/gcc-8.3.0/lib/gcc/x86_64-pc-linux-gnu/8.3.0/../../../../include/c++/8.3.0/bits/ostream.tcc:321:5: note: candidate function template not viable: no known conversion from 'hls::axis<float, 32, 0, 0, '8', false>' to 'const char *' for 2nd argument
    operator<<(basic_ostream<_CharT, _Traits>& __out, const char* __s)
    ^
/home/work/Xilinx/Install/Vitis_HLS/2024.1/vcxx/data/include/gmp.h:2406:33: note: candidate function not viable: no known conversion from 'hls::axis<float, 32, 0, 0, '8', false>' to 'mpz_srcptr' (aka 'const __mpz_struct *') for 2nd argument
__GMP_DECLSPEC_XX std::ostream& operator<< (std::ostream &, mpz_srcptr);
                                ^
/home/work/Xilinx/Install/Vitis_HLS/2024.1/vcxx/data/include/gmp.h:2407:33: note: candidate function not viable: no known conversion from 'hls::axis<float, 32, 0, 0, '8', false>' to 'mpq_srcptr' (aka 'const __mpq_struct *') for 2nd argument
__GMP_DECLSPEC_XX std::ostream& operator<< (std::ostream &, mpq_srcptr);
                                ^
/home/work/Xilinx/Install/Vitis_HLS/2024.1/vcxx/data/include/gmp.h:2408:33: note: candidate function not viable: no known conversion from 'hls::axis<float, 32, 0, 0, '8', false>' to 'mpf_srcptr' (aka 'const __mpf_struct *') for 2nd argument
__GMP_DECLSPEC_XX std::ostream& operator<< (std::ostream &, mpf_srcptr);
                                ^
/home/work/Xilinx/Install/Vitis_HLS/2024.1/tps/lnx64/gcc-8.3.0/lib/gcc/x86_64-pc-linux-gnu/8.3.0/../../../../include/c++/8.3.0/iomanip:79:5: note: candidate function template not viable: no known conversion from 'hls::axis<float, 32, 0, 0, '8', false>' to 'std::_Resetiosflags' for 2nd argument
    operator<<(basic_ostream<_CharT, _Traits>& __os, _Resetiosflags __f)
    ^
/home/work/Xilinx/Install/Vitis_HLS/2024.1/tps/lnx64/gcc-8.3.0/lib/gcc/x86_64-pc-linux-gnu/8.3.0/../../../../include/c++/8.3.0/iomanip:109:5: note: candidate function template not viable: no known conversion from 'hls::axis<float, 32, 0, 0, '8', false>' to 'std::_Setiosflags' for 2nd argument
    operator<<(basic_ostream<_CharT, _Traits>& __os, _Setiosflags __f)
    ^
/home/work/Xilinx/Install/Vitis_HLS/2024.1/tps/lnx64/gcc-8.3.0/lib/gcc/x86_64-pc-linux-gnu/8.3.0/../../../../include/c++/8.3.0/iomanip:143:5: note: candidate function template not viable: no known conversion from 'hls::axis<float, 32, 0, 0, '8', false>' to 'std::_Setbase' for 2nd argument
    operator<<(basic_ostream<_CharT, _Traits>& __os, _Setbase __f)
    ^
/home/work/Xilinx/Install/Vitis_HLS/2024.1/tps/lnx64/gcc-8.3.0/lib/gcc/x86_64-pc-linux-gnu/8.3.0/../../../../include/c++/8.3.0/iomanip:208:5: note: candidate function template not viable: no known conversion from 'hls::axis<float, 32, 0, 0, '8', false>' to 'std::_Setprecision' for 2nd argument
    operator<<(basic_ostream<_CharT, _Traits>& __os, _Setprecision __f)
    ^
/home/work/Xilinx/Install/Vitis_HLS/2024.1/tps/lnx64/gcc-8.3.0/lib/gcc/x86_64-pc-linux-gnu/8.3.0/../../../../include/c++/8.3.0/iomanip:238:5: note: candidate function template not viable: no known conversion from 'hls::axis<float, 32, 0, 0, '8', false>' to 'std::_Setw' for 2nd argument
    operator<<(basic_ostream<_CharT, _Traits>& __os, _Setw __f)
    ^
/home/work/Xilinx/Install/Vitis_HLS/2024.1/vcxx/data/include/utils/x_hls_utils.h:381:15: note: candidate function not viable: no known conversion from 'hls::axis<float, 32, 0, 0, '8', false>' to 'const fp_struct<float>' for 2nd argument
std::ostream &operator << (std::ostream &os, const fp_struct<float> &s)
              ^
/home/work/Xilinx/Install/Vitis_HLS/2024.1/vcxx/data/include/utils/x_hls_utils.h:544:15: note: candidate function not viable: no known conversion from 'hls::axis<float, 32, 0, 0, '8', false>' to 'const fp_struct<double>' for 2nd argument
std::ostream &operator << (std::ostream &os, const fp_struct<double> &s)
              ^
/home/work/Xilinx/Install/Vitis_HLS/2024.1/vcxx/data/include/utils/x_hls_utils.h:712:15: note: candidate function not viable: no known conversion from 'hls::axis<float, 32, 0, 0, '8', false>' to 'const fp_struct<half>' for 2nd argument
std::ostream &operator << (std::ostream &os, const fp_struct<half> &s)
              ^
/home/work/Xilinx/Install/Vitis_HLS/2024.1/tps/lnx64/gcc-8.3.0/lib/gcc/x86_64-pc-linux-gnu/8.3.0/../../../../include/c++/8.3.0/thread:323:5: note: candidate function template not viable: no known conversion from 'hls::axis<float, 32, 0, 0, '8', false>' to 'thread::id' for 2nd argument
    operator<<(basic_ostream<_CharT, _Traits>& __out, thread::id __id)
    ^
/home/work/Xilinx/Install/Vitis_HLS/2024.1/tps/lnx64/gcc-8.3.0/lib/gcc/x86_64-pc-linux-gnu/8.3.0/../../../../include/c++/8.3.0/ostream:497:5: note: candidate template ignored: deduced conflicting types for parameter '_CharT' ('char' vs. 'hls::axis<float, 32, 0, 0, '8', false>')
    operator<<(basic_ostream<_CharT, _Traits>& __out, _CharT __c)
    ^
/home/work/Xilinx/Install/Vitis_HLS/2024.1/tps/lnx64/gcc-8.3.0/lib/gcc/x86_64-pc-linux-gnu/8.3.0/../../../../include/c++/8.3.0/bits/basic_string.h:6323:5: note: candidate template ignored: could not match 'basic_string' against 'axis'
    operator<<(basic_ostream<_CharT, _Traits>& __os,
    ^
/home/work/Xilinx/Install/Vitis_HLS/2024.1/tps/lnx64/gcc-8.3.0/lib/gcc/x86_64-pc-linux-gnu/8.3.0/../../../../include/c++/8.3.0/ostream:539:5: note: candidate template ignored: could not match 'const _CharT *' against 'hls::axis<float, 32, 0, 0, '8', false>'
    operator<<(basic_ostream<_CharT, _Traits>& __out, const _CharT* __s)
    ^
/home/work/Xilinx/Install/Vitis_HLS/2024.1/vcxx/data/include/etc/ap_private.h:6156:15: note: candidate template ignored: could not match 'ap_private' against 'axis'
std::ostream &operator<<(std::ostream &os, const ap_private<_AP_W, _AP_S> &x) {
              ^
/home/work/Xilinx/Install/Vitis_HLS/2024.1/vcxx/data/include/etc/ap_private.h:7198:1: note: candidate template ignored: could not match 'ap_private' against 'axis'
OPS_MIX_INT(bool, 1, false)
^
/home/work/Xilinx/Install/Vitis_HLS/2024.1/vcxx/data/include/etc/ap_private.h:7178:3: note: expanded from macro 'OPS_MIX_INT'
  OP_BIN_SHIFT_INT(<<, C_TYPE, (_AP_W2), (_AP_S2), arg1) \
  ^
/home/work/Xilinx/Install/Vitis_HLS/2024.1/vcxx/data/include/etc/ap_private.h:7141:30: note: expanded from macro 'OP_BIN_SHIFT_INT'
  HLS_CONSTEXPR_EXTRA C_TYPE operator BIN_OP(C_TYPE i_op,                                          \
                             ^
/home/work/Xilinx/Install/Vitis_HLS/2024.1/vcxx/data/include/etc/ap_private.h:7198:1: note: candidate template ignored: could not match 'ap_private' against 'basic_ostream'
/home/work/Xilinx/Install/Vitis_HLS/2024.1/vcxx/data/include/etc/ap_private.h:7178:3: note: expanded from macro 'OPS_MIX_INT'
  OP_BIN_SHIFT_INT(<<, C_TYPE, (_AP_W2), (_AP_S2), arg1) \
  ^
/home/work/Xilinx/Install/Vitis_HLS/2024.1/vcxx/data/include/etc/ap_private.h:7148:7: note: expanded from macro 'OP_BIN_SHIFT_INT'
      operator BIN_OP(const ap_private<_AP_W, _AP_S>& op, C_TYPE i_op) {       \
      ^
/home/work/Xilinx/Install/Vitis_HLS/2024.1/vcxx/data/include/etc/ap_private.h:7199:1: note: candidate template ignored: could not match 'ap_private' against 'axis'
OPS_MIX_INT(char, 8, CHAR_IS_SIGNED)
^
/home/work/Xilinx/Install/Vitis_HLS/2024.1/vcxx/data/include/etc/ap_private.h:7178:3: note: expanded from macro 'OPS_MIX_INT'
  OP_BIN_SHIFT_INT(<<, C_TYPE, (_AP_W2), (_AP_S2), arg1) \
  ^
/home/work/Xilinx/Install/Vitis_HLS/2024.1/vcxx/data/include/etc/ap_private.h:7141:30: note: expanded from macro 'OP_BIN_SHIFT_INT'
  HLS_CONSTEXPR_EXTRA C_TYPE operator BIN_OP(C_TYPE i_op,                                          \
                             ^
/home/work/Xilinx/Install/Vitis_HLS/2024.1/vcxx/data/include/etc/ap_private.h:7199:1: note: candidate template ignored: could not match 'ap_private' against 'basic_ostream'
/home/work/Xilinx/Install/Vitis_HLS/2024.1/vcxx/data/include/etc/ap_private.h:7178:3: note: expanded from macro 'OPS_MIX_INT'
  OP_BIN_SHIFT_INT(<<, C_TYPE, (_AP_W2), (_AP_S2), arg1) \
  ^
/home/work/Xilinx/Install/Vitis_HLS/2024.1/vcxx/data/include/etc/ap_private.h:7148:7: note: expanded from macro 'OP_BIN_SHIFT_INT'
      operator BIN_OP(const ap_private<_AP_W, _AP_S>& op, C_TYPE i_op) {       \
      ^
/home/work/Xilinx/Install/Vitis_HLS/2024.1/vcxx/data/include/etc/ap_private.h:7200:1: note: candidate template ignored: could not match 'ap_private' against 'axis'
OPS_MIX_INT(signed char, 8, true)
^
/home/work/Xilinx/Install/Vitis_HLS/2024.1/vcxx/data/include/etc/ap_private.h:7178:3: note: expanded from macro 'OPS_MIX_INT'
  OP_BIN_SHIFT_INT(<<, C_TYPE, (_AP_W2), (_AP_S2), arg1) \
  ^
/home/work/Xilinx/Install/Vitis_HLS/2024.1/vcxx/data/include/etc/ap_private.h:7141:30: note: expanded from macro 'OP_BIN_SHIFT_INT'
  HLS_CONSTEXPR_EXTRA C_TYPE operator BIN_OP(C_TYPE i_op,                                          \
                             ^
/home/work/Xilinx/Install/Vitis_HLS/2024.1/vcxx/data/include/etc/ap_private.h:7200:1: note: candidate template ignored: could not match 'ap_private' against 'basic_ostream'
/home/work/Xilinx/Install/Vitis_HLS/2024.1/vcxx/data/include/etc/ap_private.h:7178:3: note: expanded from macro 'OPS_MIX_INT'
  OP_BIN_SHIFT_INT(<<, C_TYPE, (_AP_W2), (_AP_S2), arg1) \
  ^
/home/work/Xilinx/Install/Vitis_HLS/2024.1/vcxx/data/include/etc/ap_private.h:7148:7: note: expanded from macro 'OP_BIN_SHIFT_INT'
      operator BIN_OP(const ap_private<_AP_W, _AP_S>& op, C_TYPE i_op) {       \
      ^
/home/work/Xilinx/Install/Vitis_HLS/2024.1/vcxx/data/include/etc/ap_private.h:7201:1: note: candidate template ignored: could not match 'ap_private' against 'axis'
OPS_MIX_INT(unsigned char, 8, false)
^
/home/work/Xilinx/Install/Vitis_HLS/2024.1/vcxx/data/include/etc/ap_private.h:7178:3: note: expanded from macro 'OPS_MIX_INT'
  OP_BIN_SHIFT_INT(<<, C_TYPE, (_AP_W2), (_AP_S2), arg1) \
  ^
/home/work/Xilinx/Install/Vitis_HLS/2024.1/vcxx/data/include/etc/ap_private.h:7141:30: note: expanded from macro 'OP_BIN_SHIFT_INT'
  HLS_CONSTEXPR_EXTRA C_TYPE operator BIN_OP(C_TYPE i_op,                                          \
                             ^
/home/work/Xilinx/Install/Vitis_HLS/2024.1/vcxx/data/include/etc/ap_private.h:7201:1: note: candidate template ignored: could not match 'ap_private' against 'basic_ostream'
/home/work/Xilinx/Install/Vitis_HLS/2024.1/vcxx/data/include/etc/ap_private.h:7178:3: note: expanded from macro 'OPS_MIX_INT'
  OP_BIN_SHIFT_INT(<<, C_TYPE, (_AP_W2), (_AP_S2), arg1) \
  ^
/home/work/Xilinx/Install/Vitis_HLS/2024.1/vcxx/data/include/etc/ap_private.h:7148:7: note: expanded from macro 'OP_BIN_SHIFT_INT'
      operator BIN_OP(const ap_private<_AP_W, _AP_S>& op, C_TYPE i_op) {       \
      ^
/home/work/Xilinx/Install/Vitis_HLS/2024.1/vcxx/data/include/etc/ap_private.h:7202:1: note: candidate template ignored: could not match 'ap_private' against 'axis'
OPS_MIX_INT(short, sizeof(short) * 8, true)
^
/home/work/Xilinx/Install/Vitis_HLS/2024.1/vcxx/data/include/etc/ap_private.h:7178:3: note: expanded from macro 'OPS_MIX_INT'
  OP_BIN_SHIFT_INT(<<, C_TYPE, (_AP_W2), (_AP_S2), arg1) \
  ^
/home/work/Xilinx/Install/Vitis_HLS/2024.1/vcxx/data/include/etc/ap_private.h:7141:30: note: expanded from macro 'OP_BIN_SHIFT_INT'
  HLS_CONSTEXPR_EXTRA C_TYPE operator BIN_OP(C_TYPE i_op,                                          \
                             ^
/home/work/Xilinx/Install/Vitis_HLS/2024.1/vcxx/data/include/etc/ap_private.h:7202:1: note: candidate template ignored: could not match 'ap_private' against 'basic_ostream'
/home/work/Xilinx/Install/Vitis_HLS/2024.1/vcxx/data/include/etc/ap_private.h:7178:3: note: expanded from macro 'OPS_MIX_INT'
  OP_BIN_SHIFT_INT(<<, C_TYPE, (_AP_W2), (_AP_S2), arg1) \
  ^
/home/work/Xilinx/Install/Vitis_HLS/2024.1/vcxx/data/include/etc/ap_private.h:7148:7: note: expanded from macro 'OP_BIN_SHIFT_INT'
      operator BIN_OP(const ap_private<_AP_W, _AP_S>& op, C_TYPE i_op) {       \
      ^
/home/work/Xilinx/Install/Vitis_HLS/2024.1/vcxx/data/include/etc/ap_private.h:7203:1: note: candidate template ignored: could not match 'ap_private' against 'axis'
OPS_MIX_INT(unsigned short, sizeof(unsigned short) * 8, false)
^
/home/work/Xilinx/Install/Vitis_HLS/2024.1/vcxx/data/include/etc/ap_private.h:7178:3: note: expanded from macro 'OPS_MIX_INT'
  OP_BIN_SHIFT_INT(<<, C_TYPE, (_AP_W2), (_AP_S2), arg1) \
  ^
/home/work/Xilinx/Install/Vitis_HLS/2024.1/vcxx/data/include/etc/ap_private.h:7141:30: note: expanded from macro 'OP_BIN_SHIFT_INT'
  HLS_CONSTEXPR_EXTRA C_TYPE operator BIN_OP(C_TYPE i_op,                                          \
                             ^
/home/work/Xilinx/Install/Vitis_HLS/2024.1/vcxx/data/include/etc/ap_private.h:7203:1: note: candidate template ignored: could not match 'ap_private' against 'basic_ostream'
/home/work/Xilinx/Install/Vitis_HLS/2024.1/vcxx/data/include/etc/ap_private.h:7178:3: note: expanded from macro 'OPS_MIX_INT'
  OP_BIN_SHIFT_INT(<<, C_TYPE, (_AP_W2), (_AP_S2), arg1) \
  ^
/home/work/Xilinx/Install/Vitis_HLS/2024.1/vcxx/data/include/etc/ap_private.h:7148:7: note: expanded from macro 'OP_BIN_SHIFT_INT'
      operator BIN_OP(const ap_private<_AP_W, _AP_S>& op, C_TYPE i_op) {       \
      ^
/home/work/Xilinx/Install/Vitis_HLS/2024.1/vcxx/data/include/etc/ap_private.h:7204:1: note: candidate template ignored: could not match 'ap_private' against 'axis'
OPS_MIX_INT(int, sizeof(int) * 8, true)
^
/home/work/Xilinx/Install/Vitis_HLS/2024.1/vcxx/data/include/etc/ap_private.h:7178:3: note: expanded from macro 'OPS_MIX_INT'
  OP_BIN_SHIFT_INT(<<, C_TYPE, (_AP_W2), (_AP_S2), arg1) \
  ^
/home/work/Xilinx/Install/Vitis_HLS/2024.1/vcxx/data/include/etc/ap_private.h:7141:30: note: expanded from macro 'OP_BIN_SHIFT_INT'
  HLS_CONSTEXPR_EXTRA C_TYPE operator BIN_OP(C_TYPE i_op,                                          \
                             ^
/home/work/Xilinx/Install/Vitis_HLS/2024.1/vcxx/data/include/etc/ap_private.h:7204:1: note: candidate template ignored: could not match 'ap_private' against 'basic_ostream'
/home/work/Xilinx/Install/Vitis_HLS/2024.1/vcxx/data/include/etc/ap_private.h:7178:3: note: expanded from macro 'OPS_MIX_INT'
  OP_BIN_SHIFT_INT(<<, C_TYPE, (_AP_W2), (_AP_S2), arg1) \
  ^
/home/work/Xilinx/Install/Vitis_HLS/2024.1/vcxx/data/include/etc/ap_private.h:7148:7: note: expanded from macro 'OP_BIN_SHIFT_INT'
      operator BIN_OP(const ap_private<_AP_W, _AP_S>& op, C_TYPE i_op) {       \
      ^
/home/work/Xilinx/Install/Vitis_HLS/2024.1/vcxx/data/include/etc/ap_private.h:7205:1: note: candidate template ignored: could not match 'ap_private' against 'axis'
OPS_MIX_INT(unsigned int, sizeof(unsigned int) * 8, false)
^
/home/work/Xilinx/Install/Vitis_HLS/2024.1/vcxx/data/include/etc/ap_private.h:7178:3: note: expanded from macro 'OPS_MIX_INT'
  OP_BIN_SHIFT_INT(<<, C_TYPE, (_AP_W2), (_AP_S2), arg1) \
  ^
/home/work/Xilinx/Install/Vitis_HLS/2024.1/vcxx/data/include/etc/ap_private.h:7141:30: note: expanded from macro 'OP_BIN_SHIFT_INT'
  HLS_CONSTEXPR_EXTRA C_TYPE operator BIN_OP(C_TYPE i_op,                                          \
                             ^
/home/work/Xilinx/Install/Vitis_HLS/2024.1/vcxx/data/include/etc/ap_private.h:7205:1: note: candidate template ignored: could not match 'ap_private' against 'basic_ostream'
/home/work/Xilinx/Install/Vitis_HLS/2024.1/vcxx/data/include/etc/ap_private.h:7178:3: note: expanded from macro 'OPS_MIX_INT'
  OP_BIN_SHIFT_INT(<<, C_TYPE, (_AP_W2), (_AP_S2), arg1) \
  ^
/home/work/Xilinx/Install/Vitis_HLS/2024.1/vcxx/data/include/etc/ap_private.h:7148:7: note: expanded from macro 'OP_BIN_SHIFT_INT'
      operator BIN_OP(const ap_private<_AP_W, _AP_S>& op, C_TYPE i_op) {       \
      ^
/home/work/Xilinx/Install/Vitis_HLS/2024.1/vcxx/data/include/etc/ap_private.h:7206:1: note: candidate template ignored: could not match 'ap_private' against 'axis'
OPS_MIX_INT(long, sizeof(long) * 8, true)
^
/home/work/Xilinx/Install/Vitis_HLS/2024.1/vcxx/data/include/etc/ap_private.h:7178:3: note: expanded from macro 'OPS_MIX_INT'
  OP_BIN_SHIFT_INT(<<, C_TYPE, (_AP_W2), (_AP_S2), arg1) \
  ^
/home/work/Xilinx/Install/Vitis_HLS/2024.1/vcxx/data/include/etc/ap_private.h:7141:30: note: expanded from macro 'OP_BIN_SHIFT_INT'
  HLS_CONSTEXPR_EXTRA C_TYPE operator BIN_OP(C_TYPE i_op,                                          \
                             ^
/home/work/Xilinx/Install/Vitis_HLS/2024.1/vcxx/data/include/etc/ap_private.h:7206:1: note: candidate template ignored: could not match 'ap_private' against 'basic_ostream'
/home/work/Xilinx/Install/Vitis_HLS/2024.1/vcxx/data/include/etc/ap_private.h:7178:3: note: expanded from macro 'OPS_MIX_INT'
  OP_BIN_SHIFT_INT(<<, C_TYPE, (_AP_W2), (_AP_S2), arg1) \
  ^
/home/work/Xilinx/Install/Vitis_HLS/2024.1/vcxx/data/include/etc/ap_private.h:7148:7: note: expanded from macro 'OP_BIN_SHIFT_INT'
      operator BIN_OP(const ap_private<_AP_W, _AP_S>& op, C_TYPE i_op) {       \
      ^
/home/work/Xilinx/Install/Vitis_HLS/2024.1/vcxx/data/include/etc/ap_private.h:7207:1: note: candidate template ignored: could not match 'ap_private' against 'axis'
OPS_MIX_INT(unsigned long, sizeof(unsigned long) * 8, false)
^
/home/work/Xilinx/Install/Vitis_HLS/2024.1/vcxx/data/include/etc/ap_private.h:7178:3: note: expanded from macro 'OPS_MIX_INT'
  OP_BIN_SHIFT_INT(<<, C_TYPE, (_AP_W2), (_AP_S2), arg1) \
  ^
/home/work/Xilinx/Install/Vitis_HLS/2024.1/vcxx/data/include/etc/ap_private.h:7141:30: note: expanded from macro 'OP_BIN_SHIFT_INT'
  HLS_CONSTEXPR_EXTRA C_TYPE operator BIN_OP(C_TYPE i_op,                                          \
                             ^
/home/work/Xilinx/Install/Vitis_HLS/2024.1/vcxx/data/include/etc/ap_private.h:7207:1: note: candidate template ignored: could not match 'ap_private' against 'basic_ostream'
/home/work/Xilinx/Install/Vitis_HLS/2024.1/vcxx/data/include/etc/ap_private.h:7178:3: note: expanded from macro 'OPS_MIX_INT'
  OP_BIN_SHIFT_INT(<<, C_TYPE, (_AP_W2), (_AP_S2), arg1) \
  ^
/home/work/Xilinx/Install/Vitis_HLS/2024.1/vcxx/data/include/etc/ap_private.h:7148:7: note: expanded from macro 'OP_BIN_SHIFT_INT'
      operator BIN_OP(const ap_private<_AP_W, _AP_S>& op, C_TYPE i_op) {       \
      ^
/home/work/Xilinx/Install/Vitis_HLS/2024.1/vcxx/data/include/etc/ap_private.h:7208:1: note: candidate template ignored: could not match 'ap_private' against 'axis'
OPS_MIX_INT(ap_slong, sizeof(ap_slong) * 8, true)
^
/home/work/Xilinx/Install/Vitis_HLS/2024.1/vcxx/data/include/etc/ap_private.h:7178:3: note: expanded from macro 'OPS_MIX_INT'
  OP_BIN_SHIFT_INT(<<, C_TYPE, (_AP_W2), (_AP_S2), arg1) \
  ^
/home/work/Xilinx/Install/Vitis_HLS/2024.1/vcxx/data/include/etc/ap_private.h:7141:30: note: expanded from macro 'OP_BIN_SHIFT_INT'
  HLS_CONSTEXPR_EXTRA C_TYPE operator BIN_OP(C_TYPE i_op,                                          \
                             ^
/home/work/Xilinx/Install/Vitis_HLS/2024.1/vcxx/data/include/etc/ap_private.h:7208:1: note: candidate template ignored: could not match 'ap_private' against 'basic_ostream'
/home/work/Xilinx/Install/Vitis_HLS/2024.1/vcxx/data/include/etc/ap_private.h:7178:3: note: expanded from macro 'OPS_MIX_INT'
  OP_BIN_SHIFT_INT(<<, C_TYPE, (_AP_W2), (_AP_S2), arg1) \
  ^
/home/work/Xilinx/Install/Vitis_HLS/2024.1/vcxx/data/include/etc/ap_private.h:7148:7: note: expanded from macro 'OP_BIN_SHIFT_INT'
      operator BIN_OP(const ap_private<_AP_W, _AP_S>& op, C_TYPE i_op) {       \
      ^
/home/work/Xilinx/Install/Vitis_HLS/2024.1/vcxx/data/include/etc/ap_private.h:7209:1: note: candidate template ignored: could not match 'ap_private' against 'axis'
OPS_MIX_INT(ap_ulong, sizeof(ap_ulong) * 8, false)
^
/home/work/Xilinx/Install/Vitis_HLS/2024.1/vcxx/data/include/etc/ap_private.h:7178:3: note: expanded from macro 'OPS_MIX_INT'
  OP_BIN_SHIFT_INT(<<, C_TYPE, (_AP_W2), (_AP_S2), arg1) \
  ^
/home/work/Xilinx/Install/Vitis_HLS/2024.1/vcxx/data/include/etc/ap_private.h:7141:30: note: expanded from macro 'OP_BIN_SHIFT_INT'
  HLS_CONSTEXPR_EXTRA C_TYPE operator BIN_OP(C_TYPE i_op,                                          \
                             ^
/home/work/Xilinx/Install/Vitis_HLS/2024.1/vcxx/data/include/etc/ap_private.h:7209:1: note: candidate template ignored: could not match 'ap_private' against 'basic_ostream'
/home/work/Xilinx/Install/Vitis_HLS/2024.1/vcxx/data/include/etc/ap_private.h:7178:3: note: expanded from macro 'OPS_MIX_INT'
  OP_BIN_SHIFT_INT(<<, C_TYPE, (_AP_W2), (_AP_S2), arg1) \
  ^
/home/work/Xilinx/Install/Vitis_HLS/2024.1/vcxx/data/include/etc/ap_private.h:7148:7: note: expanded from macro 'OP_BIN_SHIFT_INT'
      operator BIN_OP(const ap_private<_AP_W, _AP_S>& op, C_TYPE i_op) {       \
      ^
/home/work/Xilinx/Install/Vitis_HLS/2024.1/vcxx/data/include/etc/ap_private.h:7273:1: note: candidate template ignored: could not match '_private_range_ref' against 'basic_ostream'
OP_BIN_MIX_RANGE(<<, arg1)
^
/home/work/Xilinx/Install/Vitis_HLS/2024.1/vcxx/data/include/etc/ap_private.h:7223:3: note: expanded from macro 'OP_BIN_MIX_RANGE'
  operator BIN_OP(const _private_range_ref<_AP_W1, _AP_S1>& op1,            \
  ^
/home/work/Xilinx/Install/Vitis_HLS/2024.1/vcxx/data/include/etc/ap_private.h:7273:1: note: candidate template ignored: could not match 'ap_private' against 'basic_ostream'
/home/work/Xilinx/Install/Vitis_HLS/2024.1/vcxx/data/include/etc/ap_private.h:7230:3: note: expanded from macro 'OP_BIN_MIX_RANGE'
  operator BIN_OP(const ap_private<_AP_W1, _AP_S1>& op1,                    \
  ^
/home/work/Xilinx/Install/Vitis_HLS/2024.1/vcxx/data/include/etc/ap_private.h:7360:1: note: candidate template ignored: could not match '_private_bit_ref' against 'basic_ostream'
OP_BIN_MIX_BIT(<<, arg1)
^
/home/work/Xilinx/Install/Vitis_HLS/2024.1/vcxx/data/include/etc/ap_private.h:7299:3: note: expanded from macro 'OP_BIN_MIX_BIT'
  operator BIN_OP(const _private_bit_ref<_AP_W1, _AP_S1>& op1,                \
  ^
/home/work/Xilinx/Install/Vitis_HLS/2024.1/vcxx/data/include/etc/ap_private.h:7360:1: note: candidate template ignored: could not match 'ap_private' against 'basic_ostream'
/home/work/Xilinx/Install/Vitis_HLS/2024.1/vcxx/data/include/etc/ap_private.h:7305:3: note: expanded from macro 'OP_BIN_MIX_BIT'
  operator BIN_OP(const ap_private<_AP_W1, _AP_S1>& op1,                      \
  ^
/home/work/Xilinx/Install/Vitis_HLS/2024.1/vcxx/data/include/etc/ap_private.h:7450:1: note: candidate template ignored: could not match '_private_range_ref' against 'basic_ostream'
REF_BIN_MIX_INT(bool, 1, false)
^
/home/work/Xilinx/Install/Vitis_HLS/2024.1/vcxx/data/include/etc/ap_private.h:7448:3: note: expanded from macro 'REF_BIN_MIX_INT'
  REF_BIN_OP_MIX_INT(<<, arg1, C_TYPE, (_AP_W2), (_AP_S2))
  ^
/home/work/Xilinx/Install/Vitis_HLS/2024.1/vcxx/data/include/etc/ap_private.h:7423:7: note: expanded from macro 'REF_BIN_OP_MIX_INT'
      operator BIN_OP(const _private_range_ref<_AP_W, _AP_S>& op,              \
      ^
/home/work/Xilinx/Install/Vitis_HLS/2024.1/vcxx/data/include/etc/ap_private.h:7450:1: note: candidate template ignored: could not match '_private_range_ref' against 'axis'
/home/work/Xilinx/Install/Vitis_HLS/2024.1/vcxx/data/include/etc/ap_private.h:7448:3: note: expanded from macro 'REF_BIN_MIX_INT'
  REF_BIN_OP_MIX_INT(<<, arg1, C_TYPE, (_AP_W2), (_AP_S2))
  ^
/home/work/Xilinx/Install/Vitis_HLS/2024.1/vcxx/data/include/etc/ap_private.h:7432:7: note: expanded from macro 'REF_BIN_OP_MIX_INT'
      operator BIN_OP(C_TYPE op2,                                              \
      ^
/home/work/Xilinx/Install/Vitis_HLS/2024.1/vcxx/data/include/etc/ap_private.h:7451:1: note: candidate template ignored: could not match '_private_range_ref' against 'basic_ostream'
REF_BIN_MIX_INT(char, 8, CHAR_IS_SIGNED)
^
/home/work/Xilinx/Install/Vitis_HLS/2024.1/vcxx/data/include/etc/ap_private.h:7448:3: note: expanded from macro 'REF_BIN_MIX_INT'
  REF_BIN_OP_MIX_INT(<<, arg1, C_TYPE, (_AP_W2), (_AP_S2))
  ^
/home/work/Xilinx/Install/Vitis_HLS/2024.1/vcxx/data/include/etc/ap_private.h:7423:7: note: expanded from macro 'REF_BIN_OP_MIX_INT'
      operator BIN_OP(const _private_range_ref<_AP_W, _AP_S>& op,              \
      ^
/home/work/Xilinx/Install/Vitis_HLS/2024.1/vcxx/data/include/etc/ap_private.h:7451:1: note: candidate template ignored: could not match '_private_range_ref' against 'axis'
/home/work/Xilinx/Install/Vitis_HLS/2024.1/vcxx/data/include/etc/ap_private.h:7448:3: note: expanded from macro 'REF_BIN_MIX_INT'
  REF_BIN_OP_MIX_INT(<<, arg1, C_TYPE, (_AP_W2), (_AP_S2))
  ^
/home/work/Xilinx/Install/Vitis_HLS/2024.1/vcxx/data/include/etc/ap_private.h:7432:7: note: expanded from macro 'REF_BIN_OP_MIX_INT'
      operator BIN_OP(C_TYPE op2,                                              \
      ^
/home/work/Xilinx/Install/Vitis_HLS/2024.1/vcxx/data/include/etc/ap_private.h:7452:1: note: candidate template ignored: could not match '_private_range_ref' against 'basic_ostream'
REF_BIN_MIX_INT(signed char, 8, true)
^
/home/work/Xilinx/Install/Vitis_HLS/2024.1/vcxx/data/include/etc/ap_private.h:7448:3: note: expanded from macro 'REF_BIN_MIX_INT'
  REF_BIN_OP_MIX_INT(<<, arg1, C_TYPE, (_AP_W2), (_AP_S2))
  ^
/home/work/Xilinx/Install/Vitis_HLS/2024.1/vcxx/data/include/etc/ap_private.h:7423:7: note: expanded from macro 'REF_BIN_OP_MIX_INT'
      operator BIN_OP(const _private_range_ref<_AP_W, _AP_S>& op,              \
      ^
/home/work/Xilinx/Install/Vitis_HLS/2024.1/vcxx/data/include/etc/ap_private.h:7452:1: note: candidate template ignored: could not match '_private_range_ref' against 'axis'
/home/work/Xilinx/Install/Vitis_HLS/2024.1/vcxx/data/include/etc/ap_private.h:7448:3: note: expanded from macro 'REF_BIN_MIX_INT'
  REF_BIN_OP_MIX_INT(<<, arg1, C_TYPE, (_AP_W2), (_AP_S2))
  ^
/home/work/Xilinx/Install/Vitis_HLS/2024.1/vcxx/data/include/etc/ap_private.h:7432:7: note: expanded from macro 'REF_BIN_OP_MIX_INT'
      operator BIN_OP(C_TYPE op2,                                              \
      ^
/home/work/Xilinx/Install/Vitis_HLS/2024.1/vcxx/data/include/etc/ap_private.h:7453:1: note: candidate template ignored: could not match '_private_range_ref' against 'basic_ostream'
REF_BIN_MIX_INT(unsigned char, 8, false)
^
/home/work/Xilinx/Install/Vitis_HLS/2024.1/vcxx/data/include/etc/ap_private.h:7448:3: note: expanded from macro 'REF_BIN_MIX_INT'
  REF_BIN_OP_MIX_INT(<<, arg1, C_TYPE, (_AP_W2), (_AP_S2))
  ^
/home/work/Xilinx/Install/Vitis_HLS/2024.1/vcxx/data/include/etc/ap_private.h:7423:7: note: expanded from macro 'REF_BIN_OP_MIX_INT'
      operator BIN_OP(const _private_range_ref<_AP_W, _AP_S>& op,              \
      ^
/home/work/Xilinx/Install/Vitis_HLS/2024.1/vcxx/data/include/etc/ap_private.h:7453:1: note: candidate template ignored: could not match '_private_range_ref' against 'axis'
/home/work/Xilinx/Install/Vitis_HLS/2024.1/vcxx/data/include/etc/ap_private.h:7448:3: note: expanded from macro 'REF_BIN_MIX_INT'
  REF_BIN_OP_MIX_INT(<<, arg1, C_TYPE, (_AP_W2), (_AP_S2))
  ^
/home/work/Xilinx/Install/Vitis_HLS/2024.1/vcxx/data/include/etc/ap_private.h:7432:7: note: expanded from macro 'REF_BIN_OP_MIX_INT'
      operator BIN_OP(C_TYPE op2,                                              \
      ^
/home/work/Xilinx/Install/Vitis_HLS/2024.1/vcxx/data/include/etc/ap_private.h:7454:1: note: candidate template ignored: could not match '_private_range_ref' against 'basic_ostream'
REF_BIN_MIX_INT(short, sizeof(short) * 8, true)
^
/home/work/Xilinx/Install/Vitis_HLS/2024.1/vcxx/data/include/etc/ap_private.h:7448:3: note: expanded from macro 'REF_BIN_MIX_INT'
  REF_BIN_OP_MIX_INT(<<, arg1, C_TYPE, (_AP_W2), (_AP_S2))
  ^
/home/work/Xilinx/Install/Vitis_HLS/2024.1/vcxx/data/include/etc/ap_private.h:7423:7: note: expanded from macro 'REF_BIN_OP_MIX_INT'
      operator BIN_OP(const _private_range_ref<_AP_W, _AP_S>& op,              \
      ^
/home/work/Xilinx/Install/Vitis_HLS/2024.1/vcxx/data/include/etc/ap_private.h:7454:1: note: candidate template ignored: could not match '_private_range_ref' against 'axis'
/home/work/Xilinx/Install/Vitis_HLS/2024.1/vcxx/data/include/etc/ap_private.h:7448:3: note: expanded from macro 'REF_BIN_MIX_INT'
  REF_BIN_OP_MIX_INT(<<, arg1, C_TYPE, (_AP_W2), (_AP_S2))
  ^
/home/work/Xilinx/Install/Vitis_HLS/2024.1/vcxx/data/include/etc/ap_private.h:7432:7: note: expanded from macro 'REF_BIN_OP_MIX_INT'
      operator BIN_OP(C_TYPE op2,                                              \
      ^
/home/work/Xilinx/Install/Vitis_HLS/2024.1/vcxx/data/include/etc/ap_private.h:7455:1: note: candidate template ignored: could not match '_private_range_ref' against 'basic_ostream'
REF_BIN_MIX_INT(unsigned short, sizeof(unsigned short) * 8, false)
^
/home/work/Xilinx/Install/Vitis_HLS/2024.1/vcxx/data/include/etc/ap_private.h:7448:3: note: expanded from macro 'REF_BIN_MIX_INT'
  REF_BIN_OP_MIX_INT(<<, arg1, C_TYPE, (_AP_W2), (_AP_S2))
  ^
/home/work/Xilinx/Install/Vitis_HLS/2024.1/vcxx/data/include/etc/ap_private.h:7423:7: note: expanded from macro 'REF_BIN_OP_MIX_INT'
      operator BIN_OP(const _private_range_ref<_AP_W, _AP_S>& op,              \
      ^
/home/work/Xilinx/Install/Vitis_HLS/2024.1/vcxx/data/include/etc/ap_private.h:7455:1: note: candidate template ignored: could not match '_private_range_ref' against 'axis'
/home/work/Xilinx/Install/Vitis_HLS/2024.1/vcxx/data/include/etc/ap_private.h:7448:3: note: expanded from macro 'REF_BIN_MIX_INT'
  REF_BIN_OP_MIX_INT(<<, arg1, C_TYPE, (_AP_W2), (_AP_S2))
  ^
/home/work/Xilinx/Install/Vitis_HLS/2024.1/vcxx/data/include/etc/ap_private.h:7432:7: note: expanded from macro 'REF_BIN_OP_MIX_INT'
      operator BIN_OP(C_TYPE op2,                                              \
      ^
/home/work/Xilinx/Install/Vitis_HLS/2024.1/vcxx/data/include/etc/ap_private.h:7456:1: note: candidate template ignored: could not match '_private_range_ref' against 'basic_ostream'
REF_BIN_MIX_INT(int, sizeof(int) * 8, true)
^
/home/work/Xilinx/Install/Vitis_HLS/2024.1/vcxx/data/include/etc/ap_private.h:7448:3: note: expanded from macro 'REF_BIN_MIX_INT'
  REF_BIN_OP_MIX_INT(<<, arg1, C_TYPE, (_AP_W2), (_AP_S2))
  ^
/home/work/Xilinx/Install/Vitis_HLS/2024.1/vcxx/data/include/etc/ap_private.h:7423:7: note: expanded from macro 'REF_BIN_OP_MIX_INT'
      operator BIN_OP(const _private_range_ref<_AP_W, _AP_S>& op,              \
      ^
/home/work/Xilinx/Install/Vitis_HLS/2024.1/vcxx/data/include/etc/ap_private.h:7456:1: note: candidate template ignored: could not match '_private_range_ref' against 'axis'
/home/work/Xilinx/Install/Vitis_HLS/2024.1/vcxx/data/include/etc/ap_private.h:7448:3: note: expanded from macro 'REF_BIN_MIX_INT'
  REF_BIN_OP_MIX_INT(<<, arg1, C_TYPE, (_AP_W2), (_AP_S2))
  ^
/home/work/Xilinx/Install/Vitis_HLS/2024.1/vcxx/data/include/etc/ap_private.h:7432:7: note: expanded from macro 'REF_BIN_OP_MIX_INT'
      operator BIN_OP(C_TYPE op2,                                              \
      ^
/home/work/Xilinx/Install/Vitis_HLS/2024.1/vcxx/data/include/etc/ap_private.h:7457:1: note: candidate template ignored: could not match '_private_range_ref' against 'basic_ostream'
REF_BIN_MIX_INT(unsigned int, sizeof(unsigned int) * 8, false)
^
/home/work/Xilinx/Install/Vitis_HLS/2024.1/vcxx/data/include/etc/ap_private.h:7448:3: note: expanded from macro 'REF_BIN_MIX_INT'
  REF_BIN_OP_MIX_INT(<<, arg1, C_TYPE, (_AP_W2), (_AP_S2))
  ^
/home/work/Xilinx/Install/Vitis_HLS/2024.1/vcxx/data/include/etc/ap_private.h:7423:7: note: expanded from macro 'REF_BIN_OP_MIX_INT'
      operator BIN_OP(const _private_range_ref<_AP_W, _AP_S>& op,              \
      ^
/home/work/Xilinx/Install/Vitis_HLS/2024.1/vcxx/data/include/etc/ap_private.h:7457:1: note: candidate template ignored: could not match '_private_range_ref' against 'axis'
/home/work/Xilinx/Install/Vitis_HLS/2024.1/vcxx/data/include/etc/ap_private.h:7448:3: note: expanded from macro 'REF_BIN_MIX_INT'
  REF_BIN_OP_MIX_INT(<<, arg1, C_TYPE, (_AP_W2), (_AP_S2))
  ^
/home/work/Xilinx/Install/Vitis_HLS/2024.1/vcxx/data/include/etc/ap_private.h:7432:7: note: expanded from macro 'REF_BIN_OP_MIX_INT'
      operator BIN_OP(C_TYPE op2,                                              \
      ^
/home/work/Xilinx/Install/Vitis_HLS/2024.1/vcxx/data/include/etc/ap_private.h:7458:1: note: candidate template ignored: could not match '_private_range_ref' against 'basic_ostream'
REF_BIN_MIX_INT(long, sizeof(long) * 8, true)
^
/home/work/Xilinx/Install/Vitis_HLS/2024.1/vcxx/data/include/etc/ap_private.h:7448:3: note: expanded from macro 'REF_BIN_MIX_INT'
  REF_BIN_OP_MIX_INT(<<, arg1, C_TYPE, (_AP_W2), (_AP_S2))
  ^
/home/work/Xilinx/Install/Vitis_HLS/2024.1/vcxx/data/include/etc/ap_private.h:7423:7: note: expanded from macro 'REF_BIN_OP_MIX_INT'
      operator BIN_OP(const _private_range_ref<_AP_W, _AP_S>& op,              \
      ^
/home/work/Xilinx/Install/Vitis_HLS/2024.1/vcxx/data/include/etc/ap_private.h:7458:1: note: candidate template ignored: could not match '_private_range_ref' against 'axis'
/home/work/Xilinx/Install/Vitis_HLS/2024.1/vcxx/data/include/etc/ap_private.h:7448:3: note: expanded from macro 'REF_BIN_MIX_INT'
  REF_BIN_OP_MIX_INT(<<, arg1, C_TYPE, (_AP_W2), (_AP_S2))
  ^
/home/work/Xilinx/Install/Vitis_HLS/2024.1/vcxx/data/include/etc/ap_private.h:7432:7: note: expanded from macro 'REF_BIN_OP_MIX_INT'
      operator BIN_OP(C_TYPE op2,                                              \
      ^
/home/work/Xilinx/Install/Vitis_HLS/2024.1/vcxx/data/include/etc/ap_private.h:7459:1: note: candidate template ignored: could not match '_private_range_ref' against 'basic_ostream'
REF_BIN_MIX_INT(unsigned long, sizeof(unsigned long) * 8, false)
^
/home/work/Xilinx/Install/Vitis_HLS/2024.1/vcxx/data/include/etc/ap_private.h:7448:3: note: expanded from macro 'REF_BIN_MIX_INT'
  REF_BIN_OP_MIX_INT(<<, arg1, C_TYPE, (_AP_W2), (_AP_S2))
  ^
/home/work/Xilinx/Install/Vitis_HLS/2024.1/vcxx/data/include/etc/ap_private.h:7423:7: note: expanded from macro 'REF_BIN_OP_MIX_INT'
      operator BIN_OP(const _private_range_ref<_AP_W, _AP_S>& op,              \
      ^
/home/work/Xilinx/Install/Vitis_HLS/2024.1/vcxx/data/include/etc/ap_private.h:7459:1: note: candidate template ignored: could not match '_private_range_ref' against 'axis'
/home/work/Xilinx/Install/Vitis_HLS/2024.1/vcxx/data/include/etc/ap_private.h:7448:3: note: expanded from macro 'REF_BIN_MIX_INT'
  REF_BIN_OP_MIX_INT(<<, arg1, C_TYPE, (_AP_W2), (_AP_S2))
  ^
/home/work/Xilinx/Install/Vitis_HLS/2024.1/vcxx/data/include/etc/ap_private.h:7432:7: note: expanded from macro 'REF_BIN_OP_MIX_INT'
      operator BIN_OP(C_TYPE op2,                                              \
      ^
/home/work/Xilinx/Install/Vitis_HLS/2024.1/vcxx/data/include/etc/ap_private.h:7460:1: note: candidate template ignored: could not match '_private_range_ref' against 'basic_ostream'
REF_BIN_MIX_INT(ap_slong, sizeof(ap_slong) * 8, true)
^
/home/work/Xilinx/Install/Vitis_HLS/2024.1/vcxx/data/include/etc/ap_private.h:7448:3: note: expanded from macro 'REF_BIN_MIX_INT'
  REF_BIN_OP_MIX_INT(<<, arg1, C_TYPE, (_AP_W2), (_AP_S2))
  ^
/home/work/Xilinx/Install/Vitis_HLS/2024.1/vcxx/data/include/etc/ap_private.h:7423:7: note: expanded from macro 'REF_BIN_OP_MIX_INT'
      operator BIN_OP(const _private_range_ref<_AP_W, _AP_S>& op,              \
      ^
/home/work/Xilinx/Install/Vitis_HLS/2024.1/vcxx/data/include/etc/ap_private.h:7460:1: note: candidate template ignored: could not match '_private_range_ref' against 'axis'
/home/work/Xilinx/Install/Vitis_HLS/2024.1/vcxx/data/include/etc/ap_private.h:7448:3: note: expanded from macro 'REF_BIN_MIX_INT'
  REF_BIN_OP_MIX_INT(<<, arg1, C_TYPE, (_AP_W2), (_AP_S2))
  ^
/home/work/Xilinx/Install/Vitis_HLS/2024.1/vcxx/data/include/etc/ap_private.h:7432:7: note: expanded from macro 'REF_BIN_OP_MIX_INT'
      operator BIN_OP(C_TYPE op2,                                              \
      ^
/home/work/Xilinx/Install/Vitis_HLS/2024.1/vcxx/data/include/etc/ap_private.h:7461:1: note: candidate template ignored: could not match '_private_range_ref' against 'basic_ostream'
REF_BIN_MIX_INT(ap_ulong, sizeof(ap_ulong) * 8, false)
^
/home/work/Xilinx/Install/Vitis_HLS/2024.1/vcxx/data/include/etc/ap_private.h:7448:3: note: expanded from macro 'REF_BIN_MIX_INT'
  REF_BIN_OP_MIX_INT(<<, arg1, C_TYPE, (_AP_W2), (_AP_S2))
  ^
/home/work/Xilinx/Install/Vitis_HLS/2024.1/vcxx/data/include/etc/ap_private.h:7423:7: note: expanded from macro 'REF_BIN_OP_MIX_INT'
      operator BIN_OP(const _private_range_ref<_AP_W, _AP_S>& op,              \
      ^
/home/work/Xilinx/Install/Vitis_HLS/2024.1/vcxx/data/include/etc/ap_private.h:7461:1: note: candidate template ignored: could not match '_private_range_ref' against 'axis'
/home/work/Xilinx/Install/Vitis_HLS/2024.1/vcxx/data/include/etc/ap_private.h:7448:3: note: expanded from macro 'REF_BIN_MIX_INT'
  REF_BIN_OP_MIX_INT(<<, arg1, C_TYPE, (_AP_W2), (_AP_S2))
  ^
/home/work/Xilinx/Install/Vitis_HLS/2024.1/vcxx/data/include/etc/ap_private.h:7432:7: note: expanded from macro 'REF_BIN_OP_MIX_INT'
      operator BIN_OP(C_TYPE op2,                                              \
      ^
/home/work/Xilinx/Install/Vitis_HLS/2024.1/vcxx/data/include/etc/ap_private.h:7484:1: note: candidate template ignored: could not match '_private_range_ref' against 'basic_ostream'
REF_BIN_OP(<<, arg1)
^
/home/work/Xilinx/Install/Vitis_HLS/2024.1/vcxx/data/include/etc/ap_private.h:7469:7: note: expanded from macro 'REF_BIN_OP'
      operator BIN_OP(const _private_range_ref<_AP_W, _AP_S>& lhs,            \
      ^
/home/work/Xilinx/Install/Vitis_HLS/2024.1/vcxx/data/include/etc/ap_int_base.h:1477:30: note: candidate template ignored: could not match 'ap_int_base' against 'axis'
INLINE NODEBUG std::ostream& operator<<(std::ostream& os,
                             ^
/home/work/Xilinx/Install/Vitis_HLS/2024.1/vcxx/data/include/etc/ap_int_base.h:1698:1: note: candidate template ignored: could not match 'ap_int_base' against 'basic_ostream'
ALL_OP_SHIFT_WITH_INT(char, 8, CHAR_IS_SIGNED)
^
/home/work/Xilinx/Install/Vitis_HLS/2024.1/vcxx/data/include/etc/ap_int_base.h:1678:110: note: expanded from macro 'ALL_OP_SHIFT_WITH_INT'
  HLS_CONSTEXPR INLINE NODEBUG NODEBUG typename ap_int_base<_AP_W, _AP_S>::template RType<_AP_W,_AP_S>::arg1 operator<<(           \
                                                                                                             ^
/home/work/Xilinx/Install/Vitis_HLS/2024.1/vcxx/data/include/etc/ap_int_base.h:1699:1: note: candidate template ignored: could not match 'ap_int_base' against 'basic_ostream'
ALL_OP_SHIFT_WITH_INT(signed char, 8, true)
^
/home/work/Xilinx/Install/Vitis_HLS/2024.1/vcxx/data/include/etc/ap_int_base.h:1678:110: note: expanded from macro 'ALL_OP_SHIFT_WITH_INT'
  HLS_CONSTEXPR INLINE NODEBUG NODEBUG typename ap_int_base<_AP_W, _AP_S>::template RType<_AP_W,_AP_S>::arg1 operator<<(           \
                                                                                                             ^
/home/work/Xilinx/Install/Vitis_HLS/2024.1/vcxx/data/include/etc/ap_int_base.h:1700:1: note: candidate template ignored: could not match 'ap_int_base' against 'basic_ostream'
ALL_OP_SHIFT_WITH_INT(short, _AP_SIZE_short, true)
^
/home/work/Xilinx/Install/Vitis_HLS/2024.1/vcxx/data/include/etc/ap_int_base.h:1678:110: note: expanded from macro 'ALL_OP_SHIFT_WITH_INT'
  HLS_CONSTEXPR INLINE NODEBUG NODEBUG typename ap_int_base<_AP_W, _AP_S>::template RType<_AP_W,_AP_S>::arg1 operator<<(           \
                                                                                                             ^
/home/work/Xilinx/Install/Vitis_HLS/2024.1/vcxx/data/include/etc/ap_int_base.h:1701:1: note: candidate template ignored: could not match 'ap_int_base' against 'basic_ostream'
ALL_OP_SHIFT_WITH_INT(int, _AP_SIZE_int, true)
^
/home/work/Xilinx/Install/Vitis_HLS/2024.1/vcxx/data/include/etc/ap_int_base.h:1678:110: note: expanded from macro 'ALL_OP_SHIFT_WITH_INT'
  HLS_CONSTEXPR INLINE NODEBUG NODEBUG typename ap_int_base<_AP_W, _AP_S>::template RType<_AP_W,_AP_S>::arg1 operator<<(           \
                                                                                                             ^
/home/work/Xilinx/Install/Vitis_HLS/2024.1/vcxx/data/include/etc/ap_int_base.h:1702:1: note: candidate template ignored: could not match 'ap_int_base' against 'basic_ostream'
ALL_OP_SHIFT_WITH_INT(long, _AP_SIZE_long, true)
^
/home/work/Xilinx/Install/Vitis_HLS/2024.1/vcxx/data/include/etc/ap_int_base.h:1678:110: note: expanded from macro 'ALL_OP_SHIFT_WITH_INT'
  HLS_CONSTEXPR INLINE NODEBUG NODEBUG typename ap_int_base<_AP_W, _AP_S>::template RType<_AP_W,_AP_S>::arg1 operator<<(           \
                                                                                                             ^
/home/work/Xilinx/Install/Vitis_HLS/2024.1/vcxx/data/include/etc/ap_int_base.h:1703:1: note: candidate template ignored: could not match 'ap_int_base' against 'basic_ostream'
ALL_OP_SHIFT_WITH_INT(ap_slong, _AP_SIZE_ap_slong, true)
^
/home/work/Xilinx/Install/Vitis_HLS/2024.1/vcxx/data/include/etc/ap_int_base.h:1678:110: note: expanded from macro 'ALL_OP_SHIFT_WITH_INT'
  HLS_CONSTEXPR INLINE NODEBUG NODEBUG typename ap_int_base<_AP_W, _AP_S>::template RType<_AP_W,_AP_S>::arg1 operator<<(           \
                                                                                                             ^
/home/work/Xilinx/Install/Vitis_HLS/2024.1/vcxx/data/include/etc/ap_int_base.h:1722:1: note: candidate template ignored: could not match 'ap_int_base' against 'basic_ostream'
ALL_OP_SHIFT_WITH_INT(bool, 1, false)
^
/home/work/Xilinx/Install/Vitis_HLS/2024.1/vcxx/data/include/etc/ap_int_base.h:1709:102: note: expanded from macro 'ALL_OP_SHIFT_WITH_INT'
  HLS_CONSTEXPR INLINE NODEBUG typename ap_int_base<_AP_W, _AP_S>::template RType<_AP_W,_AP_S>::arg1 operator<<(           \
                                                                                                     ^
/home/work/Xilinx/Install/Vitis_HLS/2024.1/vcxx/data/include/etc/ap_int_base.h:1723:1: note: candidate template ignored: could not match 'ap_int_base' against 'basic_ostream'
ALL_OP_SHIFT_WITH_INT(unsigned char, 8, false)
^
/home/work/Xilinx/Install/Vitis_HLS/2024.1/vcxx/data/include/etc/ap_int_base.h:1709:102: note: expanded from macro 'ALL_OP_SHIFT_WITH_INT'
  HLS_CONSTEXPR INLINE NODEBUG typename ap_int_base<_AP_W, _AP_S>::template RType<_AP_W,_AP_S>::arg1 operator<<(           \
                                                                                                     ^
/home/work/Xilinx/Install/Vitis_HLS/2024.1/vcxx/data/include/etc/ap_int_base.h:1724:1: note: candidate template ignored: could not match 'ap_int_base' against 'basic_ostream'
ALL_OP_SHIFT_WITH_INT(unsigned short, _AP_SIZE_short, false)
^
/home/work/Xilinx/Install/Vitis_HLS/2024.1/vcxx/data/include/etc/ap_int_base.h:1709:102: note: expanded from macro 'ALL_OP_SHIFT_WITH_INT'
  HLS_CONSTEXPR INLINE NODEBUG typename ap_int_base<_AP_W, _AP_S>::template RType<_AP_W,_AP_S>::arg1 operator<<(           \
                                                                                                     ^
/home/work/Xilinx/Install/Vitis_HLS/2024.1/vcxx/data/include/etc/ap_int_base.h:1725:1: note: candidate template ignored: could not match 'ap_int_base' against 'basic_ostream'
ALL_OP_SHIFT_WITH_INT(unsigned int, _AP_SIZE_int, false)
^
/home/work/Xilinx/Install/Vitis_HLS/2024.1/vcxx/data/include/etc/ap_int_base.h:1709:102: note: expanded from macro 'ALL_OP_SHIFT_WITH_INT'
  HLS_CONSTEXPR INLINE NODEBUG typename ap_int_base<_AP_W, _AP_S>::template RType<_AP_W,_AP_S>::arg1 operator<<(           \
                                                                                                     ^
/home/work/Xilinx/Install/Vitis_HLS/2024.1/vcxx/data/include/etc/ap_int_base.h:1726:1: note: candidate template ignored: could not match 'ap_int_base' against 'basic_ostream'
ALL_OP_SHIFT_WITH_INT(unsigned long, _AP_SIZE_long, false)
^
/home/work/Xilinx/Install/Vitis_HLS/2024.1/vcxx/data/include/etc/ap_int_base.h:1709:102: note: expanded from macro 'ALL_OP_SHIFT_WITH_INT'
  HLS_CONSTEXPR INLINE NODEBUG typename ap_int_base<_AP_W, _AP_S>::template RType<_AP_W,_AP_S>::arg1 operator<<(           \
                                                                                                     ^
/home/work/Xilinx/Install/Vitis_HLS/2024.1/vcxx/data/include/etc/ap_int_base.h:1727:1: note: candidate template ignored: could not match 'ap_int_base' against 'basic_ostream'
ALL_OP_SHIFT_WITH_INT(ap_ulong, _AP_SIZE_ap_slong, false)
^
/home/work/Xilinx/Install/Vitis_HLS/2024.1/vcxx/data/include/etc/ap_int_base.h:1709:102: note: expanded from macro 'ALL_OP_SHIFT_WITH_INT'
  HLS_CONSTEXPR INLINE NODEBUG typename ap_int_base<_AP_W, _AP_S>::template RType<_AP_W,_AP_S>::arg1 operator<<(           \
                                                                                                     ^
/home/work/Xilinx/Install/Vitis_HLS/2024.1/vcxx/data/include/etc/ap_int_base.h:1890:1: note: candidate template ignored: could not match 'ap_range_ref' against 'basic_ostream'
OP_BIN_WITH_RANGE(<<, arg1)
^
/home/work/Xilinx/Install/Vitis_HLS/2024.1/vcxx/data/include/etc/ap_int_base.h:1869:3: note: expanded from macro 'OP_BIN_WITH_RANGE'
  operator BIN_OP(const ap_range_ref<_AP_W1, _AP_S1>& op1,                   \
  ^
/home/work/Xilinx/Install/Vitis_HLS/2024.1/vcxx/data/include/etc/ap_int_base.h:1890:1: note: candidate template ignored: could not match 'ap_int_base' against 'basic_ostream'
/home/work/Xilinx/Install/Vitis_HLS/2024.1/vcxx/data/include/etc/ap_int_base.h:1876:3: note: expanded from macro 'OP_BIN_WITH_RANGE'
  operator BIN_OP(const ap_int_base<_AP_W1, _AP_S1>& op1,                    \
  ^
/home/work/Xilinx/Install/Vitis_HLS/2024.1/vcxx/data/include/etc/ap_int_base.h:1999:1: note: candidate template ignored: could not match 'ap_int_base' against 'basic_ostream'
OP_BIN_WITH_BIT(<<, arg1)
^
/home/work/Xilinx/Install/Vitis_HLS/2024.1/vcxx/data/include/etc/ap_int_base.h:1979:3: note: expanded from macro 'OP_BIN_WITH_BIT'
  operator BIN_OP(const ap_int_base<_AP_W1, _AP_S1>& op1,                      \
  ^
/home/work/Xilinx/Install/Vitis_HLS/2024.1/vcxx/data/include/etc/ap_int_base.h:1999:1: note: candidate template ignored: could not match 'ap_bit_ref' against 'basic_ostream'
/home/work/Xilinx/Install/Vitis_HLS/2024.1/vcxx/data/include/etc/ap_int_base.h:1985:3: note: expanded from macro 'OP_BIN_WITH_BIT'
  operator BIN_OP(const ap_bit_ref<_AP_W1, _AP_S1>& op1,                       \
  ^
/home/work/Xilinx/Install/Vitis_HLS/2024.1/vcxx/data/include/etc/ap_int_ref.h:731:30: note: candidate template ignored: could not match 'ap_range_ref' against 'axis'
INLINE NODEBUG std::ostream& operator<<(std::ostream& os,
                             ^
/home/work/Xilinx/Install/Vitis_HLS/2024.1/vcxx/data/include/etc/ap_int_ref.h:1118:1: note: candidate template ignored: could not match 'ap_range_ref' against 'basic_ostream'
REF_BIN_OP_WITH_INT_BITS(bool, 1, false)
^
/home/work/Xilinx/Install/Vitis_HLS/2024.1/vcxx/data/include/etc/ap_int_ref.h:1116:3: note: expanded from macro 'REF_BIN_OP_WITH_INT_BITS'
  REF_BIN_OP_WITH_INT(<<, arg1, C_TYPE, (_AP_W2), (_AP_S2))
  ^
/home/work/Xilinx/Install/Vitis_HLS/2024.1/vcxx/data/include/etc/ap_int_ref.h:1075:3: note: expanded from macro 'REF_BIN_OP_WITH_INT'
  operator BIN_OP(const ap_range_ref<_AP_W, _AP_S>& op, C_TYPE op2) {       \
  ^
/home/work/Xilinx/Install/Vitis_HLS/2024.1/vcxx/data/include/etc/ap_int_ref.h:1118:1: note: candidate template ignored: could not match 'ap_range_ref' against 'axis'
/home/work/Xilinx/Install/Vitis_HLS/2024.1/vcxx/data/include/etc/ap_int_ref.h:1116:3: note: expanded from macro 'REF_BIN_OP_WITH_INT_BITS'
  REF_BIN_OP_WITH_INT(<<, arg1, C_TYPE, (_AP_W2), (_AP_S2))
  ^
/home/work/Xilinx/Install/Vitis_HLS/2024.1/vcxx/data/include/etc/ap_int_ref.h:1082:3: note: expanded from macro 'REF_BIN_OP_WITH_INT'
  operator BIN_OP(C_TYPE op2, const ap_range_ref<_AP_W, _AP_S>& op) {       \
  ^
/home/work/Xilinx/Install/Vitis_HLS/2024.1/vcxx/data/include/etc/ap_int_ref.h:1119:1: note: candidate template ignored: could not match 'ap_range_ref' against 'basic_ostream'
REF_BIN_OP_WITH_INT_BITS(char, 8, CHAR_IS_SIGNED)
^
/home/work/Xilinx/Install/Vitis_HLS/2024.1/vcxx/data/include/etc/ap_int_ref.h:1116:3: note: expanded from macro 'REF_BIN_OP_WITH_INT_BITS'
  REF_BIN_OP_WITH_INT(<<, arg1, C_TYPE, (_AP_W2), (_AP_S2))
  ^
/home/work/Xilinx/Install/Vitis_HLS/2024.1/vcxx/data/include/etc/ap_int_ref.h:1075:3: note: expanded from macro 'REF_BIN_OP_WITH_INT'
  operator BIN_OP(const ap_range_ref<_AP_W, _AP_S>& op, C_TYPE op2) {       \
  ^
/home/work/Xilinx/Install/Vitis_HLS/2024.1/vcxx/data/include/etc/ap_int_ref.h:1119:1: note: candidate template ignored: could not match 'ap_range_ref' against 'axis'
/home/work/Xilinx/Install/Vitis_HLS/2024.1/vcxx/data/include/etc/ap_int_ref.h:1116:3: note: expanded from macro 'REF_BIN_OP_WITH_INT_BITS'
  REF_BIN_OP_WITH_INT(<<, arg1, C_TYPE, (_AP_W2), (_AP_S2))
  ^
/home/work/Xilinx/Install/Vitis_HLS/2024.1/vcxx/data/include/etc/ap_int_ref.h:1082:3: note: expanded from macro 'REF_BIN_OP_WITH_INT'
  operator BIN_OP(C_TYPE op2, const ap_range_ref<_AP_W, _AP_S>& op) {       \
  ^
/home/work/Xilinx/Install/Vitis_HLS/2024.1/vcxx/data/include/etc/ap_int_ref.h:1120:1: note: candidate template ignored: could not match 'ap_range_ref' against 'basic_ostream'
REF_BIN_OP_WITH_INT_BITS(signed char, 8, true)
^
/home/work/Xilinx/Install/Vitis_HLS/2024.1/vcxx/data/include/etc/ap_int_ref.h:1116:3: note: expanded from macro 'REF_BIN_OP_WITH_INT_BITS'
  REF_BIN_OP_WITH_INT(<<, arg1, C_TYPE, (_AP_W2), (_AP_S2))
  ^
/home/work/Xilinx/Install/Vitis_HLS/2024.1/vcxx/data/include/etc/ap_int_ref.h:1075:3: note: expanded from macro 'REF_BIN_OP_WITH_INT'
  operator BIN_OP(const ap_range_ref<_AP_W, _AP_S>& op, C_TYPE op2) {       \
  ^
/home/work/Xilinx/Install/Vitis_HLS/2024.1/vcxx/data/include/etc/ap_int_ref.h:1120:1: note: candidate template ignored: could not match 'ap_range_ref' against 'axis'
/home/work/Xilinx/Install/Vitis_HLS/2024.1/vcxx/data/include/etc/ap_int_ref.h:1116:3: note: expanded from macro 'REF_BIN_OP_WITH_INT_BITS'
  REF_BIN_OP_WITH_INT(<<, arg1, C_TYPE, (_AP_W2), (_AP_S2))
  ^
/home/work/Xilinx/Install/Vitis_HLS/2024.1/vcxx/data/include/etc/ap_int_ref.h:1082:3: note: expanded from macro 'REF_BIN_OP_WITH_INT'
  operator BIN_OP(C_TYPE op2, const ap_range_ref<_AP_W, _AP_S>& op) {       \
  ^
/home/work/Xilinx/Install/Vitis_HLS/2024.1/vcxx/data/include/etc/ap_int_ref.h:1121:1: note: candidate template ignored: could not match 'ap_range_ref' against 'basic_ostream'
REF_BIN_OP_WITH_INT_BITS(unsigned char, 8, false)
^
/home/work/Xilinx/Install/Vitis_HLS/2024.1/vcxx/data/include/etc/ap_int_ref.h:1116:3: note: expanded from macro 'REF_BIN_OP_WITH_INT_BITS'
  REF_BIN_OP_WITH_INT(<<, arg1, C_TYPE, (_AP_W2), (_AP_S2))
  ^
/home/work/Xilinx/Install/Vitis_HLS/2024.1/vcxx/data/include/etc/ap_int_ref.h:1075:3: note: expanded from macro 'REF_BIN_OP_WITH_INT'
  operator BIN_OP(const ap_range_ref<_AP_W, _AP_S>& op, C_TYPE op2) {       \
  ^
/home/work/Xilinx/Install/Vitis_HLS/2024.1/vcxx/data/include/etc/ap_int_ref.h:1121:1: note: candidate template ignored: could not match 'ap_range_ref' against 'axis'
/home/work/Xilinx/Install/Vitis_HLS/2024.1/vcxx/data/include/etc/ap_int_ref.h:1116:3: note: expanded from macro 'REF_BIN_OP_WITH_INT_BITS'
  REF_BIN_OP_WITH_INT(<<, arg1, C_TYPE, (_AP_W2), (_AP_S2))
  ^
/home/work/Xilinx/Install/Vitis_HLS/2024.1/vcxx/data/include/etc/ap_int_ref.h:1082:3: note: expanded from macro 'REF_BIN_OP_WITH_INT'
  operator BIN_OP(C_TYPE op2, const ap_range_ref<_AP_W, _AP_S>& op) {       \
  ^
/home/work/Xilinx/Install/Vitis_HLS/2024.1/vcxx/data/include/etc/ap_int_ref.h:1122:1: note: candidate template ignored: could not match 'ap_range_ref' against 'basic_ostream'
REF_BIN_OP_WITH_INT_BITS(short, _AP_SIZE_short, true)
^
/home/work/Xilinx/Install/Vitis_HLS/2024.1/vcxx/data/include/etc/ap_int_ref.h:1116:3: note: expanded from macro 'REF_BIN_OP_WITH_INT_BITS'
  REF_BIN_OP_WITH_INT(<<, arg1, C_TYPE, (_AP_W2), (_AP_S2))
  ^
/home/work/Xilinx/Install/Vitis_HLS/2024.1/vcxx/data/include/etc/ap_int_ref.h:1075:3: note: expanded from macro 'REF_BIN_OP_WITH_INT'
  operator BIN_OP(const ap_range_ref<_AP_W, _AP_S>& op, C_TYPE op2) {       \
  ^
/home/work/Xilinx/Install/Vitis_HLS/2024.1/vcxx/data/include/etc/ap_int_ref.h:1122:1: note: candidate template ignored: could not match 'ap_range_ref' against 'axis'
/home/work/Xilinx/Install/Vitis_HLS/2024.1/vcxx/data/include/etc/ap_int_ref.h:1116:3: note: expanded from macro 'REF_BIN_OP_WITH_INT_BITS'
  REF_BIN_OP_WITH_INT(<<, arg1, C_TYPE, (_AP_W2), (_AP_S2))
  ^
/home/work/Xilinx/Install/Vitis_HLS/2024.1/vcxx/data/include/etc/ap_int_ref.h:1082:3: note: expanded from macro 'REF_BIN_OP_WITH_INT'
  operator BIN_OP(C_TYPE op2, const ap_range_ref<_AP_W, _AP_S>& op) {       \
  ^
/home/work/Xilinx/Install/Vitis_HLS/2024.1/vcxx/data/include/etc/ap_int_ref.h:1123:1: note: candidate template ignored: could not match 'ap_range_ref' against 'basic_ostream'
REF_BIN_OP_WITH_INT_BITS(unsigned short, _AP_SIZE_short, false)
^
/home/work/Xilinx/Install/Vitis_HLS/2024.1/vcxx/data/include/etc/ap_int_ref.h:1116:3: note: expanded from macro 'REF_BIN_OP_WITH_INT_BITS'
  REF_BIN_OP_WITH_INT(<<, arg1, C_TYPE, (_AP_W2), (_AP_S2))
  ^
/home/work/Xilinx/Install/Vitis_HLS/2024.1/vcxx/data/include/etc/ap_int_ref.h:1075:3: note: expanded from macro 'REF_BIN_OP_WITH_INT'
  operator BIN_OP(const ap_range_ref<_AP_W, _AP_S>& op, C_TYPE op2) {       \
  ^
/home/work/Xilinx/Install/Vitis_HLS/2024.1/vcxx/data/include/etc/ap_int_ref.h:1123:1: note: candidate template ignored: could not match 'ap_range_ref' against 'axis'
/home/work/Xilinx/Install/Vitis_HLS/2024.1/vcxx/data/include/etc/ap_int_ref.h:1116:3: note: expanded from macro 'REF_BIN_OP_WITH_INT_BITS'
  REF_BIN_OP_WITH_INT(<<, arg1, C_TYPE, (_AP_W2), (_AP_S2))
  ^
/home/work/Xilinx/Install/Vitis_HLS/2024.1/vcxx/data/include/etc/ap_int_ref.h:1082:3: note: expanded from macro 'REF_BIN_OP_WITH_INT'
  operator BIN_OP(C_TYPE op2, const ap_range_ref<_AP_W, _AP_S>& op) {       \
  ^
/home/work/Xilinx/Install/Vitis_HLS/2024.1/vcxx/data/include/etc/ap_int_ref.h:1124:1: note: candidate template ignored: could not match 'ap_range_ref' against 'basic_ostream'
REF_BIN_OP_WITH_INT_BITS(int, _AP_SIZE_int, true)
^
/home/work/Xilinx/Install/Vitis_HLS/2024.1/vcxx/data/include/etc/ap_int_ref.h:1116:3: note: expanded from macro 'REF_BIN_OP_WITH_INT_BITS'
  REF_BIN_OP_WITH_INT(<<, arg1, C_TYPE, (_AP_W2), (_AP_S2))
  ^
/home/work/Xilinx/Install/Vitis_HLS/2024.1/vcxx/data/include/etc/ap_int_ref.h:1075:3: note: expanded from macro 'REF_BIN_OP_WITH_INT'
  operator BIN_OP(const ap_range_ref<_AP_W, _AP_S>& op, C_TYPE op2) {       \
  ^
/home/work/Xilinx/Install/Vitis_HLS/2024.1/vcxx/data/include/etc/ap_int_ref.h:1124:1: note: candidate template ignored: could not match 'ap_range_ref' against 'axis'
/home/work/Xilinx/Install/Vitis_HLS/2024.1/vcxx/data/include/etc/ap_int_ref.h:1116:3: note: expanded from macro 'REF_BIN_OP_WITH_INT_BITS'
  REF_BIN_OP_WITH_INT(<<, arg1, C_TYPE, (_AP_W2), (_AP_S2))
  ^
/home/work/Xilinx/Install/Vitis_HLS/2024.1/vcxx/data/include/etc/ap_int_ref.h:1082:3: note: expanded from macro 'REF_BIN_OP_WITH_INT'
  operator BIN_OP(C_TYPE op2, const ap_range_ref<_AP_W, _AP_S>& op) {       \
  ^
/home/work/Xilinx/Install/Vitis_HLS/2024.1/vcxx/data/include/etc/ap_int_ref.h:1125:1: note: candidate template ignored: could not match 'ap_range_ref' against 'basic_ostream'
REF_BIN_OP_WITH_INT_BITS(unsigned int, _AP_SIZE_int, false)
^
/home/work/Xilinx/Install/Vitis_HLS/2024.1/vcxx/data/include/etc/ap_int_ref.h:1116:3: note: expanded from macro 'REF_BIN_OP_WITH_INT_BITS'
  REF_BIN_OP_WITH_INT(<<, arg1, C_TYPE, (_AP_W2), (_AP_S2))
  ^
/home/work/Xilinx/Install/Vitis_HLS/2024.1/vcxx/data/include/etc/ap_int_ref.h:1075:3: note: expanded from macro 'REF_BIN_OP_WITH_INT'
  operator BIN_OP(const ap_range_ref<_AP_W, _AP_S>& op, C_TYPE op2) {       \
  ^
/home/work/Xilinx/Install/Vitis_HLS/2024.1/vcxx/data/include/etc/ap_int_ref.h:1125:1: note: candidate template ignored: could not match 'ap_range_ref' against 'axis'
/home/work/Xilinx/Install/Vitis_HLS/2024.1/vcxx/data/include/etc/ap_int_ref.h:1116:3: note: expanded from macro 'REF_BIN_OP_WITH_INT_BITS'
  REF_BIN_OP_WITH_INT(<<, arg1, C_TYPE, (_AP_W2), (_AP_S2))
  ^
/home/work/Xilinx/Install/Vitis_HLS/2024.1/vcxx/data/include/etc/ap_int_ref.h:1082:3: note: expanded from macro 'REF_BIN_OP_WITH_INT'
  operator BIN_OP(C_TYPE op2, const ap_range_ref<_AP_W, _AP_S>& op) {       \
  ^
/home/work/Xilinx/Install/Vitis_HLS/2024.1/vcxx/data/include/etc/ap_int_ref.h:1126:1: note: candidate template ignored: could not match 'ap_range_ref' against 'basic_ostream'
REF_BIN_OP_WITH_INT_BITS(long, _AP_SIZE_long, true)
^
/home/work/Xilinx/Install/Vitis_HLS/2024.1/vcxx/data/include/etc/ap_int_ref.h:1116:3: note: expanded from macro 'REF_BIN_OP_WITH_INT_BITS'
  REF_BIN_OP_WITH_INT(<<, arg1, C_TYPE, (_AP_W2), (_AP_S2))
  ^
/home/work/Xilinx/Install/Vitis_HLS/2024.1/vcxx/data/include/etc/ap_int_ref.h:1075:3: note: expanded from macro 'REF_BIN_OP_WITH_INT'
  operator BIN_OP(const ap_range_ref<_AP_W, _AP_S>& op, C_TYPE op2) {       \
  ^
/home/work/Xilinx/Install/Vitis_HLS/2024.1/vcxx/data/include/etc/ap_int_ref.h:1126:1: note: candidate template ignored: could not match 'ap_range_ref' against 'axis'
/home/work/Xilinx/Install/Vitis_HLS/2024.1/vcxx/data/include/etc/ap_int_ref.h:1116:3: note: expanded from macro 'REF_BIN_OP_WITH_INT_BITS'
  REF_BIN_OP_WITH_INT(<<, arg1, C_TYPE, (_AP_W2), (_AP_S2))
  ^
/home/work/Xilinx/Install/Vitis_HLS/2024.1/vcxx/data/include/etc/ap_int_ref.h:1082:3: note: expanded from macro 'REF_BIN_OP_WITH_INT'
  operator BIN_OP(C_TYPE op2, const ap_range_ref<_AP_W, _AP_S>& op) {       \
  ^
/home/work/Xilinx/Install/Vitis_HLS/2024.1/vcxx/data/include/etc/ap_int_ref.h:1127:1: note: candidate template ignored: could not match 'ap_range_ref' against 'basic_ostream'
REF_BIN_OP_WITH_INT_BITS(unsigned long, _AP_SIZE_long, false)
^
/home/work/Xilinx/Install/Vitis_HLS/2024.1/vcxx/data/include/etc/ap_int_ref.h:1116:3: note: expanded from macro 'REF_BIN_OP_WITH_INT_BITS'
  REF_BIN_OP_WITH_INT(<<, arg1, C_TYPE, (_AP_W2), (_AP_S2))
  ^
/home/work/Xilinx/Install/Vitis_HLS/2024.1/vcxx/data/include/etc/ap_int_ref.h:1075:3: note: expanded from macro 'REF_BIN_OP_WITH_INT'
  operator BIN_OP(const ap_range_ref<_AP_W, _AP_S>& op, C_TYPE op2) {       \
  ^
/home/work/Xilinx/Install/Vitis_HLS/2024.1/vcxx/data/include/etc/ap_int_ref.h:1127:1: note: candidate template ignored: could not match 'ap_range_ref' against 'axis'
/home/work/Xilinx/Install/Vitis_HLS/2024.1/vcxx/data/include/etc/ap_int_ref.h:1116:3: note: expanded from macro 'REF_BIN_OP_WITH_INT_BITS'
  REF_BIN_OP_WITH_INT(<<, arg1, C_TYPE, (_AP_W2), (_AP_S2))
  ^
/home/work/Xilinx/Install/Vitis_HLS/2024.1/vcxx/data/include/etc/ap_int_ref.h:1082:3: note: expanded from macro 'REF_BIN_OP_WITH_INT'
  operator BIN_OP(C_TYPE op2, const ap_range_ref<_AP_W, _AP_S>& op) {       \
  ^
/home/work/Xilinx/Install/Vitis_HLS/2024.1/vcxx/data/include/etc/ap_int_ref.h:1128:1: note: candidate template ignored: could not match 'ap_range_ref' against 'basic_ostream'
REF_BIN_OP_WITH_INT_BITS(ap_slong, _AP_SIZE_ap_slong, true)
^
/home/work/Xilinx/Install/Vitis_HLS/2024.1/vcxx/data/include/etc/ap_int_ref.h:1116:3: note: expanded from macro 'REF_BIN_OP_WITH_INT_BITS'
  REF_BIN_OP_WITH_INT(<<, arg1, C_TYPE, (_AP_W2), (_AP_S2))
  ^
/home/work/Xilinx/Install/Vitis_HLS/2024.1/vcxx/data/include/etc/ap_int_ref.h:1075:3: note: expanded from macro 'REF_BIN_OP_WITH_INT'
  operator BIN_OP(const ap_range_ref<_AP_W, _AP_S>& op, C_TYPE op2) {       \
  ^
/home/work/Xilinx/Install/Vitis_HLS/2024.1/vcxx/data/include/etc/ap_int_ref.h:1128:1: note: candidate template ignored: could not match 'ap_range_ref' against 'axis'
/home/work/Xilinx/Install/Vitis_HLS/2024.1/vcxx/data/include/etc/ap_int_ref.h:1116:3: note: expanded from macro 'REF_BIN_OP_WITH_INT_BITS'
  REF_BIN_OP_WITH_INT(<<, arg1, C_TYPE, (_AP_W2), (_AP_S2))
  ^
/home/work/Xilinx/Install/Vitis_HLS/2024.1/vcxx/data/include/etc/ap_int_ref.h:1082:3: note: expanded from macro 'REF_BIN_OP_WITH_INT'
  operator BIN_OP(C_TYPE op2, const ap_range_ref<_AP_W, _AP_S>& op) {       \
  ^
/home/work/Xilinx/Install/Vitis_HLS/2024.1/vcxx/data/include/etc/ap_int_ref.h:1129:1: note: candidate template ignored: could not match 'ap_range_ref' against 'basic_ostream'
REF_BIN_OP_WITH_INT_BITS(ap_ulong, _AP_SIZE_ap_slong, false)
^
/home/work/Xilinx/Install/Vitis_HLS/2024.1/vcxx/data/include/etc/ap_int_ref.h:1116:3: note: expanded from macro 'REF_BIN_OP_WITH_INT_BITS'
  REF_BIN_OP_WITH_INT(<<, arg1, C_TYPE, (_AP_W2), (_AP_S2))
  ^
/home/work/Xilinx/Install/Vitis_HLS/2024.1/vcxx/data/include/etc/ap_int_ref.h:1075:3: note: expanded from macro 'REF_BIN_OP_WITH_INT'
  operator BIN_OP(const ap_range_ref<_AP_W, _AP_S>& op, C_TYPE op2) {       \
  ^
/home/work/Xilinx/Install/Vitis_HLS/2024.1/vcxx/data/include/etc/ap_int_ref.h:1129:1: note: candidate template ignored: could not match 'ap_range_ref' against 'axis'
/home/work/Xilinx/Install/Vitis_HLS/2024.1/vcxx/data/include/etc/ap_int_ref.h:1116:3: note: expanded from macro 'REF_BIN_OP_WITH_INT_BITS'
  REF_BIN_OP_WITH_INT(<<, arg1, C_TYPE, (_AP_W2), (_AP_S2))
  ^
/home/work/Xilinx/Install/Vitis_HLS/2024.1/vcxx/data/include/etc/ap_int_ref.h:1082:3: note: expanded from macro 'REF_BIN_OP_WITH_INT'
  operator BIN_OP(C_TYPE op2, const ap_range_ref<_AP_W, _AP_S>& op) {       \
  ^
/home/work/Xilinx/Install/Vitis_HLS/2024.1/vcxx/data/include/etc/ap_int_ref.h:1155:1: note: candidate template ignored: could not match 'ap_range_ref' against 'basic_ostream'
REF_BIN_OP(<<, arg1)
^
/home/work/Xilinx/Install/Vitis_HLS/2024.1/vcxx/data/include/etc/ap_int_ref.h:1140:7: note: expanded from macro 'REF_BIN_OP'
      operator BIN_OP(const ap_range_ref<_AP_W, _AP_S>& lhs,                   \
      ^
/home/work/Xilinx/Install/Vitis_HLS/2024.1/vcxx/data/include/etc/ap_int_ref.h:1204:1: note: candidate template ignored: could not match 'ap_concat_ref' against 'basic_ostream'
SYN_CONCAT_REF_BIN_OP(<<, arg1)
^
/home/work/Xilinx/Install/Vitis_HLS/2024.1/vcxx/data/include/etc/ap_int_ref.h:1189:3: note: expanded from macro 'SYN_CONCAT_REF_BIN_OP'
  operator BIN_OP(                                                        \
  ^
/home/work/Xilinx/Install/Vitis_HLS/2024.1/vcxx/data/include/etc/ap_int_ref.h:1366:1: note: candidate template ignored: could not match 'ap_concat_ref' against 'basic_ostream'
CONCAT_SHIFT_WITH_INT(int, <<)
^
/home/work/Xilinx/Install/Vitis_HLS/2024.1/vcxx/data/include/etc/ap_int_ref.h:1359:42: note: expanded from macro 'CONCAT_SHIFT_WITH_INT'
  INLINE NODEBUG ap_uint<_AP_W + _AP_W1> operator OP(                              \
                                         ^
/home/work/Xilinx/Install/Vitis_HLS/2024.1/vcxx/data/include/etc/ap_int_ref.h:1367:1: note: candidate template ignored: could not match 'ap_concat_ref' against 'basic_ostream'
CONCAT_SHIFT_WITH_INT(unsigned int, <<)
^
/home/work/Xilinx/Install/Vitis_HLS/2024.1/vcxx/data/include/etc/ap_int_ref.h:1359:42: note: expanded from macro 'CONCAT_SHIFT_WITH_INT'
  INLINE NODEBUG ap_uint<_AP_W + _AP_W1> operator OP(                              \
                                         ^
/home/work/Xilinx/Install/Vitis_HLS/2024.1/vcxx/data/include/etc/ap_int_ref.h:1368:1: note: candidate template ignored: could not match 'ap_concat_ref' against 'basic_ostream'
CONCAT_SHIFT_WITH_INT(long, <<)
^
/home/work/Xilinx/Install/Vitis_HLS/2024.1/vcxx/data/include/etc/ap_int_ref.h:1359:42: note: expanded from macro 'CONCAT_SHIFT_WITH_INT'
  INLINE NODEBUG ap_uint<_AP_W + _AP_W1> operator OP(                              \
                                         ^
/home/work/Xilinx/Install/Vitis_HLS/2024.1/vcxx/data/include/etc/ap_int_ref.h:1369:1: note: candidate template ignored: could not match 'ap_concat_ref' against 'basic_ostream'
CONCAT_SHIFT_WITH_INT(unsigned long, <<)
^
/home/work/Xilinx/Install/Vitis_HLS/2024.1/vcxx/data/include/etc/ap_int_ref.h:1359:42: note: expanded from macro 'CONCAT_SHIFT_WITH_INT'
  INLINE NODEBUG ap_uint<_AP_W + _AP_W1> operator OP(                              \
                                         ^
/home/work/Xilinx/Install/Vitis_HLS/2024.1/vcxx/data/include/etc/ap_int_ref.h:1370:1: note: candidate template ignored: could not match 'ap_concat_ref' against 'basic_ostream'
CONCAT_SHIFT_WITH_INT(ap_slong, <<)
^
/home/work/Xilinx/Install/Vitis_HLS/2024.1/vcxx/data/include/etc/ap_int_ref.h:1359:42: note: expanded from macro 'CONCAT_SHIFT_WITH_INT'
  INLINE NODEBUG ap_uint<_AP_W + _AP_W1> operator OP(                              \
                                         ^
/home/work/Xilinx/Install/Vitis_HLS/2024.1/vcxx/data/include/etc/ap_int_ref.h:1371:1: note: candidate template ignored: could not match 'ap_concat_ref' against 'basic_ostream'
CONCAT_SHIFT_WITH_INT(ap_ulong, <<)
^
/home/work/Xilinx/Install/Vitis_HLS/2024.1/vcxx/data/include/etc/ap_int_ref.h:1359:42: note: expanded from macro 'CONCAT_SHIFT_WITH_INT'
  INLINE NODEBUG ap_uint<_AP_W + _AP_W1> operator OP(                              \
                                         ^
/home/work/Xilinx/Install/Vitis_HLS/2024.1/vcxx/data/include/etc/ap_fixed_base.h:2241:22: note: candidate template ignored: could not match 'ap_fixed_base' against 'axis'
INLINE std::ostream& operator<<(
                     ^
/home/work/Xilinx/Install/Vitis_HLS/2024.1/vcxx/data/include/etc/ap_fixed_base.h:2372:1: note: candidate template ignored: could not match 'ap_fixed_base' against 'basic_ostream'
ALL_AF_OP_WITH_INT(bool, 1, false)
^
/home/work/Xilinx/Install/Vitis_HLS/2024.1/vcxx/data/include/etc/ap_fixed_base.h:2353:3: note: expanded from macro 'ALL_AF_OP_WITH_INT'
  AF_BIN_OP_WITH_INT_SF(<<, C_TYPE, (BITS), (SIGN), lhs)  \
  ^
/home/work/Xilinx/Install/Vitis_HLS/2024.1/vcxx/data/include/etc/ap_fixed_base.h:2282:3: note: expanded from macro 'AF_BIN_OP_WITH_INT_SF'
  operator BIN_OP(                                                       \
  ^
/home/work/Xilinx/Install/Vitis_HLS/2024.1/vcxx/data/include/etc/ap_fixed_base.h:2373:1: note: candidate template ignored: could not match 'ap_fixed_base' against 'basic_ostream'
ALL_AF_OP_WITH_INT(char, 8, CHAR_IS_SIGNED)
^
/home/work/Xilinx/Install/Vitis_HLS/2024.1/vcxx/data/include/etc/ap_fixed_base.h:2353:3: note: expanded from macro 'ALL_AF_OP_WITH_INT'
  AF_BIN_OP_WITH_INT_SF(<<, C_TYPE, (BITS), (SIGN), lhs)  \
  ^
/home/work/Xilinx/Install/Vitis_HLS/2024.1/vcxx/data/include/etc/ap_fixed_base.h:2282:3: note: expanded from macro 'AF_BIN_OP_WITH_INT_SF'
  operator BIN_OP(                                                       \
  ^
/home/work/Xilinx/Install/Vitis_HLS/2024.1/vcxx/data/include/etc/ap_fixed_base.h:2374:1: note: candidate template ignored: could not match 'ap_fixed_base' against 'basic_ostream'
ALL_AF_OP_WITH_INT(signed char, 8, true)
^
/home/work/Xilinx/Install/Vitis_HLS/2024.1/vcxx/data/include/etc/ap_fixed_base.h:2353:3: note: expanded from macro 'ALL_AF_OP_WITH_INT'
  AF_BIN_OP_WITH_INT_SF(<<, C_TYPE, (BITS), (SIGN), lhs)  \
  ^
/home/work/Xilinx/Install/Vitis_HLS/2024.1/vcxx/data/include/etc/ap_fixed_base.h:2282:3: note: expanded from macro 'AF_BIN_OP_WITH_INT_SF'
  operator BIN_OP(                                                       \
  ^
/home/work/Xilinx/Install/Vitis_HLS/2024.1/vcxx/data/include/etc/ap_fixed_base.h:2375:1: note: candidate template ignored: could not match 'ap_fixed_base' against 'basic_ostream'
ALL_AF_OP_WITH_INT(unsigned char, 8, false)
^
/home/work/Xilinx/Install/Vitis_HLS/2024.1/vcxx/data/include/etc/ap_fixed_base.h:2353:3: note: expanded from macro 'ALL_AF_OP_WITH_INT'
  AF_BIN_OP_WITH_INT_SF(<<, C_TYPE, (BITS), (SIGN), lhs)  \
  ^
/home/work/Xilinx/Install/Vitis_HLS/2024.1/vcxx/data/include/etc/ap_fixed_base.h:2282:3: note: expanded from macro 'AF_BIN_OP_WITH_INT_SF'
  operator BIN_OP(                                                       \
  ^
/home/work/Xilinx/Install/Vitis_HLS/2024.1/vcxx/data/include/etc/ap_fixed_base.h:2376:1: note: candidate template ignored: could not match 'ap_fixed_base' against 'basic_ostream'
ALL_AF_OP_WITH_INT(short, _AP_SIZE_short, true)
^
/home/work/Xilinx/Install/Vitis_HLS/2024.1/vcxx/data/include/etc/ap_fixed_base.h:2353:3: note: expanded from macro 'ALL_AF_OP_WITH_INT'
  AF_BIN_OP_WITH_INT_SF(<<, C_TYPE, (BITS), (SIGN), lhs)  \
  ^
/home/work/Xilinx/Install/Vitis_HLS/2024.1/vcxx/data/include/etc/ap_fixed_base.h:2282:3: note: expanded from macro 'AF_BIN_OP_WITH_INT_SF'
  operator BIN_OP(                                                       \
  ^
/home/work/Xilinx/Install/Vitis_HLS/2024.1/vcxx/data/include/etc/ap_fixed_base.h:2377:1: note: candidate template ignored: could not match 'ap_fixed_base' against 'basic_ostream'
ALL_AF_OP_WITH_INT(unsigned short, _AP_SIZE_short, false)
^
/home/work/Xilinx/Install/Vitis_HLS/2024.1/vcxx/data/include/etc/ap_fixed_base.h:2353:3: note: expanded from macro 'ALL_AF_OP_WITH_INT'
  AF_BIN_OP_WITH_INT_SF(<<, C_TYPE, (BITS), (SIGN), lhs)  \
  ^
/home/work/Xilinx/Install/Vitis_HLS/2024.1/vcxx/data/include/etc/ap_fixed_base.h:2282:3: note: expanded from macro 'AF_BIN_OP_WITH_INT_SF'
  operator BIN_OP(                                                       \
  ^
/home/work/Xilinx/Install/Vitis_HLS/2024.1/vcxx/data/include/etc/ap_fixed_base.h:2378:1: note: candidate template ignored: could not match 'ap_fixed_base' against 'basic_ostream'
ALL_AF_OP_WITH_INT(int, _AP_SIZE_int, true)
^
/home/work/Xilinx/Install/Vitis_HLS/2024.1/vcxx/data/include/etc/ap_fixed_base.h:2353:3: note: expanded from macro 'ALL_AF_OP_WITH_INT'
  AF_BIN_OP_WITH_INT_SF(<<, C_TYPE, (BITS), (SIGN), lhs)  \
  ^
/home/work/Xilinx/Install/Vitis_HLS/2024.1/vcxx/data/include/etc/ap_fixed_base.h:2282:3: note: expanded from macro 'AF_BIN_OP_WITH_INT_SF'
  operator BIN_OP(                                                       \
  ^
/home/work/Xilinx/Install/Vitis_HLS/2024.1/vcxx/data/include/etc/ap_fixed_base.h:2379:1: note: candidate template ignored: could not match 'ap_fixed_base' against 'basic_ostream'
ALL_AF_OP_WITH_INT(unsigned int, _AP_SIZE_int, false)
^
/home/work/Xilinx/Install/Vitis_HLS/2024.1/vcxx/data/include/etc/ap_fixed_base.h:2353:3: note: expanded from macro 'ALL_AF_OP_WITH_INT'
  AF_BIN_OP_WITH_INT_SF(<<, C_TYPE, (BITS), (SIGN), lhs)  \
  ^
/home/work/Xilinx/Install/Vitis_HLS/2024.1/vcxx/data/include/etc/ap_fixed_base.h:2282:3: note: expanded from macro 'AF_BIN_OP_WITH_INT_SF'
  operator BIN_OP(                                                       \
  ^
/home/work/Xilinx/Install/Vitis_HLS/2024.1/vcxx/data/include/etc/ap_fixed_base.h:2380:1: note: candidate template ignored: could not match 'ap_fixed_base' against 'basic_ostream'
ALL_AF_OP_WITH_INT(long, _AP_SIZE_long, true)
^
/home/work/Xilinx/Install/Vitis_HLS/2024.1/vcxx/data/include/etc/ap_fixed_base.h:2353:3: note: expanded from macro 'ALL_AF_OP_WITH_INT'
  AF_BIN_OP_WITH_INT_SF(<<, C_TYPE, (BITS), (SIGN), lhs)  \
  ^
/home/work/Xilinx/Install/Vitis_HLS/2024.1/vcxx/data/include/etc/ap_fixed_base.h:2282:3: note: expanded from macro 'AF_BIN_OP_WITH_INT_SF'
  operator BIN_OP(                                                       \
  ^
/home/work/Xilinx/Install/Vitis_HLS/2024.1/vcxx/data/include/etc/ap_fixed_base.h:2381:1: note: candidate template ignored: could not match 'ap_fixed_base' against 'basic_ostream'
ALL_AF_OP_WITH_INT(unsigned long, _AP_SIZE_long, false)
^
/home/work/Xilinx/Install/Vitis_HLS/2024.1/vcxx/data/include/etc/ap_fixed_base.h:2353:3: note: expanded from macro 'ALL_AF_OP_WITH_INT'
  AF_BIN_OP_WITH_INT_SF(<<, C_TYPE, (BITS), (SIGN), lhs)  \
  ^
/home/work/Xilinx/Install/Vitis_HLS/2024.1/vcxx/data/include/etc/ap_fixed_base.h:2282:3: note: expanded from macro 'AF_BIN_OP_WITH_INT_SF'
  operator BIN_OP(                                                       \
  ^
/home/work/Xilinx/Install/Vitis_HLS/2024.1/vcxx/data/include/etc/ap_fixed_base.h:2382:1: note: candidate template ignored: could not match 'ap_fixed_base' against 'basic_ostream'
ALL_AF_OP_WITH_INT(ap_slong, _AP_SIZE_ap_slong, true)
^
/home/work/Xilinx/Install/Vitis_HLS/2024.1/vcxx/data/include/etc/ap_fixed_base.h:2353:3: note: expanded from macro 'ALL_AF_OP_WITH_INT'
  AF_BIN_OP_WITH_INT_SF(<<, C_TYPE, (BITS), (SIGN), lhs)  \
  ^
/home/work/Xilinx/Install/Vitis_HLS/2024.1/vcxx/data/include/etc/ap_fixed_base.h:2282:3: note: expanded from macro 'AF_BIN_OP_WITH_INT_SF'
  operator BIN_OP(                                                       \
  ^
/home/work/Xilinx/Install/Vitis_HLS/2024.1/vcxx/data/include/etc/ap_fixed_base.h:2383:1: note: candidate template ignored: could not match 'ap_fixed_base' against 'basic_ostream'
ALL_AF_OP_WITH_INT(ap_ulong, _AP_SIZE_ap_slong, false)
^
/home/work/Xilinx/Install/Vitis_HLS/2024.1/vcxx/data/include/etc/ap_fixed_base.h:2353:3: note: expanded from macro 'ALL_AF_OP_WITH_INT'
  AF_BIN_OP_WITH_INT_SF(<<, C_TYPE, (BITS), (SIGN), lhs)  \
  ^
/home/work/Xilinx/Install/Vitis_HLS/2024.1/vcxx/data/include/etc/ap_fixed_base.h:2282:3: note: expanded from macro 'AF_BIN_OP_WITH_INT_SF'
  operator BIN_OP(                                                       \
  ^
/home/work/Xilinx/Install/Vitis_HLS/2024.1/vcxx/data/include/etc/ap_fixed_ref.h:202:30: note: candidate template ignored: could not match 'af_bit_ref' against 'axis'
INLINE NODEBUG std::ostream& operator<<(
                             ^
/home/work/Xilinx/Install/Vitis_HLS/2024.1/vcxx/data/include/etc/ap_fixed_ref.h:627:30: note: candidate template ignored: could not match 'af_range_ref' against 'axis'
INLINE NODEBUG std::ostream& operator<<(
                             ^
/home/work/Xilinx/Install/Vitis_HLS/2024.1/tps/lnx64/gcc-8.3.0/lib/gcc/x86_64-pc-linux-gnu/8.3.0/../../../../include/c++/8.3.0/ostream:682:5: note: candidate template ignored: requirement '__and_<std::__not_<std::is_lvalue_reference<std::basic_ostream<char, std::char_traits<char>> &>>, std::__is_convertible_to_basic_ostream<std::basic_ostream<char, std::char_traits<char>> &>, std::__is_insertable<std::basic_ostream<char, std::char_traits<char>> &, const hls::axis<float, 32, 0, 0, '8', false> &, void>>::value' was not satisfied [with _Ostream = std::basic_ostream<char> &, _Tp = hls::axis<float, 32, 0, 0, '8', false>]
    operator<<(_Ostream&& __os, const _Tp& __x)
    ^
/home/work/Xilinx/Install/Vitis_HLS/2024.1/tps/lnx64/gcc-8.3.0/lib/gcc/x86_64-pc-linux-gnu/8.3.0/../../../../include/c++/8.3.0/iomanip:178:5: note: candidate template ignored: could not match '_Setfill' against 'axis'
    operator<<(basic_ostream<_CharT, _Traits>& __os, _Setfill<_CharT> __f)
    ^
/home/work/Xilinx/Install/Vitis_HLS/2024.1/tps/lnx64/gcc-8.3.0/lib/gcc/x86_64-pc-linux-gnu/8.3.0/../../../../include/c++/8.3.0/iomanip:311:5: note: candidate template ignored: could not match '_Put_money' against 'axis'
    operator<<(basic_ostream<_CharT, _Traits>& __os, _Put_money<_MoneyT> __f)
    ^
/home/work/Xilinx/Install/Vitis_HLS/2024.1/tps/lnx64/gcc-8.3.0/lib/gcc/x86_64-pc-linux-gnu/8.3.0/../../../../include/c++/8.3.0/iomanip:363:5: note: candidate template ignored: could not match '_Put_time' against 'axis'
    operator<<(basic_ostream<_CharT, _Traits>& __os, _Put_time<_CharT> __f)
    ^
/home/work/Xilinx/Install/Vitis_HLS/2024.1/tps/lnx64/gcc-8.3.0/lib/gcc/x86_64-pc-linux-gnu/8.3.0/../../../../include/c++/8.3.0/bits/shared_ptr.h:66:5: note: candidate template ignored: could not match '__shared_ptr' against 'axis'
    operator<<(std::basic_ostream<_Ch, _Tr>& __os,
    ^
/home/work/Xilinx/Install/Vitis_HLS/2024.1/tps/lnx64/gcc-8.3.0/lib/gcc/x86_64-pc-linux-gnu/8.3.0/../../../../include/c++/8.3.0/complex:547:5: note: candidate template ignored: could not match 'complex' against 'axis'
    operator<<(basic_ostream<_CharT, _Traits>& __os, const complex<_Tp>& __x)
    ^
/home/work/Xilinx/Install/Vitis_HLS/2024.1/tps/lnx64/gcc-8.3.0/lib/gcc/x86_64-pc-linux-gnu/8.3.0/../../../../include/c++/8.3.0/ostream:108:7: note: candidate function not viable: no known conversion from 'hls::axis<float, 32, 0, 0, '8', false>' to 'std::basic_ostream<char>::__ostream_type &(*)(std::basic_ostream<char>::__ostream_type &)' (aka 'basic_ostream<char, std::char_traits<char>> &(*)(basic_ostream<char, std::char_traits<char>> &)') for 1st argument
      operator<<(__ostream_type& (*__pf)(__ostream_type&))
      ^
/home/work/Xilinx/Install/Vitis_HLS/2024.1/tps/lnx64/gcc-8.3.0/lib/gcc/x86_64-pc-linux-gnu/8.3.0/../../../../include/c++/8.3.0/ostream:117:7: note: candidate function not viable: no known conversion from 'hls::axis<float, 32, 0, 0, '8', false>' to 'std::basic_ostream<char>::__ios_type &(*)(std::basic_ostream<char>::__ios_type &)' (aka 'basic_ios<char, std::char_traits<char>> &(*)(basic_ios<char, std::char_traits<char>> &)') for 1st argument
      operator<<(__ios_type& (*__pf)(__ios_type&))
      ^
/home/work/Xilinx/Install/Vitis_HLS/2024.1/tps/lnx64/gcc-8.3.0/lib/gcc/x86_64-pc-linux-gnu/8.3.0/../../../../include/c++/8.3.0/ostream:127:7: note: candidate function not viable: no known conversion from 'hls::axis<float, 32, 0, 0, '8', false>' to 'std::ios_base &(*)(std::ios_base &)' for 1st argument
      operator<<(ios_base& (*__pf) (ios_base&))
      ^
/home/work/Xilinx/Install/Vitis_HLS/2024.1/tps/lnx64/gcc-8.3.0/lib/gcc/x86_64-pc-linux-gnu/8.3.0/../../../../include/c++/8.3.0/ostream:166:7: note: candidate function not viable: no known conversion from 'hls::axis<float, 32, 0, 0, '8', false>' to 'long' for 1st argument
      operator<<(long __n)
      ^
/home/work/Xilinx/Install/Vitis_HLS/2024.1/tps/lnx64/gcc-8.3.0/lib/gcc/x86_64-pc-linux-gnu/8.3.0/../../../../include/c++/8.3.0/ostream:170:7: note: candidate function not viable: no known conversion from 'hls::axis<float, 32, 0, 0, '8', false>' to 'unsigned long' for 1st argument
      operator<<(unsigned long __n)
      ^
/home/work/Xilinx/Install/Vitis_HLS/2024.1/tps/lnx64/gcc-8.3.0/lib/gcc/x86_64-pc-linux-gnu/8.3.0/../../../../include/c++/8.3.0/ostream:174:7: note: candidate function not viable: no known conversion from 'hls::axis<float, 32, 0, 0, '8', false>' to 'bool' for 1st argument
      operator<<(bool __n)
      ^
/home/work/Xilinx/Install/Vitis_HLS/2024.1/tps/lnx64/gcc-8.3.0/lib/gcc/x86_64-pc-linux-gnu/8.3.0/../../../../include/c++/8.3.0/ostream:178:7: note: candidate function not viable: no known conversion from 'hls::axis<float, 32, 0, 0, '8', false>' to 'short' for 1st argument
      operator<<(short __n);
      ^
/home/work/Xilinx/Install/Vitis_HLS/2024.1/tps/lnx64/gcc-8.3.0/lib/gcc/x86_64-pc-linux-gnu/8.3.0/../../../../include/c++/8.3.0/ostream:181:7: note: candidate function not viable: no known conversion from 'hls::axis<float, 32, 0, 0, '8', false>' to 'unsigned short' for 1st argument
      operator<<(unsigned short __n)
      ^
/home/work/Xilinx/Install/Vitis_HLS/2024.1/tps/lnx64/gcc-8.3.0/lib/gcc/x86_64-pc-linux-gnu/8.3.0/../../../../include/c++/8.3.0/ostream:189:7: note: candidate function not viable: no known conversion from 'hls::axis<float, 32, 0, 0, '8', false>' to 'int' for 1st argument
      operator<<(int __n);
      ^
/home/work/Xilinx/Install/Vitis_HLS/2024.1/tps/lnx64/gcc-8.3.0/lib/gcc/x86_64-pc-linux-gnu/8.3.0/../../../../include/c++/8.3.0/ostream:192:7: note: candidate function not viable: no known conversion from 'hls::axis<float, 32, 0, 0, '8', false>' to 'unsigned int' for 1st argument
      operator<<(unsigned int __n)
      ^
/home/work/Xilinx/Install/Vitis_HLS/2024.1/tps/lnx64/gcc-8.3.0/lib/gcc/x86_64-pc-linux-gnu/8.3.0/../../../../include/c++/8.3.0/ostream:201:7: note: candidate function not viable: no known conversion from 'hls::axis<float, 32, 0, 0, '8', false>' to 'long long' for 1st argument
      operator<<(long long __n)
      ^
/home/work/Xilinx/Install/Vitis_HLS/2024.1/tps/lnx64/gcc-8.3.0/lib/gcc/x86_64-pc-linux-gnu/8.3.0/../../../../include/c++/8.3.0/ostream:205:7: note: candidate function not viable: no known conversion from 'hls::axis<float, 32, 0, 0, '8', false>' to 'unsigned long long' for 1st argument
      operator<<(unsigned long long __n)
      ^
/home/work/Xilinx/Install/Vitis_HLS/2024.1/tps/lnx64/gcc-8.3.0/lib/gcc/x86_64-pc-linux-gnu/8.3.0/../../../../include/c++/8.3.0/ostream:220:7: note: candidate function not viable: no known conversion from 'hls::axis<float, 32, 0, 0, '8', false>' to 'double' for 1st argument
      operator<<(double __f)
      ^
/home/work/Xilinx/Install/Vitis_HLS/2024.1/tps/lnx64/gcc-8.3.0/lib/gcc/x86_64-pc-linux-gnu/8.3.0/../../../../include/c++/8.3.0/ostream:224:7: note: candidate function not viable: no known conversion from 'hls::axis<float, 32, 0, 0, '8', false>' to 'float' for 1st argument
      operator<<(float __f)
      ^
/home/work/Xilinx/Install/Vitis_HLS/2024.1/tps/lnx64/gcc-8.3.0/lib/gcc/x86_64-pc-linux-gnu/8.3.0/../../../../include/c++/8.3.0/ostream:232:7: note: candidate function not viable: no known conversion from 'hls::axis<float, 32, 0, 0, '8', false>' to 'long double' for 1st argument
      operator<<(long double __f)
      ^
/home/work/Xilinx/Install/Vitis_HLS/2024.1/tps/lnx64/gcc-8.3.0/lib/gcc/x86_64-pc-linux-gnu/8.3.0/../../../../include/c++/8.3.0/ostream:245:7: note: candidate function not viable: no known conversion from 'hls::axis<float, 32, 0, 0, '8', false>' to 'const void *' for 1st argument
      operator<<(const void* __p)
      ^
/home/work/Xilinx/Install/Vitis_HLS/2024.1/tps/lnx64/gcc-8.3.0/lib/gcc/x86_64-pc-linux-gnu/8.3.0/../../../../include/c++/8.3.0/ostream:270:7: note: candidate function not viable: no known conversion from 'hls::axis<float, 32, 0, 0, '8', false>' to 'std::basic_ostream<char>::__streambuf_type *' (aka 'basic_streambuf<char, std::char_traits<char>> *') for 1st argument
      operator<<(__streambuf_type* __sb);
      ^
1 error generated.
ERROR: [SIM 211-200] Code Analyzer execution failed. Consider running the classic C simulation instead by disabling the hls.csim.code_analyzer option in the config file.
ERROR: Problem running csim: child process exited abnormally
INFO: [HLS 200-112] Total CPU user time: 4.25 seconds. Total CPU system time: 0.24 seconds. Total elapsed time: 4.41 seconds; peak allocated memory: 269.758 MB.
