# 
# Steps log generated by v++
# This log file contains a collection of steps that describe the kernel compilation flow
# Note: Some steps are tagged as internal, these steps are for debugging purposes and 
#       are not expected to be able to run independently.
# 

# The following environment variables are set when running vitis-run
Environment variables :
------------------------------------------
ULTRASIMHOME=/home/work/Cadence/ULTRASIM181
KDE_FULL_SESSION=true
LC_ALL=en_US.UTF-8
RT_TCL_PATH=/home/work/Xilinx/Install/Vitis/2024.1/scripts/rt/base_tcl/tcl
LD_LIBRARY_PATH=/home/work/Xilinx/Install/Vitis/2024.1/tps/lnx64/java-cef-95.0.4638.69/bin/lib/linux64:/home/work/Xilinx/Install/Vitis/2024.1/tps/lnx64/javafx-sdk-11.0.2/lib:/home/work/Xilinx/Install/Vitis/2024.1/lib/lnx64.o/Rhel/8:/home/work/Xilinx/Install/Vitis/2024.1/lib/lnx64.o/Rhel:/home/work/Xilinx/Install/Vitis/2024.1/lib/lnx64.o:/home/work/Xilinx/Install/Vitis/2024.1/tps/lnx64/jre11.0.16_1/lib/:/home/work/Xilinx/Install/Vitis/2024.1/tps/lnx64/jre11.0.16_1/lib//server:/home/work/Xilinx/Install/Vitis/2024.1/lib/lnx64.o/Rhel/8:/home/work/Xilinx/Install/Vitis/2024.1/lib/lnx64.o/Rhel:/home/work/Xilinx/Install/Vitis/2024.1/lib/lnx64.o:/home/work/Xilinx/Install/Vitis/2024.1/tps/lnx64/cmake-3.24.2/libs/Rhel/8:/home/work/Xilinx/Install/Vitis/2024.1/tps/lnx64/cmake-3.24.2/libs/Rhel:/home/work/Xilinx/Install/Vitis/2024.1/tps/lnx64/cmake-3.24.2/libs:/home/work/Xilinx/Install/Vitis/2024.1/lib/lnx64.o/Rhel/8:/home/work/Xilinx/Install/Vitis/2024.1/lib/lnx64.o/Rhel:/home/work/Xilinx/Install/Vitis/2024.1/lib/lnx64.o:/home/work/Xilinx/Install/Vitis/2024.1/tps/lnx64/python-3.8.3/lib:/home/work/Xilinx/Install/Vitis/2024.1/tps/lnx64/cmake-3.24.2/libs/Rhel/8:/home/work/Xilinx/Install/Vitis/2024.1/tps/lnx64/cmake-3.24.2/libs/Rhel:/home/work/Xilinx/Install/Vitis/2024.1/tps/lnx64/cmake-3.24.2/libs:/home/work/Xilinx/Install/Vitis/2024.1/lib/lnx64.o:/home/work/Xilinx/Install/Vitis/2024.1/lib/lnx64.o/Rhel/8:/home/work/Xilinx/Install/Vitis/2024.1/lib/lnx64.o/Rhel:/home/work/Xilinx/Install/Vitis/2024.1/lib/lnx64.o:/home/work/Xilinx/Install/Vitis/2024.1/tps/lnx64/python-3.8.3/lib:/home/work/Xilinx/Install/Vitis/2024.1/aietools/lib/lnx64.o:/home/work/Xilinx/Install/Vitis_HLS/2024.1/lib/lnx64.o/Rhel/8:/home/work/Xilinx/Install/Vitis_HLS/2024.1/lib/lnx64.o/Rhel:/home/work/Xilinx/Install/Vitis_HLS/2024.1/lib/lnx64.o:/home/work/Xilinx/Install/Vitis_HLS/2024.1/lib/lnx64.o:/home/work/Cadence/IC618/tools/lib:/home/work/Cadence/IC618/tools/dfII/lib:/home/work/Cadence/INCISIVE152/tools/lib:/home/work/Xilinx/Install/Vitis/2024.1/bin/../lnx64/tools/dot/lib
XILINX_VITIS=/home/work/Xilinx/Install/Vitis/2024.1
PYTHONHOME=/home/work/Xilinx/Install/Vitis/2024.1/tps/lnx64/python-3.8.3/
XILINX_DSP=
XDG_MENU_PREFIX=kf5-
TK_LIBRARY=/home/work/Xilinx/Install/Vitis/2024.1/tps/tk/tk8.5
RDI_PATCHROOT=
RT_LIBPATH=/home/work/Xilinx/Install/Vitis/2024.1/scripts/rt/data
JASPERHOME=/home/work/Cadence/JASPER1909
LANG=en_US.UTF-8
HISTCONTROL=ignoredups
CDS_AHDLCMI_ENABLE=YES
dig_45nm=/home/work/Cadence/FOUNDRY/digital/45nm
DISPLAY=:0
RDI_INSTALLROOT=/home/work/Xilinx/Install
HOSTNAME=workstation.ICcenterETCE.jadavpuruniversity.in
GENUSHOME=/home/work/Cadence/GENUS211
OLDPWD=/home/work/Xilinx/Install/Vitis/2024.1/bin
ORIGINAL_XDG_CURRENT_DESKTOP=KDE
JLSHOME=/home/work/Cadence/JLS201
EDITOR=kate
SPBHOME=/home/work/Cadence/SPB174
ANALOG=/home/work/Cadence/FOUNDRY/analog
KDE_APPLICATIONS_AS_SCOPE=1
RDI_PREPEND_PATH=/home/work/Xilinx/Install/Vitis/2024.1/bin
STRATUSHOME=/home/work/Cadence/STRATUS202
SNPSLMD_LICENSE_FILE=27020@14.139.1.126
AMSHOME=/home/work/Cadence/INCISIVE152
FOUNDRY=/home/work/Cadence/FOUNDRY
JAVA_HOME=/home/work/Xilinx/Install/Vitis/2024.1/tps/lnx64/jre11.0.16_1/
KDEDIRS=/usr
CHROME_DESKTOP=Vitis Unified IDE.desktop
CDS_Netlisting_Mode=Analog
XDG_VTNR=2
PVSHOME=/home/work/Cadence/PVS222
SSH_AUTH_SOCK=/tmp/ssh-u89Dqz3e17J8/agent.2250
XILINX_VIVADO=/home/work/Xilinx/Install/Vivado/2024.1
XILINX_SDK=/home/work/Xilinx/Install/Vitis/2024.1
which_declare=declare -f
XILINX_PLANAHEAD=/home/work/Xilinx/Install/Vitis/2024.1
ASSURAHOME=/home/work/Cadence/ASSURA41
XDG_SESSION_ID=1
USER=work
VSCODE_API_VERSION=1.53.2
DESKTOP_SESSION=plasma
RDI_BASEROOT=/home/work/Xilinx/Install/Vitis
THEIA_ELECTRON_VERSION=15.5.7
RDI_INSTALLVER=2024.1
LOPPER_DTC_FLAGS=-b 0 -@
SYNOPSYS_LC_ROOT=/home/work/Synopsys/ToolInstall/LibraryCompiler/lc/V-2023.12-SP4
GTK2_RC_FILES=/etc/gtk-2.0/gtkrc:/home/work/.gtkrc-2.0:/home/work/.gtkrc-2.0-kde4:/home/work/.config/gtkrc-2.0
SIGRITYHOME=/home/work/Cadence/SIGRITY20211
RDI_JAVA_VERSION=11.0.16_1
BUILDINFO=SW Build 5074859 on 2024-05-20-23:21:20
RDI_USE_JDK11=1
PWD=/run/media/work/Storage/SOCExtraFeatures/SoC_wsHLS/SoC_hls_component
XILINX_HLS=/home/work/Xilinx/Install/Vitis_HLS/2024.1
SSH_ASKPASS=/usr/bin/ksshaskpass
STDCELL=/home/work/Cadence/FOUNDRY/stdcell
HOME=/home/work
XCELIUMHOME=/home/work/Cadence/XCELIUM2209
THEIA_PLUGINS=local-dir:/home/work/.theia/plugins
SSH_AGENT_PID=2276
XCURSOR_SIZE=24
TCL_LIBRARY=/home/work/Xilinx/Install/Vitis/2024.1/tps/tcl/tcl8.6
RDI_SESSION_INFO=/home/work:workstation.ICcenterETCE.jadavpuruniversity.in_1726748680_29494
XDG_SESSION_TYPE=x11
XIL_CHECK_TCL_DEBUG=False
XILINX_VIVADO_HLS=/home/work/Xilinx/Install/Vivado/2024.1
INNOVUSHOME=/home/work/Cadence/INNOVUS211
RDI_APPROOT=/home/work/Xilinx/Install/Vitis/2024.1
XDG_DATA_DIRS=/home/work/.local/share/flatpak/exports/share:/var/lib/flatpak/exports/share:/usr/local/share:/usr/share
CDS_INST_DIR=/home/work/Cadence/IC618
_RDI_DONT_SET_XILINX_AS_PATH=True
MYVIVADO=
RDI_TPS_ROOT=/home/work/Xilinx/Install/Vivado/2024.1/tps/lnx64
RDI_BUILD=yes
CDSHOME=/home/work/Cadence/IC618
ISL_IOSTREAMS_RSA=/home/work/Xilinx/Install/Vitis/2024.1/tps/isl
GDK_CORE_DEVICE_EVENTS=1
XDG_SESSION_DESKTOP=KDE
IUSHOME=/home/work/Cadence/INCISIVE152
MODUSHOME=/home/work/Cadence/MODUS201
LC_NUMERIC=C
RDI_PLATFORM=lnx64
RDI_BINROOT=/home/work/Xilinx/Install/Vitis/2024.1/bin
RDI_PROG=/home/work/Xilinx/Install/Vitis/2024.1/bin/unwrapped/lnx64.o/vitis-run
HDIPRELDPATH=/home/work/Xilinx/Install/Vitis/2024.1/lib/lnx64.o/Rhel/8:/home/work/Xilinx/Install/Vitis/2024.1/lib/lnx64.o/Rhel:/home/work/Xilinx/Install/Vitis/2024.1/lib/lnx64.o:/home/work/Xilinx/Install/Vitis/2024.1/tps/lnx64/cmake-3.24.2/libs/Rhel/8:/home/work/Xilinx/Install/Vitis/2024.1/tps/lnx64/cmake-3.24.2/libs/Rhel:/home/work/Xilinx/Install/Vitis/2024.1/tps/lnx64/cmake-3.24.2/libs:/home/work/Xilinx/Install/Vitis/2024.1/lib/lnx64.o/Rhel/8:/home/work/Xilinx/Install/Vitis/2024.1/lib/lnx64.o/Rhel:/home/work/Xilinx/Install/Vitis/2024.1/lib/lnx64.o:/home/work/Xilinx/Install/Vitis/2024.1/tps/lnx64/python-3.8.3/lib:/home/work/Xilinx/Install/Vitis/2024.1/tps/lnx64/cmake-3.24.2/libs/Rhel/8:/home/work/Xilinx/Install/Vitis/2024.1/tps/lnx64/cmake-3.24.2/libs/Rhel:/home/work/Xilinx/Install/Vitis/2024.1/tps/lnx64/cmake-3.24.2/libs:/home/work/Xilinx/Install/Vitis/2024.1/lib/lnx64.o:/home/work/Xilinx/Install/Vitis/2024.1/lib/lnx64.o/Rhel/8:/home/work/Xilinx/Install/Vitis/2024.1/lib/lnx64.o/Rhel:/home/work/Xilinx/Install/Vitis/2024.1/lib/lnx64.o:/home/work/Xilinx/Install/Vitis/2024.1/tps/lnx64/python-3.8.3/lib:/home/work/Xilinx/Install/Vitis/2024.1/aietools/lib/lnx64.o:/home/work/Xilinx/Install/Vitis_HLS/2024.1/lib/lnx64.o/Rhel/8:/home/work/Xilinx/Install/Vitis_HLS/2024.1/lib/lnx64.o/Rhel:/home/work/Xilinx/Install/Vitis_HLS/2024.1/lib/lnx64.o:/home/work/Xilinx/Install/Vitis_HLS/2024.1/lib/lnx64.o:/home/work/Cadence/IC618/tools/lib:/home/work/Cadence/IC618/tools/dfII/lib:/home/work/Cadence/INCISIVE152/tools/lib:/home/work/Xilinx/Install/Vitis/2024.1/bin/../lnx64/tools/dot/lib
RDI_DATADIR=/home/work/Xilinx/Install/Vitis/2024.1/data
DESKTOP_STARTUP_ID=workstation.ICcenterETCE.jadavpuruniversity.in;1726748680;361300;2428_TIME11848192
MVSHOME=/home/work/Cadence/MVS202
SYNTH_COMMON=/home/work/Xilinx/Install/Vitis/2024.1/scripts/rt/data
VMANAGERHOME=/home/work/Cadence/VMANAGER2009
MMSIMHOME=/home/work/Cadence/SPECTRE211
MAIL=/var/spool/mail/work
LECHOME=/home/work/Cadence/CONFRML211
LIBERATEHOME=/home/work/Cadence/LIBERATE201
CDS_LIC_FILE=5280@14.139.1.126
FINFET=/home/work/Cadence/FOUNDRY/cds_ff_mpt_v_1.0
THEIA_APP_PROJECT_PATH=/home/work/Xilinx/Install/Vitis/2024.1/ide/electron-app/lnx64/resources/app
THEIA_ELECTRON_TOKEN={"value":"1b05ea26-9ea1-4074-aa27-19dde715375e"}
SHELL=/bin/bash
XDG_SESSION_CLASS=user
XDG_SEAT_PATH=/org/freedesktop/DisplayManager/Seat0
FREETYPE_PROPERTIES=truetype:interpreter-version=35
THEIA_DEFAULT_PLUGINS=local-dir:/home/work/Xilinx/Install/Vitis/2024.1/ide/electron-app/lnx64/resources/app/plugins
LM_LICENSE_FILE=5280@14.139.1.126
XCURSOR_THEME=breeze_cursors
ICV_HOME_DIR=/home/work/Synopsys/ToolInstall/ICValidator/icvalidator/V-2023.12-SP4
CDS_AUTO_64BIT=ALL
XDG_CURRENT_DESKTOP=KDE
QRC_HOME=/home/work/Cadence/QUANTUS212
VERDI_HOME=/home/work/Synopsys/ToolInstall/Verdi/verdi/V-2023.12-SP2
HDI_APPROOT=/home/work/Xilinx/Install/Vitis/2024.1
XDG_SEAT=seat0
SHLVL=5
LANGUAGE=en_US:en
PYTHONPATH=/home/work/Xilinx/Install/Vitis/2024.1/cli/:/home/work/Xilinx/Install/Vitis/2024.1/cli/python-packages/site-packages:/home/work/Xilinx/Install/Vitis/2024.1/cli/proto:/home/work/Xilinx/Install/Vitis/2024.1/tps/lnx64/python-3.8.3/lib/python3.8/lib-dynload/:/home/work/Xilinx/Install/Vitis/2024.1/tps/lnx64/python-3.8.3/lib/python3.8/:/home/work/Xilinx/Install/Vitis/2024.1/tps/lnx64/python-3.8.3/lib/python3.8/lib-dynload/:/home/work/Xilinx/Install/Vitis/2024.1/tps/lnx64/python-3.8.3/lib/python3.8:/home/work/Xilinx/Install/Vitis/2024.1/cli/:/home/work/Xilinx/Install/Vitis/2024.1/cli/python-packages/site-packages:/home/work/Xilinx/Install/Vitis/2024.1/cli/python-packages/lnx64:/home/work/Xilinx/Install/Vitis/2024.1/cli/proto:/home/work/Xilinx/Install/Vitis/2024.1/scripts/python_pkg
XIL_NO_OVERRIDE=0
INTEGRANDHOME=/home/work/Cadence/INTEGRAND60
DIGITAL=/home/work/Cadence/FOUNDRY/digital
GTK_RC_FILES=/etc/gtk/gtkrc:/home/work/.gtkrc:/home/work/.config/gtkrc
IDE_SKIP_SERVER_LICENSE=1
RDI_OPT_EXT=.o
PRIMESIM_HOME=/home/work/Synopsys/ToolInstall/PrimeSim/primesim/V-2023.12-SP2
TCMALLOC_LARGE_ALLOC_REPORT_THRESHOLD=4294967296
LOGNAME=work
DBUS_SESSION_BUS_ADDRESS=unix:path=/run/user/1000/bus
XIL_SUPPRESS_OVERRIDE_WARNINGS=1
XDG_RUNTIME_DIR=/run/user/1000
XAUTHORITY=/home/work/.Xauthority
XDG_SESSION_PATH=/org/freedesktop/DisplayManager/Session0
QT_AUTO_SCREEN_SCALE_FACTOR=0
XDG_CONFIG_DIRS=/home/work/.config/kdedefaults:/etc/xdg:/usr/share/kde-settings/kde-profile/default/xdg
RDI_SHARED_DATA=/home/work/Xilinx/Install/SharedData/2024.1/data
PATH=/home/work/Xilinx/Install/Vivado/2024.1/tps/lnx64/binutils-2.26/bin:/home/work/Xilinx/Install/Vitis/2024.1/bin/../gnu/aarch64/lin/aarch64-linux/bin:/home/work/Xilinx/Install/Vitis/2024.1/bin/../gnu/ppc64le/4.9.3/lnx64/bin:/home/work/Xilinx/Install/Vitis/2024.1/bin/../gnu/aarch32/lin/gcc-arm-linux-gnueabi/bin:/home/work/Xilinx/Install/Vivado/2024.1/tps/lnx64/gcc-8.3.0/bin:/home/work/Xilinx/Install/Vivado/2024.1/gnu/microblaze/lin/bin:/home/work/Xilinx/Install/Vitis/2024.1/bin:/home/work/Xilinx/Install/Vitis/2024.1/tps/lnx64/jre11.0.16_1/bin:/home/work/Xilinx/Install/Vitis/2024.1/gnu/microblaze/lin/bin:/home/work/Xilinx/Install/Vitis/2024.1/gnu/arm/lin/bin:/home/work/Xilinx/Install/Vitis/2024.1/gnu/microblaze/linux_toolchain/nt64_be/bin:/home/work/Xilinx/Install/Vitis/2024.1/gnu/microblaze/linux_toolchain/nt64_le/bin:/home/work/Xilinx/Install/Vitis/2024.1/gnu/aarch32/lin/gcc-arm-linux-gnueabi/bin:/home/work/Xilinx/Install/Vitis/2024.1/gnu/aarch32/lin/gcc-arm-none-eabi/bin:/home/work/Xilinx/Install/Vitis/2024.1/gnu/aarch64/lin/aarch64-linux/bin:/home/work/Xilinx/Install/Vitis/2024.1/gnu/aarch64/lin/aarch64-none/bin:/home/work/Xilinx/Install/Vitis/2024.1/gnu/armr5/lin/gcc-arm-none-eabi/bin:/home/work/Xilinx/Install/Vitis/2024.1/tps/lnx64/cmake-3.24.2/bin:/home/work/Xilinx/Install/Vitis/2024.1/lnx64/tools/clang/bin:/home/work/Xilinx/Install/Vitis/2024.1/tps/lnx64/python-3.8.3//bin:/home/work/Xilinx/Install/Vitis/2024.1/tps/lnx64/jre11.0.16_1//bin:/bin:/home/work/Xilinx/Install/Vivado/2024.1/bin:/home/work/Xilinx/Install/Vitis/2024.1/tps/lnx64/git-2.16.2/bin:/home/work/Xilinx/Install/Vitis/2024.1/gnu/riscv/lin/riscv64-unknown-elf/bin:/home/work/Xilinx/Install/Vitis_HLS/2024.1/bin:/home/work/Xilinx/Install/Vitis/2024.1/aietools/bin:/home/work/.local/bin:/home/work/bin:/home/work/Cadence/IC618/bin:/home/work/Cadence/IC618/tools/bin:/home/work/Cadence/SPECTRE211/bin:/home/work/Cadence/INCISIVE152/bin:/home/work/Cadence/INCISIVE152/tools.lnx86/bin:/home/work/Cadence/INCISIVE152/tools/dfII/bin:/home/work/Cadence/INCISIVE152/tools.lnx86/dfII/bin:/home/work/Cadence/INCISIVE152/share/bin:/home/work/Cadence/ASSURA41/bin:/home/work/Cadence/ASSURA41/tools/bin:/home/work/Cadence/ASSURA41/tools/dfII/bin:/home/work/Cadence/ASSURA41/tools.lnx86/dfII/bin:/home/work/Cadence/ASSURA41/share/bin:/home/work/Cadence/PVS222/tools/assura/bin:/home/work/Cadence/PVS222/tools/bin:/home/work/Cadence/PVS222/bin:/home/work/Cadence/PVS222/tools.lnx86/bin:/home/work/Cadence/PVS222/tools/dfII/bin:/home/work/Cadence/QUANTUS212/tools/bin:/home/work/Cadence/SPB174/bin:/home/work/Cadence/SPB174/tools.lnx86/pcb/bin:/home/work/Cadence/SPB174/tools.lnx86/dfII/bin:/home/work/Cadence/SPB174/tools.lnx86/bin:/home/work/Cadence/CONFRML211/bin:/home/work/Cadence/CONFRML211/tools.lnx86/bin:/home/work/Cadence/CONFRML211/tools.lnx86/dfII/bin:/home/work/Cadence/CONFRML211/share/bin:/home/work/Cadence/LIBERATE201/tools.lnx86/bin:/home/work/Cadence/LIBERATE201/tools.lnx86/dfII/bin:/home/work/Cadence/LIBERATE201/bin:/home/work/Cadence/GENUS211/bin:/home/work/Cadence/GENUS211/share/bin:/home/work/Cadence/GENUS211/tools.lnx86/dfII/bin:/home/work/Cadence/GENUS211/tools.lnx86/bin:/home/work/Cadence/INNOVUS211/bin:/home/work/Cadence/INNOVUS211/tools/bin:/home/work/Cadence/INNOVUS211/tools/dfII/bin:/home/work/Cadence/INNOVUS211/share/bin:/home/work/Cadence/SSV221/bin:/home/work/Cadence/SSV221/tools.lnx86/bin:/home/work/Cadence/SSV221/tools.lnx86/dfII/bin:/home/work/Cadence/SSV221/share/bin:/home/work/Cadence/XCELIUM2209/tools.lnx86/dfII/bin:/home/work/Cadence/XCELIUM2209/share/bin:/home/work/Cadence/XCELIUM2209/bin:/home/work/Cadence/XCELIUM2209/tools/bin:/home/work/Cadence/XCELIUM2209/tools/dfII/bin:/home/work/Cadence/XCELIUM2209/tools.lnx86/bin:/home/work/Cadence/MODUS201/bin:/home/work/Cadence/MODUS201/tools.lnx86/bin:/home/work/Cadence/MODUS201/tools.lnx86/dfII/bin:/home/work/Cadence/JASPER1909/bin:/home/work/Cadence/JASPER1909/tools.lnx86/bin:/home/work/Cadence/JASPER1909/tools.lnx86/dfII/bin:/home/work/Cadence/JASPER1909/share/bin:/home/work/Cadence/MVS202/tools.lnx86/dfII/bin:/home/work/Cadence/MVS202/share/bin:/home/work/Cadence/MVS202/bin:/home/work/Cadence/MVS202/tools.lnx86/bin:/home/work/Cadence/SIGRITY20211/tools.lnx86/dfII/bin:/home/work/Cadence/SIGRITY20211/share/bin:/home/work/Cadence/SIGRITY20211/bin:/home/work/Cadence/SIGRITY20211/tools.lnx86/bin:/home/work/Cadence/STRATUS202/bin:/home/work/Cadence/STRATUS202/tools.lnx86/bin:/home/work/Cadence/STRATUS202/tools.lnx86/dfII/bin:/home/work/Cadence/STRATUS202/share/bin:/home/work/Cadence/ULTRASIM181/tools.lnx86/dfII/bin:/home/work/Cadence/ULTRASIM181/share/bin:/home/work/Cadence/ULTRASIM181/bin:/home/work/Cadence/ULTRASIM181/tools.lnx86/bin:/home/work/Cadence/VMANAGER2009/tools.lnx86/dfII/bin:/home/work/Cadence/VMANAGER2009/share/bin:/home/work/Cadence/VMANAGER2009/bin:/home/work/Cadence/VMANAGER2009/tools.lnx86/bin:/home/work/Cadence/INTEGRAND60/tools.lnx86/dfII/bin:/home/work/Cadence/INTEGRAND60/share/bin:/home/work/Cadence/INTEGRAND60/bin:/home/work/Cadence/INTEGRAND60/tools.lnx86/bin:/home/work/Cadence/JLS201/tools.lnx86/dfII/bin:/home/work/Cadence/JLS201/share/bin:/home/work/Cadence/JLS201/bin:/home/work/Cadence/JLS201/tools.lnx86/bin:/usr/local/bin:/usr/bin:/usr/local/sbin:/usr/sbin:/sbin:/home/work/Synopsys/ToolInstall/Container/snps_container/1.9/bin:/home/work/Synopsys/ToolInstall/CustomCompiler/customcompiler/V-2023.12-SP2/bin:/home/work/Synopsys/ToolInstall/CustomWave/wv/V-2023.12-SP2/bin:/home/work/Synopsys/ToolInstall/DC/syn/V-2023.12-SP3/bin:/home/work/Synopsys/ToolInstall/Formality/fm/V-2023.12-SP4/bin:/home/work/Synopsys/ToolInstall/ICC2/icc2/V-2023.12-SP4/bin:/home/work/Synopsys/ToolInstall/ICValidator/icvalidator/V-2023.12-SP4/bin:/home/work/Synopsys/ToolInstall/LibraryCompiler/lc/V-2023.12-SP4/bin:/home/work/Synopsys/ToolInstall/PrimeSim/primesim/V-2023.12-SP2/bin:/home/work/Synopsys/ToolInstall/PrimeTimeSuite/prime/V-2023.12-SP3/bin:/home/work/Synopsys/ToolInstall/PrimeWave_DE/primewave/V-2023.12-SP2/bin:/home/work/Synopsys/ToolInstall/StarRC/starrc/R-2020.09-SP5-5/bin:/home/work/Synopsys/ToolInstall/Synplify/fpga/V-2023.09-SP1/bin:/home/work/Synopsys/ToolInstall/VCS/vcs/V-2023.12-SP1-1/bin:/home/work/Synopsys/ToolInstall/Verdi/verdi/V-2023.12-SP2/bin
VCS_HOME=/home/work/Synopsys/ToolInstall/VCS/vcs/V-2023.12-SP1-1
KDE_SESSION_UID=1000
QRC_ENABLE_QRCRACTION=1
DEBUGINFOD_URLS=https://debuginfod.centos.org/ 
KDE_SESSION_VERSION=5
RDI_JAVA_PLATFORM=
SSVHOME=/home/work/Cadence/SSV221
HISTSIZE=1000
INSTALL_DIR=/home/work/Cadence
SESSION_MANAGER=local/unix:@/tmp/.ICE-unix/2410,unix/unix:/tmp/.ICE-unix/2410
RDI_LIBDIR=/home/work/Xilinx/Install/Vitis/2024.1/lib/lnx64.o/Rhel/8:/home/work/Xilinx/Install/Vitis/2024.1/lib/lnx64.o/Rhel:/home/work/Xilinx/Install/Vitis/2024.1/lib/lnx64.o
LESSOPEN=||/usr/bin/lesspipe.sh %s
BASH_FUNC_which%%=() {  ( alias;
 eval ${which_declare} ) | /usr/bin/which --tty-only --read-alias --read-functions --show-tilde --show-dot $@
}
_=/home/work/Xilinx/Install/Vitis/2024.1/bin/unwrapped/lnx64.o/vitis-run
XILINX_CD_CONNECT_ID=43263
XILINX_CD_SESSION=6f1e23f0-2576-402c-9fcb-fbdd35139ba8


VITIS-RUN command line:
------------------------------------------
/home/work/Xilinx/Install/Vitis/2024.1/bin/unwrapped/lnx64.o/vitis-run --mode hls --csim --config /run/media/work/Storage/SOCExtraFeatures/SoC_wsHLS/SoC_hls_component/hls_config.cfg --work_dir SoC_hls_component 

FINAL PROGRAM OPTIONS
--config /run/media/work/Storage/SOCExtraFeatures/SoC_wsHLS/SoC_hls_component/hls_config.cfg
--csim
--hls.clock 5ns
--hls.clock_uncertainty 0ns
--hls.csim.code_analyzer 1
--hls.flow_target vivado
--hls.package.output.format ip_catalog
--hls.package.output.syn false
--hls.syn.file /run/media/work/Storage/SOCExtraFeatures/src/dimensions.h
--hls.syn.file /run/media/work/Storage/SOCExtraFeatures/src/MatCalc.cpp
--hls.syn.file /run/media/work/Storage/SOCExtraFeatures/src/FFT.cpp
--hls.syn.top call_fft_ip
--hls.tb.file /run/media/work/Storage/SOCExtraFeatures/src/tb.cpp
--hls.tb.file /run/media/work/Storage/SOCExtraFeatures/src/H_L2_1.csv
--mode hls
--part xc7z020clg400-1
--work_dir SoC_hls_component

PARSED COMMAND LINE OPTIONS
--mode hls 
--csim 
--config /run/media/work/Storage/SOCExtraFeatures/SoC_wsHLS/SoC_hls_component/hls_config.cfg 
--work_dir SoC_hls_component 

PARSED CONFIG FILE (1) OPTIONS
file: /run/media/work/Storage/SOCExtraFeatures/SoC_wsHLS/SoC_hls_component/hls_config.cfg
part xc7z020clg400-1 
hls.flow_target vivado 
hls.package.output.format ip_catalog 
hls.package.output.syn false 
hls.clock_uncertainty 0ns 
hls.clock 5ns 
hls.syn.top call_fft_ip 
hls.csim.code_analyzer 1 
hls.tb.file /run/media/work/Storage/SOCExtraFeatures/src/tb.cpp 
hls.tb.file /run/media/work/Storage/SOCExtraFeatures/src/H_L2_1.csv 
hls.syn.file /run/media/work/Storage/SOCExtraFeatures/src/dimensions.h 
hls.syn.file /run/media/work/Storage/SOCExtraFeatures/src/MatCalc.cpp 
hls.syn.file /run/media/work/Storage/SOCExtraFeatures/src/FFT.cpp 


==========================================
new:  steps log generated by v++ for new launch 
timestamp: 19 Sep 2024 17:58:11
------------------------------------------
VITIS-RUN internal step: writing a config file for vitis_hls: /run/media/work/Storage/SOCExtraFeatures/SoC_wsHLS/SoC_hls_component/SoC_hls_component/hls/config.cmdline
timestamp: 19 Sep 2024 17:58:11
VITIS-RUN internal step status: success
------------------------------------------
VITIS-RUN internal step: running vitis_hls
timestamp: 19 Sep 2024 17:58:11
working dir: /run/media/work/Storage/SOCExtraFeatures/SoC_wsHLS/SoC_hls_component
cmd: vitis_hls -nolog -run csim -work_dir /run/media/work/Storage/SOCExtraFeatures/SoC_wsHLS/SoC_hls_component/SoC_hls_component -config /run/media/work/Storage/SOCExtraFeatures/SoC_wsHLS/SoC_hls_component/hls_config.cfg -cmdlineconfig /run/media/work/Storage/SOCExtraFeatures/SoC_wsHLS/SoC_hls_component/SoC_hls_component/hls/config.cmdline
VITIS-RUN internal step status: success

------------------------------------------
V++ command line :
------------------------------------------
/home/work/Xilinx/Install/Vitis/2024.1/bin/unwrapped/lnx64.o/v++ -c --mode hls --config /run/media/work/Storage/SOCExtraFeatures/SoC_wsHLS/SoC_hls_component/hls_config.cfg --work_dir SoC_hls_component 
  Options from -O    : 
  Options from *.ini : 
  Options from Hw Platform : 

==========================================
new:  steps log generated by v++ for new launch 
timestamp: 19 Sep 2024 17:58:27
------------------------------------------
V++ internal step: writing a config file for vitis_hls: /run/media/work/Storage/SOCExtraFeatures/SoC_wsHLS/SoC_hls_component/SoC_hls_component/hls/config.cmdline
timestamp: 19 Sep 2024 17:58:27
V++ internal step status: success
------------------------------------------
V++ internal step: running vitis_hls
timestamp: 19 Sep 2024 17:58:27
working dir: /run/media/work/Storage/SOCExtraFeatures/SoC_wsHLS/SoC_hls_component
cmd: vitis_hls -nolog -run csynth -work_dir /run/media/work/Storage/SOCExtraFeatures/SoC_wsHLS/SoC_hls_component/SoC_hls_component -config /run/media/work/Storage/SOCExtraFeatures/SoC_wsHLS/SoC_hls_component/hls_config.cfg -cmdlineconfig /run/media/work/Storage/SOCExtraFeatures/SoC_wsHLS/SoC_hls_component/SoC_hls_component/hls/config.cmdline
V++ internal step status: success

------------------------------------------
VITIS-RUN command line :
------------------------------------------
/home/work/Xilinx/Install/Vitis/2024.1/bin/unwrapped/lnx64.o/vitis-run --mode hls --cosim --config /run/media/work/Storage/SOCExtraFeatures/SoC_wsHLS/SoC_hls_component/hls_config.cfg --work_dir SoC_hls_component 
  Options from -O    : 
  Options from *.ini : 
  Options from Hw Platform : 

==========================================
new:  steps log generated by v++ for new launch 
timestamp: 19 Sep 2024 17:59:05
------------------------------------------
VITIS-RUN internal step: writing a config file for vitis_hls: /run/media/work/Storage/SOCExtraFeatures/SoC_wsHLS/SoC_hls_component/SoC_hls_component/hls/config.cmdline
timestamp: 19 Sep 2024 17:59:05
VITIS-RUN internal step status: success
------------------------------------------
VITIS-RUN internal step: running vitis_hls
timestamp: 19 Sep 2024 17:59:05
working dir: /run/media/work/Storage/SOCExtraFeatures/SoC_wsHLS/SoC_hls_component
cmd: vitis_hls -nolog -run cosim -work_dir /run/media/work/Storage/SOCExtraFeatures/SoC_wsHLS/SoC_hls_component/SoC_hls_component -config /run/media/work/Storage/SOCExtraFeatures/SoC_wsHLS/SoC_hls_component/hls_config.cfg -cmdlineconfig /run/media/work/Storage/SOCExtraFeatures/SoC_wsHLS/SoC_hls_component/SoC_hls_component/hls/config.cmdline

------------------------------------------
VITIS-RUN command line :
------------------------------------------
/home/work/Xilinx/Install/Vitis/2024.1/bin/unwrapped/lnx64.o/vitis-run --mode hls --csim --config /run/media/work/Storage/SOCExtraFeatures/SoC_wsHLS/SoC_hls_component/hls_config.cfg --work_dir SoC_hls_component 
  Options from -O    : 
  Options from *.ini : 
  Options from Hw Platform : 

==========================================
new:  steps log generated by v++ for new launch 
timestamp: 22 Oct 2024 12:56:17
------------------------------------------
VITIS-RUN internal step: writing a config file for vitis_hls: /run/media/work/Storage/SOCExtraFeatures/SoC_wsHLS/SoC_hls_component/SoC_hls_component/hls/config.cmdline
timestamp: 22 Oct 2024 12:56:17
VITIS-RUN internal step status: success
------------------------------------------
VITIS-RUN internal step: running vitis_hls
timestamp: 22 Oct 2024 12:56:17
working dir: /run/media/work/Storage/SOCExtraFeatures/SoC_wsHLS/SoC_hls_component
cmd: vitis_hls -nolog -run csim -work_dir /run/media/work/Storage/SOCExtraFeatures/SoC_wsHLS/SoC_hls_component/SoC_hls_component -config /run/media/work/Storage/SOCExtraFeatures/SoC_wsHLS/SoC_hls_component/hls_config.cfg -cmdlineconfig /run/media/work/Storage/SOCExtraFeatures/SoC_wsHLS/SoC_hls_component/SoC_hls_component/hls/config.cmdline
VITIS-RUN internal step status: fail

------------------------------------------
VITIS-RUN command line :
------------------------------------------
/home/work/Xilinx/Install/Vitis/2024.1/bin/unwrapped/lnx64.o/vitis-run --mode hls --csim --config /run/media/work/Storage/SOCExtraFeatures/SoC_wsHLS/SoC_hls_component/hls_config.cfg --work_dir SoC_hls_component 
  Options from -O    : 
  Options from *.ini : 
  Options from Hw Platform : 

==========================================
new:  steps log generated by v++ for new launch 
timestamp: 22 Oct 2024 12:57:22
------------------------------------------
VITIS-RUN internal step: writing a config file for vitis_hls: /run/media/work/Storage/SOCExtraFeatures/SoC_wsHLS/SoC_hls_component/SoC_hls_component/hls/config.cmdline
timestamp: 22 Oct 2024 12:57:22
VITIS-RUN internal step status: success
------------------------------------------
VITIS-RUN internal step: running vitis_hls
timestamp: 22 Oct 2024 12:57:22
working dir: /run/media/work/Storage/SOCExtraFeatures/SoC_wsHLS/SoC_hls_component
cmd: vitis_hls -nolog -run csim -work_dir /run/media/work/Storage/SOCExtraFeatures/SoC_wsHLS/SoC_hls_component/SoC_hls_component -config /run/media/work/Storage/SOCExtraFeatures/SoC_wsHLS/SoC_hls_component/hls_config.cfg -cmdlineconfig /run/media/work/Storage/SOCExtraFeatures/SoC_wsHLS/SoC_hls_component/SoC_hls_component/hls/config.cmdline
VITIS-RUN internal step status: fail

------------------------------------------
VITIS-RUN command line :
------------------------------------------
/home/work/Xilinx/Install/Vitis/2024.1/bin/unwrapped/lnx64.o/vitis-run --mode hls --csim --config /run/media/work/Storage/SOCExtraFeatures/SoC_wsHLS/SoC_hls_component/hls_config.cfg --work_dir SoC_hls_component 
  Options from -O    : 
  Options from *.ini : 
  Options from Hw Platform : 

==========================================
new:  steps log generated by v++ for new launch 
timestamp: 22 Oct 2024 12:58:48
------------------------------------------
VITIS-RUN internal step: writing a config file for vitis_hls: /run/media/work/Storage/SOCExtraFeatures/SoC_wsHLS/SoC_hls_component/SoC_hls_component/hls/config.cmdline
timestamp: 22 Oct 2024 12:58:48
VITIS-RUN internal step status: success
------------------------------------------
VITIS-RUN internal step: running vitis_hls
timestamp: 22 Oct 2024 12:58:48
working dir: /run/media/work/Storage/SOCExtraFeatures/SoC_wsHLS/SoC_hls_component
cmd: vitis_hls -nolog -run csim -work_dir /run/media/work/Storage/SOCExtraFeatures/SoC_wsHLS/SoC_hls_component/SoC_hls_component -config /run/media/work/Storage/SOCExtraFeatures/SoC_wsHLS/SoC_hls_component/hls_config.cfg -cmdlineconfig /run/media/work/Storage/SOCExtraFeatures/SoC_wsHLS/SoC_hls_component/SoC_hls_component/hls/config.cmdline
VITIS-RUN internal step status: success

------------------------------------------
V++ command line :
------------------------------------------
/home/work/Xilinx/Install/Vitis/2024.1/bin/unwrapped/lnx64.o/v++ -c --mode hls --config /run/media/work/Storage/SOCExtraFeatures/SoC_wsHLS/SoC_hls_component/hls_config.cfg --work_dir SoC_hls_component 
  Options from -O    : 
  Options from *.ini : 
  Options from Hw Platform : 

==========================================
new:  steps log generated by v++ for new launch 
timestamp: 22 Oct 2024 12:59:39
------------------------------------------
V++ internal step: writing a config file for vitis_hls: /run/media/work/Storage/SOCExtraFeatures/SoC_wsHLS/SoC_hls_component/SoC_hls_component/hls/config.cmdline
timestamp: 22 Oct 2024 12:59:39
V++ internal step status: success
------------------------------------------
V++ internal step: running vitis_hls
timestamp: 22 Oct 2024 12:59:39
working dir: /run/media/work/Storage/SOCExtraFeatures/SoC_wsHLS/SoC_hls_component
cmd: vitis_hls -nolog -run csynth -work_dir /run/media/work/Storage/SOCExtraFeatures/SoC_wsHLS/SoC_hls_component/SoC_hls_component -config /run/media/work/Storage/SOCExtraFeatures/SoC_wsHLS/SoC_hls_component/hls_config.cfg -cmdlineconfig /run/media/work/Storage/SOCExtraFeatures/SoC_wsHLS/SoC_hls_component/SoC_hls_component/hls/config.cmdline
V++ internal step status: success

------------------------------------------
VITIS-RUN command line :
------------------------------------------
/home/work/Xilinx/Install/Vitis/2024.1/bin/unwrapped/lnx64.o/vitis-run --mode hls --package --config /run/media/work/Storage/SOCExtraFeatures/SoC_wsHLS/SoC_hls_component/hls_config.cfg --work_dir SoC_hls_component 
  Options from -O    : 
  Options from *.ini : 
  Options from Hw Platform : 

==========================================
new:  steps log generated by v++ for new launch 
timestamp: 22 Oct 2024 13:00:25
------------------------------------------
VITIS-RUN internal step: writing a config file for vitis_hls: /run/media/work/Storage/SOCExtraFeatures/SoC_wsHLS/SoC_hls_component/SoC_hls_component/hls/config.cmdline
timestamp: 22 Oct 2024 13:00:25
VITIS-RUN internal step status: success
------------------------------------------
VITIS-RUN internal step: running vitis_hls
timestamp: 22 Oct 2024 13:00:25
working dir: /run/media/work/Storage/SOCExtraFeatures/SoC_wsHLS/SoC_hls_component
cmd: vitis_hls -nolog -run package -work_dir /run/media/work/Storage/SOCExtraFeatures/SoC_wsHLS/SoC_hls_component/SoC_hls_component -config /run/media/work/Storage/SOCExtraFeatures/SoC_wsHLS/SoC_hls_component/hls_config.cfg -cmdlineconfig /run/media/work/Storage/SOCExtraFeatures/SoC_wsHLS/SoC_hls_component/SoC_hls_component/hls/config.cmdline
VITIS-RUN internal step status: success

------------------------------------------
VITIS-RUN command line :
------------------------------------------
/home/work/Xilinx/Install/Vitis/2024.1/bin/unwrapped/lnx64.o/vitis-run --mode hls --csim --config /run/media/work/Storage/SOCExtraFeatures/SoC_wsHLS/SoC_hls_component/hls_config.cfg --work_dir SoC_hls_component 
  Options from -O    : 
  Options from *.ini : 
  Options from Hw Platform : 

==========================================
new:  steps log generated by v++ for new launch 
timestamp: 22 Oct 2024 13:05:13
------------------------------------------
VITIS-RUN internal step: writing a config file for vitis_hls: /run/media/work/Storage/SOCExtraFeatures/SoC_wsHLS/SoC_hls_component/SoC_hls_component/hls/config.cmdline
timestamp: 22 Oct 2024 13:05:13
VITIS-RUN internal step status: success
------------------------------------------
VITIS-RUN internal step: running vitis_hls
timestamp: 22 Oct 2024 13:05:13
working dir: /run/media/work/Storage/SOCExtraFeatures/SoC_wsHLS/SoC_hls_component
cmd: vitis_hls -nolog -run csim -work_dir /run/media/work/Storage/SOCExtraFeatures/SoC_wsHLS/SoC_hls_component/SoC_hls_component -config /run/media/work/Storage/SOCExtraFeatures/SoC_wsHLS/SoC_hls_component/hls_config.cfg -cmdlineconfig /run/media/work/Storage/SOCExtraFeatures/SoC_wsHLS/SoC_hls_component/SoC_hls_component/hls/config.cmdline
VITIS-RUN internal step status: success

------------------------------------------
V++ command line :
------------------------------------------
/home/work/Xilinx/Install/Vitis/2024.1/bin/unwrapped/lnx64.o/v++ -c --mode hls --config /run/media/work/Storage/SOCExtraFeatures/SoC_wsHLS/SoC_hls_component/hls_config.cfg --work_dir SoC_hls_component 
  Options from -O    : 
  Options from *.ini : 
  Options from Hw Platform : 

==========================================
new:  steps log generated by v++ for new launch 
timestamp: 22 Oct 2024 13:05:46
------------------------------------------
V++ internal step: writing a config file for vitis_hls: /run/media/work/Storage/SOCExtraFeatures/SoC_wsHLS/SoC_hls_component/SoC_hls_component/hls/config.cmdline
timestamp: 22 Oct 2024 13:05:46
V++ internal step status: success
------------------------------------------
V++ internal step: running vitis_hls
timestamp: 22 Oct 2024 13:05:46
working dir: /run/media/work/Storage/SOCExtraFeatures/SoC_wsHLS/SoC_hls_component
cmd: vitis_hls -nolog -run csynth -work_dir /run/media/work/Storage/SOCExtraFeatures/SoC_wsHLS/SoC_hls_component/SoC_hls_component -config /run/media/work/Storage/SOCExtraFeatures/SoC_wsHLS/SoC_hls_component/hls_config.cfg -cmdlineconfig /run/media/work/Storage/SOCExtraFeatures/SoC_wsHLS/SoC_hls_component/SoC_hls_component/hls/config.cmdline
V++ internal step status: success

------------------------------------------
VITIS-RUN command line :
------------------------------------------
/home/work/Xilinx/Install/Vitis/2024.1/bin/unwrapped/lnx64.o/vitis-run --mode hls --package --config /run/media/work/Storage/SOCExtraFeatures/SoC_wsHLS/SoC_hls_component/hls_config.cfg --work_dir SoC_hls_component 
  Options from -O    : 
  Options from *.ini : 
  Options from Hw Platform : 

==========================================
new:  steps log generated by v++ for new launch 
timestamp: 22 Oct 2024 13:06:36
------------------------------------------
VITIS-RUN internal step: writing a config file for vitis_hls: /run/media/work/Storage/SOCExtraFeatures/SoC_wsHLS/SoC_hls_component/SoC_hls_component/hls/config.cmdline
timestamp: 22 Oct 2024 13:06:36
VITIS-RUN internal step status: success
------------------------------------------
VITIS-RUN internal step: running vitis_hls
timestamp: 22 Oct 2024 13:06:36
working dir: /run/media/work/Storage/SOCExtraFeatures/SoC_wsHLS/SoC_hls_component
cmd: vitis_hls -nolog -run package -work_dir /run/media/work/Storage/SOCExtraFeatures/SoC_wsHLS/SoC_hls_component/SoC_hls_component -config /run/media/work/Storage/SOCExtraFeatures/SoC_wsHLS/SoC_hls_component/hls_config.cfg -cmdlineconfig /run/media/work/Storage/SOCExtraFeatures/SoC_wsHLS/SoC_hls_component/SoC_hls_component/hls/config.cmdline
VITIS-RUN internal step status: success

------------------------------------------
VITIS-RUN command line :
------------------------------------------
/home/work/Xilinx/Install/Vitis/2024.1/bin/unwrapped/lnx64.o/vitis-run --mode hls --csim --config /run/media/work/Storage/SOCExtraFeatures/SoC_wsHLS/SoC_hls_component/hls_config.cfg --work_dir SoC_hls_component 
  Options from -O    : 
  Options from *.ini : 
  Options from Hw Platform : 

==========================================
new:  steps log generated by v++ for new launch 
timestamp: 22 Oct 2024 15:56:42
------------------------------------------
VITIS-RUN internal step: writing a config file for vitis_hls: /run/media/work/Storage/SOCExtraFeatures/SoC_wsHLS/SoC_hls_component/SoC_hls_component/hls/config.cmdline
timestamp: 22 Oct 2024 15:56:42
VITIS-RUN internal step status: success
------------------------------------------
VITIS-RUN internal step: running vitis_hls
timestamp: 22 Oct 2024 15:56:42
working dir: /run/media/work/Storage/SOCExtraFeatures/SoC_wsHLS/SoC_hls_component
cmd: vitis_hls -nolog -run csim -work_dir /run/media/work/Storage/SOCExtraFeatures/SoC_wsHLS/SoC_hls_component/SoC_hls_component -config /run/media/work/Storage/SOCExtraFeatures/SoC_wsHLS/SoC_hls_component/hls_config.cfg -cmdlineconfig /run/media/work/Storage/SOCExtraFeatures/SoC_wsHLS/SoC_hls_component/SoC_hls_component/hls/config.cmdline
VITIS-RUN internal step status: fail

------------------------------------------
VITIS-RUN command line :
------------------------------------------
/home/work/Xilinx/Install/Vitis/2024.1/bin/unwrapped/lnx64.o/vitis-run --mode hls --csim --config /run/media/work/Storage/SOCExtraFeatures/SoC_wsHLS/SoC_hls_component/hls_config.cfg --work_dir SoC_hls_component 
  Options from -O    : 
  Options from *.ini : 
  Options from Hw Platform : 

==========================================
new:  steps log generated by v++ for new launch 
timestamp: 22 Oct 2024 15:58:15
------------------------------------------
VITIS-RUN internal step: writing a config file for vitis_hls: /run/media/work/Storage/SOCExtraFeatures/SoC_wsHLS/SoC_hls_component/SoC_hls_component/hls/config.cmdline
timestamp: 22 Oct 2024 15:58:15
VITIS-RUN internal step status: success
------------------------------------------
VITIS-RUN internal step: running vitis_hls
timestamp: 22 Oct 2024 15:58:15
working dir: /run/media/work/Storage/SOCExtraFeatures/SoC_wsHLS/SoC_hls_component
cmd: vitis_hls -nolog -run csim -work_dir /run/media/work/Storage/SOCExtraFeatures/SoC_wsHLS/SoC_hls_component/SoC_hls_component -config /run/media/work/Storage/SOCExtraFeatures/SoC_wsHLS/SoC_hls_component/hls_config.cfg -cmdlineconfig /run/media/work/Storage/SOCExtraFeatures/SoC_wsHLS/SoC_hls_component/SoC_hls_component/hls/config.cmdline
VITIS-RUN internal step status: fail

------------------------------------------
VITIS-RUN command line :
------------------------------------------
/home/work/Xilinx/Install/Vitis/2024.1/bin/unwrapped/lnx64.o/vitis-run --mode hls --csim --config /run/media/work/Storage/SOCExtraFeatures/SoC_wsHLS/SoC_hls_component/hls_config.cfg --work_dir SoC_hls_component 
  Options from -O    : 
  Options from *.ini : 
  Options from Hw Platform : 

==========================================
new:  steps log generated by v++ for new launch 
timestamp: 22 Oct 2024 15:59:15
------------------------------------------
VITIS-RUN internal step: writing a config file for vitis_hls: /run/media/work/Storage/SOCExtraFeatures/SoC_wsHLS/SoC_hls_component/SoC_hls_component/hls/config.cmdline
timestamp: 22 Oct 2024 15:59:15
VITIS-RUN internal step status: success
------------------------------------------
VITIS-RUN internal step: running vitis_hls
timestamp: 22 Oct 2024 15:59:15
working dir: /run/media/work/Storage/SOCExtraFeatures/SoC_wsHLS/SoC_hls_component
cmd: vitis_hls -nolog -run csim -work_dir /run/media/work/Storage/SOCExtraFeatures/SoC_wsHLS/SoC_hls_component/SoC_hls_component -config /run/media/work/Storage/SOCExtraFeatures/SoC_wsHLS/SoC_hls_component/hls_config.cfg -cmdlineconfig /run/media/work/Storage/SOCExtraFeatures/SoC_wsHLS/SoC_hls_component/SoC_hls_component/hls/config.cmdline
VITIS-RUN internal step status: fail

------------------------------------------
VITIS-RUN command line :
------------------------------------------
/home/work/Xilinx/Install/Vitis/2024.1/bin/unwrapped/lnx64.o/vitis-run --mode hls --csim --config /run/media/work/Storage/SOCExtraFeatures/SoC_wsHLS/SoC_hls_component/hls_config.cfg --work_dir SoC_hls_component 
  Options from -O    : 
  Options from *.ini : 
  Options from Hw Platform : 

==========================================
new:  steps log generated by v++ for new launch 
timestamp: 22 Oct 2024 15:59:39
------------------------------------------
VITIS-RUN internal step: writing a config file for vitis_hls: /run/media/work/Storage/SOCExtraFeatures/SoC_wsHLS/SoC_hls_component/SoC_hls_component/hls/config.cmdline
timestamp: 22 Oct 2024 15:59:39
VITIS-RUN internal step status: success
------------------------------------------
VITIS-RUN internal step: running vitis_hls
timestamp: 22 Oct 2024 15:59:39
working dir: /run/media/work/Storage/SOCExtraFeatures/SoC_wsHLS/SoC_hls_component
cmd: vitis_hls -nolog -run csim -work_dir /run/media/work/Storage/SOCExtraFeatures/SoC_wsHLS/SoC_hls_component/SoC_hls_component -config /run/media/work/Storage/SOCExtraFeatures/SoC_wsHLS/SoC_hls_component/hls_config.cfg -cmdlineconfig /run/media/work/Storage/SOCExtraFeatures/SoC_wsHLS/SoC_hls_component/SoC_hls_component/hls/config.cmdline
VITIS-RUN internal step status: fail

------------------------------------------
VITIS-RUN command line :
------------------------------------------
/home/work/Xilinx/Install/Vitis/2024.1/bin/unwrapped/lnx64.o/vitis-run --mode hls --csim --config /run/media/work/Storage/SOCExtraFeatures/SoC_wsHLS/SoC_hls_component/hls_config.cfg --work_dir SoC_hls_component 
  Options from -O    : 
  Options from *.ini : 
  Options from Hw Platform : 

==========================================
new:  steps log generated by v++ for new launch 
timestamp: 22 Oct 2024 17:08:53
------------------------------------------
VITIS-RUN internal step: writing a config file for vitis_hls: /run/media/work/Storage/SOCExtraFeatures/SoC_wsHLS/SoC_hls_component/SoC_hls_component/hls/config.cmdline
timestamp: 22 Oct 2024 17:08:53
VITIS-RUN internal step status: success
------------------------------------------
VITIS-RUN internal step: running vitis_hls
timestamp: 22 Oct 2024 17:08:53
working dir: /run/media/work/Storage/SOCExtraFeatures/SoC_wsHLS/SoC_hls_component
cmd: vitis_hls -nolog -run csim -work_dir /run/media/work/Storage/SOCExtraFeatures/SoC_wsHLS/SoC_hls_component/SoC_hls_component -config /run/media/work/Storage/SOCExtraFeatures/SoC_wsHLS/SoC_hls_component/hls_config.cfg -cmdlineconfig /run/media/work/Storage/SOCExtraFeatures/SoC_wsHLS/SoC_hls_component/SoC_hls_component/hls/config.cmdline
VITIS-RUN internal step status: success

------------------------------------------
VITIS-RUN command line :
------------------------------------------
/home/work/Xilinx/Install/Vitis/2024.1/bin/unwrapped/lnx64.o/vitis-run --mode hls --csim --config /run/media/work/Storage/SOCExtraFeatures/SoC_wsHLS/SoC_hls_component/hls_config.cfg --work_dir SoC_hls_component 
  Options from -O    : 
  Options from *.ini : 
  Options from Hw Platform : 

==========================================
new:  steps log generated by v++ for new launch 
timestamp: 22 Oct 2024 17:09:39
------------------------------------------
VITIS-RUN internal step: writing a config file for vitis_hls: /run/media/work/Storage/SOCExtraFeatures/SoC_wsHLS/SoC_hls_component/SoC_hls_component/hls/config.cmdline
timestamp: 22 Oct 2024 17:09:39
VITIS-RUN internal step status: success
------------------------------------------
VITIS-RUN internal step: running vitis_hls
timestamp: 22 Oct 2024 17:09:39
working dir: /run/media/work/Storage/SOCExtraFeatures/SoC_wsHLS/SoC_hls_component
cmd: vitis_hls -nolog -run csim -work_dir /run/media/work/Storage/SOCExtraFeatures/SoC_wsHLS/SoC_hls_component/SoC_hls_component -config /run/media/work/Storage/SOCExtraFeatures/SoC_wsHLS/SoC_hls_component/hls_config.cfg -cmdlineconfig /run/media/work/Storage/SOCExtraFeatures/SoC_wsHLS/SoC_hls_component/SoC_hls_component/hls/config.cmdline
VITIS-RUN internal step status: success

------------------------------------------
V++ command line :
------------------------------------------
/home/work/Xilinx/Install/Vitis/2024.1/bin/unwrapped/lnx64.o/v++ -c --mode hls --config /run/media/work/Storage/SOCExtraFeatures/SoC_wsHLS/SoC_hls_component/hls_config.cfg --work_dir SoC_hls_component 
  Options from -O    : 
  Options from *.ini : 
  Options from Hw Platform : 

==========================================
new:  steps log generated by v++ for new launch 
timestamp: 22 Oct 2024 17:10:00
------------------------------------------
V++ internal step: writing a config file for vitis_hls: /run/media/work/Storage/SOCExtraFeatures/SoC_wsHLS/SoC_hls_component/SoC_hls_component/hls/config.cmdline
timestamp: 22 Oct 2024 17:10:00
V++ internal step status: success
------------------------------------------
V++ internal step: running vitis_hls
timestamp: 22 Oct 2024 17:10:00
working dir: /run/media/work/Storage/SOCExtraFeatures/SoC_wsHLS/SoC_hls_component
cmd: vitis_hls -nolog -run csynth -work_dir /run/media/work/Storage/SOCExtraFeatures/SoC_wsHLS/SoC_hls_component/SoC_hls_component -config /run/media/work/Storage/SOCExtraFeatures/SoC_wsHLS/SoC_hls_component/hls_config.cfg -cmdlineconfig /run/media/work/Storage/SOCExtraFeatures/SoC_wsHLS/SoC_hls_component/SoC_hls_component/hls/config.cmdline
V++ internal step status: success

------------------------------------------
VITIS-RUN command line :
------------------------------------------
/home/work/Xilinx/Install/Vitis/2024.1/bin/unwrapped/lnx64.o/vitis-run --mode hls --cosim --config /run/media/work/Storage/SOCExtraFeatures/SoC_wsHLS/SoC_hls_component/hls_config.cfg --work_dir SoC_hls_component 
  Options from -O    : 
  Options from *.ini : 
  Options from Hw Platform : 

==========================================
new:  steps log generated by v++ for new launch 
timestamp: 22 Oct 2024 17:10:45
------------------------------------------
VITIS-RUN internal step: writing a config file for vitis_hls: /run/media/work/Storage/SOCExtraFeatures/SoC_wsHLS/SoC_hls_component/SoC_hls_component/hls/config.cmdline
timestamp: 22 Oct 2024 17:10:45
VITIS-RUN internal step status: success
------------------------------------------
VITIS-RUN internal step: running vitis_hls
timestamp: 22 Oct 2024 17:10:45
working dir: /run/media/work/Storage/SOCExtraFeatures/SoC_wsHLS/SoC_hls_component
cmd: vitis_hls -nolog -run cosim -work_dir /run/media/work/Storage/SOCExtraFeatures/SoC_wsHLS/SoC_hls_component/SoC_hls_component -config /run/media/work/Storage/SOCExtraFeatures/SoC_wsHLS/SoC_hls_component/hls_config.cfg -cmdlineconfig /run/media/work/Storage/SOCExtraFeatures/SoC_wsHLS/SoC_hls_component/SoC_hls_component/hls/config.cmdline
VITIS-RUN internal step status: success

------------------------------------------
VITIS-RUN command line :
------------------------------------------
/home/work/Xilinx/Install/Vitis/2024.1/bin/unwrapped/lnx64.o/vitis-run --mode hls --package --config /run/media/work/Storage/SOCExtraFeatures/SoC_wsHLS/SoC_hls_component/hls_config.cfg --work_dir SoC_hls_component 
  Options from -O    : 
  Options from *.ini : 
  Options from Hw Platform : 

==========================================
new:  steps log generated by v++ for new launch 
timestamp: 22 Oct 2024 17:12:07
------------------------------------------
VITIS-RUN internal step: writing a config file for vitis_hls: /run/media/work/Storage/SOCExtraFeatures/SoC_wsHLS/SoC_hls_component/SoC_hls_component/hls/config.cmdline
timestamp: 22 Oct 2024 17:12:07
VITIS-RUN internal step status: success
------------------------------------------
VITIS-RUN internal step: running vitis_hls
timestamp: 22 Oct 2024 17:12:07
working dir: /run/media/work/Storage/SOCExtraFeatures/SoC_wsHLS/SoC_hls_component
cmd: vitis_hls -nolog -run package -work_dir /run/media/work/Storage/SOCExtraFeatures/SoC_wsHLS/SoC_hls_component/SoC_hls_component -config /run/media/work/Storage/SOCExtraFeatures/SoC_wsHLS/SoC_hls_component/hls_config.cfg -cmdlineconfig /run/media/work/Storage/SOCExtraFeatures/SoC_wsHLS/SoC_hls_component/SoC_hls_component/hls/config.cmdline
VITIS-RUN internal step status: success

------------------------------------------
VITIS-RUN command line :
------------------------------------------
/home/work/Xilinx/Install/Vitis/2024.1/bin/unwrapped/lnx64.o/vitis-run --mode hls --csim --config /run/media/work/Storage/SOCExtraFeatures/SoC_wsHLS/SoC_hls_component/hls_config.cfg --work_dir SoC_hls_component 
  Options from -O    : 
  Options from *.ini : 
  Options from Hw Platform : 

==========================================
new:  steps log generated by v++ for new launch 
timestamp: 22 Oct 2024 17:15:15
------------------------------------------
VITIS-RUN internal step: writing a config file for vitis_hls: /run/media/work/Storage/SOCExtraFeatures/SoC_wsHLS/SoC_hls_component/SoC_hls_component/hls/config.cmdline
timestamp: 22 Oct 2024 17:15:15
VITIS-RUN internal step status: success
------------------------------------------
VITIS-RUN internal step: running vitis_hls
timestamp: 22 Oct 2024 17:15:15
working dir: /run/media/work/Storage/SOCExtraFeatures/SoC_wsHLS/SoC_hls_component
cmd: vitis_hls -nolog -run csim -work_dir /run/media/work/Storage/SOCExtraFeatures/SoC_wsHLS/SoC_hls_component/SoC_hls_component -config /run/media/work/Storage/SOCExtraFeatures/SoC_wsHLS/SoC_hls_component/hls_config.cfg -cmdlineconfig /run/media/work/Storage/SOCExtraFeatures/SoC_wsHLS/SoC_hls_component/SoC_hls_component/hls/config.cmdline
VITIS-RUN internal step status: success

------------------------------------------
V++ command line :
------------------------------------------
/home/work/Xilinx/Install/Vitis/2024.1/bin/unwrapped/lnx64.o/v++ -c --mode hls --config /run/media/work/Storage/SOCExtraFeatures/SoC_wsHLS/SoC_hls_component/hls_config.cfg --work_dir SoC_hls_component 
  Options from -O    : 
  Options from *.ini : 
  Options from Hw Platform : 

==========================================
new:  steps log generated by v++ for new launch 
timestamp: 22 Oct 2024 17:15:30
------------------------------------------
V++ internal step: writing a config file for vitis_hls: /run/media/work/Storage/SOCExtraFeatures/SoC_wsHLS/SoC_hls_component/SoC_hls_component/hls/config.cmdline
timestamp: 22 Oct 2024 17:15:30
V++ internal step status: success
------------------------------------------
V++ internal step: running vitis_hls
timestamp: 22 Oct 2024 17:15:30
working dir: /run/media/work/Storage/SOCExtraFeatures/SoC_wsHLS/SoC_hls_component
cmd: vitis_hls -nolog -run csynth -work_dir /run/media/work/Storage/SOCExtraFeatures/SoC_wsHLS/SoC_hls_component/SoC_hls_component -config /run/media/work/Storage/SOCExtraFeatures/SoC_wsHLS/SoC_hls_component/hls_config.cfg -cmdlineconfig /run/media/work/Storage/SOCExtraFeatures/SoC_wsHLS/SoC_hls_component/SoC_hls_component/hls/config.cmdline
V++ internal step status: success

------------------------------------------
VITIS-RUN command line :
------------------------------------------
/home/work/Xilinx/Install/Vitis/2024.1/bin/unwrapped/lnx64.o/vitis-run --mode hls --package --config /run/media/work/Storage/SOCExtraFeatures/SoC_wsHLS/SoC_hls_component/hls_config.cfg --work_dir SoC_hls_component 
  Options from -O    : 
  Options from *.ini : 
  Options from Hw Platform : 

==========================================
new:  steps log generated by v++ for new launch 
timestamp: 22 Oct 2024 17:16:07
------------------------------------------
VITIS-RUN internal step: writing a config file for vitis_hls: /run/media/work/Storage/SOCExtraFeatures/SoC_wsHLS/SoC_hls_component/SoC_hls_component/hls/config.cmdline
timestamp: 22 Oct 2024 17:16:07
VITIS-RUN internal step status: success
------------------------------------------
VITIS-RUN internal step: running vitis_hls
timestamp: 22 Oct 2024 17:16:07
working dir: /run/media/work/Storage/SOCExtraFeatures/SoC_wsHLS/SoC_hls_component
cmd: vitis_hls -nolog -run package -work_dir /run/media/work/Storage/SOCExtraFeatures/SoC_wsHLS/SoC_hls_component/SoC_hls_component -config /run/media/work/Storage/SOCExtraFeatures/SoC_wsHLS/SoC_hls_component/hls_config.cfg -cmdlineconfig /run/media/work/Storage/SOCExtraFeatures/SoC_wsHLS/SoC_hls_component/SoC_hls_component/hls/config.cmdline
VITIS-RUN internal step status: success

------------------------------------------
VITIS-RUN command line :
------------------------------------------
/tools/Xilinx/Vitis/2024.1/bin/unwrapped/lnx64.o/vitis-run --mode hls --csim --config /home/almavitis/VM_share/SOCExtraFeatures/SoC_wsHLS/SoC_hls_component/hls_config.cfg --work_dir SoC_hls_component 
  Options from -O    : 
  Options from *.ini : 
  Options from Hw Platform : 

==========================================
new:  steps log generated by v++ for new launch 
timestamp: 15 Nov 2024 13:39:45
------------------------------------------
VITIS-RUN internal step: writing a config file for vitis_hls: /home/almavitis/VM_share/SOCExtraFeatures/SoC_wsHLS/SoC_hls_component/SoC_hls_component/hls/config.cmdline
timestamp: 15 Nov 2024 13:39:45
VITIS-RUN internal step status: success
------------------------------------------
VITIS-RUN internal step: running vitis_hls
timestamp: 15 Nov 2024 13:39:45
working dir: /home/almavitis/VM_share/SOCExtraFeatures/SoC_wsHLS/SoC_hls_component
cmd: vitis_hls -nolog -run csim -work_dir /home/almavitis/VM_share/SOCExtraFeatures/SoC_wsHLS/SoC_hls_component/SoC_hls_component -config /home/almavitis/VM_share/SOCExtraFeatures/SoC_wsHLS/SoC_hls_component/hls_config.cfg -cmdlineconfig /home/almavitis/VM_share/SOCExtraFeatures/SoC_wsHLS/SoC_hls_component/SoC_hls_component/hls/config.cmdline
VITIS-RUN internal step status: success

------------------------------------------
VITIS-RUN command line :
------------------------------------------
/tools/Xilinx/Vitis/2024.1/bin/unwrapped/lnx64.o/vitis-run --mode hls --csim --config /home/almavitis/VM_share/SOCExtraFeatures/SoC_wsHLS/SoC_hls_component/hls_config.cfg --work_dir SoC_hls_component 
  Options from -O    : 
  Options from *.ini : 
  Options from Hw Platform : 

==========================================
new:  steps log generated by v++ for new launch 
timestamp: 15 Nov 2024 13:41:41
------------------------------------------
VITIS-RUN internal step: writing a config file for vitis_hls: /home/almavitis/VM_share/SOCExtraFeatures/SoC_wsHLS/SoC_hls_component/SoC_hls_component/hls/config.cmdline
timestamp: 15 Nov 2024 13:41:41
VITIS-RUN internal step status: success
------------------------------------------
VITIS-RUN internal step: running vitis_hls
timestamp: 15 Nov 2024 13:41:41
working dir: /home/almavitis/VM_share/SOCExtraFeatures/SoC_wsHLS/SoC_hls_component
cmd: vitis_hls -nolog -run csim -work_dir /home/almavitis/VM_share/SOCExtraFeatures/SoC_wsHLS/SoC_hls_component/SoC_hls_component -config /home/almavitis/VM_share/SOCExtraFeatures/SoC_wsHLS/SoC_hls_component/hls_config.cfg -cmdlineconfig /home/almavitis/VM_share/SOCExtraFeatures/SoC_wsHLS/SoC_hls_component/SoC_hls_component/hls/config.cmdline
VITIS-RUN internal step status: success

------------------------------------------
VITIS-RUN command line :
------------------------------------------
/tools/Xilinx/Vitis/2024.1/bin/unwrapped/lnx64.o/vitis-run --mode hls --csim --config /home/almavitis/VM_share/SOCExtraFeatures/SoC_wsHLS/SoC_hls_component/hls_config.cfg --work_dir SoC_hls_component 
  Options from -O    : 
  Options from *.ini : 
  Options from Hw Platform : 

==========================================
new:  steps log generated by v++ for new launch 
timestamp: 15 Nov 2024 13:43:13
------------------------------------------
VITIS-RUN internal step: writing a config file for vitis_hls: /home/almavitis/VM_share/SOCExtraFeatures/SoC_wsHLS/SoC_hls_component/SoC_hls_component/hls/config.cmdline
timestamp: 15 Nov 2024 13:43:13
VITIS-RUN internal step status: success
------------------------------------------
VITIS-RUN internal step: running vitis_hls
timestamp: 15 Nov 2024 13:43:13
working dir: /home/almavitis/VM_share/SOCExtraFeatures/SoC_wsHLS/SoC_hls_component
cmd: vitis_hls -nolog -run csim -work_dir /home/almavitis/VM_share/SOCExtraFeatures/SoC_wsHLS/SoC_hls_component/SoC_hls_component -config /home/almavitis/VM_share/SOCExtraFeatures/SoC_wsHLS/SoC_hls_component/hls_config.cfg -cmdlineconfig /home/almavitis/VM_share/SOCExtraFeatures/SoC_wsHLS/SoC_hls_component/SoC_hls_component/hls/config.cmdline
VITIS-RUN internal step status: success

------------------------------------------
VITIS-RUN command line :
------------------------------------------
/tools/Xilinx/Vitis/2024.1/bin/unwrapped/lnx64.o/vitis-run --mode hls --csim --config /home/almavitis/VM_share/SOCExtraFeatures/SoC_wsHLS/SoC_hls_component/hls_config.cfg --work_dir SoC_hls_component 
  Options from -O    : 
  Options from *.ini : 
  Options from Hw Platform : 

==========================================
new:  steps log generated by v++ for new launch 
timestamp: 15 Nov 2024 13:43:36
------------------------------------------
VITIS-RUN internal step: writing a config file for vitis_hls: /home/almavitis/VM_share/SOCExtraFeatures/SoC_wsHLS/SoC_hls_component/SoC_hls_component/hls/config.cmdline
timestamp: 15 Nov 2024 13:43:36
VITIS-RUN internal step status: success
------------------------------------------
VITIS-RUN internal step: running vitis_hls
timestamp: 15 Nov 2024 13:43:36
working dir: /home/almavitis/VM_share/SOCExtraFeatures/SoC_wsHLS/SoC_hls_component
cmd: vitis_hls -nolog -run csim -work_dir /home/almavitis/VM_share/SOCExtraFeatures/SoC_wsHLS/SoC_hls_component/SoC_hls_component -config /home/almavitis/VM_share/SOCExtraFeatures/SoC_wsHLS/SoC_hls_component/hls_config.cfg -cmdlineconfig /home/almavitis/VM_share/SOCExtraFeatures/SoC_wsHLS/SoC_hls_component/SoC_hls_component/hls/config.cmdline
VITIS-RUN internal step status: success

------------------------------------------
VITIS-RUN command line :
------------------------------------------
/tools/Xilinx/Vitis/2024.1/bin/unwrapped/lnx64.o/vitis-run --mode hls --csim --config /home/almavitis/VM_share/SOCExtraFeatures/SoC_wsHLS/SoC_hls_component/hls_config.cfg --work_dir SoC_hls_component 
  Options from -O    : 
  Options from *.ini : 
  Options from Hw Platform : 

==========================================
new:  steps log generated by v++ for new launch 
timestamp: 15 Nov 2024 13:44:31
------------------------------------------
VITIS-RUN internal step: writing a config file for vitis_hls: /home/almavitis/VM_share/SOCExtraFeatures/SoC_wsHLS/SoC_hls_component/SoC_hls_component/hls/config.cmdline
timestamp: 15 Nov 2024 13:44:31
VITIS-RUN internal step status: success
------------------------------------------
VITIS-RUN internal step: running vitis_hls
timestamp: 15 Nov 2024 13:44:31
working dir: /home/almavitis/VM_share/SOCExtraFeatures/SoC_wsHLS/SoC_hls_component
cmd: vitis_hls -nolog -run csim -work_dir /home/almavitis/VM_share/SOCExtraFeatures/SoC_wsHLS/SoC_hls_component/SoC_hls_component -config /home/almavitis/VM_share/SOCExtraFeatures/SoC_wsHLS/SoC_hls_component/hls_config.cfg -cmdlineconfig /home/almavitis/VM_share/SOCExtraFeatures/SoC_wsHLS/SoC_hls_component/SoC_hls_component/hls/config.cmdline
VITIS-RUN internal step status: success

------------------------------------------
V++ command line :
------------------------------------------
/tools/Xilinx/Vitis/2024.1/bin/unwrapped/lnx64.o/v++ -c --mode hls --config /home/almavitis/VM_share/SOCExtraFeatures/SoC_wsHLS/SoC_hls_component/hls_config.cfg --work_dir SoC_hls_component 
  Options from -O    : 
  Options from *.ini : 
  Options from Hw Platform : 

==========================================
new:  steps log generated by v++ for new launch 
timestamp: 15 Nov 2024 14:10:25
------------------------------------------
V++ internal step: writing a config file for vitis_hls: /home/almavitis/VM_share/SOCExtraFeatures/SoC_wsHLS/SoC_hls_component/SoC_hls_component/hls/config.cmdline
timestamp: 15 Nov 2024 14:10:25
V++ internal step status: success
------------------------------------------
V++ internal step: running vitis_hls
timestamp: 15 Nov 2024 14:10:25
working dir: /home/almavitis/VM_share/SOCExtraFeatures/SoC_wsHLS/SoC_hls_component
cmd: vitis_hls -nolog -run csynth -work_dir /home/almavitis/VM_share/SOCExtraFeatures/SoC_wsHLS/SoC_hls_component/SoC_hls_component -config /home/almavitis/VM_share/SOCExtraFeatures/SoC_wsHLS/SoC_hls_component/hls_config.cfg -cmdlineconfig /home/almavitis/VM_share/SOCExtraFeatures/SoC_wsHLS/SoC_hls_component/SoC_hls_component/hls/config.cmdline
V++ internal step status: success

------------------------------------------
VITIS-RUN command line :
------------------------------------------
/tools/Xilinx/Vitis/2024.1/bin/unwrapped/lnx64.o/vitis-run --mode hls --cosim --config /home/almavitis/VM_share/SOCExtraFeatures/SoC_wsHLS/SoC_hls_component/hls_config.cfg --work_dir SoC_hls_component 
  Options from -O    : 
  Options from *.ini : 
  Options from Hw Platform : 

==========================================
new:  steps log generated by v++ for new launch 
timestamp: 15 Nov 2024 14:11:43
------------------------------------------
VITIS-RUN internal step: writing a config file for vitis_hls: /home/almavitis/VM_share/SOCExtraFeatures/SoC_wsHLS/SoC_hls_component/SoC_hls_component/hls/config.cmdline
timestamp: 15 Nov 2024 14:11:43
VITIS-RUN internal step status: success
------------------------------------------
VITIS-RUN internal step: running vitis_hls
timestamp: 15 Nov 2024 14:11:43
working dir: /home/almavitis/VM_share/SOCExtraFeatures/SoC_wsHLS/SoC_hls_component
cmd: vitis_hls -nolog -run cosim -work_dir /home/almavitis/VM_share/SOCExtraFeatures/SoC_wsHLS/SoC_hls_component/SoC_hls_component -config /home/almavitis/VM_share/SOCExtraFeatures/SoC_wsHLS/SoC_hls_component/hls_config.cfg -cmdlineconfig /home/almavitis/VM_share/SOCExtraFeatures/SoC_wsHLS/SoC_hls_component/SoC_hls_component/hls/config.cmdline
VITIS-RUN internal step status: success

------------------------------------------
VITIS-RUN command line :
------------------------------------------
/tools/Xilinx/Vitis/2024.1/bin/unwrapped/lnx64.o/vitis-run --mode hls --package --config /home/almavitis/VM_share/SOCExtraFeatures/SoC_wsHLS/SoC_hls_component/hls_config.cfg --work_dir SoC_hls_component 
  Options from -O    : 
  Options from *.ini : 
  Options from Hw Platform : 

==========================================
new:  steps log generated by v++ for new launch 
timestamp: 15 Nov 2024 14:35:59
------------------------------------------
VITIS-RUN internal step: writing a config file for vitis_hls: /home/almavitis/VM_share/SOCExtraFeatures/SoC_wsHLS/SoC_hls_component/SoC_hls_component/hls/config.cmdline
timestamp: 15 Nov 2024 14:35:59
VITIS-RUN internal step status: success
------------------------------------------
VITIS-RUN internal step: running vitis_hls
timestamp: 15 Nov 2024 14:35:59
working dir: /home/almavitis/VM_share/SOCExtraFeatures/SoC_wsHLS/SoC_hls_component
cmd: vitis_hls -nolog -run package -work_dir /home/almavitis/VM_share/SOCExtraFeatures/SoC_wsHLS/SoC_hls_component/SoC_hls_component -config /home/almavitis/VM_share/SOCExtraFeatures/SoC_wsHLS/SoC_hls_component/hls_config.cfg -cmdlineconfig /home/almavitis/VM_share/SOCExtraFeatures/SoC_wsHLS/SoC_hls_component/SoC_hls_component/hls/config.cmdline
VITIS-RUN internal step status: success

------------------------------------------
VITIS-RUN command line :
------------------------------------------
/tools/Xilinx/Vitis/2024.1/bin/unwrapped/lnx64.o/vitis-run --mode hls --csim --config /home/almavitis/VM_share/SOCExtraFeatures/SoC_wsHLS/SoC_hls_component/hls_config.cfg --work_dir SoC_hls_component 
  Options from -O    : 
  Options from *.ini : 
  Options from Hw Platform : 

==========================================
new:  steps log generated by v++ for new launch 
timestamp: 19 Jan 2025 20:54:57
------------------------------------------
VITIS-RUN internal step: writing a config file for vitis_hls: /home/almavitis/VM_share/SOCExtraFeatures/SoC_wsHLS/SoC_hls_component/SoC_hls_component/hls/config.cmdline
timestamp: 19 Jan 2025 20:54:57
VITIS-RUN internal step status: success
------------------------------------------
VITIS-RUN internal step: running vitis_hls
timestamp: 19 Jan 2025 20:54:57
working dir: /home/almavitis/VM_share/SOCExtraFeatures/SoC_wsHLS/SoC_hls_component
cmd: vitis_hls -nolog -run csim -work_dir /home/almavitis/VM_share/SOCExtraFeatures/SoC_wsHLS/SoC_hls_component/SoC_hls_component -config /home/almavitis/VM_share/SOCExtraFeatures/SoC_wsHLS/SoC_hls_component/hls_config.cfg -cmdlineconfig /home/almavitis/VM_share/SOCExtraFeatures/SoC_wsHLS/SoC_hls_component/SoC_hls_component/hls/config.cmdline
VITIS-RUN internal step status: success

------------------------------------------
V++ command line :
------------------------------------------
/tools/Xilinx/Vitis/2024.1/bin/unwrapped/lnx64.o/v++ -c --mode hls --config /home/almavitis/VM_share/SOCExtraFeatures/SoC_wsHLS/SoC_hls_component/hls_config.cfg --work_dir SoC_hls_component 
  Options from -O    : 
  Options from *.ini : 
  Options from Hw Platform : 

==========================================
new:  steps log generated by v++ for new launch 
timestamp: 19 Jan 2025 20:56:11
------------------------------------------
V++ internal step: writing a config file for vitis_hls: /home/almavitis/VM_share/SOCExtraFeatures/SoC_wsHLS/SoC_hls_component/SoC_hls_component/hls/config.cmdline
timestamp: 19 Jan 2025 20:56:11
V++ internal step status: success
------------------------------------------
V++ internal step: running vitis_hls
timestamp: 19 Jan 2025 20:56:11
working dir: /home/almavitis/VM_share/SOCExtraFeatures/SoC_wsHLS/SoC_hls_component
cmd: vitis_hls -nolog -run csynth -work_dir /home/almavitis/VM_share/SOCExtraFeatures/SoC_wsHLS/SoC_hls_component/SoC_hls_component -config /home/almavitis/VM_share/SOCExtraFeatures/SoC_wsHLS/SoC_hls_component/hls_config.cfg -cmdlineconfig /home/almavitis/VM_share/SOCExtraFeatures/SoC_wsHLS/SoC_hls_component/SoC_hls_component/hls/config.cmdline
V++ internal step status: success

------------------------------------------
VITIS-RUN command line :
------------------------------------------
/tools/Xilinx/Vitis/2024.1/bin/unwrapped/lnx64.o/vitis-run --mode hls --csim --config /home/almavitis/VM_share/SOCExtraFeatures/SoC_wsHLS/SoC_hls_component/hls_config.cfg --work_dir SoC_hls_component 
  Options from -O    : 
  Options from *.ini : 
  Options from Hw Platform : 

==========================================
new:  steps log generated by v++ for new launch 
timestamp: 19 Jan 2025 22:56:54
------------------------------------------
VITIS-RUN internal step: writing a config file for vitis_hls: /home/almavitis/VM_share/SOCExtraFeatures/SoC_wsHLS/SoC_hls_component/SoC_hls_component/hls/config.cmdline
timestamp: 19 Jan 2025 22:56:54
VITIS-RUN internal step status: success
------------------------------------------
VITIS-RUN internal step: running vitis_hls
timestamp: 19 Jan 2025 22:56:54
working dir: /home/almavitis/VM_share/SOCExtraFeatures/SoC_wsHLS/SoC_hls_component
cmd: vitis_hls -nolog -run csim -work_dir /home/almavitis/VM_share/SOCExtraFeatures/SoC_wsHLS/SoC_hls_component/SoC_hls_component -config /home/almavitis/VM_share/SOCExtraFeatures/SoC_wsHLS/SoC_hls_component/hls_config.cfg -cmdlineconfig /home/almavitis/VM_share/SOCExtraFeatures/SoC_wsHLS/SoC_hls_component/SoC_hls_component/hls/config.cmdline
VITIS-RUN internal step status: fail

------------------------------------------
VITIS-RUN command line :
------------------------------------------
/tools/Xilinx/Vitis/2024.1/bin/unwrapped/lnx64.o/vitis-run --mode hls --csim --config /home/almavitis/VM_share/SOCExtraFeatures/SoC_wsHLS/SoC_hls_component/hls_config.cfg --work_dir SoC_hls_component 
  Options from -O    : 
  Options from *.ini : 
  Options from Hw Platform : 

==========================================
new:  steps log generated by v++ for new launch 
timestamp: 19 Jan 2025 22:58:05
------------------------------------------
VITIS-RUN internal step: writing a config file for vitis_hls: /home/almavitis/VM_share/SOCExtraFeatures/SoC_wsHLS/SoC_hls_component/SoC_hls_component/hls/config.cmdline
timestamp: 19 Jan 2025 22:58:05
VITIS-RUN internal step status: success
------------------------------------------
VITIS-RUN internal step: running vitis_hls
timestamp: 19 Jan 2025 22:58:05
working dir: /home/almavitis/VM_share/SOCExtraFeatures/SoC_wsHLS/SoC_hls_component
cmd: vitis_hls -nolog -run csim -work_dir /home/almavitis/VM_share/SOCExtraFeatures/SoC_wsHLS/SoC_hls_component/SoC_hls_component -config /home/almavitis/VM_share/SOCExtraFeatures/SoC_wsHLS/SoC_hls_component/hls_config.cfg -cmdlineconfig /home/almavitis/VM_share/SOCExtraFeatures/SoC_wsHLS/SoC_hls_component/SoC_hls_component/hls/config.cmdline
VITIS-RUN internal step status: fail

------------------------------------------
VITIS-RUN command line :
------------------------------------------
/tools/Xilinx/Vitis/2024.1/bin/unwrapped/lnx64.o/vitis-run --mode hls --csim --config /home/almavitis/VM_share/SOCExtraFeatures/SoC_wsHLS/SoC_hls_component/hls_config.cfg --work_dir SoC_hls_component 
  Options from -O    : 
  Options from *.ini : 
  Options from Hw Platform : 

==========================================
new:  steps log generated by v++ for new launch 
timestamp: 20 Jan 2025 00:39:02
------------------------------------------
VITIS-RUN internal step: writing a config file for vitis_hls: /home/almavitis/VM_share/SOCExtraFeatures/SoC_wsHLS/SoC_hls_component/SoC_hls_component/hls/config.cmdline
timestamp: 20 Jan 2025 00:39:02
VITIS-RUN internal step status: success
------------------------------------------
VITIS-RUN internal step: running vitis_hls
timestamp: 20 Jan 2025 00:39:02
working dir: /home/almavitis/VM_share/SOCExtraFeatures/SoC_wsHLS/SoC_hls_component
cmd: vitis_hls -nolog -run csim -work_dir /home/almavitis/VM_share/SOCExtraFeatures/SoC_wsHLS/SoC_hls_component/SoC_hls_component -config /home/almavitis/VM_share/SOCExtraFeatures/SoC_wsHLS/SoC_hls_component/hls_config.cfg -cmdlineconfig /home/almavitis/VM_share/SOCExtraFeatures/SoC_wsHLS/SoC_hls_component/SoC_hls_component/hls/config.cmdline
VITIS-RUN internal step status: success
