

================================================================
== Vitis HLS Report for 'calculate_statistics_Pipeline_calc_moments'
================================================================
* Date:           Tue Feb 18 03:51:28 2025

* Version:        2024.2 (Build 5238294 on Nov  8 2024)
* Project:        pack_stream_to_blk
* Solution:       hls (Vivado IP Flow Target)
* Product family: zynq
* Target device:  xc7z020-clg400-1


================================================================
== Performance Estimates
================================================================
+ Timing: 
    * Summary: 
    +--------+----------+----------+------------+
    |  Clock |  Target  | Estimated| Uncertainty|
    +--------+----------+----------+------------+
    |ap_clk  |  10.00 ns|  7.256 ns|     2.70 ns|
    +--------+----------+----------+------------+

+ Latency: 
    * Summary: 
    +---------+---------+----------+----------+-----+-----+------------------------------------------------+
    |  Latency (cycles) |  Latency (absolute) |  Interval |                    Pipeline                    |
    |   min   |   max   |    min   |    max   | min | max |                      Type                      |
    +---------+---------+----------+----------+-----+-----+------------------------------------------------+
    |        ?|        ?|         ?|         ?|    0|    0|  loop auto-rewind stp (delay=0 clock cycles(s))|
    +---------+---------+----------+----------+-----+-----+------------------------------------------------+

    + Detail: 
        * Instance: 
        N/A

        * Loop: 
        +----------------+---------+---------+----------+-----------+-----------+------+----------+
        |                |  Latency (cycles) | Iteration|  Initiation Interval  | Trip |          |
        |    Loop Name   |   min   |   max   |  Latency |  achieved |   target  | Count| Pipelined|
        +----------------+---------+---------+----------+-----------+-----------+------+----------+
        |- calc_moments  |        ?|        ?|        41|          6|          1|     ?|       yes|
        +----------------+---------+---------+----------+-----------+-----------+------+----------+

============================================================
+ Verbose Summary: Synthesis Manager
============================================================
InlineROM: 1
ExposeGlobal: 0
============================================================
+ Verbose Summary: CDFG Model
============================================================
IsTopModel: 0
ResetActiveHigh: 1
IsCombinational: 0
IsDatapathOnly: 0
HasWiredReturn: 1
HasMFsm: 2
HasVarLatency: 1
IsPipeline: 0
IsRtlPipelined: 0
IsInstanceOverlapped: 0
IsDontTouch: 0
HasImplIP: 0
IsGatedGlobalClock: 0

+ Individual pipeline summary: 
  * Pipeline-0: initiation interval (II) = 6, depth = 41


============================================================
+ Verbose Summary: Schedule
============================================================
* Number of FSM states : 41
* Pipeline : 1
  Pipeline-0 : II = 6, D = 41, States = { 1 2 3 4 5 6 7 8 9 10 11 12 13 14 15 16 17 18 19 20 21 22 23 24 25 26 27 28 29 30 31 32 33 34 35 36 37 38 39 40 41 }
* Dataflow Pipeline: 0

* FSM state transitions: 
1 --> 2 
2 --> 3 
3 --> 4 
4 --> 5 
5 --> 6 
6 --> 7 
7 --> 8 
8 --> 9 
9 --> 10 
10 --> 11 
11 --> 12 
12 --> 13 
13 --> 14 
14 --> 15 
15 --> 16 
16 --> 17 
17 --> 18 
18 --> 19 
19 --> 20 
20 --> 21 
21 --> 22 
22 --> 23 
23 --> 24 
24 --> 25 
25 --> 26 
26 --> 27 
27 --> 28 
28 --> 29 
29 --> 30 
30 --> 31 
31 --> 32 
32 --> 33 
33 --> 34 
34 --> 35 
35 --> 36 
36 --> 37 
37 --> 38 
38 --> 39 
39 --> 40 
40 --> 41 
41 --> 

* FSM state operations: 

State 1 <SV = 0> <Delay = 4.84>
ST_1 : Operation 44 [1/1] (0.00ns)   --->   "%skew_accum = alloca i32 1" [/home/admin/Desktop/SOCExtraFeatures/src/StatsCalc.cpp:141]   --->   Operation 44 'alloca' 'skew_accum' <Predicate = true> <Delay = 0.00>
ST_1 : Operation 45 [1/1] (0.00ns)   --->   "%kurt_accum = alloca i32 1" [/home/admin/Desktop/SOCExtraFeatures/src/StatsCalc.cpp:142]   --->   Operation 45 'alloca' 'kurt_accum' <Predicate = true> <Delay = 0.00>
ST_1 : Operation 46 [1/1] (0.00ns)   --->   "%i = alloca i32 1" [/home/admin/Desktop/SOCExtraFeatures/src/StatsCalc.cpp:144]   --->   Operation 46 'alloca' 'i' <Predicate = true> <Delay = 0.00>
ST_1 : Operation 47 [1/1] (0.00ns)   --->   "%std_dev_read = read i32 @_ssdm_op_Read.ap_auto.float, i32 %std_dev"   --->   Operation 47 'read' 'std_dev_read' <Predicate = true> <Delay = 0.00>
ST_1 : Operation 48 [1/1] (0.00ns)   --->   "%mean_val_read = read i32 @_ssdm_op_Read.ap_auto.float, i32 %mean_val"   --->   Operation 48 'read' 'mean_val_read' <Predicate = true> <Delay = 0.00>
ST_1 : Operation 49 [1/1] (0.00ns)   --->   "%n_read = read i32 @_ssdm_op_Read.ap_auto.i32, i32 %n"   --->   Operation 49 'read' 'n_read' <Predicate = true> <Delay = 0.00>
ST_1 : Operation 50 [1/1] (1.58ns)   --->   "%store_ln144 = store i31 0, i31 %i" [/home/admin/Desktop/SOCExtraFeatures/src/StatsCalc.cpp:144]   --->   Operation 50 'store' 'store_ln144' <Predicate = true> <Delay = 1.58>
ST_1 : Operation 51 [1/1] (1.58ns)   --->   "%store_ln142 = store i32 0, i32 %kurt_accum" [/home/admin/Desktop/SOCExtraFeatures/src/StatsCalc.cpp:142]   --->   Operation 51 'store' 'store_ln142' <Predicate = true> <Delay = 1.58>
ST_1 : Operation 52 [1/1] (1.58ns)   --->   "%store_ln141 = store i32 0, i32 %skew_accum" [/home/admin/Desktop/SOCExtraFeatures/src/StatsCalc.cpp:141]   --->   Operation 52 'store' 'store_ln141' <Predicate = true> <Delay = 1.58>
ST_1 : Operation 53 [1/1] (0.00ns)   --->   "%br_ln0 = br void %for.inc89"   --->   Operation 53 'br' 'br_ln0' <Predicate = true> <Delay = 0.00>
ST_1 : Operation 54 [1/1] (0.00ns)   --->   "%i_5 = load i31 %i" [/home/admin/Desktop/SOCExtraFeatures/src/StatsCalc.cpp:144]   --->   Operation 54 'load' 'i_5' <Predicate = true> <Delay = 0.00>
ST_1 : Operation 55 [1/1] (0.00ns)   --->   "%zext_ln144 = zext i31 %i_5" [/home/admin/Desktop/SOCExtraFeatures/src/StatsCalc.cpp:144]   --->   Operation 55 'zext' 'zext_ln144' <Predicate = true> <Delay = 0.00>
ST_1 : Operation 56 [1/1] (2.55ns)   --->   "%icmp_ln144 = icmp_slt  i32 %zext_ln144, i32 %n_read" [/home/admin/Desktop/SOCExtraFeatures/src/StatsCalc.cpp:144]   --->   Operation 56 'icmp' 'icmp_ln144' <Predicate = true> <Delay = 2.55> <CoreInst = "Cmp">   --->   Core 9 'Cmp' <Latency = 0> <II = 1> <Delay = 2.55> <FuncUnit> <Opcode : 'seteq' 'setne' 'setle' 'setge' 'setlt' 'setgt'> <InPorts = 2> <OutPorts = 1>
ST_1 : Operation 57 [1/1] (0.00ns)   --->   "%br_ln144 = br i1 %icmp_ln144, void %for.end91.loopexit.exitStub, void %for.inc89.split" [/home/admin/Desktop/SOCExtraFeatures/src/StatsCalc.cpp:144]   --->   Operation 57 'br' 'br_ln144' <Predicate = true> <Delay = 0.00>
ST_1 : Operation 58 [1/1] (0.00ns)   --->   "%lshr_ln6 = partselect i8 @_ssdm_op_PartSelect.i8.i31.i32.i32, i31 %i_5, i32 2, i32 9" [/home/admin/Desktop/SOCExtraFeatures/src/StatsCalc.cpp:141]   --->   Operation 58 'partselect' 'lshr_ln6' <Predicate = (icmp_ln144)> <Delay = 0.00>
ST_1 : Operation 59 [1/1] (0.00ns)   --->   "%zext_ln141 = zext i8 %lshr_ln6" [/home/admin/Desktop/SOCExtraFeatures/src/StatsCalc.cpp:141]   --->   Operation 59 'zext' 'zext_ln141' <Predicate = (icmp_ln144)> <Delay = 0.00>
ST_1 : Operation 60 [1/1] (0.00ns)   --->   "%data_addr = getelementptr i32 %data, i64 0, i64 %zext_ln141" [/home/admin/Desktop/SOCExtraFeatures/src/StatsCalc.cpp:146]   --->   Operation 60 'getelementptr' 'data_addr' <Predicate = (icmp_ln144)> <Delay = 0.00>
ST_1 : Operation 61 [1/1] (0.00ns)   --->   "%data_1_addr = getelementptr i32 %data_1, i64 0, i64 %zext_ln141" [/home/admin/Desktop/SOCExtraFeatures/src/StatsCalc.cpp:146]   --->   Operation 61 'getelementptr' 'data_1_addr' <Predicate = (icmp_ln144)> <Delay = 0.00>
ST_1 : Operation 62 [1/1] (0.00ns)   --->   "%data_2_addr = getelementptr i32 %data_2, i64 0, i64 %zext_ln141" [/home/admin/Desktop/SOCExtraFeatures/src/StatsCalc.cpp:146]   --->   Operation 62 'getelementptr' 'data_2_addr' <Predicate = (icmp_ln144)> <Delay = 0.00>
ST_1 : Operation 63 [1/1] (0.00ns)   --->   "%data_3_addr = getelementptr i32 %data_3, i64 0, i64 %zext_ln141" [/home/admin/Desktop/SOCExtraFeatures/src/StatsCalc.cpp:146]   --->   Operation 63 'getelementptr' 'data_3_addr' <Predicate = (icmp_ln144)> <Delay = 0.00>
ST_1 : Operation 64 [2/2] (3.25ns)   --->   "%data_load = load i8 %data_addr" [/home/admin/Desktop/SOCExtraFeatures/src/StatsCalc.cpp:146]   --->   Operation 64 'load' 'data_load' <Predicate = (icmp_ln144)> <Delay = 3.25> <CoreInst = "RAM">   --->   Core 81 'RAM' <Latency = 1> <II = 1> <Delay = 3.25> <Storage> <Opcode : 'load' 'store'> <Ports = 2> <Width = 32> <Depth = 256> <RAM>
ST_1 : Operation 65 [2/2] (3.25ns)   --->   "%data_1_load = load i8 %data_1_addr" [/home/admin/Desktop/SOCExtraFeatures/src/StatsCalc.cpp:146]   --->   Operation 65 'load' 'data_1_load' <Predicate = (icmp_ln144)> <Delay = 3.25> <CoreInst = "RAM">   --->   Core 81 'RAM' <Latency = 1> <II = 1> <Delay = 3.25> <Storage> <Opcode : 'load' 'store'> <Ports = 2> <Width = 32> <Depth = 256> <RAM>
ST_1 : Operation 66 [2/2] (3.25ns)   --->   "%data_2_load = load i8 %data_2_addr" [/home/admin/Desktop/SOCExtraFeatures/src/StatsCalc.cpp:146]   --->   Operation 66 'load' 'data_2_load' <Predicate = (icmp_ln144)> <Delay = 3.25> <CoreInst = "RAM">   --->   Core 81 'RAM' <Latency = 1> <II = 1> <Delay = 3.25> <Storage> <Opcode : 'load' 'store'> <Ports = 2> <Width = 32> <Depth = 256> <RAM>
ST_1 : Operation 67 [2/2] (3.25ns)   --->   "%data_3_load = load i8 %data_3_addr" [/home/admin/Desktop/SOCExtraFeatures/src/StatsCalc.cpp:146]   --->   Operation 67 'load' 'data_3_load' <Predicate = (icmp_ln144)> <Delay = 3.25> <CoreInst = "RAM">   --->   Core 81 'RAM' <Latency = 1> <II = 1> <Delay = 3.25> <Storage> <Opcode : 'load' 'store'> <Ports = 2> <Width = 32> <Depth = 256> <RAM>

State 2 <SV = 1> <Delay = 5.08>
ST_2 : Operation 68 [1/1] (2.52ns)   --->   "%add_ln144 = add i31 %i_5, i31 1" [/home/admin/Desktop/SOCExtraFeatures/src/StatsCalc.cpp:144]   --->   Operation 68 'add' 'add_ln144' <Predicate = true> <Delay = 2.52> <CoreInst = "Adder">   --->   Core 1 'Adder' <Latency = 0> <II = 1> <Delay = 2.52> <FuncUnit> <Opcode : 'add' 'sub'> <InPorts = 2> <OutPorts = 1>
ST_2 : Operation 69 [1/1] (0.00ns)   --->   "%trunc_ln144 = trunc i31 %i_5" [/home/admin/Desktop/SOCExtraFeatures/src/StatsCalc.cpp:144]   --->   Operation 69 'trunc' 'trunc_ln144' <Predicate = (icmp_ln144)> <Delay = 0.00>
ST_2 : Operation 70 [1/2] ( I:3.25ns O:3.25ns )   --->   "%data_load = load i8 %data_addr" [/home/admin/Desktop/SOCExtraFeatures/src/StatsCalc.cpp:146]   --->   Operation 70 'load' 'data_load' <Predicate = (icmp_ln144)> <Delay = 3.25> <CoreInst = "RAM">   --->   Core 81 'RAM' <Latency = 1> <II = 1> <Delay = 3.25> <Storage> <Opcode : 'load' 'store'> <Ports = 2> <Width = 32> <Depth = 256> <RAM>
ST_2 : Operation 71 [1/2] ( I:3.25ns O:3.25ns )   --->   "%data_1_load = load i8 %data_1_addr" [/home/admin/Desktop/SOCExtraFeatures/src/StatsCalc.cpp:146]   --->   Operation 71 'load' 'data_1_load' <Predicate = (icmp_ln144)> <Delay = 3.25> <CoreInst = "RAM">   --->   Core 81 'RAM' <Latency = 1> <II = 1> <Delay = 3.25> <Storage> <Opcode : 'load' 'store'> <Ports = 2> <Width = 32> <Depth = 256> <RAM>
ST_2 : Operation 72 [1/2] ( I:3.25ns O:3.25ns )   --->   "%data_2_load = load i8 %data_2_addr" [/home/admin/Desktop/SOCExtraFeatures/src/StatsCalc.cpp:146]   --->   Operation 72 'load' 'data_2_load' <Predicate = (icmp_ln144)> <Delay = 3.25> <CoreInst = "RAM">   --->   Core 81 'RAM' <Latency = 1> <II = 1> <Delay = 3.25> <Storage> <Opcode : 'load' 'store'> <Ports = 2> <Width = 32> <Depth = 256> <RAM>
ST_2 : Operation 73 [1/2] ( I:3.25ns O:3.25ns )   --->   "%data_3_load = load i8 %data_3_addr" [/home/admin/Desktop/SOCExtraFeatures/src/StatsCalc.cpp:146]   --->   Operation 73 'load' 'data_3_load' <Predicate = (icmp_ln144)> <Delay = 3.25> <CoreInst = "RAM">   --->   Core 81 'RAM' <Latency = 1> <II = 1> <Delay = 3.25> <Storage> <Opcode : 'load' 'store'> <Ports = 2> <Width = 32> <Depth = 256> <RAM>
ST_2 : Operation 74 [1/1] (1.82ns)   --->   "%tmp_2 = sparsemux i32 @_ssdm_op_SparseMux.ap_auto.4float.float.i2, i2 0, i32 %data_load, i2 1, i32 %data_1_load, i2 2, i32 %data_2_load, i2 3, i32 %data_3_load, i32 <undef>, i2 %trunc_ln144" [/home/admin/Desktop/SOCExtraFeatures/src/StatsCalc.cpp:146]   --->   Operation 74 'sparsemux' 'tmp_2' <Predicate = (icmp_ln144)> <Delay = 1.82> <CoreInst = "BinarySparseMux_DontCare">   --->   Core 137 'BinarySparseMux_DontCare' <Latency = 0> <II = 1> <Delay = 1.82> <FuncUnit> <Opcode : 'sparsemux'> <InPorts = 2> <OutPorts = 1>
ST_2 : Operation 75 [1/1] (1.58ns)   --->   "%store_ln144 = store i31 %add_ln144, i31 %i" [/home/admin/Desktop/SOCExtraFeatures/src/StatsCalc.cpp:144]   --->   Operation 75 'store' 'store_ln144' <Predicate = (icmp_ln144)> <Delay = 1.58>

State 3 <SV = 2> <Delay = 7.25>
ST_3 : Operation 76 [5/5] (7.25ns)   --->   "%sub = fsub i32 %tmp_2, i32 %mean_val_read" [/home/admin/Desktop/SOCExtraFeatures/src/StatsCalc.cpp:146]   --->   Operation 76 'fsub' 'sub' <Predicate = (icmp_ln144)> <Delay = 7.25> <CoreInst = "FAddSub_fulldsp">   --->   Core 18 'FAddSub_fulldsp' <Latency = 4> <II = 1> <Delay = 7.25> <FuncUnit> <Opcode : 'fadd' 'fsub'> <InPorts = 2> <OutPorts = 1>

State 4 <SV = 3> <Delay = 7.25>
ST_4 : Operation 77 [4/5] (7.25ns)   --->   "%sub = fsub i32 %tmp_2, i32 %mean_val_read" [/home/admin/Desktop/SOCExtraFeatures/src/StatsCalc.cpp:146]   --->   Operation 77 'fsub' 'sub' <Predicate = (icmp_ln144)> <Delay = 7.25> <CoreInst = "FAddSub_fulldsp">   --->   Core 18 'FAddSub_fulldsp' <Latency = 4> <II = 1> <Delay = 7.25> <FuncUnit> <Opcode : 'fadd' 'fsub'> <InPorts = 2> <OutPorts = 1>

State 5 <SV = 4> <Delay = 7.25>
ST_5 : Operation 78 [3/5] (7.25ns)   --->   "%sub = fsub i32 %tmp_2, i32 %mean_val_read" [/home/admin/Desktop/SOCExtraFeatures/src/StatsCalc.cpp:146]   --->   Operation 78 'fsub' 'sub' <Predicate = (icmp_ln144)> <Delay = 7.25> <CoreInst = "FAddSub_fulldsp">   --->   Core 18 'FAddSub_fulldsp' <Latency = 4> <II = 1> <Delay = 7.25> <FuncUnit> <Opcode : 'fadd' 'fsub'> <InPorts = 2> <OutPorts = 1>

State 6 <SV = 5> <Delay = 7.25>
ST_6 : Operation 79 [2/5] (7.25ns)   --->   "%sub = fsub i32 %tmp_2, i32 %mean_val_read" [/home/admin/Desktop/SOCExtraFeatures/src/StatsCalc.cpp:146]   --->   Operation 79 'fsub' 'sub' <Predicate = (icmp_ln144)> <Delay = 7.25> <CoreInst = "FAddSub_fulldsp">   --->   Core 18 'FAddSub_fulldsp' <Latency = 4> <II = 1> <Delay = 7.25> <FuncUnit> <Opcode : 'fadd' 'fsub'> <InPorts = 2> <OutPorts = 1>

State 7 <SV = 6> <Delay = 7.25>
ST_7 : Operation 80 [1/5] (7.25ns)   --->   "%sub = fsub i32 %tmp_2, i32 %mean_val_read" [/home/admin/Desktop/SOCExtraFeatures/src/StatsCalc.cpp:146]   --->   Operation 80 'fsub' 'sub' <Predicate = true> <Delay = 7.25> <CoreInst = "FAddSub_fulldsp">   --->   Core 18 'FAddSub_fulldsp' <Latency = 4> <II = 1> <Delay = 7.25> <FuncUnit> <Opcode : 'fadd' 'fsub'> <InPorts = 2> <OutPorts = 1>

State 8 <SV = 7> <Delay = 6.07>
ST_8 : Operation 81 [16/16] (6.07ns)   --->   "%normalized = fdiv i32 %sub, i32 %std_dev_read" [/home/admin/Desktop/SOCExtraFeatures/src/StatsCalc.cpp:146]   --->   Operation 81 'fdiv' 'normalized' <Predicate = true> <Delay = 6.07> <CoreInst = "FDiv">   --->   Core 20 'FDiv' <Latency = 15> <II = 1> <Delay = 6.07> <FuncUnit> <Opcode : 'fdiv' 'frem'> <InPorts = 2> <OutPorts = 1>

State 9 <SV = 8> <Delay = 6.07>
ST_9 : Operation 82 [15/16] (6.07ns)   --->   "%normalized = fdiv i32 %sub, i32 %std_dev_read" [/home/admin/Desktop/SOCExtraFeatures/src/StatsCalc.cpp:146]   --->   Operation 82 'fdiv' 'normalized' <Predicate = true> <Delay = 6.07> <CoreInst = "FDiv">   --->   Core 20 'FDiv' <Latency = 15> <II = 1> <Delay = 6.07> <FuncUnit> <Opcode : 'fdiv' 'frem'> <InPorts = 2> <OutPorts = 1>

State 10 <SV = 9> <Delay = 6.07>
ST_10 : Operation 83 [14/16] (6.07ns)   --->   "%normalized = fdiv i32 %sub, i32 %std_dev_read" [/home/admin/Desktop/SOCExtraFeatures/src/StatsCalc.cpp:146]   --->   Operation 83 'fdiv' 'normalized' <Predicate = true> <Delay = 6.07> <CoreInst = "FDiv">   --->   Core 20 'FDiv' <Latency = 15> <II = 1> <Delay = 6.07> <FuncUnit> <Opcode : 'fdiv' 'frem'> <InPorts = 2> <OutPorts = 1>

State 11 <SV = 10> <Delay = 6.07>
ST_11 : Operation 84 [13/16] (6.07ns)   --->   "%normalized = fdiv i32 %sub, i32 %std_dev_read" [/home/admin/Desktop/SOCExtraFeatures/src/StatsCalc.cpp:146]   --->   Operation 84 'fdiv' 'normalized' <Predicate = true> <Delay = 6.07> <CoreInst = "FDiv">   --->   Core 20 'FDiv' <Latency = 15> <II = 1> <Delay = 6.07> <FuncUnit> <Opcode : 'fdiv' 'frem'> <InPorts = 2> <OutPorts = 1>

State 12 <SV = 11> <Delay = 6.07>
ST_12 : Operation 85 [12/16] (6.07ns)   --->   "%normalized = fdiv i32 %sub, i32 %std_dev_read" [/home/admin/Desktop/SOCExtraFeatures/src/StatsCalc.cpp:146]   --->   Operation 85 'fdiv' 'normalized' <Predicate = true> <Delay = 6.07> <CoreInst = "FDiv">   --->   Core 20 'FDiv' <Latency = 15> <II = 1> <Delay = 6.07> <FuncUnit> <Opcode : 'fdiv' 'frem'> <InPorts = 2> <OutPorts = 1>

State 13 <SV = 12> <Delay = 6.07>
ST_13 : Operation 86 [11/16] (6.07ns)   --->   "%normalized = fdiv i32 %sub, i32 %std_dev_read" [/home/admin/Desktop/SOCExtraFeatures/src/StatsCalc.cpp:146]   --->   Operation 86 'fdiv' 'normalized' <Predicate = true> <Delay = 6.07> <CoreInst = "FDiv">   --->   Core 20 'FDiv' <Latency = 15> <II = 1> <Delay = 6.07> <FuncUnit> <Opcode : 'fdiv' 'frem'> <InPorts = 2> <OutPorts = 1>

State 14 <SV = 13> <Delay = 6.07>
ST_14 : Operation 87 [10/16] (6.07ns)   --->   "%normalized = fdiv i32 %sub, i32 %std_dev_read" [/home/admin/Desktop/SOCExtraFeatures/src/StatsCalc.cpp:146]   --->   Operation 87 'fdiv' 'normalized' <Predicate = true> <Delay = 6.07> <CoreInst = "FDiv">   --->   Core 20 'FDiv' <Latency = 15> <II = 1> <Delay = 6.07> <FuncUnit> <Opcode : 'fdiv' 'frem'> <InPorts = 2> <OutPorts = 1>

State 15 <SV = 14> <Delay = 6.07>
ST_15 : Operation 88 [9/16] (6.07ns)   --->   "%normalized = fdiv i32 %sub, i32 %std_dev_read" [/home/admin/Desktop/SOCExtraFeatures/src/StatsCalc.cpp:146]   --->   Operation 88 'fdiv' 'normalized' <Predicate = true> <Delay = 6.07> <CoreInst = "FDiv">   --->   Core 20 'FDiv' <Latency = 15> <II = 1> <Delay = 6.07> <FuncUnit> <Opcode : 'fdiv' 'frem'> <InPorts = 2> <OutPorts = 1>

State 16 <SV = 15> <Delay = 6.07>
ST_16 : Operation 89 [8/16] (6.07ns)   --->   "%normalized = fdiv i32 %sub, i32 %std_dev_read" [/home/admin/Desktop/SOCExtraFeatures/src/StatsCalc.cpp:146]   --->   Operation 89 'fdiv' 'normalized' <Predicate = true> <Delay = 6.07> <CoreInst = "FDiv">   --->   Core 20 'FDiv' <Latency = 15> <II = 1> <Delay = 6.07> <FuncUnit> <Opcode : 'fdiv' 'frem'> <InPorts = 2> <OutPorts = 1>

State 17 <SV = 16> <Delay = 6.07>
ST_17 : Operation 90 [7/16] (6.07ns)   --->   "%normalized = fdiv i32 %sub, i32 %std_dev_read" [/home/admin/Desktop/SOCExtraFeatures/src/StatsCalc.cpp:146]   --->   Operation 90 'fdiv' 'normalized' <Predicate = true> <Delay = 6.07> <CoreInst = "FDiv">   --->   Core 20 'FDiv' <Latency = 15> <II = 1> <Delay = 6.07> <FuncUnit> <Opcode : 'fdiv' 'frem'> <InPorts = 2> <OutPorts = 1>

State 18 <SV = 17> <Delay = 6.07>
ST_18 : Operation 91 [6/16] (6.07ns)   --->   "%normalized = fdiv i32 %sub, i32 %std_dev_read" [/home/admin/Desktop/SOCExtraFeatures/src/StatsCalc.cpp:146]   --->   Operation 91 'fdiv' 'normalized' <Predicate = true> <Delay = 6.07> <CoreInst = "FDiv">   --->   Core 20 'FDiv' <Latency = 15> <II = 1> <Delay = 6.07> <FuncUnit> <Opcode : 'fdiv' 'frem'> <InPorts = 2> <OutPorts = 1>

State 19 <SV = 18> <Delay = 6.07>
ST_19 : Operation 92 [5/16] (6.07ns)   --->   "%normalized = fdiv i32 %sub, i32 %std_dev_read" [/home/admin/Desktop/SOCExtraFeatures/src/StatsCalc.cpp:146]   --->   Operation 92 'fdiv' 'normalized' <Predicate = true> <Delay = 6.07> <CoreInst = "FDiv">   --->   Core 20 'FDiv' <Latency = 15> <II = 1> <Delay = 6.07> <FuncUnit> <Opcode : 'fdiv' 'frem'> <InPorts = 2> <OutPorts = 1>

State 20 <SV = 19> <Delay = 6.07>
ST_20 : Operation 93 [4/16] (6.07ns)   --->   "%normalized = fdiv i32 %sub, i32 %std_dev_read" [/home/admin/Desktop/SOCExtraFeatures/src/StatsCalc.cpp:146]   --->   Operation 93 'fdiv' 'normalized' <Predicate = true> <Delay = 6.07> <CoreInst = "FDiv">   --->   Core 20 'FDiv' <Latency = 15> <II = 1> <Delay = 6.07> <FuncUnit> <Opcode : 'fdiv' 'frem'> <InPorts = 2> <OutPorts = 1>

State 21 <SV = 20> <Delay = 6.07>
ST_21 : Operation 94 [3/16] (6.07ns)   --->   "%normalized = fdiv i32 %sub, i32 %std_dev_read" [/home/admin/Desktop/SOCExtraFeatures/src/StatsCalc.cpp:146]   --->   Operation 94 'fdiv' 'normalized' <Predicate = true> <Delay = 6.07> <CoreInst = "FDiv">   --->   Core 20 'FDiv' <Latency = 15> <II = 1> <Delay = 6.07> <FuncUnit> <Opcode : 'fdiv' 'frem'> <InPorts = 2> <OutPorts = 1>

State 22 <SV = 21> <Delay = 6.07>
ST_22 : Operation 95 [2/16] (6.07ns)   --->   "%normalized = fdiv i32 %sub, i32 %std_dev_read" [/home/admin/Desktop/SOCExtraFeatures/src/StatsCalc.cpp:146]   --->   Operation 95 'fdiv' 'normalized' <Predicate = true> <Delay = 6.07> <CoreInst = "FDiv">   --->   Core 20 'FDiv' <Latency = 15> <II = 1> <Delay = 6.07> <FuncUnit> <Opcode : 'fdiv' 'frem'> <InPorts = 2> <OutPorts = 1>

State 23 <SV = 22> <Delay = 6.07>
ST_23 : Operation 96 [1/16] (6.07ns)   --->   "%normalized = fdiv i32 %sub, i32 %std_dev_read" [/home/admin/Desktop/SOCExtraFeatures/src/StatsCalc.cpp:146]   --->   Operation 96 'fdiv' 'normalized' <Predicate = true> <Delay = 6.07> <CoreInst = "FDiv">   --->   Core 20 'FDiv' <Latency = 15> <II = 1> <Delay = 6.07> <FuncUnit> <Opcode : 'fdiv' 'frem'> <InPorts = 2> <OutPorts = 1>

State 24 <SV = 23> <Delay = 5.70>
ST_24 : Operation 97 [4/4] (5.70ns)   --->   "%mul2 = fmul i32 %normalized, i32 %normalized" [/home/admin/Desktop/SOCExtraFeatures/src/StatsCalc.cpp:147]   --->   Operation 97 'fmul' 'mul2' <Predicate = true> <Delay = 5.70> <CoreInst = "FMul_maxdsp">   --->   Core 30 'FMul_maxdsp' <Latency = 3> <II = 1> <Delay = 5.70> <FuncUnit> <Opcode : 'fmul'> <InPorts = 2> <OutPorts = 1>

State 25 <SV = 24> <Delay = 5.70>
ST_25 : Operation 98 [3/4] (5.70ns)   --->   "%mul2 = fmul i32 %normalized, i32 %normalized" [/home/admin/Desktop/SOCExtraFeatures/src/StatsCalc.cpp:147]   --->   Operation 98 'fmul' 'mul2' <Predicate = true> <Delay = 5.70> <CoreInst = "FMul_maxdsp">   --->   Core 30 'FMul_maxdsp' <Latency = 3> <II = 1> <Delay = 5.70> <FuncUnit> <Opcode : 'fmul'> <InPorts = 2> <OutPorts = 1>

State 26 <SV = 25> <Delay = 5.70>
ST_26 : Operation 99 [2/4] (5.70ns)   --->   "%mul2 = fmul i32 %normalized, i32 %normalized" [/home/admin/Desktop/SOCExtraFeatures/src/StatsCalc.cpp:147]   --->   Operation 99 'fmul' 'mul2' <Predicate = true> <Delay = 5.70> <CoreInst = "FMul_maxdsp">   --->   Core 30 'FMul_maxdsp' <Latency = 3> <II = 1> <Delay = 5.70> <FuncUnit> <Opcode : 'fmul'> <InPorts = 2> <OutPorts = 1>

State 27 <SV = 26> <Delay = 5.70>
ST_27 : Operation 100 [1/4] (5.70ns)   --->   "%mul2 = fmul i32 %normalized, i32 %normalized" [/home/admin/Desktop/SOCExtraFeatures/src/StatsCalc.cpp:147]   --->   Operation 100 'fmul' 'mul2' <Predicate = true> <Delay = 5.70> <CoreInst = "FMul_maxdsp">   --->   Core 30 'FMul_maxdsp' <Latency = 3> <II = 1> <Delay = 5.70> <FuncUnit> <Opcode : 'fmul'> <InPorts = 2> <OutPorts = 1>

State 28 <SV = 27> <Delay = 5.70>
ST_28 : Operation 101 [4/4] (5.70ns)   --->   "%norm_cubed = fmul i32 %mul2, i32 %normalized" [/home/admin/Desktop/SOCExtraFeatures/src/StatsCalc.cpp:147]   --->   Operation 101 'fmul' 'norm_cubed' <Predicate = true> <Delay = 5.70> <CoreInst = "FMul_maxdsp">   --->   Core 30 'FMul_maxdsp' <Latency = 3> <II = 1> <Delay = 5.70> <FuncUnit> <Opcode : 'fmul'> <InPorts = 2> <OutPorts = 1>

State 29 <SV = 28> <Delay = 5.70>
ST_29 : Operation 102 [3/4] (5.70ns)   --->   "%norm_cubed = fmul i32 %mul2, i32 %normalized" [/home/admin/Desktop/SOCExtraFeatures/src/StatsCalc.cpp:147]   --->   Operation 102 'fmul' 'norm_cubed' <Predicate = true> <Delay = 5.70> <CoreInst = "FMul_maxdsp">   --->   Core 30 'FMul_maxdsp' <Latency = 3> <II = 1> <Delay = 5.70> <FuncUnit> <Opcode : 'fmul'> <InPorts = 2> <OutPorts = 1>

State 30 <SV = 29> <Delay = 5.70>
ST_30 : Operation 103 [2/4] (5.70ns)   --->   "%norm_cubed = fmul i32 %mul2, i32 %normalized" [/home/admin/Desktop/SOCExtraFeatures/src/StatsCalc.cpp:147]   --->   Operation 103 'fmul' 'norm_cubed' <Predicate = true> <Delay = 5.70> <CoreInst = "FMul_maxdsp">   --->   Core 30 'FMul_maxdsp' <Latency = 3> <II = 1> <Delay = 5.70> <FuncUnit> <Opcode : 'fmul'> <InPorts = 2> <OutPorts = 1>

State 31 <SV = 30> <Delay = 5.70>
ST_31 : Operation 104 [1/4] (5.70ns)   --->   "%norm_cubed = fmul i32 %mul2, i32 %normalized" [/home/admin/Desktop/SOCExtraFeatures/src/StatsCalc.cpp:147]   --->   Operation 104 'fmul' 'norm_cubed' <Predicate = true> <Delay = 5.70> <CoreInst = "FMul_maxdsp">   --->   Core 30 'FMul_maxdsp' <Latency = 3> <II = 1> <Delay = 5.70> <FuncUnit> <Opcode : 'fmul'> <InPorts = 2> <OutPorts = 1>

State 32 <SV = 31> <Delay = 7.25>
ST_32 : Operation 105 [1/1] (0.00ns)   --->   "%skew_accum_load = load i32 %skew_accum" [/home/admin/Desktop/SOCExtraFeatures/src/StatsCalc.cpp:148]   --->   Operation 105 'load' 'skew_accum_load' <Predicate = true> <Delay = 0.00>
ST_32 : Operation 106 [5/5] (7.25ns)   --->   "%skew_accum_1 = fadd i32 %skew_accum_load, i32 %norm_cubed" [/home/admin/Desktop/SOCExtraFeatures/src/StatsCalc.cpp:148]   --->   Operation 106 'fadd' 'skew_accum_1' <Predicate = true> <Delay = 7.25> <CoreInst = "FAddSub_fulldsp">   --->   Core 18 'FAddSub_fulldsp' <Latency = 4> <II = 1> <Delay = 7.25> <FuncUnit> <Opcode : 'fadd' 'fsub'> <InPorts = 2> <OutPorts = 1>
ST_32 : Operation 107 [4/4] (5.70ns)   --->   "%mul4 = fmul i32 %norm_cubed, i32 %normalized" [/home/admin/Desktop/SOCExtraFeatures/src/StatsCalc.cpp:149]   --->   Operation 107 'fmul' 'mul4' <Predicate = true> <Delay = 5.70> <CoreInst = "FMul_maxdsp">   --->   Core 30 'FMul_maxdsp' <Latency = 3> <II = 1> <Delay = 5.70> <FuncUnit> <Opcode : 'fmul'> <InPorts = 2> <OutPorts = 1>

State 33 <SV = 32> <Delay = 7.25>
ST_33 : Operation 108 [4/5] (7.25ns)   --->   "%skew_accum_1 = fadd i32 %skew_accum_load, i32 %norm_cubed" [/home/admin/Desktop/SOCExtraFeatures/src/StatsCalc.cpp:148]   --->   Operation 108 'fadd' 'skew_accum_1' <Predicate = true> <Delay = 7.25> <CoreInst = "FAddSub_fulldsp">   --->   Core 18 'FAddSub_fulldsp' <Latency = 4> <II = 1> <Delay = 7.25> <FuncUnit> <Opcode : 'fadd' 'fsub'> <InPorts = 2> <OutPorts = 1>
ST_33 : Operation 109 [3/4] (5.70ns)   --->   "%mul4 = fmul i32 %norm_cubed, i32 %normalized" [/home/admin/Desktop/SOCExtraFeatures/src/StatsCalc.cpp:149]   --->   Operation 109 'fmul' 'mul4' <Predicate = true> <Delay = 5.70> <CoreInst = "FMul_maxdsp">   --->   Core 30 'FMul_maxdsp' <Latency = 3> <II = 1> <Delay = 5.70> <FuncUnit> <Opcode : 'fmul'> <InPorts = 2> <OutPorts = 1>

State 34 <SV = 33> <Delay = 7.25>
ST_34 : Operation 110 [3/5] (7.25ns)   --->   "%skew_accum_1 = fadd i32 %skew_accum_load, i32 %norm_cubed" [/home/admin/Desktop/SOCExtraFeatures/src/StatsCalc.cpp:148]   --->   Operation 110 'fadd' 'skew_accum_1' <Predicate = true> <Delay = 7.25> <CoreInst = "FAddSub_fulldsp">   --->   Core 18 'FAddSub_fulldsp' <Latency = 4> <II = 1> <Delay = 7.25> <FuncUnit> <Opcode : 'fadd' 'fsub'> <InPorts = 2> <OutPorts = 1>
ST_34 : Operation 111 [2/4] (5.70ns)   --->   "%mul4 = fmul i32 %norm_cubed, i32 %normalized" [/home/admin/Desktop/SOCExtraFeatures/src/StatsCalc.cpp:149]   --->   Operation 111 'fmul' 'mul4' <Predicate = true> <Delay = 5.70> <CoreInst = "FMul_maxdsp">   --->   Core 30 'FMul_maxdsp' <Latency = 3> <II = 1> <Delay = 5.70> <FuncUnit> <Opcode : 'fmul'> <InPorts = 2> <OutPorts = 1>

State 35 <SV = 34> <Delay = 7.25>
ST_35 : Operation 112 [2/5] (7.25ns)   --->   "%skew_accum_1 = fadd i32 %skew_accum_load, i32 %norm_cubed" [/home/admin/Desktop/SOCExtraFeatures/src/StatsCalc.cpp:148]   --->   Operation 112 'fadd' 'skew_accum_1' <Predicate = true> <Delay = 7.25> <CoreInst = "FAddSub_fulldsp">   --->   Core 18 'FAddSub_fulldsp' <Latency = 4> <II = 1> <Delay = 7.25> <FuncUnit> <Opcode : 'fadd' 'fsub'> <InPorts = 2> <OutPorts = 1>
ST_35 : Operation 113 [1/4] (5.70ns)   --->   "%mul4 = fmul i32 %norm_cubed, i32 %normalized" [/home/admin/Desktop/SOCExtraFeatures/src/StatsCalc.cpp:149]   --->   Operation 113 'fmul' 'mul4' <Predicate = true> <Delay = 5.70> <CoreInst = "FMul_maxdsp">   --->   Core 30 'FMul_maxdsp' <Latency = 3> <II = 1> <Delay = 5.70> <FuncUnit> <Opcode : 'fmul'> <InPorts = 2> <OutPorts = 1>
ST_35 : Operation 126 [1/1] (0.00ns)   --->   "%skew_accum_load_1 = load i32 %skew_accum"   --->   Operation 126 'load' 'skew_accum_load_1' <Predicate = (!icmp_ln144)> <Delay = 0.00>
ST_35 : Operation 127 [1/1] (0.00ns)   --->   "%kurt_accum_load_1 = load i32 %kurt_accum"   --->   Operation 127 'load' 'kurt_accum_load_1' <Predicate = (!icmp_ln144)> <Delay = 0.00>
ST_35 : Operation 128 [1/1] (0.00ns)   --->   "%write_ln0 = write void @_ssdm_op_Write.ap_auto.floatP0A, i32 %kurt_accum_out, i32 %kurt_accum_load_1"   --->   Operation 128 'write' 'write_ln0' <Predicate = (!icmp_ln144)> <Delay = 0.00>
ST_35 : Operation 129 [1/1] (0.00ns)   --->   "%write_ln0 = write void @_ssdm_op_Write.ap_auto.floatP0A, i32 %skew_accum_out, i32 %skew_accum_load_1"   --->   Operation 129 'write' 'write_ln0' <Predicate = (!icmp_ln144)> <Delay = 0.00>
ST_35 : Operation 130 [1/1] (1.58ns)   --->   "%ret_ln0 = ret"   --->   Operation 130 'ret' 'ret_ln0' <Predicate = (!icmp_ln144)> <Delay = 1.58>

State 36 <SV = 35> <Delay = 7.25>
ST_36 : Operation 114 [1/1] (0.00ns)   --->   "%kurt_accum_load = load i32 %kurt_accum" [/home/admin/Desktop/SOCExtraFeatures/src/StatsCalc.cpp:149]   --->   Operation 114 'load' 'kurt_accum_load' <Predicate = true> <Delay = 0.00>
ST_36 : Operation 115 [1/5] (7.25ns)   --->   "%skew_accum_1 = fadd i32 %skew_accum_load, i32 %norm_cubed" [/home/admin/Desktop/SOCExtraFeatures/src/StatsCalc.cpp:148]   --->   Operation 115 'fadd' 'skew_accum_1' <Predicate = true> <Delay = 7.25> <CoreInst = "FAddSub_fulldsp">   --->   Core 18 'FAddSub_fulldsp' <Latency = 4> <II = 1> <Delay = 7.25> <FuncUnit> <Opcode : 'fadd' 'fsub'> <InPorts = 2> <OutPorts = 1>
ST_36 : Operation 116 [5/5] (7.25ns)   --->   "%kurt_accum_1 = fadd i32 %kurt_accum_load, i32 %mul4" [/home/admin/Desktop/SOCExtraFeatures/src/StatsCalc.cpp:149]   --->   Operation 116 'fadd' 'kurt_accum_1' <Predicate = true> <Delay = 7.25> <CoreInst = "FAddSub_fulldsp">   --->   Core 18 'FAddSub_fulldsp' <Latency = 4> <II = 1> <Delay = 7.25> <FuncUnit> <Opcode : 'fadd' 'fsub'> <InPorts = 2> <OutPorts = 1>

State 37 <SV = 36> <Delay = 7.25>
ST_37 : Operation 117 [4/5] (7.25ns)   --->   "%kurt_accum_1 = fadd i32 %kurt_accum_load, i32 %mul4" [/home/admin/Desktop/SOCExtraFeatures/src/StatsCalc.cpp:149]   --->   Operation 117 'fadd' 'kurt_accum_1' <Predicate = true> <Delay = 7.25> <CoreInst = "FAddSub_fulldsp">   --->   Core 18 'FAddSub_fulldsp' <Latency = 4> <II = 1> <Delay = 7.25> <FuncUnit> <Opcode : 'fadd' 'fsub'> <InPorts = 2> <OutPorts = 1>
ST_37 : Operation 118 [1/1] (1.58ns)   --->   "%store_ln141 = store i32 %skew_accum_1, i32 %skew_accum" [/home/admin/Desktop/SOCExtraFeatures/src/StatsCalc.cpp:141]   --->   Operation 118 'store' 'store_ln141' <Predicate = true> <Delay = 1.58>

State 38 <SV = 37> <Delay = 7.25>
ST_38 : Operation 119 [3/5] (7.25ns)   --->   "%kurt_accum_1 = fadd i32 %kurt_accum_load, i32 %mul4" [/home/admin/Desktop/SOCExtraFeatures/src/StatsCalc.cpp:149]   --->   Operation 119 'fadd' 'kurt_accum_1' <Predicate = true> <Delay = 7.25> <CoreInst = "FAddSub_fulldsp">   --->   Core 18 'FAddSub_fulldsp' <Latency = 4> <II = 1> <Delay = 7.25> <FuncUnit> <Opcode : 'fadd' 'fsub'> <InPorts = 2> <OutPorts = 1>

State 39 <SV = 38> <Delay = 7.25>
ST_39 : Operation 120 [2/5] (7.25ns)   --->   "%kurt_accum_1 = fadd i32 %kurt_accum_load, i32 %mul4" [/home/admin/Desktop/SOCExtraFeatures/src/StatsCalc.cpp:149]   --->   Operation 120 'fadd' 'kurt_accum_1' <Predicate = true> <Delay = 7.25> <CoreInst = "FAddSub_fulldsp">   --->   Core 18 'FAddSub_fulldsp' <Latency = 4> <II = 1> <Delay = 7.25> <FuncUnit> <Opcode : 'fadd' 'fsub'> <InPorts = 2> <OutPorts = 1>

State 40 <SV = 39> <Delay = 7.25>
ST_40 : Operation 121 [1/5] (7.25ns)   --->   "%kurt_accum_1 = fadd i32 %kurt_accum_load, i32 %mul4" [/home/admin/Desktop/SOCExtraFeatures/src/StatsCalc.cpp:149]   --->   Operation 121 'fadd' 'kurt_accum_1' <Predicate = true> <Delay = 7.25> <CoreInst = "FAddSub_fulldsp">   --->   Core 18 'FAddSub_fulldsp' <Latency = 4> <II = 1> <Delay = 7.25> <FuncUnit> <Opcode : 'fadd' 'fsub'> <InPorts = 2> <OutPorts = 1>

State 41 <SV = 40> <Delay = 1.58>
ST_41 : Operation 122 [1/1] (0.00ns)   --->   "%specpipeline_ln145 = specpipeline void @_ssdm_op_SpecPipeline, i32 4294967295, i32 0, i32 0, i32 0, void @empty" [/home/admin/Desktop/SOCExtraFeatures/src/StatsCalc.cpp:145]   --->   Operation 122 'specpipeline' 'specpipeline_ln145' <Predicate = true> <Delay = 0.00>
ST_41 : Operation 123 [1/1] (0.00ns)   --->   "%specloopname_ln144 = specloopname void @_ssdm_op_SpecLoopName, void @empty_15" [/home/admin/Desktop/SOCExtraFeatures/src/StatsCalc.cpp:144]   --->   Operation 123 'specloopname' 'specloopname_ln144' <Predicate = true> <Delay = 0.00>
ST_41 : Operation 124 [1/1] (1.58ns)   --->   "%store_ln142 = store i32 %kurt_accum_1, i32 %kurt_accum" [/home/admin/Desktop/SOCExtraFeatures/src/StatsCalc.cpp:142]   --->   Operation 124 'store' 'store_ln142' <Predicate = true> <Delay = 1.58>
ST_41 : Operation 125 [1/1] (0.00ns)   --->   "%br_ln144 = br void %for.inc89" [/home/admin/Desktop/SOCExtraFeatures/src/StatsCalc.cpp:144]   --->   Operation 125 'br' 'br_ln144' <Predicate = true> <Delay = 0.00>


============================================================
+ Verbose Summary: Timing violations
============================================================
Target clock period: 10.000ns, clock uncertainty: 2.700ns.

 <State 1>: 4.842ns
The critical path consists of the following:
	'store' operation 0 bit ('store_ln144', /home/admin/Desktop/SOCExtraFeatures/src/StatsCalc.cpp:144) of constant 0 on local variable 'i', /home/admin/Desktop/SOCExtraFeatures/src/StatsCalc.cpp:144 [16]  (1.588 ns)
	'load' operation 31 bit ('i', /home/admin/Desktop/SOCExtraFeatures/src/StatsCalc.cpp:144) on local variable 'i', /home/admin/Desktop/SOCExtraFeatures/src/StatsCalc.cpp:144 [21]  (0.000 ns)
	'getelementptr' operation 8 bit ('data_addr', /home/admin/Desktop/SOCExtraFeatures/src/StatsCalc.cpp:146) [34]  (0.000 ns)
	'load' operation 32 bit ('data_load', /home/admin/Desktop/SOCExtraFeatures/src/StatsCalc.cpp:146) on array 'data' [38]  (3.254 ns)

 <State 2>: 5.081ns
The critical path consists of the following:
	'load' operation 32 bit ('data_load', /home/admin/Desktop/SOCExtraFeatures/src/StatsCalc.cpp:146) on array 'data' [38]  (3.254 ns)
	'sparsemux' operation 32 bit ('tmp_2', /home/admin/Desktop/SOCExtraFeatures/src/StatsCalc.cpp:146) [42]  (1.827 ns)

 <State 3>: 7.256ns
The critical path consists of the following:
	'fsub' operation 32 bit ('sub', /home/admin/Desktop/SOCExtraFeatures/src/StatsCalc.cpp:146) [43]  (7.256 ns)

 <State 4>: 7.256ns
The critical path consists of the following:
	'fsub' operation 32 bit ('sub', /home/admin/Desktop/SOCExtraFeatures/src/StatsCalc.cpp:146) [43]  (7.256 ns)

 <State 5>: 7.256ns
The critical path consists of the following:
	'fsub' operation 32 bit ('sub', /home/admin/Desktop/SOCExtraFeatures/src/StatsCalc.cpp:146) [43]  (7.256 ns)

 <State 6>: 7.256ns
The critical path consists of the following:
	'fsub' operation 32 bit ('sub', /home/admin/Desktop/SOCExtraFeatures/src/StatsCalc.cpp:146) [43]  (7.256 ns)

 <State 7>: 7.256ns
The critical path consists of the following:
	'fsub' operation 32 bit ('sub', /home/admin/Desktop/SOCExtraFeatures/src/StatsCalc.cpp:146) [43]  (7.256 ns)

 <State 8>: 6.075ns
The critical path consists of the following:
	'fdiv' operation 32 bit ('normalized', /home/admin/Desktop/SOCExtraFeatures/src/StatsCalc.cpp:146) [44]  (6.075 ns)

 <State 9>: 6.075ns
The critical path consists of the following:
	'fdiv' operation 32 bit ('normalized', /home/admin/Desktop/SOCExtraFeatures/src/StatsCalc.cpp:146) [44]  (6.075 ns)

 <State 10>: 6.075ns
The critical path consists of the following:
	'fdiv' operation 32 bit ('normalized', /home/admin/Desktop/SOCExtraFeatures/src/StatsCalc.cpp:146) [44]  (6.075 ns)

 <State 11>: 6.075ns
The critical path consists of the following:
	'fdiv' operation 32 bit ('normalized', /home/admin/Desktop/SOCExtraFeatures/src/StatsCalc.cpp:146) [44]  (6.075 ns)

 <State 12>: 6.075ns
The critical path consists of the following:
	'fdiv' operation 32 bit ('normalized', /home/admin/Desktop/SOCExtraFeatures/src/StatsCalc.cpp:146) [44]  (6.075 ns)

 <State 13>: 6.075ns
The critical path consists of the following:
	'fdiv' operation 32 bit ('normalized', /home/admin/Desktop/SOCExtraFeatures/src/StatsCalc.cpp:146) [44]  (6.075 ns)

 <State 14>: 6.075ns
The critical path consists of the following:
	'fdiv' operation 32 bit ('normalized', /home/admin/Desktop/SOCExtraFeatures/src/StatsCalc.cpp:146) [44]  (6.075 ns)

 <State 15>: 6.075ns
The critical path consists of the following:
	'fdiv' operation 32 bit ('normalized', /home/admin/Desktop/SOCExtraFeatures/src/StatsCalc.cpp:146) [44]  (6.075 ns)

 <State 16>: 6.075ns
The critical path consists of the following:
	'fdiv' operation 32 bit ('normalized', /home/admin/Desktop/SOCExtraFeatures/src/StatsCalc.cpp:146) [44]  (6.075 ns)

 <State 17>: 6.075ns
The critical path consists of the following:
	'fdiv' operation 32 bit ('normalized', /home/admin/Desktop/SOCExtraFeatures/src/StatsCalc.cpp:146) [44]  (6.075 ns)

 <State 18>: 6.075ns
The critical path consists of the following:
	'fdiv' operation 32 bit ('normalized', /home/admin/Desktop/SOCExtraFeatures/src/StatsCalc.cpp:146) [44]  (6.075 ns)

 <State 19>: 6.075ns
The critical path consists of the following:
	'fdiv' operation 32 bit ('normalized', /home/admin/Desktop/SOCExtraFeatures/src/StatsCalc.cpp:146) [44]  (6.075 ns)

 <State 20>: 6.075ns
The critical path consists of the following:
	'fdiv' operation 32 bit ('normalized', /home/admin/Desktop/SOCExtraFeatures/src/StatsCalc.cpp:146) [44]  (6.075 ns)

 <State 21>: 6.075ns
The critical path consists of the following:
	'fdiv' operation 32 bit ('normalized', /home/admin/Desktop/SOCExtraFeatures/src/StatsCalc.cpp:146) [44]  (6.075 ns)

 <State 22>: 6.075ns
The critical path consists of the following:
	'fdiv' operation 32 bit ('normalized', /home/admin/Desktop/SOCExtraFeatures/src/StatsCalc.cpp:146) [44]  (6.075 ns)

 <State 23>: 6.075ns
The critical path consists of the following:
	'fdiv' operation 32 bit ('normalized', /home/admin/Desktop/SOCExtraFeatures/src/StatsCalc.cpp:146) [44]  (6.075 ns)

 <State 24>: 5.702ns
The critical path consists of the following:
	'fmul' operation 32 bit ('mul2', /home/admin/Desktop/SOCExtraFeatures/src/StatsCalc.cpp:147) [45]  (5.702 ns)

 <State 25>: 5.702ns
The critical path consists of the following:
	'fmul' operation 32 bit ('mul2', /home/admin/Desktop/SOCExtraFeatures/src/StatsCalc.cpp:147) [45]  (5.702 ns)

 <State 26>: 5.702ns
The critical path consists of the following:
	'fmul' operation 32 bit ('mul2', /home/admin/Desktop/SOCExtraFeatures/src/StatsCalc.cpp:147) [45]  (5.702 ns)

 <State 27>: 5.702ns
The critical path consists of the following:
	'fmul' operation 32 bit ('mul2', /home/admin/Desktop/SOCExtraFeatures/src/StatsCalc.cpp:147) [45]  (5.702 ns)

 <State 28>: 5.702ns
The critical path consists of the following:
	'fmul' operation 32 bit ('norm_cubed', /home/admin/Desktop/SOCExtraFeatures/src/StatsCalc.cpp:147) [46]  (5.702 ns)

 <State 29>: 5.702ns
The critical path consists of the following:
	'fmul' operation 32 bit ('norm_cubed', /home/admin/Desktop/SOCExtraFeatures/src/StatsCalc.cpp:147) [46]  (5.702 ns)

 <State 30>: 5.702ns
The critical path consists of the following:
	'fmul' operation 32 bit ('norm_cubed', /home/admin/Desktop/SOCExtraFeatures/src/StatsCalc.cpp:147) [46]  (5.702 ns)

 <State 31>: 5.702ns
The critical path consists of the following:
	'fmul' operation 32 bit ('norm_cubed', /home/admin/Desktop/SOCExtraFeatures/src/StatsCalc.cpp:147) [46]  (5.702 ns)

 <State 32>: 7.256ns
The critical path consists of the following:
	'load' operation 32 bit ('skew_accum_load', /home/admin/Desktop/SOCExtraFeatures/src/StatsCalc.cpp:148) on local variable 'skew_accum', /home/admin/Desktop/SOCExtraFeatures/src/StatsCalc.cpp:141 [27]  (0.000 ns)
	'fadd' operation 32 bit ('skew_accum', /home/admin/Desktop/SOCExtraFeatures/src/StatsCalc.cpp:148) [47]  (7.256 ns)

 <State 33>: 7.256ns
The critical path consists of the following:
	'fadd' operation 32 bit ('skew_accum', /home/admin/Desktop/SOCExtraFeatures/src/StatsCalc.cpp:148) [47]  (7.256 ns)

 <State 34>: 7.256ns
The critical path consists of the following:
	'fadd' operation 32 bit ('skew_accum', /home/admin/Desktop/SOCExtraFeatures/src/StatsCalc.cpp:148) [47]  (7.256 ns)

 <State 35>: 7.256ns
The critical path consists of the following:
	'fadd' operation 32 bit ('skew_accum', /home/admin/Desktop/SOCExtraFeatures/src/StatsCalc.cpp:148) [47]  (7.256 ns)

 <State 36>: 7.256ns
The critical path consists of the following:
	'fadd' operation 32 bit ('skew_accum', /home/admin/Desktop/SOCExtraFeatures/src/StatsCalc.cpp:148) [47]  (7.256 ns)

 <State 37>: 7.256ns
The critical path consists of the following:
	'fadd' operation 32 bit ('kurt_accum', /home/admin/Desktop/SOCExtraFeatures/src/StatsCalc.cpp:149) [49]  (7.256 ns)

 <State 38>: 7.256ns
The critical path consists of the following:
	'fadd' operation 32 bit ('kurt_accum', /home/admin/Desktop/SOCExtraFeatures/src/StatsCalc.cpp:149) [49]  (7.256 ns)

 <State 39>: 7.256ns
The critical path consists of the following:
	'fadd' operation 32 bit ('kurt_accum', /home/admin/Desktop/SOCExtraFeatures/src/StatsCalc.cpp:149) [49]  (7.256 ns)

 <State 40>: 7.256ns
The critical path consists of the following:
	'fadd' operation 32 bit ('kurt_accum', /home/admin/Desktop/SOCExtraFeatures/src/StatsCalc.cpp:149) [49]  (7.256 ns)

 <State 41>: 1.588ns
The critical path consists of the following:
	'store' operation 0 bit ('store_ln142', /home/admin/Desktop/SOCExtraFeatures/src/StatsCalc.cpp:142) of variable 'kurt_accum', /home/admin/Desktop/SOCExtraFeatures/src/StatsCalc.cpp:149 on local variable 'kurt_accum', /home/admin/Desktop/SOCExtraFeatures/src/StatsCalc.cpp:142 [51]  (1.588 ns)


============================================================
+ Verbose Summary: Binding
============================================================
N/A
* FSMD analyzer results:
  - Output states:
 - Input state : 
  - Chain level:
	State 1
	State 2
	State 3
	State 4
	State 5
	State 6
	State 7
	State 8
	State 9
	State 10
	State 11
	State 12
	State 13
	State 14
	State 15
	State 16
	State 17
	State 18
	State 19
	State 20
	State 21
	State 22
	State 23
	State 24
	State 25
	State 26
	State 27
	State 28
	State 29
	State 30
	State 31
	State 32
	State 33
	State 34
	State 35
	State 36
	State 37
	State 38
	State 39
	State 40
	State 41


============================================================
+ Verbose Summary: Datapath Resource usage 
============================================================
N/A
