

================================================================
== Vitis HLS Report for 'calculate_statistics_Pipeline_calc_abs_mean'
================================================================
* Date:           Tue Feb 18 03:51:28 2025

* Version:        2024.2 (Build 5238294 on Nov  8 2024)
* Project:        pack_stream_to_blk
* Solution:       hls (Vivado IP Flow Target)
* Product family: zynq
* Target device:  xc7z020-clg400-1


================================================================
== Performance Estimates
================================================================
+ Timing: 
    * Summary: 
    +--------+----------+----------+------------+
    |  Clock |  Target  | Estimated| Uncertainty|
    +--------+----------+----------+------------+
    |ap_clk  |  10.00 ns|  7.256 ns|     2.70 ns|
    +--------+----------+----------+------------+

+ Latency: 
    * Summary: 
    +---------+---------+----------+----------+-----+-----+------------------------------------------------+
    |  Latency (cycles) |  Latency (absolute) |  Interval |                    Pipeline                    |
    |   min   |   max   |    min   |    max   | min | max |                      Type                      |
    +---------+---------+----------+----------+-----+-----+------------------------------------------------+
    |        ?|        ?|         ?|         ?|    0|    0|  loop auto-rewind stp (delay=0 clock cycles(s))|
    +---------+---------+----------+----------+-----+-----+------------------------------------------------+

    + Detail: 
        * Instance: 
        N/A

        * Loop: 
        +-----------------+---------+---------+----------+-----------+-----------+------+----------+
        |                 |  Latency (cycles) | Iteration|  Initiation Interval  | Trip |          |
        |    Loop Name    |   min   |   max   |  Latency |  achieved |   target  | Count| Pipelined|
        +-----------------+---------+---------+----------+-----------+-----------+------+----------+
        |- calc_abs_mean  |        ?|        ?|         8|          6|          1|     ?|       yes|
        +-----------------+---------+---------+----------+-----------+-----------+------+----------+

============================================================
+ Verbose Summary: Synthesis Manager
============================================================
InlineROM: 1
ExposeGlobal: 0
============================================================
+ Verbose Summary: CDFG Model
============================================================
IsTopModel: 0
ResetActiveHigh: 1
IsCombinational: 0
IsDatapathOnly: 0
HasWiredReturn: 1
HasMFsm: 2
HasVarLatency: 1
IsPipeline: 0
IsRtlPipelined: 0
IsInstanceOverlapped: 0
IsDontTouch: 0
HasImplIP: 0
IsGatedGlobalClock: 0

+ Individual pipeline summary: 
  * Pipeline-0: initiation interval (II) = 6, depth = 8


============================================================
+ Verbose Summary: Schedule
============================================================
* Number of FSM states : 8
* Pipeline : 1
  Pipeline-0 : II = 6, D = 8, States = { 1 2 3 4 5 6 7 8 }
* Dataflow Pipeline: 0

* FSM state transitions: 
1 --> 2 
2 --> 3 
3 --> 4 
4 --> 5 
5 --> 6 
6 --> 7 
7 --> 8 
8 --> 

* FSM state operations: 

State 1 <SV = 0> <Delay = 4.84>
ST_1 : Operation 11 [1/1] (0.00ns)   --->   "%abs_sum = alloca i32 1" [/home/admin/Desktop/SOCExtraFeatures/src/StatsCalc.cpp:132]   --->   Operation 11 'alloca' 'abs_sum' <Predicate = true> <Delay = 0.00>
ST_1 : Operation 12 [1/1] (0.00ns)   --->   "%i_5 = alloca i32 1" [/home/admin/Desktop/SOCExtraFeatures/src/StatsCalc.cpp:134]   --->   Operation 12 'alloca' 'i_5' <Predicate = true> <Delay = 0.00>
ST_1 : Operation 13 [1/1] (0.00ns)   --->   "%n_read = read i32 @_ssdm_op_Read.ap_auto.i32, i32 %n"   --->   Operation 13 'read' 'n_read' <Predicate = true> <Delay = 0.00>
ST_1 : Operation 14 [1/1] (1.58ns)   --->   "%store_ln134 = store i31 0, i31 %i_5" [/home/admin/Desktop/SOCExtraFeatures/src/StatsCalc.cpp:134]   --->   Operation 14 'store' 'store_ln134' <Predicate = true> <Delay = 1.58>
ST_1 : Operation 15 [1/1] (1.58ns)   --->   "%store_ln132 = store i32 0, i32 %abs_sum" [/home/admin/Desktop/SOCExtraFeatures/src/StatsCalc.cpp:132]   --->   Operation 15 'store' 'store_ln132' <Predicate = true> <Delay = 1.58>
ST_1 : Operation 16 [1/1] (0.00ns)   --->   "%br_ln0 = br void %for.inc70"   --->   Operation 16 'br' 'br_ln0' <Predicate = true> <Delay = 0.00>
ST_1 : Operation 17 [1/1] (0.00ns)   --->   "%i = load i31 %i_5" [/home/admin/Desktop/SOCExtraFeatures/src/StatsCalc.cpp:134]   --->   Operation 17 'load' 'i' <Predicate = true> <Delay = 0.00>
ST_1 : Operation 18 [1/1] (0.00ns)   --->   "%zext_ln134 = zext i31 %i" [/home/admin/Desktop/SOCExtraFeatures/src/StatsCalc.cpp:134]   --->   Operation 18 'zext' 'zext_ln134' <Predicate = true> <Delay = 0.00>
ST_1 : Operation 19 [1/1] (2.55ns)   --->   "%icmp_ln134 = icmp_slt  i32 %zext_ln134, i32 %n_read" [/home/admin/Desktop/SOCExtraFeatures/src/StatsCalc.cpp:134]   --->   Operation 19 'icmp' 'icmp_ln134' <Predicate = true> <Delay = 2.55> <CoreInst = "Cmp">   --->   Core 9 'Cmp' <Latency = 0> <II = 1> <Delay = 2.55> <FuncUnit> <Opcode : 'seteq' 'setne' 'setle' 'setge' 'setlt' 'setgt'> <InPorts = 2> <OutPorts = 1>
ST_1 : Operation 20 [1/1] (0.00ns)   --->   "%br_ln134 = br i1 %icmp_ln134, void %for.end72.loopexit.exitStub, void %for.inc70.split" [/home/admin/Desktop/SOCExtraFeatures/src/StatsCalc.cpp:134]   --->   Operation 20 'br' 'br_ln134' <Predicate = true> <Delay = 0.00>
ST_1 : Operation 21 [1/1] (0.00ns)   --->   "%lshr_ln5 = partselect i8 @_ssdm_op_PartSelect.i8.i31.i32.i32, i31 %i, i32 2, i32 9" [/home/admin/Desktop/SOCExtraFeatures/src/StatsCalc.cpp:132]   --->   Operation 21 'partselect' 'lshr_ln5' <Predicate = (icmp_ln134)> <Delay = 0.00>
ST_1 : Operation 22 [1/1] (0.00ns)   --->   "%zext_ln132 = zext i8 %lshr_ln5" [/home/admin/Desktop/SOCExtraFeatures/src/StatsCalc.cpp:132]   --->   Operation 22 'zext' 'zext_ln132' <Predicate = (icmp_ln134)> <Delay = 0.00>
ST_1 : Operation 23 [1/1] (0.00ns)   --->   "%data_addr = getelementptr i32 %data, i64 0, i64 %zext_ln132" [/home/admin/Desktop/SOCExtraFeatures/src/StatsCalc.cpp:136]   --->   Operation 23 'getelementptr' 'data_addr' <Predicate = (icmp_ln134)> <Delay = 0.00>
ST_1 : Operation 24 [1/1] (0.00ns)   --->   "%data_1_addr = getelementptr i32 %data_1, i64 0, i64 %zext_ln132" [/home/admin/Desktop/SOCExtraFeatures/src/StatsCalc.cpp:136]   --->   Operation 24 'getelementptr' 'data_1_addr' <Predicate = (icmp_ln134)> <Delay = 0.00>
ST_1 : Operation 25 [1/1] (0.00ns)   --->   "%data_2_addr = getelementptr i32 %data_2, i64 0, i64 %zext_ln132" [/home/admin/Desktop/SOCExtraFeatures/src/StatsCalc.cpp:136]   --->   Operation 25 'getelementptr' 'data_2_addr' <Predicate = (icmp_ln134)> <Delay = 0.00>
ST_1 : Operation 26 [1/1] (0.00ns)   --->   "%data_3_addr = getelementptr i32 %data_3, i64 0, i64 %zext_ln132" [/home/admin/Desktop/SOCExtraFeatures/src/StatsCalc.cpp:136]   --->   Operation 26 'getelementptr' 'data_3_addr' <Predicate = (icmp_ln134)> <Delay = 0.00>
ST_1 : Operation 27 [2/2] (3.25ns)   --->   "%data_load = load i8 %data_addr" [/home/admin/Desktop/SOCExtraFeatures/src/StatsCalc.cpp:136]   --->   Operation 27 'load' 'data_load' <Predicate = (icmp_ln134)> <Delay = 3.25> <CoreInst = "RAM">   --->   Core 81 'RAM' <Latency = 1> <II = 1> <Delay = 3.25> <Storage> <Opcode : 'load' 'store'> <Ports = 2> <Width = 32> <Depth = 256> <RAM>
ST_1 : Operation 28 [2/2] (3.25ns)   --->   "%data_1_load = load i8 %data_1_addr" [/home/admin/Desktop/SOCExtraFeatures/src/StatsCalc.cpp:136]   --->   Operation 28 'load' 'data_1_load' <Predicate = (icmp_ln134)> <Delay = 3.25> <CoreInst = "RAM">   --->   Core 81 'RAM' <Latency = 1> <II = 1> <Delay = 3.25> <Storage> <Opcode : 'load' 'store'> <Ports = 2> <Width = 32> <Depth = 256> <RAM>
ST_1 : Operation 29 [2/2] (3.25ns)   --->   "%data_2_load = load i8 %data_2_addr" [/home/admin/Desktop/SOCExtraFeatures/src/StatsCalc.cpp:136]   --->   Operation 29 'load' 'data_2_load' <Predicate = (icmp_ln134)> <Delay = 3.25> <CoreInst = "RAM">   --->   Core 81 'RAM' <Latency = 1> <II = 1> <Delay = 3.25> <Storage> <Opcode : 'load' 'store'> <Ports = 2> <Width = 32> <Depth = 256> <RAM>
ST_1 : Operation 30 [2/2] (3.25ns)   --->   "%data_3_load = load i8 %data_3_addr" [/home/admin/Desktop/SOCExtraFeatures/src/StatsCalc.cpp:136]   --->   Operation 30 'load' 'data_3_load' <Predicate = (icmp_ln134)> <Delay = 3.25> <CoreInst = "RAM">   --->   Core 81 'RAM' <Latency = 1> <II = 1> <Delay = 3.25> <Storage> <Opcode : 'load' 'store'> <Ports = 2> <Width = 32> <Depth = 256> <RAM>

State 2 <SV = 1> <Delay = 5.08>
ST_2 : Operation 31 [1/1] (2.52ns)   --->   "%add_ln134 = add i31 %i, i31 1" [/home/admin/Desktop/SOCExtraFeatures/src/StatsCalc.cpp:134]   --->   Operation 31 'add' 'add_ln134' <Predicate = true> <Delay = 2.52> <CoreInst = "Adder">   --->   Core 1 'Adder' <Latency = 0> <II = 1> <Delay = 2.52> <FuncUnit> <Opcode : 'add' 'sub'> <InPorts = 2> <OutPorts = 1>
ST_2 : Operation 32 [1/1] (0.00ns)   --->   "%trunc_ln134 = trunc i31 %i" [/home/admin/Desktop/SOCExtraFeatures/src/StatsCalc.cpp:134]   --->   Operation 32 'trunc' 'trunc_ln134' <Predicate = (icmp_ln134)> <Delay = 0.00>
ST_2 : Operation 33 [1/2] ( I:3.25ns O:3.25ns )   --->   "%data_load = load i8 %data_addr" [/home/admin/Desktop/SOCExtraFeatures/src/StatsCalc.cpp:136]   --->   Operation 33 'load' 'data_load' <Predicate = (icmp_ln134)> <Delay = 3.25> <CoreInst = "RAM">   --->   Core 81 'RAM' <Latency = 1> <II = 1> <Delay = 3.25> <Storage> <Opcode : 'load' 'store'> <Ports = 2> <Width = 32> <Depth = 256> <RAM>
ST_2 : Operation 34 [1/2] ( I:3.25ns O:3.25ns )   --->   "%data_1_load = load i8 %data_1_addr" [/home/admin/Desktop/SOCExtraFeatures/src/StatsCalc.cpp:136]   --->   Operation 34 'load' 'data_1_load' <Predicate = (icmp_ln134)> <Delay = 3.25> <CoreInst = "RAM">   --->   Core 81 'RAM' <Latency = 1> <II = 1> <Delay = 3.25> <Storage> <Opcode : 'load' 'store'> <Ports = 2> <Width = 32> <Depth = 256> <RAM>
ST_2 : Operation 35 [1/2] ( I:3.25ns O:3.25ns )   --->   "%data_2_load = load i8 %data_2_addr" [/home/admin/Desktop/SOCExtraFeatures/src/StatsCalc.cpp:136]   --->   Operation 35 'load' 'data_2_load' <Predicate = (icmp_ln134)> <Delay = 3.25> <CoreInst = "RAM">   --->   Core 81 'RAM' <Latency = 1> <II = 1> <Delay = 3.25> <Storage> <Opcode : 'load' 'store'> <Ports = 2> <Width = 32> <Depth = 256> <RAM>
ST_2 : Operation 36 [1/2] ( I:3.25ns O:3.25ns )   --->   "%data_3_load = load i8 %data_3_addr" [/home/admin/Desktop/SOCExtraFeatures/src/StatsCalc.cpp:136]   --->   Operation 36 'load' 'data_3_load' <Predicate = (icmp_ln134)> <Delay = 3.25> <CoreInst = "RAM">   --->   Core 81 'RAM' <Latency = 1> <II = 1> <Delay = 3.25> <Storage> <Opcode : 'load' 'store'> <Ports = 2> <Width = 32> <Depth = 256> <RAM>
ST_2 : Operation 37 [1/1] (1.82ns)   --->   "%dc = sparsemux i32 @_ssdm_op_SparseMux.ap_auto.4float.float.i2, i2 0, i32 %data_load, i2 1, i32 %data_1_load, i2 2, i32 %data_2_load, i2 3, i32 %data_3_load, i32 <undef>, i2 %trunc_ln134" [/home/admin/Desktop/SOCExtraFeatures/src/StatsCalc.cpp:136]   --->   Operation 37 'sparsemux' 'dc' <Predicate = (icmp_ln134)> <Delay = 1.82> <CoreInst = "BinarySparseMux_DontCare">   --->   Core 137 'BinarySparseMux_DontCare' <Latency = 0> <II = 1> <Delay = 1.82> <FuncUnit> <Opcode : 'sparsemux'> <InPorts = 2> <OutPorts = 1>
ST_2 : Operation 38 [1/1] (0.00ns)   --->   "%data_4 = bitcast i32 %dc" [/wrk/ci/prod/2024.2/hls_product/continuous/495/2024.2/src/shared/hls/clib/src/hls/utils/x_hls_utils.h:288->/wrk/ci/prod/2024.2/hls_product/continuous/495/2024.2/src/shared/hls/clib/hlsmath/include/FloatingPoint/hls_copysign.h:12->/wrk/ci/prod/2024.2/hls_product/continuous/495/2024.2/src/shared/hls/clib/hlsmath/include/FloatingPoint/hls_fabs.h:13->/wrk/ci/prod/2024.2/hls_product/continuous/495/2024.2/src/shared/hls/clib/hlsmath/src/c++/absfloat.cpp:7->/home/admin/Desktop/SOCExtraFeatures/src/StatsCalc.cpp:136]   --->   Operation 38 'bitcast' 'data_4' <Predicate = (icmp_ln134)> <Delay = 0.00>
ST_2 : Operation 39 [1/1] (0.00ns)   --->   "%t = trunc i32 %data_4" [/wrk/ci/prod/2024.2/hls_product/continuous/495/2024.2/src/shared/hls/clib/src/hls/utils/x_hls_utils.h:313->/wrk/ci/prod/2024.2/hls_product/continuous/495/2024.2/src/shared/hls/clib/src/hls/utils/x_hls_utils.h:326->/wrk/ci/prod/2024.2/hls_product/continuous/495/2024.2/src/shared/hls/clib/src/hls/utils/x_hls_utils.h:347->/wrk/ci/prod/2024.2/hls_product/continuous/495/2024.2/src/shared/hls/clib/hlsmath/include/FloatingPoint/hls_copysign.h:14->/wrk/ci/prod/2024.2/hls_product/continuous/495/2024.2/src/shared/hls/clib/hlsmath/include/FloatingPoint/hls_fabs.h:13->/wrk/ci/prod/2024.2/hls_product/continuous/495/2024.2/src/shared/hls/clib/hlsmath/src/c++/absfloat.cpp:7->/home/admin/Desktop/SOCExtraFeatures/src/StatsCalc.cpp:136]   --->   Operation 39 'trunc' 't' <Predicate = (icmp_ln134)> <Delay = 0.00>
ST_2 : Operation 40 [1/1] (1.58ns)   --->   "%store_ln134 = store i31 %add_ln134, i31 %i_5" [/home/admin/Desktop/SOCExtraFeatures/src/StatsCalc.cpp:134]   --->   Operation 40 'store' 'store_ln134' <Predicate = (icmp_ln134)> <Delay = 1.58>
ST_2 : Operation 53 [1/1] (0.00ns)   --->   "%abs_sum_load_1 = load i32 %abs_sum"   --->   Operation 53 'load' 'abs_sum_load_1' <Predicate = (!icmp_ln134)> <Delay = 0.00>
ST_2 : Operation 54 [1/1] (0.00ns)   --->   "%write_ln0 = write void @_ssdm_op_Write.ap_auto.floatP0A, i32 %abs_sum_out, i32 %abs_sum_load_1"   --->   Operation 54 'write' 'write_ln0' <Predicate = (!icmp_ln134)> <Delay = 0.00>
ST_2 : Operation 55 [1/1] (1.58ns)   --->   "%ret_ln0 = ret"   --->   Operation 55 'ret' 'ret_ln0' <Predicate = (!icmp_ln134)> <Delay = 1.58>

State 3 <SV = 2> <Delay = 7.25>
ST_3 : Operation 41 [1/1] (0.00ns)   --->   "%abs_sum_load = load i32 %abs_sum" [/home/admin/Desktop/SOCExtraFeatures/src/StatsCalc.cpp:136]   --->   Operation 41 'load' 'abs_sum_load' <Predicate = (icmp_ln134)> <Delay = 0.00>
ST_3 : Operation 42 [1/1] (0.00ns)   --->   "%zext_ln313 = zext i31 %t" [/wrk/ci/prod/2024.2/hls_product/continuous/495/2024.2/src/shared/hls/clib/src/hls/utils/x_hls_utils.h:313->/wrk/ci/prod/2024.2/hls_product/continuous/495/2024.2/src/shared/hls/clib/src/hls/utils/x_hls_utils.h:326->/wrk/ci/prod/2024.2/hls_product/continuous/495/2024.2/src/shared/hls/clib/src/hls/utils/x_hls_utils.h:347->/wrk/ci/prod/2024.2/hls_product/continuous/495/2024.2/src/shared/hls/clib/hlsmath/include/FloatingPoint/hls_copysign.h:14->/wrk/ci/prod/2024.2/hls_product/continuous/495/2024.2/src/shared/hls/clib/hlsmath/include/FloatingPoint/hls_fabs.h:13->/wrk/ci/prod/2024.2/hls_product/continuous/495/2024.2/src/shared/hls/clib/hlsmath/src/c++/absfloat.cpp:7->/home/admin/Desktop/SOCExtraFeatures/src/StatsCalc.cpp:136]   --->   Operation 42 'zext' 'zext_ln313' <Predicate = (icmp_ln134)> <Delay = 0.00>
ST_3 : Operation 43 [1/1] (0.00ns)   --->   "%bitcast_ln327 = bitcast i32 %zext_ln313" [/wrk/ci/prod/2024.2/hls_product/continuous/495/2024.2/src/shared/hls/clib/src/hls/utils/x_hls_utils.h:327->/wrk/ci/prod/2024.2/hls_product/continuous/495/2024.2/src/shared/hls/clib/src/hls/utils/x_hls_utils.h:347->/wrk/ci/prod/2024.2/hls_product/continuous/495/2024.2/src/shared/hls/clib/hlsmath/include/FloatingPoint/hls_copysign.h:14->/wrk/ci/prod/2024.2/hls_product/continuous/495/2024.2/src/shared/hls/clib/hlsmath/include/FloatingPoint/hls_fabs.h:13->/wrk/ci/prod/2024.2/hls_product/continuous/495/2024.2/src/shared/hls/clib/hlsmath/src/c++/absfloat.cpp:7->/home/admin/Desktop/SOCExtraFeatures/src/StatsCalc.cpp:136]   --->   Operation 43 'bitcast' 'bitcast_ln327' <Predicate = (icmp_ln134)> <Delay = 0.00>
ST_3 : Operation 44 [5/5] (7.25ns)   --->   "%abs_sum_1 = fadd i32 %abs_sum_load, i32 %bitcast_ln327" [/home/admin/Desktop/SOCExtraFeatures/src/StatsCalc.cpp:136]   --->   Operation 44 'fadd' 'abs_sum_1' <Predicate = (icmp_ln134)> <Delay = 7.25> <CoreInst = "FAddSub_fulldsp">   --->   Core 18 'FAddSub_fulldsp' <Latency = 4> <II = 1> <Delay = 7.25> <FuncUnit> <Opcode : 'fadd' 'fsub'> <InPorts = 2> <OutPorts = 1>

State 4 <SV = 3> <Delay = 7.25>
ST_4 : Operation 45 [4/5] (7.25ns)   --->   "%abs_sum_1 = fadd i32 %abs_sum_load, i32 %bitcast_ln327" [/home/admin/Desktop/SOCExtraFeatures/src/StatsCalc.cpp:136]   --->   Operation 45 'fadd' 'abs_sum_1' <Predicate = (icmp_ln134)> <Delay = 7.25> <CoreInst = "FAddSub_fulldsp">   --->   Core 18 'FAddSub_fulldsp' <Latency = 4> <II = 1> <Delay = 7.25> <FuncUnit> <Opcode : 'fadd' 'fsub'> <InPorts = 2> <OutPorts = 1>

State 5 <SV = 4> <Delay = 7.25>
ST_5 : Operation 46 [3/5] (7.25ns)   --->   "%abs_sum_1 = fadd i32 %abs_sum_load, i32 %bitcast_ln327" [/home/admin/Desktop/SOCExtraFeatures/src/StatsCalc.cpp:136]   --->   Operation 46 'fadd' 'abs_sum_1' <Predicate = (icmp_ln134)> <Delay = 7.25> <CoreInst = "FAddSub_fulldsp">   --->   Core 18 'FAddSub_fulldsp' <Latency = 4> <II = 1> <Delay = 7.25> <FuncUnit> <Opcode : 'fadd' 'fsub'> <InPorts = 2> <OutPorts = 1>

State 6 <SV = 5> <Delay = 7.25>
ST_6 : Operation 47 [2/5] (7.25ns)   --->   "%abs_sum_1 = fadd i32 %abs_sum_load, i32 %bitcast_ln327" [/home/admin/Desktop/SOCExtraFeatures/src/StatsCalc.cpp:136]   --->   Operation 47 'fadd' 'abs_sum_1' <Predicate = (icmp_ln134)> <Delay = 7.25> <CoreInst = "FAddSub_fulldsp">   --->   Core 18 'FAddSub_fulldsp' <Latency = 4> <II = 1> <Delay = 7.25> <FuncUnit> <Opcode : 'fadd' 'fsub'> <InPorts = 2> <OutPorts = 1>

State 7 <SV = 6> <Delay = 7.25>
ST_7 : Operation 48 [1/5] (7.25ns)   --->   "%abs_sum_1 = fadd i32 %abs_sum_load, i32 %bitcast_ln327" [/home/admin/Desktop/SOCExtraFeatures/src/StatsCalc.cpp:136]   --->   Operation 48 'fadd' 'abs_sum_1' <Predicate = true> <Delay = 7.25> <CoreInst = "FAddSub_fulldsp">   --->   Core 18 'FAddSub_fulldsp' <Latency = 4> <II = 1> <Delay = 7.25> <FuncUnit> <Opcode : 'fadd' 'fsub'> <InPorts = 2> <OutPorts = 1>

State 8 <SV = 7> <Delay = 1.58>
ST_8 : Operation 49 [1/1] (0.00ns)   --->   "%specpipeline_ln135 = specpipeline void @_ssdm_op_SpecPipeline, i32 4294967295, i32 0, i32 0, i32 0, void @empty" [/home/admin/Desktop/SOCExtraFeatures/src/StatsCalc.cpp:135]   --->   Operation 49 'specpipeline' 'specpipeline_ln135' <Predicate = true> <Delay = 0.00>
ST_8 : Operation 50 [1/1] (0.00ns)   --->   "%specloopname_ln134 = specloopname void @_ssdm_op_SpecLoopName, void @empty_16" [/home/admin/Desktop/SOCExtraFeatures/src/StatsCalc.cpp:134]   --->   Operation 50 'specloopname' 'specloopname_ln134' <Predicate = true> <Delay = 0.00>
ST_8 : Operation 51 [1/1] (1.58ns)   --->   "%store_ln132 = store i32 %abs_sum_1, i32 %abs_sum" [/home/admin/Desktop/SOCExtraFeatures/src/StatsCalc.cpp:132]   --->   Operation 51 'store' 'store_ln132' <Predicate = true> <Delay = 1.58>
ST_8 : Operation 52 [1/1] (0.00ns)   --->   "%br_ln134 = br void %for.inc70" [/home/admin/Desktop/SOCExtraFeatures/src/StatsCalc.cpp:134]   --->   Operation 52 'br' 'br_ln134' <Predicate = true> <Delay = 0.00>


============================================================
+ Verbose Summary: Binding
============================================================
STG Binding: 
---------------- STG Properties BEGIN ----------------
- Is combinational: 0
- Is one-state seq: 0
- Is datapath-only: 0
- Is pipelined: 0
- Is top level: 0
Port [ Return ] is wired: 1; IO mode=ap_ctrl_hs:ce=0
Port [ n]:  wired=1; compound=0; hidden=0; nouse=0; global=0; static=0; extern=0; dir=0; type=0; pingpong=0; private_global=0; IO mode=ap_none:ce=0
Port [ data]:  wired=1; compound=1; hidden=0; nouse=0; global=0; static=0; extern=0; dir=0; type=1; pingpong=0; private_global=0; MemPort=[13]; IO mode=ap_memory:ce=0
Port [ data_1]:  wired=1; compound=1; hidden=0; nouse=0; global=0; static=0; extern=0; dir=0; type=1; pingpong=0; private_global=0; MemPort=[13]; IO mode=ap_memory:ce=0
Port [ data_2]:  wired=1; compound=1; hidden=0; nouse=0; global=0; static=0; extern=0; dir=0; type=1; pingpong=0; private_global=0; MemPort=[13]; IO mode=ap_memory:ce=0
Port [ data_3]:  wired=1; compound=1; hidden=0; nouse=0; global=0; static=0; extern=0; dir=0; type=1; pingpong=0; private_global=0; MemPort=[13]; IO mode=ap_memory:ce=0
Port [ abs_sum_out]:  wired=1; compound=0; hidden=0; nouse=0; global=0; static=0; extern=0; dir=1; type=0; pingpong=0; private_global=0; IO mode=ap_vld:ce=0
---------------- STG Properties END ------------------

---------------- Datapath Model BEGIN ----------------

<LifeTime>
<method=bitvector/>
abs_sum            (alloca       ) [ 011111111]
i_5                (alloca       ) [ 011000000]
n_read             (read         ) [ 000000000]
store_ln134        (store        ) [ 000000000]
store_ln132        (store        ) [ 000000000]
br_ln0             (br           ) [ 000000000]
i                  (load         ) [ 001000000]
zext_ln134         (zext         ) [ 000000000]
icmp_ln134         (icmp         ) [ 011111100]
br_ln134           (br           ) [ 000000000]
lshr_ln5           (partselect   ) [ 000000000]
zext_ln132         (zext         ) [ 000000000]
data_addr          (getelementptr) [ 001000000]
data_1_addr        (getelementptr) [ 001000000]
data_2_addr        (getelementptr) [ 001000000]
data_3_addr        (getelementptr) [ 001000000]
add_ln134          (add          ) [ 000000000]
trunc_ln134        (trunc        ) [ 000000000]
data_load          (load         ) [ 000000000]
data_1_load        (load         ) [ 000000000]
data_2_load        (load         ) [ 000000000]
data_3_load        (load         ) [ 000000000]
dc                 (sparsemux    ) [ 000000000]
data_4             (bitcast      ) [ 000000000]
t                  (trunc        ) [ 000100000]
store_ln134        (store        ) [ 000000000]
abs_sum_load       (load         ) [ 010011110]
zext_ln313         (zext         ) [ 000000000]
bitcast_ln327      (bitcast      ) [ 010011110]
abs_sum_1          (fadd         ) [ 001000001]
specpipeline_ln135 (specpipeline ) [ 000000000]
specloopname_ln134 (specloopname ) [ 000000000]
store_ln132        (store        ) [ 000000000]
br_ln134           (br           ) [ 000000000]
abs_sum_load_1     (load         ) [ 000000000]
write_ln0          (write        ) [ 000000000]
ret_ln0            (ret          ) [ 000000000]
</LifeTime>

<model>

<comp_list>
<comp id="0" class="1000" name="n">
<pin_list>
<pin id="1" dir="1" index="0" bw="1" slack="0"/>
</pin_list>
<bind>
<StgValue><ssdm name="n"/></StgValue>
</bind>
</comp>

<comp id="2" class="1000" name="data">
<pin_list>
<pin id="3" dir="1" index="0" bw="1" slack="0"/>
</pin_list>
<bind>
<StgValue><ssdm name="data"/><MemPortTyVec>1 3 </MemPortTyVec>
</StgValue>
</bind>
</comp>

<comp id="4" class="1000" name="data_1">
<pin_list>
<pin id="5" dir="1" index="0" bw="1" slack="0"/>
</pin_list>
<bind>
<StgValue><ssdm name="data_1"/><MemPortTyVec>1 3 </MemPortTyVec>
</StgValue>
</bind>
</comp>

<comp id="6" class="1000" name="data_2">
<pin_list>
<pin id="7" dir="1" index="0" bw="1" slack="0"/>
</pin_list>
<bind>
<StgValue><ssdm name="data_2"/><MemPortTyVec>1 3 </MemPortTyVec>
</StgValue>
</bind>
</comp>

<comp id="8" class="1000" name="data_3">
<pin_list>
<pin id="9" dir="1" index="0" bw="1" slack="0"/>
</pin_list>
<bind>
<StgValue><ssdm name="data_3"/><MemPortTyVec>1 3 </MemPortTyVec>
</StgValue>
</bind>
</comp>

<comp id="10" class="1000" name="abs_sum_out">
<pin_list>
<pin id="11" dir="1" index="0" bw="1" slack="0"/>
</pin_list>
<bind>
<StgValue><ssdm name="abs_sum_out"/></StgValue>
</bind>
</comp>

<comp id="12" class="1001" name="const_12">
<pin_list>
<pin id="13" dir="1" index="0" bw="1" slack="0"/>
</pin_list>
<bind>
<StgValue><ssdm name=""/></StgValue>
</bind>
</comp>

<comp id="14" class="1001" name="const_14">
<pin_list>
<pin id="15" dir="1" index="0" bw="1" slack="0"/>
</pin_list>
<bind>
<StgValue><ssdm name="_ssdm_op_Read.ap_auto.i32"/></StgValue>
</bind>
</comp>

<comp id="16" class="1001" name="const_16">
<pin_list>
<pin id="17" dir="1" index="0" bw="1" slack="0"/>
</pin_list>
<bind>
<StgValue><ssdm name=""/></StgValue>
</bind>
</comp>

<comp id="18" class="1001" name="const_18">
<pin_list>
<pin id="19" dir="1" index="0" bw="1" slack="0"/>
</pin_list>
<bind>
<StgValue><ssdm name=""/></StgValue>
</bind>
</comp>

<comp id="20" class="1001" name="const_20">
<pin_list>
<pin id="21" dir="1" index="0" bw="1" slack="0"/>
</pin_list>
<bind>
<StgValue><ssdm name="_ssdm_op_PartSelect.i8.i31.i32.i32"/></StgValue>
</bind>
</comp>

<comp id="22" class="1001" name="const_22">
<pin_list>
<pin id="23" dir="1" index="0" bw="1" slack="0"/>
</pin_list>
<bind>
<StgValue><ssdm name=""/></StgValue>
</bind>
</comp>

<comp id="24" class="1001" name="const_24">
<pin_list>
<pin id="25" dir="1" index="0" bw="1" slack="0"/>
</pin_list>
<bind>
<StgValue><ssdm name=""/></StgValue>
</bind>
</comp>

<comp id="26" class="1001" name="const_26">
<pin_list>
<pin id="27" dir="1" index="0" bw="1" slack="0"/>
</pin_list>
<bind>
<StgValue><ssdm name=""/></StgValue>
</bind>
</comp>

<comp id="28" class="1001" name="const_28">
<pin_list>
<pin id="29" dir="1" index="0" bw="1" slack="0"/>
</pin_list>
<bind>
<StgValue><ssdm name=""/></StgValue>
</bind>
</comp>

<comp id="30" class="1001" name="const_30">
<pin_list>
<pin id="31" dir="1" index="0" bw="1" slack="0"/>
</pin_list>
<bind>
<StgValue><ssdm name="_ssdm_op_SparseMux.ap_auto.4float.float.i2"/></StgValue>
</bind>
</comp>

<comp id="32" class="1001" name="const_32">
<pin_list>
<pin id="33" dir="1" index="0" bw="1" slack="0"/>
</pin_list>
<bind>
<StgValue><ssdm name=""/></StgValue>
</bind>
</comp>

<comp id="34" class="1001" name="const_34">
<pin_list>
<pin id="35" dir="1" index="0" bw="1" slack="0"/>
</pin_list>
<bind>
<StgValue><ssdm name=""/></StgValue>
</bind>
</comp>

<comp id="36" class="1001" name="const_36">
<pin_list>
<pin id="37" dir="1" index="0" bw="1" slack="0"/>
</pin_list>
<bind>
<StgValue><ssdm name=""/></StgValue>
</bind>
</comp>

<comp id="38" class="1001" name="const_38">
<pin_list>
<pin id="39" dir="1" index="0" bw="1" slack="0"/>
</pin_list>
<bind>
<StgValue><ssdm name=""/></StgValue>
</bind>
</comp>

<comp id="40" class="1001" name="const_40">
<pin_list>
<pin id="41" dir="1" index="0" bw="1" slack="0"/>
</pin_list>
<bind>
<StgValue><ssdm name=""/></StgValue>
</bind>
</comp>

<comp id="42" class="1001" name="const_42">
<pin_list>
<pin id="43" dir="1" index="0" bw="1" slack="2147483647"/>
</pin_list>
<bind>
<StgValue><ssdm name="_ssdm_op_SpecPipeline"/></StgValue>
</bind>
</comp>

<comp id="44" class="1001" name="const_44">
<pin_list>
<pin id="45" dir="1" index="0" bw="1" slack="2147483647"/>
</pin_list>
<bind>
<StgValue><ssdm name=""/></StgValue>
</bind>
</comp>

<comp id="46" class="1001" name="const_46">
<pin_list>
<pin id="47" dir="1" index="0" bw="1" slack="2147483647"/>
</pin_list>
<bind>
<StgValue><ssdm name=""/></StgValue>
</bind>
</comp>

<comp id="48" class="1001" name="const_48">
<pin_list>
<pin id="49" dir="1" index="0" bw="1" slack="2147483647"/>
</pin_list>
<bind>
<StgValue><ssdm name="empty"/></StgValue>
</bind>
</comp>

<comp id="50" class="1001" name="const_50">
<pin_list>
<pin id="51" dir="1" index="0" bw="1" slack="2147483647"/>
</pin_list>
<bind>
<StgValue><ssdm name="_ssdm_op_SpecLoopName"/></StgValue>
</bind>
</comp>

<comp id="52" class="1001" name="const_52">
<pin_list>
<pin id="53" dir="1" index="0" bw="1" slack="2147483647"/>
</pin_list>
<bind>
<StgValue><ssdm name="empty_16"/></StgValue>
</bind>
</comp>

<comp id="54" class="1001" name="const_54">
<pin_list>
<pin id="55" dir="1" index="0" bw="1" slack="0"/>
</pin_list>
<bind>
<StgValue><ssdm name="_ssdm_op_Write.ap_auto.floatP0A"/></StgValue>
</bind>
</comp>

<comp id="56" class="1004" name="abs_sum_fu_56">
<pin_list>
<pin id="57" dir="0" index="0" bw="1" slack="0"/>
<pin id="58" dir="1" index="1" bw="32" slack="0"/>
</pin_list>
<bind>
<opcode="alloca(26) " fcode="alloca"/>
<opset="abs_sum/1 "/>
</bind>
</comp>

<comp id="60" class="1004" name="i_5_fu_60">
<pin_list>
<pin id="61" dir="0" index="0" bw="1" slack="0"/>
<pin id="62" dir="1" index="1" bw="31" slack="0"/>
</pin_list>
<bind>
<opcode="alloca(26) " fcode="alloca"/>
<opset="i_5/1 "/>
</bind>
</comp>

<comp id="64" class="1004" name="n_read_read_fu_64">
<pin_list>
<pin id="65" dir="0" index="0" bw="32" slack="0"/>
<pin id="66" dir="0" index="1" bw="32" slack="0"/>
<pin id="67" dir="1" index="2" bw="32" slack="0"/>
</pin_list>
<bind>
<opcode="read(1150) " fcode="read"/>
<opset="n_read/1 "/>
</bind>
</comp>

<comp id="70" class="1004" name="write_ln0_write_fu_70">
<pin_list>
<pin id="71" dir="0" index="0" bw="0" slack="0"/>
<pin id="72" dir="0" index="1" bw="32" slack="0"/>
<pin id="73" dir="0" index="2" bw="32" slack="0"/>
<pin id="74" dir="1" index="3" bw="0" slack="2147483647"/>
</pin_list>
<bind>
<opcode="write(1151) " fcode="write"/>
<opset="write_ln0/2 "/>
</bind>
</comp>

<comp id="77" class="1004" name="data_addr_gep_fu_77">
<pin_list>
<pin id="78" dir="0" index="0" bw="32" slack="0"/>
<pin id="79" dir="0" index="1" bw="1" slack="0"/>
<pin id="80" dir="0" index="2" bw="8" slack="0"/>
<pin id="81" dir="1" index="3" bw="8" slack="0"/>
</pin_list>
<bind>
<opcode="getelementptr(29) " fcode="getelementptr"/>
<opset="data_addr/1 "/>
</bind>
</comp>

<comp id="84" class="1004" name="data_1_addr_gep_fu_84">
<pin_list>
<pin id="85" dir="0" index="0" bw="32" slack="0"/>
<pin id="86" dir="0" index="1" bw="1" slack="0"/>
<pin id="87" dir="0" index="2" bw="8" slack="0"/>
<pin id="88" dir="1" index="3" bw="8" slack="0"/>
</pin_list>
<bind>
<opcode="getelementptr(29) " fcode="getelementptr"/>
<opset="data_1_addr/1 "/>
</bind>
</comp>

<comp id="91" class="1004" name="data_2_addr_gep_fu_91">
<pin_list>
<pin id="92" dir="0" index="0" bw="32" slack="0"/>
<pin id="93" dir="0" index="1" bw="1" slack="0"/>
<pin id="94" dir="0" index="2" bw="8" slack="0"/>
<pin id="95" dir="1" index="3" bw="8" slack="0"/>
</pin_list>
<bind>
<opcode="getelementptr(29) " fcode="getelementptr"/>
<opset="data_2_addr/1 "/>
</bind>
</comp>

<comp id="98" class="1004" name="data_3_addr_gep_fu_98">
<pin_list>
<pin id="99" dir="0" index="0" bw="32" slack="0"/>
<pin id="100" dir="0" index="1" bw="1" slack="0"/>
<pin id="101" dir="0" index="2" bw="8" slack="0"/>
<pin id="102" dir="1" index="3" bw="8" slack="0"/>
</pin_list>
<bind>
<opcode="getelementptr(29) " fcode="getelementptr"/>
<opset="data_3_addr/1 "/>
</bind>
</comp>

<comp id="105" class="1004" name="grp_access_fu_105">
<pin_list>
<pin id="106" dir="0" index="0" bw="8" slack="0"/>
<pin id="107" dir="0" index="1" bw="32" slack="2147483647"/>
<pin id="108" dir="0" index="2" bw="0" slack="2147483647"/>
<pin id="109" dir="1" index="3" bw="32" slack="0"/>
</pin_list>
<bind>
<opcode="load(27) " fcode="load"/>
<opset="data_load/1 "/>
</bind>
</comp>

<comp id="111" class="1004" name="grp_access_fu_111">
<pin_list>
<pin id="112" dir="0" index="0" bw="8" slack="0"/>
<pin id="113" dir="0" index="1" bw="32" slack="2147483647"/>
<pin id="114" dir="0" index="2" bw="0" slack="2147483647"/>
<pin id="115" dir="1" index="3" bw="32" slack="0"/>
</pin_list>
<bind>
<opcode="load(27) " fcode="load"/>
<opset="data_1_load/1 "/>
</bind>
</comp>

<comp id="117" class="1004" name="grp_access_fu_117">
<pin_list>
<pin id="118" dir="0" index="0" bw="8" slack="0"/>
<pin id="119" dir="0" index="1" bw="32" slack="2147483647"/>
<pin id="120" dir="0" index="2" bw="0" slack="2147483647"/>
<pin id="121" dir="1" index="3" bw="32" slack="0"/>
</pin_list>
<bind>
<opcode="load(27) " fcode="load"/>
<opset="data_2_load/1 "/>
</bind>
</comp>

<comp id="123" class="1004" name="grp_access_fu_123">
<pin_list>
<pin id="124" dir="0" index="0" bw="8" slack="0"/>
<pin id="125" dir="0" index="1" bw="32" slack="2147483647"/>
<pin id="126" dir="0" index="2" bw="0" slack="2147483647"/>
<pin id="127" dir="1" index="3" bw="32" slack="0"/>
</pin_list>
<bind>
<opcode="load(27) " fcode="load"/>
<opset="data_3_load/1 "/>
</bind>
</comp>

<comp id="129" class="1004" name="grp_fu_129">
<pin_list>
<pin id="130" dir="0" index="0" bw="32" slack="0"/>
<pin id="131" dir="0" index="1" bw="32" slack="0"/>
<pin id="132" dir="1" index="2" bw="32" slack="1"/>
</pin_list>
<bind>
<opcode="fadd(9) " fcode="fadd"/>
<opset="abs_sum_1/3 "/>
</bind>
</comp>

<comp id="133" class="1004" name="store_ln134_store_fu_133">
<pin_list>
<pin id="134" dir="0" index="0" bw="1" slack="0"/>
<pin id="135" dir="0" index="1" bw="31" slack="0"/>
<pin id="136" dir="1" index="2" bw="0" slack="2147483647"/>
</pin_list>
<bind>
<opcode="store(28) " fcode="store"/>
<opset="store_ln134/1 "/>
</bind>
</comp>

<comp id="138" class="1004" name="store_ln132_store_fu_138">
<pin_list>
<pin id="139" dir="0" index="0" bw="32" slack="0"/>
<pin id="140" dir="0" index="1" bw="32" slack="0"/>
<pin id="141" dir="1" index="2" bw="0" slack="2147483647"/>
</pin_list>
<bind>
<opcode="store(28) " fcode="store"/>
<opset="store_ln132/1 "/>
</bind>
</comp>

<comp id="143" class="1004" name="i_load_fu_143">
<pin_list>
<pin id="144" dir="0" index="0" bw="31" slack="0"/>
<pin id="145" dir="1" index="1" bw="31" slack="0"/>
</pin_list>
<bind>
<opcode="load(27) " fcode="load"/>
<opset="i/1 "/>
</bind>
</comp>

<comp id="146" class="1004" name="zext_ln134_fu_146">
<pin_list>
<pin id="147" dir="0" index="0" bw="31" slack="0"/>
<pin id="148" dir="1" index="1" bw="32" slack="0"/>
</pin_list>
<bind>
<opcode="zext(34) " fcode="zext"/>
<opset="zext_ln134/1 "/>
</bind>
</comp>

<comp id="150" class="1004" name="icmp_ln134_fu_150">
<pin_list>
<pin id="151" dir="0" index="0" bw="31" slack="0"/>
<pin id="152" dir="0" index="1" bw="32" slack="0"/>
<pin id="153" dir="1" index="2" bw="1" slack="1"/>
</pin_list>
<bind>
<opcode="icmp(45) " fcode="icmp"/>
<opset="icmp_ln134/1 "/>
</bind>
</comp>

<comp id="156" class="1004" name="lshr_ln5_fu_156">
<pin_list>
<pin id="157" dir="0" index="0" bw="8" slack="0"/>
<pin id="158" dir="0" index="1" bw="31" slack="0"/>
<pin id="159" dir="0" index="2" bw="3" slack="0"/>
<pin id="160" dir="0" index="3" bw="5" slack="0"/>
<pin id="161" dir="1" index="4" bw="8" slack="0"/>
</pin_list>
<bind>
<opcode="partselect(1002) " fcode="partselect"/>
<opset="lshr_ln5/1 "/>
</bind>
</comp>

<comp id="166" class="1004" name="zext_ln132_fu_166">
<pin_list>
<pin id="167" dir="0" index="0" bw="8" slack="0"/>
<pin id="168" dir="1" index="1" bw="64" slack="0"/>
</pin_list>
<bind>
<opcode="zext(34) " fcode="zext"/>
<opset="zext_ln132/1 "/>
</bind>
</comp>

<comp id="174" class="1004" name="add_ln134_fu_174">
<pin_list>
<pin id="175" dir="0" index="0" bw="31" slack="1"/>
<pin id="176" dir="0" index="1" bw="1" slack="0"/>
<pin id="177" dir="1" index="2" bw="31" slack="0"/>
</pin_list>
<bind>
<opcode="add(8) " fcode="add"/>
<opset="add_ln134/2 "/>
</bind>
</comp>

<comp id="179" class="1004" name="trunc_ln134_fu_179">
<pin_list>
<pin id="180" dir="0" index="0" bw="31" slack="1"/>
<pin id="181" dir="1" index="1" bw="2" slack="0"/>
</pin_list>
<bind>
<opcode="trunc(33) " fcode="trunc"/>
<opset="trunc_ln134/2 "/>
</bind>
</comp>

<comp id="182" class="1004" name="dc_fu_182">
<pin_list>
<pin id="183" dir="0" index="0" bw="32" slack="0"/>
<pin id="184" dir="0" index="1" bw="2" slack="0"/>
<pin id="185" dir="0" index="2" bw="32" slack="0"/>
<pin id="186" dir="0" index="3" bw="2" slack="0"/>
<pin id="187" dir="0" index="4" bw="32" slack="0"/>
<pin id="188" dir="0" index="5" bw="2" slack="0"/>
<pin id="189" dir="0" index="6" bw="32" slack="0"/>
<pin id="190" dir="0" index="7" bw="2" slack="0"/>
<pin id="191" dir="0" index="8" bw="32" slack="0"/>
<pin id="192" dir="0" index="9" bw="32" slack="0"/>
<pin id="193" dir="0" index="10" bw="2" slack="0"/>
<pin id="194" dir="1" index="11" bw="32" slack="0"/>
</pin_list>
<bind>
<opcode="sparsemux(1197) " fcode="sparsemux"/>
<opset="dc/2 "/>
</bind>
</comp>

<comp id="206" class="1004" name="data_4_fu_206">
<pin_list>
<pin id="207" dir="0" index="0" bw="32" slack="0"/>
<pin id="208" dir="1" index="1" bw="32" slack="0"/>
</pin_list>
<bind>
<opcode="bitcast(44) " fcode="bitcast"/>
<opset="data_4/2 "/>
</bind>
</comp>

<comp id="210" class="1004" name="t_fu_210">
<pin_list>
<pin id="211" dir="0" index="0" bw="32" slack="0"/>
<pin id="212" dir="1" index="1" bw="31" slack="1"/>
</pin_list>
<bind>
<opcode="trunc(33) " fcode="trunc"/>
<opset="t/2 "/>
</bind>
</comp>

<comp id="214" class="1004" name="store_ln134_store_fu_214">
<pin_list>
<pin id="215" dir="0" index="0" bw="31" slack="0"/>
<pin id="216" dir="0" index="1" bw="31" slack="1"/>
<pin id="217" dir="1" index="2" bw="0" slack="2147483647"/>
</pin_list>
<bind>
<opcode="store(28) " fcode="store"/>
<opset="store_ln134/2 "/>
</bind>
</comp>

<comp id="219" class="1004" name="abs_sum_load_load_fu_219">
<pin_list>
<pin id="220" dir="0" index="0" bw="32" slack="2"/>
<pin id="221" dir="1" index="1" bw="32" slack="0"/>
</pin_list>
<bind>
<opcode="load(27) " fcode="load"/>
<opset="abs_sum_load/3 "/>
</bind>
</comp>

<comp id="223" class="1004" name="zext_ln313_fu_223">
<pin_list>
<pin id="224" dir="0" index="0" bw="31" slack="1"/>
<pin id="225" dir="1" index="1" bw="32" slack="0"/>
</pin_list>
<bind>
<opcode="zext(34) " fcode="zext"/>
<opset="zext_ln313/3 "/>
</bind>
</comp>

<comp id="226" class="1004" name="bitcast_ln327_fu_226">
<pin_list>
<pin id="227" dir="0" index="0" bw="31" slack="0"/>
<pin id="228" dir="1" index="1" bw="32" slack="0"/>
</pin_list>
<bind>
<opcode="bitcast(44) " fcode="bitcast"/>
<opset="bitcast_ln327/3 "/>
</bind>
</comp>

<comp id="231" class="1004" name="store_ln132_store_fu_231">
<pin_list>
<pin id="232" dir="0" index="0" bw="32" slack="1"/>
<pin id="233" dir="0" index="1" bw="32" slack="7"/>
<pin id="234" dir="1" index="2" bw="0" slack="2147483647"/>
</pin_list>
<bind>
<opcode="store(28) " fcode="store"/>
<opset="store_ln132/8 "/>
</bind>
</comp>

<comp id="235" class="1004" name="abs_sum_load_1_load_fu_235">
<pin_list>
<pin id="236" dir="0" index="0" bw="32" slack="1"/>
<pin id="237" dir="1" index="1" bw="32" slack="0"/>
</pin_list>
<bind>
<opcode="load(27) " fcode="load"/>
<opset="abs_sum_load_1/2 "/>
</bind>
</comp>

<comp id="239" class="1005" name="abs_sum_reg_239">
<pin_list>
<pin id="240" dir="0" index="0" bw="32" slack="0"/>
<pin id="241" dir="1" index="1" bw="32" slack="0"/>
</pin_list>
<bind>
<opset="abs_sum "/>
</bind>
</comp>

<comp id="247" class="1005" name="i_5_reg_247">
<pin_list>
<pin id="248" dir="0" index="0" bw="31" slack="0"/>
<pin id="249" dir="1" index="1" bw="31" slack="0"/>
</pin_list>
<bind>
<opset="i_5 "/>
</bind>
</comp>

<comp id="254" class="1005" name="i_reg_254">
<pin_list>
<pin id="255" dir="0" index="0" bw="31" slack="1"/>
<pin id="256" dir="1" index="1" bw="31" slack="1"/>
</pin_list>
<bind>
<opset="i "/>
</bind>
</comp>

<comp id="260" class="1005" name="icmp_ln134_reg_260">
<pin_list>
<pin id="261" dir="0" index="0" bw="1" slack="1"/>
<pin id="262" dir="1" index="1" bw="1" slack="2147483647"/>
</pin_list>
<bind>
<opset="icmp_ln134 "/>
</bind>
</comp>

<comp id="264" class="1005" name="data_addr_reg_264">
<pin_list>
<pin id="265" dir="0" index="0" bw="8" slack="1"/>
<pin id="266" dir="1" index="1" bw="8" slack="1"/>
</pin_list>
<bind>
<opset="data_addr "/>
</bind>
</comp>

<comp id="269" class="1005" name="data_1_addr_reg_269">
<pin_list>
<pin id="270" dir="0" index="0" bw="8" slack="1"/>
<pin id="271" dir="1" index="1" bw="8" slack="1"/>
</pin_list>
<bind>
<opset="data_1_addr "/>
</bind>
</comp>

<comp id="274" class="1005" name="data_2_addr_reg_274">
<pin_list>
<pin id="275" dir="0" index="0" bw="8" slack="1"/>
<pin id="276" dir="1" index="1" bw="8" slack="1"/>
</pin_list>
<bind>
<opset="data_2_addr "/>
</bind>
</comp>

<comp id="279" class="1005" name="data_3_addr_reg_279">
<pin_list>
<pin id="280" dir="0" index="0" bw="8" slack="1"/>
<pin id="281" dir="1" index="1" bw="8" slack="1"/>
</pin_list>
<bind>
<opset="data_3_addr "/>
</bind>
</comp>

<comp id="284" class="1005" name="t_reg_284">
<pin_list>
<pin id="285" dir="0" index="0" bw="31" slack="1"/>
<pin id="286" dir="1" index="1" bw="31" slack="1"/>
</pin_list>
<bind>
<opset="t "/>
</bind>
</comp>

<comp id="289" class="1005" name="abs_sum_load_reg_289">
<pin_list>
<pin id="290" dir="0" index="0" bw="32" slack="1"/>
<pin id="291" dir="1" index="1" bw="32" slack="1"/>
</pin_list>
<bind>
<opset="abs_sum_load "/>
</bind>
</comp>

<comp id="294" class="1005" name="bitcast_ln327_reg_294">
<pin_list>
<pin id="295" dir="0" index="0" bw="32" slack="1"/>
<pin id="296" dir="1" index="1" bw="32" slack="1"/>
</pin_list>
<bind>
<opset="bitcast_ln327 "/>
</bind>
</comp>

<comp id="299" class="1005" name="abs_sum_1_reg_299">
<pin_list>
<pin id="300" dir="0" index="0" bw="32" slack="1"/>
<pin id="301" dir="1" index="1" bw="32" slack="1"/>
</pin_list>
<bind>
<opset="abs_sum_1 "/>
</bind>
</comp>

</comp_list>

<net_list>
<net id="59"><net_src comp="12" pin="0"/><net_sink comp="56" pin=0"/></net>

<net id="63"><net_src comp="12" pin="0"/><net_sink comp="60" pin=0"/></net>

<net id="68"><net_src comp="14" pin="0"/><net_sink comp="64" pin=0"/></net>

<net id="69"><net_src comp="0" pin="0"/><net_sink comp="64" pin=1"/></net>

<net id="75"><net_src comp="54" pin="0"/><net_sink comp="70" pin=0"/></net>

<net id="76"><net_src comp="10" pin="0"/><net_sink comp="70" pin=1"/></net>

<net id="82"><net_src comp="2" pin="0"/><net_sink comp="77" pin=0"/></net>

<net id="83"><net_src comp="26" pin="0"/><net_sink comp="77" pin=1"/></net>

<net id="89"><net_src comp="4" pin="0"/><net_sink comp="84" pin=0"/></net>

<net id="90"><net_src comp="26" pin="0"/><net_sink comp="84" pin=1"/></net>

<net id="96"><net_src comp="6" pin="0"/><net_sink comp="91" pin=0"/></net>

<net id="97"><net_src comp="26" pin="0"/><net_sink comp="91" pin=1"/></net>

<net id="103"><net_src comp="8" pin="0"/><net_sink comp="98" pin=0"/></net>

<net id="104"><net_src comp="26" pin="0"/><net_sink comp="98" pin=1"/></net>

<net id="110"><net_src comp="77" pin="3"/><net_sink comp="105" pin=0"/></net>

<net id="116"><net_src comp="84" pin="3"/><net_sink comp="111" pin=0"/></net>

<net id="122"><net_src comp="91" pin="3"/><net_sink comp="117" pin=0"/></net>

<net id="128"><net_src comp="98" pin="3"/><net_sink comp="123" pin=0"/></net>

<net id="137"><net_src comp="16" pin="0"/><net_sink comp="133" pin=0"/></net>

<net id="142"><net_src comp="18" pin="0"/><net_sink comp="138" pin=0"/></net>

<net id="149"><net_src comp="143" pin="1"/><net_sink comp="146" pin=0"/></net>

<net id="154"><net_src comp="146" pin="1"/><net_sink comp="150" pin=0"/></net>

<net id="155"><net_src comp="64" pin="2"/><net_sink comp="150" pin=1"/></net>

<net id="162"><net_src comp="20" pin="0"/><net_sink comp="156" pin=0"/></net>

<net id="163"><net_src comp="143" pin="1"/><net_sink comp="156" pin=1"/></net>

<net id="164"><net_src comp="22" pin="0"/><net_sink comp="156" pin=2"/></net>

<net id="165"><net_src comp="24" pin="0"/><net_sink comp="156" pin=3"/></net>

<net id="169"><net_src comp="156" pin="4"/><net_sink comp="166" pin=0"/></net>

<net id="170"><net_src comp="166" pin="1"/><net_sink comp="77" pin=2"/></net>

<net id="171"><net_src comp="166" pin="1"/><net_sink comp="84" pin=2"/></net>

<net id="172"><net_src comp="166" pin="1"/><net_sink comp="91" pin=2"/></net>

<net id="173"><net_src comp="166" pin="1"/><net_sink comp="98" pin=2"/></net>

<net id="178"><net_src comp="28" pin="0"/><net_sink comp="174" pin=1"/></net>

<net id="195"><net_src comp="30" pin="0"/><net_sink comp="182" pin=0"/></net>

<net id="196"><net_src comp="32" pin="0"/><net_sink comp="182" pin=1"/></net>

<net id="197"><net_src comp="105" pin="3"/><net_sink comp="182" pin=2"/></net>

<net id="198"><net_src comp="34" pin="0"/><net_sink comp="182" pin=3"/></net>

<net id="199"><net_src comp="111" pin="3"/><net_sink comp="182" pin=4"/></net>

<net id="200"><net_src comp="36" pin="0"/><net_sink comp="182" pin=5"/></net>

<net id="201"><net_src comp="117" pin="3"/><net_sink comp="182" pin=6"/></net>

<net id="202"><net_src comp="38" pin="0"/><net_sink comp="182" pin=7"/></net>

<net id="203"><net_src comp="123" pin="3"/><net_sink comp="182" pin=8"/></net>

<net id="204"><net_src comp="40" pin="0"/><net_sink comp="182" pin=9"/></net>

<net id="205"><net_src comp="179" pin="1"/><net_sink comp="182" pin=10"/></net>

<net id="209"><net_src comp="182" pin="11"/><net_sink comp="206" pin=0"/></net>

<net id="213"><net_src comp="206" pin="1"/><net_sink comp="210" pin=0"/></net>

<net id="218"><net_src comp="174" pin="2"/><net_sink comp="214" pin=0"/></net>

<net id="222"><net_src comp="219" pin="1"/><net_sink comp="129" pin=0"/></net>

<net id="229"><net_src comp="223" pin="1"/><net_sink comp="226" pin=0"/></net>

<net id="230"><net_src comp="226" pin="1"/><net_sink comp="129" pin=1"/></net>

<net id="238"><net_src comp="235" pin="1"/><net_sink comp="70" pin=2"/></net>

<net id="242"><net_src comp="56" pin="1"/><net_sink comp="239" pin=0"/></net>

<net id="243"><net_src comp="239" pin="1"/><net_sink comp="138" pin=1"/></net>

<net id="244"><net_src comp="239" pin="1"/><net_sink comp="219" pin=0"/></net>

<net id="245"><net_src comp="239" pin="1"/><net_sink comp="231" pin=1"/></net>

<net id="246"><net_src comp="239" pin="1"/><net_sink comp="235" pin=0"/></net>

<net id="250"><net_src comp="60" pin="1"/><net_sink comp="247" pin=0"/></net>

<net id="251"><net_src comp="247" pin="1"/><net_sink comp="133" pin=1"/></net>

<net id="252"><net_src comp="247" pin="1"/><net_sink comp="143" pin=0"/></net>

<net id="253"><net_src comp="247" pin="1"/><net_sink comp="214" pin=1"/></net>

<net id="257"><net_src comp="143" pin="1"/><net_sink comp="254" pin=0"/></net>

<net id="258"><net_src comp="254" pin="1"/><net_sink comp="174" pin=0"/></net>

<net id="259"><net_src comp="254" pin="1"/><net_sink comp="179" pin=0"/></net>

<net id="263"><net_src comp="150" pin="2"/><net_sink comp="260" pin=0"/></net>

<net id="267"><net_src comp="77" pin="3"/><net_sink comp="264" pin=0"/></net>

<net id="268"><net_src comp="264" pin="1"/><net_sink comp="105" pin=0"/></net>

<net id="272"><net_src comp="84" pin="3"/><net_sink comp="269" pin=0"/></net>

<net id="273"><net_src comp="269" pin="1"/><net_sink comp="111" pin=0"/></net>

<net id="277"><net_src comp="91" pin="3"/><net_sink comp="274" pin=0"/></net>

<net id="278"><net_src comp="274" pin="1"/><net_sink comp="117" pin=0"/></net>

<net id="282"><net_src comp="98" pin="3"/><net_sink comp="279" pin=0"/></net>

<net id="283"><net_src comp="279" pin="1"/><net_sink comp="123" pin=0"/></net>

<net id="287"><net_src comp="210" pin="1"/><net_sink comp="284" pin=0"/></net>

<net id="288"><net_src comp="284" pin="1"/><net_sink comp="223" pin=0"/></net>

<net id="292"><net_src comp="219" pin="1"/><net_sink comp="289" pin=0"/></net>

<net id="293"><net_src comp="289" pin="1"/><net_sink comp="129" pin=0"/></net>

<net id="297"><net_src comp="226" pin="1"/><net_sink comp="294" pin=0"/></net>

<net id="298"><net_src comp="294" pin="1"/><net_sink comp="129" pin=1"/></net>

<net id="302"><net_src comp="129" pin="2"/><net_sink comp="299" pin=0"/></net>

<net id="303"><net_src comp="299" pin="1"/><net_sink comp="231" pin=0"/></net>

</net_list>

</model> 
---------------- Datapath Model END ------------------

* FSMD analyzer results:
  - Output states:
	Port: abs_sum_out | {2 }
 - Input state : 
	Port: calculate_statistics_Pipeline_calc_abs_mean : n | {1 }
	Port: calculate_statistics_Pipeline_calc_abs_mean : data | {1 2 }
	Port: calculate_statistics_Pipeline_calc_abs_mean : data_1 | {1 2 }
	Port: calculate_statistics_Pipeline_calc_abs_mean : data_2 | {1 2 }
	Port: calculate_statistics_Pipeline_calc_abs_mean : data_3 | {1 2 }
  - Chain level:
	State 1
		store_ln134 : 1
		store_ln132 : 1
		i : 1
		zext_ln134 : 2
		icmp_ln134 : 3
		br_ln134 : 4
		lshr_ln5 : 2
		zext_ln132 : 3
		data_addr : 4
		data_1_addr : 4
		data_2_addr : 4
		data_3_addr : 4
		data_load : 5
		data_1_load : 5
		data_2_load : 5
		data_3_load : 5
	State 2
		dc : 1
		data_4 : 2
		t : 3
		store_ln134 : 1
		write_ln0 : 1
	State 3
		bitcast_ln327 : 1
		abs_sum_1 : 2
	State 4
	State 5
	State 6
	State 7
	State 8


============================================================
+ Verbose Summary: Datapath Resource usage 
============================================================

* Functional unit list:
|----------|-----------------------|---------|---------|---------|
| Operation|    Functional Unit    |   DSP   |    FF   |   LUT   |
|----------|-----------------------|---------|---------|---------|
|   fadd   |       grp_fu_129      |    2    |   205   |   390   |
|----------|-----------------------|---------|---------|---------|
|   icmp   |   icmp_ln134_fu_150   |    0    |    0    |    39   |
|----------|-----------------------|---------|---------|---------|
|    add   |    add_ln134_fu_174   |    0    |    0    |    38   |
|----------|-----------------------|---------|---------|---------|
| sparsemux|       dc_fu_182       |    0    |    0    |    20   |
|----------|-----------------------|---------|---------|---------|
|   read   |   n_read_read_fu_64   |    0    |    0    |    0    |
|----------|-----------------------|---------|---------|---------|
|   write  | write_ln0_write_fu_70 |    0    |    0    |    0    |
|----------|-----------------------|---------|---------|---------|
|          |   zext_ln134_fu_146   |    0    |    0    |    0    |
|   zext   |   zext_ln132_fu_166   |    0    |    0    |    0    |
|          |   zext_ln313_fu_223   |    0    |    0    |    0    |
|----------|-----------------------|---------|---------|---------|
|partselect|    lshr_ln5_fu_156    |    0    |    0    |    0    |
|----------|-----------------------|---------|---------|---------|
|   trunc  |   trunc_ln134_fu_179  |    0    |    0    |    0    |
|          |        t_fu_210       |    0    |    0    |    0    |
|----------|-----------------------|---------|---------|---------|
|   Total  |                       |    2    |   205   |   487   |
|----------|-----------------------|---------|---------|---------|

Memories:
N/A

* Register list:
+---------------------+--------+
|                     |   FF   |
+---------------------+--------+
|  abs_sum_1_reg_299  |   32   |
| abs_sum_load_reg_289|   32   |
|   abs_sum_reg_239   |   32   |
|bitcast_ln327_reg_294|   32   |
| data_1_addr_reg_269 |    8   |
| data_2_addr_reg_274 |    8   |
| data_3_addr_reg_279 |    8   |
|  data_addr_reg_264  |    8   |
|     i_5_reg_247     |   31   |
|      i_reg_254      |   31   |
|  icmp_ln134_reg_260 |    1   |
|      t_reg_284      |   31   |
+---------------------+--------+
|        Total        |   254  |
+---------------------+--------+

* Multiplexer (MUX) list: 
|-------------------|------|------|------|--------||---------||---------||---------|
|        Comp       |  Pin | Size |  BW  | S x BW ||  Delay  ||    FF   ||   LUT   |
|-------------------|------|------|------|--------||---------||---------||---------|
| grp_access_fu_105 |  p0  |   2  |   8  |   16   ||    0    ||    9    |
| grp_access_fu_111 |  p0  |   2  |   8  |   16   ||    0    ||    9    |
| grp_access_fu_117 |  p0  |   2  |   8  |   16   ||    0    ||    9    |
| grp_access_fu_123 |  p0  |   2  |   8  |   16   ||    0    ||    9    |
|     grp_fu_129    |  p0  |   2  |  32  |   64   ||    0    ||    9    |
|     grp_fu_129    |  p1  |   2  |  32  |   64   ||    0    ||    9    |
|-------------------|------|------|------|--------||---------||---------||---------|
|       Total       |      |      |      |   192  ||  9.528  ||    0    ||    54   |
|-------------------|------|------|------|--------||---------||---------||---------|



* Summary:
+-----------+--------+--------+--------+--------+
|           |   DSP  |  Delay |   FF   |   LUT  |
+-----------+--------+--------+--------+--------+
|  Function |    2   |    -   |   205  |   487  |
|   Memory  |    -   |    -   |    -   |    -   |
|Multiplexer|    -   |    9   |    0   |   54   |
|  Register |    -   |    -   |   254  |    -   |
+-----------+--------+--------+--------+--------+
|   Total   |    2   |    9   |   459  |   541  |
+-----------+--------+--------+--------+--------+
