

================================================================
== Vitis HLS Report for 'calculate_statistics_Pipeline_write_results'
================================================================
* Date:           Tue Feb 18 03:51:28 2025

* Version:        2024.2 (Build 5238294 on Nov  8 2024)
* Project:        pack_stream_to_blk
* Solution:       hls (Vivado IP Flow Target)
* Product family: zynq
* Target device:  xc7z020-clg400-1


================================================================
== Performance Estimates
================================================================
+ Timing: 
    * Summary: 
    +--------+----------+----------+------------+
    |  Clock |  Target  | Estimated| Uncertainty|
    +--------+----------+----------+------------+
    |ap_clk  |  10.00 ns|  4.911 ns|     2.70 ns|
    +--------+----------+----------+------------+

+ Latency: 
    * Summary: 
    +---------+---------+----------+----------+-----+-----+------------------------------------------------+
    |  Latency (cycles) |  Latency (absolute) |  Interval |                    Pipeline                    |
    |   min   |   max   |    min   |    max   | min | max |                      Type                      |
    +---------+---------+----------+----------+-----+-----+------------------------------------------------+
    |       13|       13|  0.130 us|  0.130 us|   12|   12|  loop auto-rewind stp (delay=0 clock cycles(s))|
    +---------+---------+----------+----------+-----+-----+------------------------------------------------+

    + Detail: 
        * Instance: 
        N/A

        * Loop: 
        +-----------------+---------+---------+----------+-----------+-----------+------+----------+
        |                 |  Latency (cycles) | Iteration|  Initiation Interval  | Trip |          |
        |    Loop Name    |   min   |   max   |  Latency |  achieved |   target  | Count| Pipelined|
        +-----------------+---------+---------+----------+-----------+-----------+------+----------+
        |- write_results  |       11|       11|         2|          1|          1|    11|       yes|
        +-----------------+---------+---------+----------+-----------+-----------+------+----------+

============================================================
+ Verbose Summary: Synthesis Manager
============================================================
InlineROM: 1
ExposeGlobal: 0
============================================================
+ Verbose Summary: CDFG Model
============================================================
IsTopModel: 0
ResetActiveHigh: 1
IsCombinational: 0
IsDatapathOnly: 0
HasWiredReturn: 1
HasMFsm: 2
HasVarLatency: 1
IsPipeline: 0
IsRtlPipelined: 0
IsInstanceOverlapped: 0
IsDontTouch: 0
HasImplIP: 0
IsGatedGlobalClock: 0

+ Individual pipeline summary: 
  * Pipeline-0: initiation interval (II) = 1, depth = 2


============================================================
+ Verbose Summary: Schedule
============================================================
* Number of FSM states : 2
* Pipeline : 1
  Pipeline-0 : II = 1, D = 2, States = { 1 2 }
* Dataflow Pipeline: 0

* FSM state transitions: 
1 --> 2 
2 --> 

* FSM state operations: 

State 1 <SV = 0> <Delay = 4.91>
ST_1 : Operation 5 [1/1] (0.00ns)   --->   "%i = alloca i32 1" [/home/admin/Desktop/SOCExtraFeatures/src/StatsCalc.cpp:176]   --->   Operation 5 'alloca' 'i' <Predicate = true> <Delay = 0.00>
ST_1 : Operation 6 [1/1] (0.00ns)   --->   "%specaxissidechannel_ln0 = specaxissidechannel void @_ssdm_op_SpecAXISSideChannel, i32 %output_stream_V_data_V, i4 %output_stream_V_keep_V, i4 %output_stream_V_strb_V, i1 0, i1 %output_stream_V_last_V, i1 0, i1 0, void @empty_9"   --->   Operation 6 'specaxissidechannel' 'specaxissidechannel_ln0' <Predicate = true> <Delay = 0.00>
ST_1 : Operation 7 [1/1] (0.00ns)   --->   "%specinterface_ln0 = specinterface void @_ssdm_op_SpecInterface, i1 %output_stream_V_last_V, i4 %output_stream_V_strb_V, i4 %output_stream_V_keep_V, i32 %output_stream_V_data_V, void @empty_2, i32 0, i32 0, void @empty_5, i32 0, i32 0, void @empty, void @empty, void @empty, i32 0, i32 0, i32 0, i32 0, void @empty, void @empty, i32 4294967295, i32 0, i32 0"   --->   Operation 7 'specinterface' 'specinterface_ln0' <Predicate = true> <Delay = 0.00>
ST_1 : Operation 8 [1/1] (1.58ns)   --->   "%store_ln176 = store i4 0, i4 %i" [/home/admin/Desktop/SOCExtraFeatures/src/StatsCalc.cpp:176]   --->   Operation 8 'store' 'store_ln176' <Predicate = true> <Delay = 1.58>
ST_1 : Operation 9 [1/1] (0.00ns)   --->   "%br_ln0 = br void %for.inc126"   --->   Operation 9 'br' 'br_ln0' <Predicate = true> <Delay = 0.00>
ST_1 : Operation 10 [1/1] (0.00ns)   --->   "%i_1 = load i4 %i" [/home/admin/Desktop/SOCExtraFeatures/src/StatsCalc.cpp:176]   --->   Operation 10 'load' 'i_1' <Predicate = true> <Delay = 0.00>
ST_1 : Operation 11 [1/1] (1.73ns)   --->   "%icmp_ln176 = icmp_eq  i4 %i_1, i4 11" [/home/admin/Desktop/SOCExtraFeatures/src/StatsCalc.cpp:176]   --->   Operation 11 'icmp' 'icmp_ln176' <Predicate = true> <Delay = 1.73> <CoreInst = "Cmp">   --->   Core 9 'Cmp' <Latency = 0> <II = 1> <Delay = 1.73> <FuncUnit> <Opcode : 'seteq' 'setne' 'setle' 'setge' 'setlt' 'setgt'> <InPorts = 2> <OutPorts = 1>
ST_1 : Operation 12 [1/1] (1.73ns)   --->   "%add_ln176 = add i4 %i_1, i4 1" [/home/admin/Desktop/SOCExtraFeatures/src/StatsCalc.cpp:176]   --->   Operation 12 'add' 'add_ln176' <Predicate = true> <Delay = 1.73> <CoreInst = "Adder">   --->   Core 1 'Adder' <Latency = 0> <II = 1> <Delay = 1.73> <FuncUnit> <Opcode : 'add' 'sub'> <InPorts = 2> <OutPorts = 1>
ST_1 : Operation 13 [1/1] (0.00ns)   --->   "%br_ln176 = br i1 %icmp_ln176, void %for.inc126.split, void %for.end128.exitStub" [/home/admin/Desktop/SOCExtraFeatures/src/StatsCalc.cpp:176]   --->   Operation 13 'br' 'br_ln176' <Predicate = true> <Delay = 0.00>
ST_1 : Operation 14 [1/1] (0.00ns)   --->   "%zext_ln176 = zext i4 %i_1" [/home/admin/Desktop/SOCExtraFeatures/src/StatsCalc.cpp:176]   --->   Operation 14 'zext' 'zext_ln176' <Predicate = (!icmp_ln176)> <Delay = 0.00>
ST_1 : Operation 15 [1/1] (0.00ns)   --->   "%results_addr = getelementptr i32 %results, i64 0, i64 %zext_ln176" [/home/admin/Desktop/SOCExtraFeatures/src/StatsCalc.cpp:178]   --->   Operation 15 'getelementptr' 'results_addr' <Predicate = (!icmp_ln176)> <Delay = 0.00>
ST_1 : Operation 16 [2/2] (2.32ns)   --->   "%data_conv = load i4 %results_addr" [/home/admin/Desktop/SOCExtraFeatures/src/StatsCalc.cpp:178]   --->   Operation 16 'load' 'data_conv' <Predicate = (!icmp_ln176)> <Delay = 2.32> <CoreInst = "RAM">   --->   Core 81 'RAM' <Latency = 1> <II = 1> <Delay = 2.32> <Storage> <Opcode : 'load' 'store'> <Ports = 2> <Width = 32> <Depth = 11> <RAM>
ST_1 : Operation 17 [1/1] (1.73ns)   --->   "%out_pkt_last = icmp_eq  i4 %i_1, i4 10" [/home/admin/Desktop/SOCExtraFeatures/src/StatsCalc.cpp:180]   --->   Operation 17 'icmp' 'out_pkt_last' <Predicate = (!icmp_ln176)> <Delay = 1.73> <CoreInst = "Cmp">   --->   Core 9 'Cmp' <Latency = 0> <II = 1> <Delay = 1.73> <FuncUnit> <Opcode : 'seteq' 'setne' 'setle' 'setge' 'setlt' 'setgt'> <InPorts = 2> <OutPorts = 1>
ST_1 : Operation 18 [1/1] (1.58ns)   --->   "%store_ln176 = store i4 %add_ln176, i4 %i" [/home/admin/Desktop/SOCExtraFeatures/src/StatsCalc.cpp:176]   --->   Operation 18 'store' 'store_ln176' <Predicate = (!icmp_ln176)> <Delay = 1.58>
ST_1 : Operation 26 [1/1] (1.58ns)   --->   "%ret_ln0 = ret"   --->   Operation 26 'ret' 'ret_ln0' <Predicate = (icmp_ln176)> <Delay = 1.58>

State 2 <SV = 1> <Delay = 3.61>
ST_2 : Operation 19 [1/1] (0.00ns)   --->   "%specpipeline_ln177 = specpipeline void @_ssdm_op_SpecPipeline, i32 4294967295, i32 0, i32 0, i32 0, void @empty" [/home/admin/Desktop/SOCExtraFeatures/src/StatsCalc.cpp:177]   --->   Operation 19 'specpipeline' 'specpipeline_ln177' <Predicate = true> <Delay = 0.00>
ST_2 : Operation 20 [1/1] (0.00ns)   --->   "%speclooptripcount_ln176 = speclooptripcount void @_ssdm_op_SpecLoopTripCount, i64 11, i64 11, i64 11" [/home/admin/Desktop/SOCExtraFeatures/src/StatsCalc.cpp:176]   --->   Operation 20 'speclooptripcount' 'speclooptripcount_ln176' <Predicate = true> <Delay = 0.00>
ST_2 : Operation 21 [1/1] (0.00ns)   --->   "%specloopname_ln176 = specloopname void @_ssdm_op_SpecLoopName, void @empty_14" [/home/admin/Desktop/SOCExtraFeatures/src/StatsCalc.cpp:176]   --->   Operation 21 'specloopname' 'specloopname_ln176' <Predicate = true> <Delay = 0.00>
ST_2 : Operation 22 [1/2] ( I:2.32ns O:2.32ns )   --->   "%data_conv = load i4 %results_addr" [/home/admin/Desktop/SOCExtraFeatures/src/StatsCalc.cpp:178]   --->   Operation 22 'load' 'data_conv' <Predicate = true> <Delay = 2.32> <CoreInst = "RAM">   --->   Core 81 'RAM' <Latency = 1> <II = 1> <Delay = 2.32> <Storage> <Opcode : 'load' 'store'> <Ports = 2> <Width = 32> <Depth = 11> <RAM>
ST_2 : Operation 23 [1/1] (0.00ns)   --->   "%out_pkt_data = bitcast i32 %data_conv" [/home/admin/Desktop/SOCExtraFeatures/src/StatsCalc.cpp:179]   --->   Operation 23 'bitcast' 'out_pkt_data' <Predicate = true> <Delay = 0.00>
ST_2 : Operation 24 [1/1] (1.29ns)   --->   "%write_ln181 = write void @_ssdm_op_Write.axis.volatile.i32P0A.i4P0A.i4P0A.i1P0A, i32 %output_stream_V_data_V, i4 %output_stream_V_keep_V, i4 %output_stream_V_strb_V, i1 %output_stream_V_last_V, i32 %out_pkt_data, i4 15, i4 15, i1 %out_pkt_last" [/home/admin/Desktop/SOCExtraFeatures/src/StatsCalc.cpp:181]   --->   Operation 24 'write' 'write_ln181' <Predicate = true> <Delay = 1.29> <CoreInst = "regslice">   --->   Core 135 'regslice' <Latency = 0> <II = 1> <Delay = 1.86> <Adapter> <Opcode : 'read' 'write'>
ST_2 : Operation 25 [1/1] (0.00ns)   --->   "%br_ln176 = br void %for.inc126" [/home/admin/Desktop/SOCExtraFeatures/src/StatsCalc.cpp:176]   --->   Operation 25 'br' 'br_ln176' <Predicate = true> <Delay = 0.00>


============================================================
+ Verbose Summary: Timing violations
============================================================
Target clock period: 10.000ns, clock uncertainty: 2.700ns.

 <State 1>: 4.911ns
The critical path consists of the following:
	'store' operation 0 bit ('store_ln176', /home/admin/Desktop/SOCExtraFeatures/src/StatsCalc.cpp:176) of constant 0 on local variable 'i', /home/admin/Desktop/SOCExtraFeatures/src/StatsCalc.cpp:176 [9]  (1.588 ns)
	'load' operation 4 bit ('i', /home/admin/Desktop/SOCExtraFeatures/src/StatsCalc.cpp:176) on local variable 'i', /home/admin/Desktop/SOCExtraFeatures/src/StatsCalc.cpp:176 [12]  (0.000 ns)
	'icmp' operation 1 bit ('icmp_ln176', /home/admin/Desktop/SOCExtraFeatures/src/StatsCalc.cpp:176) [13]  (1.735 ns)
	'store' operation 0 bit ('store_ln176', /home/admin/Desktop/SOCExtraFeatures/src/StatsCalc.cpp:176) of variable 'add_ln176', /home/admin/Desktop/SOCExtraFeatures/src/StatsCalc.cpp:176 on local variable 'i', /home/admin/Desktop/SOCExtraFeatures/src/StatsCalc.cpp:176 [26]  (1.588 ns)

 <State 2>: 3.612ns
The critical path consists of the following:
	'load' operation 32 bit ('data_conv', /home/admin/Desktop/SOCExtraFeatures/src/StatsCalc.cpp:178) on array 'results' [22]  (2.322 ns)
	axis write operation ('write_ln181', /home/admin/Desktop/SOCExtraFeatures/src/StatsCalc.cpp:181) on port 'output_stream_V_data_V' (/home/admin/Desktop/SOCExtraFeatures/src/StatsCalc.cpp:181) [25]  (1.290 ns)


============================================================
+ Verbose Summary: Binding
============================================================
N/A
* FSMD analyzer results:
  - Output states:
 - Input state : 
  - Chain level:
	State 1
	State 2


============================================================
+ Verbose Summary: Datapath Resource usage 
============================================================
N/A
