

================================================================
== Vitis HLS Report for 'calculate_statistics_Pipeline_write_results'
================================================================
* Date:           Tue Feb 18 03:51:29 2025

* Version:        2024.2 (Build 5238294 on Nov  8 2024)
* Project:        pack_stream_to_blk
* Solution:       hls (Vivado IP Flow Target)
* Product family: zynq
* Target device:  xc7z020-clg400-1


================================================================
== Performance Estimates
================================================================
+ Timing: 
    * Summary: 
    +--------+----------+----------+------------+
    |  Clock |  Target  | Estimated| Uncertainty|
    +--------+----------+----------+------------+
    |ap_clk  |  10.00 ns|  4.911 ns|     2.70 ns|
    +--------+----------+----------+------------+

+ Latency: 
    * Summary: 
    +---------+---------+----------+----------+-----+-----+------------------------------------------------+
    |  Latency (cycles) |  Latency (absolute) |  Interval |                    Pipeline                    |
    |   min   |   max   |    min   |    max   | min | max |                      Type                      |
    +---------+---------+----------+----------+-----+-----+------------------------------------------------+
    |       13|       13|  0.130 us|  0.130 us|   12|   12|  loop auto-rewind stp (delay=0 clock cycles(s))|
    +---------+---------+----------+----------+-----+-----+------------------------------------------------+

    + Detail: 
        * Instance: 
        N/A

        * Loop: 
        +-----------------+---------+---------+----------+-----------+-----------+------+----------+
        |                 |  Latency (cycles) | Iteration|  Initiation Interval  | Trip |          |
        |    Loop Name    |   min   |   max   |  Latency |  achieved |   target  | Count| Pipelined|
        +-----------------+---------+---------+----------+-----------+-----------+------+----------+
        |- write_results  |       11|       11|         2|          1|          1|    11|       yes|
        +-----------------+---------+---------+----------+-----------+-----------+------+----------+



================================================================
== Utilization Estimates
================================================================
* Summary: 
+-----------------+---------+-----+--------+-------+-----+
|       Name      | BRAM_18K| DSP |   FF   |  LUT  | URAM|
+-----------------+---------+-----+--------+-------+-----+
|DSP              |        -|    -|       -|      -|    -|
|Expression       |        -|    -|       0|     43|    -|
|FIFO             |        -|    -|       -|      -|    -|
|Instance         |        -|    -|       -|      -|    -|
|Memory           |        -|    -|       -|      -|    -|
|Multiplexer      |        -|    -|       0|     45|    -|
|Register         |        -|    -|       8|      -|    -|
+-----------------+---------+-----+--------+-------+-----+
|Total            |        0|    0|       8|     88|    0|
+-----------------+---------+-----+--------+-------+-----+
|Available        |      280|  220|  106400|  53200|    0|
+-----------------+---------+-----+--------+-------+-----+
|Utilization (%)  |        0|    0|      ~0|     ~0|    0|
+-----------------+---------+-----+--------+-------+-----+

+ Detail: 
    * Instance: 
    N/A

    * DSP: 
    N/A

    * Memory: 
    N/A

    * FIFO: 
    N/A

    * Expression: 
    +---------------------------+----------+----+---+----+------------+------------+
    |       Variable Name       | Operation| DSP| FF| LUT| Bitwidth P0| Bitwidth P1|
    +---------------------------+----------+----+---+----+------------+------------+
    |add_ln176_fu_103_p2        |         +|   0|  0|  13|           4|           1|
    |ap_block_pp0_stage0_01001  |       and|   0|  0|   2|           1|           1|
    |icmp_ln176_fu_97_p2        |      icmp|   0|  0|  13|           4|           4|
    |out_pkt_last_fu_114_p2     |      icmp|   0|  0|  13|           4|           4|
    |ap_enable_pp0              |       xor|   0|  0|   2|           1|           2|
    +---------------------------+----------+----+---+----+------------+------------+
    |Total                      |          |   0|  0|  43|          14|          12|
    +---------------------------+----------+----+---+----+------------+------------+

    * Multiplexer: 
    +---------------------------+----+-----------+-----+-----------+
    |            Name           | LUT| Input Size| Bits| Total Bits|
    +---------------------------+----+-----------+-----+-----------+
    |ap_done_int                |   9|          2|    1|          2|
    |ap_enable_reg_pp0_iter1    |   9|          2|    1|          2|
    |ap_sig_allocacmp_i_1       |   9|          2|    4|          8|
    |i_fu_54                    |   9|          2|    4|          8|
    |output_stream_TDATA_blk_n  |   9|          2|    1|          2|
    +---------------------------+----+-----------+-----+-----------+
    |Total                      |  45|         10|   11|         22|
    +---------------------------+----+-----------+-----+-----------+

    * Register: 
    +-------------------------+---+----+-----+-----------+
    |           Name          | FF| LUT| Bits| Const Bits|
    +-------------------------+---+----+-----+-----------+
    |ap_CS_fsm                |  1|   0|    1|          0|
    |ap_done_reg              |  1|   0|    1|          0|
    |ap_enable_reg_pp0_iter1  |  1|   0|    1|          0|
    |i_fu_54                  |  4|   0|    4|          0|
    |out_pkt_last_reg_145     |  1|   0|    1|          0|
    +-------------------------+---+----+-----+-----------+
    |Total                    |  8|   0|    8|          0|
    +-------------------------+---+----+-----+-----------+



================================================================
== Interface
================================================================
* Summary: 
+----------------------+-----+-----+------------+---------------------------------------------+--------------+
|       RTL Ports      | Dir | Bits|  Protocol  |                Source Object                |    C Type    |
+----------------------+-----+-----+------------+---------------------------------------------+--------------+
|ap_clk                |   in|    1|  ap_ctrl_hs|  calculate_statistics_Pipeline_write_results|  return value|
|ap_rst                |   in|    1|  ap_ctrl_hs|  calculate_statistics_Pipeline_write_results|  return value|
|ap_start              |   in|    1|  ap_ctrl_hs|  calculate_statistics_Pipeline_write_results|  return value|
|ap_done               |  out|    1|  ap_ctrl_hs|  calculate_statistics_Pipeline_write_results|  return value|
|ap_idle               |  out|    1|  ap_ctrl_hs|  calculate_statistics_Pipeline_write_results|  return value|
|ap_ready              |  out|    1|  ap_ctrl_hs|  calculate_statistics_Pipeline_write_results|  return value|
|output_stream_TREADY  |   in|    1|        axis|                       output_stream_V_data_V|       pointer|
|output_stream_TDATA   |  out|   32|        axis|                       output_stream_V_data_V|       pointer|
|results_address0      |  out|    4|   ap_memory|                                      results|         array|
|results_ce0           |  out|    1|   ap_memory|                                      results|         array|
|results_q0            |   in|   32|   ap_memory|                                      results|         array|
|output_stream_TVALID  |  out|    1|        axis|                       output_stream_V_last_V|       pointer|
|output_stream_TLAST   |  out|    1|        axis|                       output_stream_V_last_V|       pointer|
|output_stream_TKEEP   |  out|    4|        axis|                       output_stream_V_keep_V|       pointer|
|output_stream_TSTRB   |  out|    4|        axis|                       output_stream_V_strb_V|       pointer|
+----------------------+-----+-----+------------+---------------------------------------------+--------------+

============================================================
+ Verbose Summary: Synthesis Manager
============================================================
InlineROM: 1
ExposeGlobal: 0
============================================================
+ Verbose Summary: CDFG Model
============================================================
IsTopModel: 0
ResetActiveHigh: 1
IsCombinational: 2
IsDatapathOnly: 2
HasWiredReturn: 1
HasMFsm: 2
HasVarLatency: 1
IsPipeline: 0
IsRtlPipelined: 0
IsInstanceOverlapped: 0
IsDontTouch: 0
HasImplIP: 0
IsGatedGlobalClock: 0

+ Individual pipeline summary: 
  * Pipeline-0: initiation interval (II) = 1, depth = 2


============================================================
+ Verbose Summary: Schedule
============================================================
* Number of FSM states : 2
* Pipeline : 1
  Pipeline-0 : II = 1, D = 2, States = { 1 2 }
* Dataflow Pipeline: 0

* FSM state transitions: 
1 --> 2 
2 --> 

* FSM state operations: 

State 1 <SV = 0> <Delay = 4.91>
ST_1 : Operation 5 [1/1] (0.00ns)   --->   "%i = alloca i32 1" [/home/admin/Desktop/SOCExtraFeatures/src/StatsCalc.cpp:176]   --->   Operation 5 'alloca' 'i' <Predicate = true> <Delay = 0.00>
ST_1 : Operation 6 [1/1] (0.00ns)   --->   "%specaxissidechannel_ln0 = specaxissidechannel void @_ssdm_op_SpecAXISSideChannel, i32 %output_stream_V_data_V, i4 %output_stream_V_keep_V, i4 %output_stream_V_strb_V, i1 0, i1 %output_stream_V_last_V, i1 0, i1 0, void @empty_9"   --->   Operation 6 'specaxissidechannel' 'specaxissidechannel_ln0' <Predicate = true> <Delay = 0.00>
ST_1 : Operation 7 [1/1] (0.00ns)   --->   "%specinterface_ln0 = specinterface void @_ssdm_op_SpecInterface, i1 %output_stream_V_last_V, i4 %output_stream_V_strb_V, i4 %output_stream_V_keep_V, i32 %output_stream_V_data_V, void @empty_2, i32 0, i32 0, void @empty_5, i32 0, i32 0, void @empty, void @empty, void @empty, i32 0, i32 0, i32 0, i32 0, void @empty, void @empty, i32 4294967295, i32 0, i32 0"   --->   Operation 7 'specinterface' 'specinterface_ln0' <Predicate = true> <Delay = 0.00>
ST_1 : Operation 8 [1/1] (1.58ns)   --->   "%store_ln176 = store i4 0, i4 %i" [/home/admin/Desktop/SOCExtraFeatures/src/StatsCalc.cpp:176]   --->   Operation 8 'store' 'store_ln176' <Predicate = true> <Delay = 1.58>
ST_1 : Operation 9 [1/1] (0.00ns)   --->   "%br_ln0 = br void %for.inc126"   --->   Operation 9 'br' 'br_ln0' <Predicate = true> <Delay = 0.00>
ST_1 : Operation 10 [1/1] (0.00ns)   --->   "%i_1 = load i4 %i" [/home/admin/Desktop/SOCExtraFeatures/src/StatsCalc.cpp:176]   --->   Operation 10 'load' 'i_1' <Predicate = true> <Delay = 0.00>
ST_1 : Operation 11 [1/1] (1.73ns)   --->   "%icmp_ln176 = icmp_eq  i4 %i_1, i4 11" [/home/admin/Desktop/SOCExtraFeatures/src/StatsCalc.cpp:176]   --->   Operation 11 'icmp' 'icmp_ln176' <Predicate = true> <Delay = 1.73> <CoreInst = "Cmp">   --->   Core 9 'Cmp' <Latency = 0> <II = 1> <Delay = 1.73> <FuncUnit> <Opcode : 'seteq' 'setne' 'setle' 'setge' 'setlt' 'setgt'> <InPorts = 2> <OutPorts = 1>
ST_1 : Operation 12 [1/1] (1.73ns)   --->   "%add_ln176 = add i4 %i_1, i4 1" [/home/admin/Desktop/SOCExtraFeatures/src/StatsCalc.cpp:176]   --->   Operation 12 'add' 'add_ln176' <Predicate = true> <Delay = 1.73> <CoreInst = "Adder">   --->   Core 1 'Adder' <Latency = 0> <II = 1> <Delay = 1.73> <FuncUnit> <Opcode : 'add' 'sub'> <InPorts = 2> <OutPorts = 1>
ST_1 : Operation 13 [1/1] (0.00ns)   --->   "%br_ln176 = br i1 %icmp_ln176, void %for.inc126.split, void %for.end128.exitStub" [/home/admin/Desktop/SOCExtraFeatures/src/StatsCalc.cpp:176]   --->   Operation 13 'br' 'br_ln176' <Predicate = true> <Delay = 0.00>
ST_1 : Operation 14 [1/1] (0.00ns)   --->   "%zext_ln176 = zext i4 %i_1" [/home/admin/Desktop/SOCExtraFeatures/src/StatsCalc.cpp:176]   --->   Operation 14 'zext' 'zext_ln176' <Predicate = (!icmp_ln176)> <Delay = 0.00>
ST_1 : Operation 15 [1/1] (0.00ns)   --->   "%results_addr = getelementptr i32 %results, i64 0, i64 %zext_ln176" [/home/admin/Desktop/SOCExtraFeatures/src/StatsCalc.cpp:178]   --->   Operation 15 'getelementptr' 'results_addr' <Predicate = (!icmp_ln176)> <Delay = 0.00>
ST_1 : Operation 16 [2/2] (2.32ns)   --->   "%data_conv = load i4 %results_addr" [/home/admin/Desktop/SOCExtraFeatures/src/StatsCalc.cpp:178]   --->   Operation 16 'load' 'data_conv' <Predicate = (!icmp_ln176)> <Delay = 2.32> <CoreInst = "RAM">   --->   Core 81 'RAM' <Latency = 1> <II = 1> <Delay = 2.32> <Storage> <Opcode : 'load' 'store'> <Ports = 2> <Width = 32> <Depth = 11> <RAM>
ST_1 : Operation 17 [1/1] (1.73ns)   --->   "%out_pkt_last = icmp_eq  i4 %i_1, i4 10" [/home/admin/Desktop/SOCExtraFeatures/src/StatsCalc.cpp:180]   --->   Operation 17 'icmp' 'out_pkt_last' <Predicate = (!icmp_ln176)> <Delay = 1.73> <CoreInst = "Cmp">   --->   Core 9 'Cmp' <Latency = 0> <II = 1> <Delay = 1.73> <FuncUnit> <Opcode : 'seteq' 'setne' 'setle' 'setge' 'setlt' 'setgt'> <InPorts = 2> <OutPorts = 1>
ST_1 : Operation 18 [1/1] (1.58ns)   --->   "%store_ln176 = store i4 %add_ln176, i4 %i" [/home/admin/Desktop/SOCExtraFeatures/src/StatsCalc.cpp:176]   --->   Operation 18 'store' 'store_ln176' <Predicate = (!icmp_ln176)> <Delay = 1.58>
ST_1 : Operation 26 [1/1] (1.58ns)   --->   "%ret_ln0 = ret"   --->   Operation 26 'ret' 'ret_ln0' <Predicate = (icmp_ln176)> <Delay = 1.58>

State 2 <SV = 1> <Delay = 3.61>
ST_2 : Operation 19 [1/1] (0.00ns)   --->   "%specpipeline_ln177 = specpipeline void @_ssdm_op_SpecPipeline, i32 4294967295, i32 0, i32 0, i32 0, void @empty" [/home/admin/Desktop/SOCExtraFeatures/src/StatsCalc.cpp:177]   --->   Operation 19 'specpipeline' 'specpipeline_ln177' <Predicate = true> <Delay = 0.00>
ST_2 : Operation 20 [1/1] (0.00ns)   --->   "%speclooptripcount_ln176 = speclooptripcount void @_ssdm_op_SpecLoopTripCount, i64 11, i64 11, i64 11" [/home/admin/Desktop/SOCExtraFeatures/src/StatsCalc.cpp:176]   --->   Operation 20 'speclooptripcount' 'speclooptripcount_ln176' <Predicate = true> <Delay = 0.00>
ST_2 : Operation 21 [1/1] (0.00ns)   --->   "%specloopname_ln176 = specloopname void @_ssdm_op_SpecLoopName, void @empty_14" [/home/admin/Desktop/SOCExtraFeatures/src/StatsCalc.cpp:176]   --->   Operation 21 'specloopname' 'specloopname_ln176' <Predicate = true> <Delay = 0.00>
ST_2 : Operation 22 [1/2] ( I:2.32ns O:2.32ns )   --->   "%data_conv = load i4 %results_addr" [/home/admin/Desktop/SOCExtraFeatures/src/StatsCalc.cpp:178]   --->   Operation 22 'load' 'data_conv' <Predicate = true> <Delay = 2.32> <CoreInst = "RAM">   --->   Core 81 'RAM' <Latency = 1> <II = 1> <Delay = 2.32> <Storage> <Opcode : 'load' 'store'> <Ports = 2> <Width = 32> <Depth = 11> <RAM>
ST_2 : Operation 23 [1/1] (0.00ns)   --->   "%out_pkt_data = bitcast i32 %data_conv" [/home/admin/Desktop/SOCExtraFeatures/src/StatsCalc.cpp:179]   --->   Operation 23 'bitcast' 'out_pkt_data' <Predicate = true> <Delay = 0.00>
ST_2 : Operation 24 [1/1] (1.29ns)   --->   "%write_ln181 = write void @_ssdm_op_Write.axis.volatile.i32P0A.i4P0A.i4P0A.i1P0A, i32 %output_stream_V_data_V, i4 %output_stream_V_keep_V, i4 %output_stream_V_strb_V, i1 %output_stream_V_last_V, i32 %out_pkt_data, i4 15, i4 15, i1 %out_pkt_last" [/home/admin/Desktop/SOCExtraFeatures/src/StatsCalc.cpp:181]   --->   Operation 24 'write' 'write_ln181' <Predicate = true> <Delay = 1.29> <CoreInst = "regslice">   --->   Core 135 'regslice' <Latency = 0> <II = 1> <Delay = 1.86> <Adapter> <Opcode : 'read' 'write'>
ST_2 : Operation 25 [1/1] (0.00ns)   --->   "%br_ln176 = br void %for.inc126" [/home/admin/Desktop/SOCExtraFeatures/src/StatsCalc.cpp:176]   --->   Operation 25 'br' 'br_ln176' <Predicate = true> <Delay = 0.00>


============================================================
+ Verbose Summary: Binding
============================================================
STG Binding: 
---------------- STG Properties BEGIN ----------------
- Is combinational: 0
- Is one-state seq: 0
- Is datapath-only: 0
- Is pipelined: 0
- Is top level: 0
Port [ Return ] is wired: 1; IO mode=ap_ctrl_hs:ce=0
Port [ results]:  wired=1; compound=1; hidden=0; nouse=0; global=0; static=0; extern=0; dir=0; type=1; pingpong=0; private_global=0; MemPort=[13]; IO mode=ap_memory:ce=0
Port [ output_stream_V_data_V]:  wired=1; compound=1; hidden=0; nouse=0; global=0; static=0; extern=0; dir=1; type=0; pingpong=0; private_global=0; IO mode=axis:ce=0
Port [ output_stream_V_keep_V]:  wired=1; compound=1; hidden=0; nouse=0; global=0; static=0; extern=0; dir=1; type=0; pingpong=0; private_global=0; IO mode=axis:ce=0
Port [ output_stream_V_strb_V]:  wired=1; compound=1; hidden=0; nouse=0; global=0; static=0; extern=0; dir=1; type=0; pingpong=0; private_global=0; IO mode=axis:ce=0
Port [ output_stream_V_last_V]:  wired=1; compound=1; hidden=0; nouse=0; global=0; static=0; extern=0; dir=1; type=0; pingpong=0; private_global=0; IO mode=axis:ce=0
---------------- STG Properties END ------------------

---------------- Datapath Model BEGIN ----------------

<LifeTime>
<method=bitvector/>
i                       (alloca             ) [ 010]
specaxissidechannel_ln0 (specaxissidechannel) [ 000]
specinterface_ln0       (specinterface      ) [ 000]
store_ln176             (store              ) [ 000]
br_ln0                  (br                 ) [ 000]
i_1                     (load               ) [ 000]
icmp_ln176              (icmp               ) [ 010]
add_ln176               (add                ) [ 000]
br_ln176                (br                 ) [ 000]
zext_ln176              (zext               ) [ 000]
results_addr            (getelementptr      ) [ 011]
out_pkt_last            (icmp               ) [ 011]
store_ln176             (store              ) [ 000]
specpipeline_ln177      (specpipeline       ) [ 000]
speclooptripcount_ln176 (speclooptripcount  ) [ 000]
specloopname_ln176      (specloopname       ) [ 000]
data_conv               (load               ) [ 000]
out_pkt_data            (bitcast            ) [ 000]
write_ln181             (write              ) [ 000]
br_ln176                (br                 ) [ 000]
ret_ln0                 (ret                ) [ 000]
</LifeTime>

<model>

<comp_list>
<comp id="0" class="1000" name="results">
<pin_list>
<pin id="1" dir="1" index="0" bw="1" slack="0"/>
</pin_list>
<bind>
<StgValue><ssdm name="results"/><MemPortTyVec>1 3 </MemPortTyVec>
</StgValue>
</bind>
</comp>

<comp id="2" class="1000" name="output_stream_V_data_V">
<pin_list>
<pin id="3" dir="1" index="0" bw="1" slack="0"/>
</pin_list>
<bind>
<StgValue><ssdm name="output_stream_V_data_V"/></StgValue>
</bind>
</comp>

<comp id="4" class="1000" name="output_stream_V_keep_V">
<pin_list>
<pin id="5" dir="1" index="0" bw="1" slack="0"/>
</pin_list>
<bind>
<StgValue><ssdm name="output_stream_V_keep_V"/></StgValue>
</bind>
</comp>

<comp id="6" class="1000" name="output_stream_V_strb_V">
<pin_list>
<pin id="7" dir="1" index="0" bw="1" slack="0"/>
</pin_list>
<bind>
<StgValue><ssdm name="output_stream_V_strb_V"/></StgValue>
</bind>
</comp>

<comp id="8" class="1000" name="output_stream_V_last_V">
<pin_list>
<pin id="9" dir="1" index="0" bw="1" slack="0"/>
</pin_list>
<bind>
<StgValue><ssdm name="output_stream_V_last_V"/></StgValue>
</bind>
</comp>

<comp id="10" class="1001" name="const_10">
<pin_list>
<pin id="11" dir="1" index="0" bw="1" slack="0"/>
</pin_list>
<bind>
<StgValue><ssdm name=""/></StgValue>
</bind>
</comp>

<comp id="12" class="1001" name="const_12">
<pin_list>
<pin id="13" dir="1" index="0" bw="1" slack="2147483647"/>
</pin_list>
<bind>
<StgValue><ssdm name="_ssdm_op_SpecAXISSideChannel"/></StgValue>
</bind>
</comp>

<comp id="14" class="1001" name="const_14">
<pin_list>
<pin id="15" dir="1" index="0" bw="1" slack="2147483647"/>
</pin_list>
<bind>
<StgValue><ssdm name=""/></StgValue>
</bind>
</comp>

<comp id="16" class="1001" name="const_16">
<pin_list>
<pin id="17" dir="1" index="0" bw="1" slack="2147483647"/>
</pin_list>
<bind>
<StgValue><ssdm name="empty_9"/></StgValue>
</bind>
</comp>

<comp id="18" class="1001" name="const_18">
<pin_list>
<pin id="19" dir="1" index="0" bw="1" slack="2147483647"/>
</pin_list>
<bind>
<StgValue><ssdm name="_ssdm_op_SpecInterface"/></StgValue>
</bind>
</comp>

<comp id="20" class="1001" name="const_20">
<pin_list>
<pin id="21" dir="1" index="0" bw="1" slack="2147483647"/>
</pin_list>
<bind>
<StgValue><ssdm name="empty_2"/></StgValue>
</bind>
</comp>

<comp id="22" class="1001" name="const_22">
<pin_list>
<pin id="23" dir="1" index="0" bw="1" slack="2147483647"/>
</pin_list>
<bind>
<StgValue><ssdm name=""/></StgValue>
</bind>
</comp>

<comp id="24" class="1001" name="const_24">
<pin_list>
<pin id="25" dir="1" index="0" bw="1" slack="2147483647"/>
</pin_list>
<bind>
<StgValue><ssdm name="empty_5"/></StgValue>
</bind>
</comp>

<comp id="26" class="1001" name="const_26">
<pin_list>
<pin id="27" dir="1" index="0" bw="1" slack="2147483647"/>
</pin_list>
<bind>
<StgValue><ssdm name="empty"/></StgValue>
</bind>
</comp>

<comp id="28" class="1001" name="const_28">
<pin_list>
<pin id="29" dir="1" index="0" bw="1" slack="2147483647"/>
</pin_list>
<bind>
<StgValue><ssdm name=""/></StgValue>
</bind>
</comp>

<comp id="30" class="1001" name="const_30">
<pin_list>
<pin id="31" dir="1" index="0" bw="1" slack="0"/>
</pin_list>
<bind>
<StgValue><ssdm name=""/></StgValue>
</bind>
</comp>

<comp id="32" class="1001" name="const_32">
<pin_list>
<pin id="33" dir="1" index="0" bw="1" slack="0"/>
</pin_list>
<bind>
<StgValue><ssdm name=""/></StgValue>
</bind>
</comp>

<comp id="34" class="1001" name="const_34">
<pin_list>
<pin id="35" dir="1" index="0" bw="1" slack="0"/>
</pin_list>
<bind>
<StgValue><ssdm name=""/></StgValue>
</bind>
</comp>

<comp id="36" class="1001" name="const_36">
<pin_list>
<pin id="37" dir="1" index="0" bw="1" slack="0"/>
</pin_list>
<bind>
<StgValue><ssdm name=""/></StgValue>
</bind>
</comp>

<comp id="38" class="1001" name="const_38">
<pin_list>
<pin id="39" dir="1" index="0" bw="1" slack="0"/>
</pin_list>
<bind>
<StgValue><ssdm name=""/></StgValue>
</bind>
</comp>

<comp id="40" class="1001" name="const_40">
<pin_list>
<pin id="41" dir="1" index="0" bw="1" slack="2147483647"/>
</pin_list>
<bind>
<StgValue><ssdm name="_ssdm_op_SpecPipeline"/></StgValue>
</bind>
</comp>

<comp id="42" class="1001" name="const_42">
<pin_list>
<pin id="43" dir="1" index="0" bw="1" slack="2147483647"/>
</pin_list>
<bind>
<StgValue><ssdm name="_ssdm_op_SpecLoopTripCount"/></StgValue>
</bind>
</comp>

<comp id="44" class="1001" name="const_44">
<pin_list>
<pin id="45" dir="1" index="0" bw="1" slack="2147483647"/>
</pin_list>
<bind>
<StgValue><ssdm name=""/></StgValue>
</bind>
</comp>

<comp id="46" class="1001" name="const_46">
<pin_list>
<pin id="47" dir="1" index="0" bw="1" slack="2147483647"/>
</pin_list>
<bind>
<StgValue><ssdm name="_ssdm_op_SpecLoopName"/></StgValue>
</bind>
</comp>

<comp id="48" class="1001" name="const_48">
<pin_list>
<pin id="49" dir="1" index="0" bw="1" slack="2147483647"/>
</pin_list>
<bind>
<StgValue><ssdm name="empty_14"/></StgValue>
</bind>
</comp>

<comp id="50" class="1001" name="const_50">
<pin_list>
<pin id="51" dir="1" index="0" bw="1" slack="0"/>
</pin_list>
<bind>
<StgValue><ssdm name="_ssdm_op_Write.axis.volatile.i32P0A.i4P0A.i4P0A.i1P0A"/></StgValue>
</bind>
</comp>

<comp id="52" class="1001" name="const_52">
<pin_list>
<pin id="53" dir="1" index="0" bw="1" slack="0"/>
</pin_list>
<bind>
<StgValue><ssdm name=""/></StgValue>
</bind>
</comp>

<comp id="54" class="1004" name="i_fu_54">
<pin_list>
<pin id="55" dir="0" index="0" bw="1" slack="0"/>
<pin id="56" dir="1" index="1" bw="4" slack="0"/>
</pin_list>
<bind>
<opcode="alloca(26) " fcode="alloca"/>
<opset="i/1 "/>
</bind>
</comp>

<comp id="58" class="1004" name="write_ln181_write_fu_58">
<pin_list>
<pin id="59" dir="0" index="0" bw="0" slack="0"/>
<pin id="60" dir="0" index="1" bw="32" slack="0"/>
<pin id="61" dir="0" index="2" bw="4" slack="0"/>
<pin id="62" dir="0" index="3" bw="4" slack="0"/>
<pin id="63" dir="0" index="4" bw="1" slack="0"/>
<pin id="64" dir="0" index="5" bw="32" slack="0"/>
<pin id="65" dir="0" index="6" bw="1" slack="0"/>
<pin id="66" dir="0" index="7" bw="1" slack="0"/>
<pin id="67" dir="0" index="8" bw="1" slack="1"/>
<pin id="68" dir="1" index="9" bw="0" slack="2147483647"/>
</pin_list>
<bind>
<opcode="write(1151) " fcode="write"/>
<opset="write_ln181/2 "/>
</bind>
</comp>

<comp id="76" class="1004" name="results_addr_gep_fu_76">
<pin_list>
<pin id="77" dir="0" index="0" bw="32" slack="0"/>
<pin id="78" dir="0" index="1" bw="1" slack="0"/>
<pin id="79" dir="0" index="2" bw="4" slack="0"/>
<pin id="80" dir="1" index="3" bw="4" slack="0"/>
</pin_list>
<bind>
<opcode="getelementptr(29) " fcode="getelementptr"/>
<opset="results_addr/1 "/>
</bind>
</comp>

<comp id="83" class="1004" name="grp_access_fu_83">
<pin_list>
<pin id="84" dir="0" index="0" bw="4" slack="0"/>
<pin id="85" dir="0" index="1" bw="32" slack="2147483647"/>
<pin id="86" dir="0" index="2" bw="0" slack="2147483647"/>
<pin id="87" dir="1" index="3" bw="32" slack="0"/>
</pin_list>
<bind>
<opcode="load(27) " fcode="load"/>
<opset="data_conv/1 "/>
</bind>
</comp>

<comp id="89" class="1004" name="store_ln176_store_fu_89">
<pin_list>
<pin id="90" dir="0" index="0" bw="1" slack="0"/>
<pin id="91" dir="0" index="1" bw="4" slack="0"/>
<pin id="92" dir="1" index="2" bw="0" slack="2147483647"/>
</pin_list>
<bind>
<opcode="store(28) " fcode="store"/>
<opset="store_ln176/1 "/>
</bind>
</comp>

<comp id="94" class="1004" name="i_1_load_fu_94">
<pin_list>
<pin id="95" dir="0" index="0" bw="4" slack="0"/>
<pin id="96" dir="1" index="1" bw="4" slack="0"/>
</pin_list>
<bind>
<opcode="load(27) " fcode="load"/>
<opset="i_1/1 "/>
</bind>
</comp>

<comp id="97" class="1004" name="icmp_ln176_fu_97">
<pin_list>
<pin id="98" dir="0" index="0" bw="4" slack="0"/>
<pin id="99" dir="0" index="1" bw="4" slack="0"/>
<pin id="100" dir="1" index="2" bw="1" slack="2147483647"/>
</pin_list>
<bind>
<opcode="icmp(45) " fcode="icmp"/>
<opset="icmp_ln176/1 "/>
</bind>
</comp>

<comp id="103" class="1004" name="add_ln176_fu_103">
<pin_list>
<pin id="104" dir="0" index="0" bw="4" slack="0"/>
<pin id="105" dir="0" index="1" bw="1" slack="0"/>
<pin id="106" dir="1" index="2" bw="4" slack="0"/>
</pin_list>
<bind>
<opcode="add(8) " fcode="add"/>
<opset="add_ln176/1 "/>
</bind>
</comp>

<comp id="109" class="1004" name="zext_ln176_fu_109">
<pin_list>
<pin id="110" dir="0" index="0" bw="4" slack="0"/>
<pin id="111" dir="1" index="1" bw="64" slack="0"/>
</pin_list>
<bind>
<opcode="zext(34) " fcode="zext"/>
<opset="zext_ln176/1 "/>
</bind>
</comp>

<comp id="114" class="1004" name="out_pkt_last_fu_114">
<pin_list>
<pin id="115" dir="0" index="0" bw="4" slack="0"/>
<pin id="116" dir="0" index="1" bw="4" slack="0"/>
<pin id="117" dir="1" index="2" bw="1" slack="1"/>
</pin_list>
<bind>
<opcode="icmp(45) " fcode="icmp"/>
<opset="out_pkt_last/1 "/>
</bind>
</comp>

<comp id="120" class="1004" name="store_ln176_store_fu_120">
<pin_list>
<pin id="121" dir="0" index="0" bw="4" slack="0"/>
<pin id="122" dir="0" index="1" bw="4" slack="0"/>
<pin id="123" dir="1" index="2" bw="0" slack="2147483647"/>
</pin_list>
<bind>
<opcode="store(28) " fcode="store"/>
<opset="store_ln176/1 "/>
</bind>
</comp>

<comp id="125" class="1004" name="out_pkt_data_fu_125">
<pin_list>
<pin id="126" dir="0" index="0" bw="32" slack="0"/>
<pin id="127" dir="1" index="1" bw="32" slack="0"/>
</pin_list>
<bind>
<opcode="bitcast(44) " fcode="bitcast"/>
<opset="out_pkt_data/2 "/>
</bind>
</comp>

<comp id="130" class="1005" name="i_reg_130">
<pin_list>
<pin id="131" dir="0" index="0" bw="4" slack="0"/>
<pin id="132" dir="1" index="1" bw="4" slack="0"/>
</pin_list>
<bind>
<opset="i "/>
</bind>
</comp>

<comp id="140" class="1005" name="results_addr_reg_140">
<pin_list>
<pin id="141" dir="0" index="0" bw="4" slack="1"/>
<pin id="142" dir="1" index="1" bw="4" slack="1"/>
</pin_list>
<bind>
<opset="results_addr "/>
</bind>
</comp>

<comp id="145" class="1005" name="out_pkt_last_reg_145">
<pin_list>
<pin id="146" dir="0" index="0" bw="1" slack="1"/>
<pin id="147" dir="1" index="1" bw="1" slack="1"/>
</pin_list>
<bind>
<opset="out_pkt_last "/>
</bind>
</comp>

</comp_list>

<net_list>
<net id="57"><net_src comp="10" pin="0"/><net_sink comp="54" pin=0"/></net>

<net id="69"><net_src comp="50" pin="0"/><net_sink comp="58" pin=0"/></net>

<net id="70"><net_src comp="2" pin="0"/><net_sink comp="58" pin=1"/></net>

<net id="71"><net_src comp="4" pin="0"/><net_sink comp="58" pin=2"/></net>

<net id="72"><net_src comp="6" pin="0"/><net_sink comp="58" pin=3"/></net>

<net id="73"><net_src comp="8" pin="0"/><net_sink comp="58" pin=4"/></net>

<net id="74"><net_src comp="52" pin="0"/><net_sink comp="58" pin=6"/></net>

<net id="75"><net_src comp="52" pin="0"/><net_sink comp="58" pin=7"/></net>

<net id="81"><net_src comp="0" pin="0"/><net_sink comp="76" pin=0"/></net>

<net id="82"><net_src comp="36" pin="0"/><net_sink comp="76" pin=1"/></net>

<net id="88"><net_src comp="76" pin="3"/><net_sink comp="83" pin=0"/></net>

<net id="93"><net_src comp="30" pin="0"/><net_sink comp="89" pin=0"/></net>

<net id="101"><net_src comp="94" pin="1"/><net_sink comp="97" pin=0"/></net>

<net id="102"><net_src comp="32" pin="0"/><net_sink comp="97" pin=1"/></net>

<net id="107"><net_src comp="94" pin="1"/><net_sink comp="103" pin=0"/></net>

<net id="108"><net_src comp="34" pin="0"/><net_sink comp="103" pin=1"/></net>

<net id="112"><net_src comp="94" pin="1"/><net_sink comp="109" pin=0"/></net>

<net id="113"><net_src comp="109" pin="1"/><net_sink comp="76" pin=2"/></net>

<net id="118"><net_src comp="94" pin="1"/><net_sink comp="114" pin=0"/></net>

<net id="119"><net_src comp="38" pin="0"/><net_sink comp="114" pin=1"/></net>

<net id="124"><net_src comp="103" pin="2"/><net_sink comp="120" pin=0"/></net>

<net id="128"><net_src comp="83" pin="3"/><net_sink comp="125" pin=0"/></net>

<net id="129"><net_src comp="125" pin="1"/><net_sink comp="58" pin=5"/></net>

<net id="133"><net_src comp="54" pin="1"/><net_sink comp="130" pin=0"/></net>

<net id="134"><net_src comp="130" pin="1"/><net_sink comp="89" pin=1"/></net>

<net id="135"><net_src comp="130" pin="1"/><net_sink comp="94" pin=0"/></net>

<net id="136"><net_src comp="130" pin="1"/><net_sink comp="120" pin=1"/></net>

<net id="143"><net_src comp="76" pin="3"/><net_sink comp="140" pin=0"/></net>

<net id="144"><net_src comp="140" pin="1"/><net_sink comp="83" pin=0"/></net>

<net id="148"><net_src comp="114" pin="2"/><net_sink comp="145" pin=0"/></net>

<net id="149"><net_src comp="145" pin="1"/><net_sink comp="58" pin=8"/></net>

</net_list>

</model> 
---------------- Datapath Model END ------------------

* FSMD analyzer results:
  - Output states:
	Port: output_stream_V_data_V | {2 }
	Port: output_stream_V_keep_V | {2 }
	Port: output_stream_V_strb_V | {2 }
	Port: output_stream_V_last_V | {2 }
 - Input state : 
	Port: calculate_statistics_Pipeline_write_results : results | {1 2 }
	Port: calculate_statistics_Pipeline_write_results : output_stream_V_data_V | {}
	Port: calculate_statistics_Pipeline_write_results : output_stream_V_keep_V | {}
	Port: calculate_statistics_Pipeline_write_results : output_stream_V_strb_V | {}
	Port: calculate_statistics_Pipeline_write_results : output_stream_V_last_V | {}
  - Chain level:
	State 1
		store_ln176 : 1
		i_1 : 1
		icmp_ln176 : 2
		add_ln176 : 2
		br_ln176 : 3
		zext_ln176 : 2
		results_addr : 3
		data_conv : 4
		out_pkt_last : 2
		store_ln176 : 3
	State 2
		out_pkt_data : 1
		write_ln181 : 2


============================================================
+ Verbose Summary: Datapath Resource usage 
============================================================

* Functional unit list:
|----------|-------------------------|---------|---------|
| Operation|     Functional Unit     |    FF   |   LUT   |
|----------|-------------------------|---------|---------|
|   icmp   |     icmp_ln176_fu_97    |    0    |    13   |
|          |   out_pkt_last_fu_114   |    0    |    13   |
|----------|-------------------------|---------|---------|
|    add   |     add_ln176_fu_103    |    0    |    13   |
|----------|-------------------------|---------|---------|
|   write  | write_ln181_write_fu_58 |    0    |    0    |
|----------|-------------------------|---------|---------|
|   zext   |    zext_ln176_fu_109    |    0    |    0    |
|----------|-------------------------|---------|---------|
|   Total  |                         |    0    |    39   |
|----------|-------------------------|---------|---------|

Memories:
N/A

* Register list:
+--------------------+--------+
|                    |   FF   |
+--------------------+--------+
|      i_reg_130     |    4   |
|out_pkt_last_reg_145|    1   |
|results_addr_reg_140|    4   |
+--------------------+--------+
|        Total       |    9   |
+--------------------+--------+

* Multiplexer (MUX) list: 
|------------------|------|------|------|--------||---------||---------||---------|
|       Comp       |  Pin | Size |  BW  | S x BW ||  Delay  ||    FF   ||   LUT   |
|------------------|------|------|------|--------||---------||---------||---------|
| grp_access_fu_83 |  p0  |   2  |   4  |    8   ||    0    ||    9    |
|------------------|------|------|------|--------||---------||---------||---------|
|       Total      |      |      |      |    8   ||  1.588  ||    0    ||    9    |
|------------------|------|------|------|--------||---------||---------||---------|



* Summary:
+-----------+--------+--------+--------+
|           |  Delay |   FF   |   LUT  |
+-----------+--------+--------+--------+
|  Function |    -   |    0   |   39   |
|   Memory  |    -   |    -   |    -   |
|Multiplexer|    1   |    0   |    9   |
|  Register |    -   |    9   |    -   |
+-----------+--------+--------+--------+
|   Total   |    1   |    9   |   48   |
+-----------+--------+--------+--------+
