/home/admin/Desktop/SOCExtraFeatures/PYNQZ2/MotorFatigue/pack_stream_to_blk/hls/.autopilot/db/MatrixComplex.pp.0.cpp:2262:5: warning: Added loop label VITIS_LOOP_676_1:   [xilinx-label-all-loops]
    for (unsigned i = low; i != high+1; ++i) {
    ^~~
    VITIS_LOOP_676_1: 
/home/admin/Desktop/SOCExtraFeatures/PYNQZ2/MotorFatigue/pack_stream_to_blk/hls/.autopilot/db/MatrixComplex.pp.0.cpp:2262:5: note: FIX-IT applied suggested code changes
/home/admin/Desktop/SOCExtraFeatures/PYNQZ2/MotorFatigue/pack_stream_to_blk/hls/.autopilot/db/MatrixComplex.pp.0.cpp:2276:5: warning: Added loop label VITIS_LOOP_690_1:   [xilinx-label-all-loops]
    for (unsigned i = low; i != high+1; ++i) {
    ^~~
    VITIS_LOOP_690_1: 
/home/admin/Desktop/SOCExtraFeatures/PYNQZ2/MotorFatigue/pack_stream_to_blk/hls/.autopilot/db/MatrixComplex.pp.0.cpp:2276:5: note: FIX-IT applied suggested code changes
/home/admin/Desktop/SOCExtraFeatures/PYNQZ2/MotorFatigue/pack_stream_to_blk/hls/.autopilot/db/MatrixComplex.pp.0.cpp:2290:5: warning: Added loop label VITIS_LOOP_704_1:   [xilinx-label-all-loops]
    for (unsigned i = low; i != high+1; ++i) {
    ^~~
    VITIS_LOOP_704_1: 
/home/admin/Desktop/SOCExtraFeatures/PYNQZ2/MotorFatigue/pack_stream_to_blk/hls/.autopilot/db/MatrixComplex.pp.0.cpp:2290:5: note: FIX-IT applied suggested code changes
/home/admin/Desktop/SOCExtraFeatures/PYNQZ2/MotorFatigue/pack_stream_to_blk/hls/.autopilot/db/MatrixComplex.pp.0.cpp:3924:7: warning: Added loop label VITIS_LOOP_1248_1:   [xilinx-label-all-loops]
      for (i = 0; i < __N - 1; ++i) {
      ^~~
      VITIS_LOOP_1248_1: 
/home/admin/Desktop/SOCExtraFeatures/PYNQZ2/MotorFatigue/pack_stream_to_blk/hls/.autopilot/db/MatrixComplex.pp.0.cpp:3924:7: note: FIX-IT applied suggested code changes
/home/admin/Desktop/SOCExtraFeatures/PYNQZ2/MotorFatigue/pack_stream_to_blk/hls/.autopilot/db/MatrixComplex.pp.0.cpp:19532:72: error: Invalid Directive: for current device, ROM_1P + LUTRAM is invalid combination for BIND_STORAGE's option 'type + impl' [clang-diagnostic-error]
#pragma HLS BIND_STORAGE variable=fourth_order_double::sin_cos_K0 type=ROM_1P impl=LUTRAM
                                                                       ^
/home/admin/Desktop/SOCExtraFeatures/PYNQZ2/MotorFatigue/pack_stream_to_blk/hls/.autopilot/db/MatrixComplex.pp.0.cpp:19533:72: error: Invalid Directive: for current device, ROM_1P + LUTRAM is invalid combination for BIND_STORAGE's option 'type + impl' [clang-diagnostic-error]
#pragma HLS BIND_STORAGE variable=fourth_order_double::sin_cos_K1 type=ROM_1P impl=LUTRAM
                                                                       ^
/home/admin/Desktop/SOCExtraFeatures/PYNQZ2/MotorFatigue/pack_stream_to_blk/hls/.autopilot/db/MatrixComplex.pp.0.cpp:19534:72: error: Invalid Directive: for current device, ROM_1P + LUTRAM is invalid combination for BIND_STORAGE's option 'type + impl' [clang-diagnostic-error]
#pragma HLS BIND_STORAGE variable=fourth_order_double::sin_cos_K2 type=ROM_1P impl=LUTRAM
                                                                       ^
/home/admin/Desktop/SOCExtraFeatures/PYNQZ2/MotorFatigue/pack_stream_to_blk/hls/.autopilot/db/MatrixComplex.pp.0.cpp:19535:72: error: Invalid Directive: for current device, ROM_1P + LUTRAM is invalid combination for BIND_STORAGE's option 'type + impl' [clang-diagnostic-error]
#pragma HLS BIND_STORAGE variable=fourth_order_double::sin_cos_K3 type=ROM_1P impl=LUTRAM
                                                                       ^
/home/admin/Desktop/SOCExtraFeatures/PYNQZ2/MotorFatigue/pack_stream_to_blk/hls/.autopilot/db/MatrixComplex.pp.0.cpp:19536:72: error: Invalid Directive: for current device, ROM_1P + LUTRAM is invalid combination for BIND_STORAGE's option 'type + impl' [clang-diagnostic-error]
#pragma HLS BIND_STORAGE variable=fourth_order_double::sin_cos_K4 type=ROM_1P impl=LUTRAM
                                                                       ^
/home/admin/Desktop/SOCExtraFeatures/PYNQZ2/MotorFatigue/pack_stream_to_blk/hls/.autopilot/db/MatrixComplex.pp.0.cpp:19566:68: error: Invalid Directive: for current device, ROM_1P + LUTRAM is invalid combination for BIND_STORAGE's option 'type + impl' [clang-diagnostic-error]
#pragma HLS BIND_STORAGE variable=fourth_order_double::cos_K0 type=ROM_1P impl=LUTRAM
                                                                   ^
/home/admin/Desktop/SOCExtraFeatures/PYNQZ2/MotorFatigue/pack_stream_to_blk/hls/.autopilot/db/MatrixComplex.pp.0.cpp:19567:68: error: Invalid Directive: for current device, ROM_1P + LUTRAM is invalid combination for BIND_STORAGE's option 'type + impl' [clang-diagnostic-error]
#pragma HLS BIND_STORAGE variable=fourth_order_double::cos_K1 type=ROM_1P impl=LUTRAM
                                                                   ^
/home/admin/Desktop/SOCExtraFeatures/PYNQZ2/MotorFatigue/pack_stream_to_blk/hls/.autopilot/db/MatrixComplex.pp.0.cpp:19568:68: error: Invalid Directive: for current device, ROM_1P + LUTRAM is invalid combination for BIND_STORAGE's option 'type + impl' [clang-diagnostic-error]
#pragma HLS BIND_STORAGE variable=fourth_order_double::cos_K2 type=ROM_1P impl=LUTRAM
                                                                   ^
/home/admin/Desktop/SOCExtraFeatures/PYNQZ2/MotorFatigue/pack_stream_to_blk/hls/.autopilot/db/MatrixComplex.pp.0.cpp:19569:68: error: Invalid Directive: for current device, ROM_1P + LUTRAM is invalid combination for BIND_STORAGE's option 'type + impl' [clang-diagnostic-error]
#pragma HLS BIND_STORAGE variable=fourth_order_double::cos_K3 type=ROM_1P impl=LUTRAM
                                                                   ^
/home/admin/Desktop/SOCExtraFeatures/PYNQZ2/MotorFatigue/pack_stream_to_blk/hls/.autopilot/db/MatrixComplex.pp.0.cpp:19570:68: error: Invalid Directive: for current device, ROM_1P + LUTRAM is invalid combination for BIND_STORAGE's option 'type + impl' [clang-diagnostic-error]
#pragma HLS BIND_STORAGE variable=fourth_order_double::cos_K4 type=ROM_1P impl=LUTRAM
                                                                   ^
/home/admin/Desktop/SOCExtraFeatures/PYNQZ2/MotorFatigue/pack_stream_to_blk/hls/.autopilot/db/MatrixComplex.pp.0.cpp:19571:68: error: Invalid Directive: for current device, ROM_1P + LUTRAM is invalid combination for BIND_STORAGE's option 'type + impl' [clang-diagnostic-error]
#pragma HLS BIND_STORAGE variable=fourth_order_double::sin_K0 type=ROM_1P impl=LUTRAM
                                                                   ^
/home/admin/Desktop/SOCExtraFeatures/PYNQZ2/MotorFatigue/pack_stream_to_blk/hls/.autopilot/db/MatrixComplex.pp.0.cpp:19572:68: error: Invalid Directive: for current device, ROM_1P + LUTRAM is invalid combination for BIND_STORAGE's option 'type + impl' [clang-diagnostic-error]
#pragma HLS BIND_STORAGE variable=fourth_order_double::sin_K1 type=ROM_1P impl=LUTRAM
                                                                   ^
/home/admin/Desktop/SOCExtraFeatures/PYNQZ2/MotorFatigue/pack_stream_to_blk/hls/.autopilot/db/MatrixComplex.pp.0.cpp:19573:68: error: Invalid Directive: for current device, ROM_1P + LUTRAM is invalid combination for BIND_STORAGE's option 'type + impl' [clang-diagnostic-error]
#pragma HLS BIND_STORAGE variable=fourth_order_double::sin_K2 type=ROM_1P impl=LUTRAM
                                                                   ^
/home/admin/Desktop/SOCExtraFeatures/PYNQZ2/MotorFatigue/pack_stream_to_blk/hls/.autopilot/db/MatrixComplex.pp.0.cpp:19574:68: error: Invalid Directive: for current device, ROM_1P + LUTRAM is invalid combination for BIND_STORAGE's option 'type + impl' [clang-diagnostic-error]
#pragma HLS BIND_STORAGE variable=fourth_order_double::sin_K3 type=ROM_1P impl=LUTRAM
                                                                   ^
/home/admin/Desktop/SOCExtraFeatures/PYNQZ2/MotorFatigue/pack_stream_to_blk/hls/.autopilot/db/MatrixComplex.pp.0.cpp:19575:68: error: Invalid Directive: for current device, ROM_1P + LUTRAM is invalid combination for BIND_STORAGE's option 'type + impl' [clang-diagnostic-error]
#pragma HLS BIND_STORAGE variable=fourth_order_double::sin_K4 type=ROM_1P impl=LUTRAM
                                                                   ^
/home/admin/Desktop/SOCExtraFeatures/PYNQZ2/MotorFatigue/pack_stream_to_blk/hls/.autopilot/db/MatrixComplex.pp.0.cpp:19625:71: error: Invalid Directive: for current device, ROM_1P + LUTRAM is invalid combination for BIND_STORAGE's option 'type + impl' [clang-diagnostic-error]
#pragma HLS BIND_STORAGE variable=second_order_float::sin_cos_K0 type=ROM_1P impl=LUTRAM
                                                                      ^
/home/admin/Desktop/SOCExtraFeatures/PYNQZ2/MotorFatigue/pack_stream_to_blk/hls/.autopilot/db/MatrixComplex.pp.0.cpp:19626:71: error: Invalid Directive: for current device, ROM_1P + LUTRAM is invalid combination for BIND_STORAGE's option 'type + impl' [clang-diagnostic-error]
#pragma HLS BIND_STORAGE variable=second_order_float::sin_cos_K1 type=ROM_1P impl=LUTRAM
                                                                      ^
/home/admin/Desktop/SOCExtraFeatures/PYNQZ2/MotorFatigue/pack_stream_to_blk/hls/.autopilot/db/MatrixComplex.pp.0.cpp:19627:71: error: Invalid Directive: for current device, ROM_1P + LUTRAM is invalid combination for BIND_STORAGE's option 'type + impl' [clang-diagnostic-error]
#pragma HLS BIND_STORAGE variable=second_order_float::sin_cos_K2 type=ROM_1P impl=LUTRAM
                                                                      ^
/home/admin/Desktop/SOCExtraFeatures/PYNQZ2/MotorFatigue/pack_stream_to_blk/hls/.autopilot/db/MatrixComplex.pp.0.cpp:19654:67: error: Invalid Directive: for current device, ROM_1P + LUTRAM is invalid combination for BIND_STORAGE's option 'type + impl' [clang-diagnostic-error]
#pragma HLS BIND_STORAGE variable=second_order_float::cos_K0 type=ROM_1P impl=LUTRAM
                                                                  ^
/home/admin/Desktop/SOCExtraFeatures/PYNQZ2/MotorFatigue/pack_stream_to_blk/hls/.autopilot/db/MatrixComplex.pp.0.cpp:19655:67: error: Invalid Directive: for current device, ROM_1P + LUTRAM is invalid combination for BIND_STORAGE's option 'type + impl' [clang-diagnostic-error]
#pragma HLS BIND_STORAGE variable=second_order_float::cos_K1 type=ROM_1P impl=LUTRAM
                                                                  ^
/home/admin/Desktop/SOCExtraFeatures/PYNQZ2/MotorFatigue/pack_stream_to_blk/hls/.autopilot/db/MatrixComplex.pp.0.cpp:19656:67: error: Invalid Directive: for current device, ROM_1P + LUTRAM is invalid combination for BIND_STORAGE's option 'type + impl' [clang-diagnostic-error]
#pragma HLS BIND_STORAGE variable=second_order_float::cos_K2 type=ROM_1P impl=LUTRAM
                                                                  ^
/home/admin/Desktop/SOCExtraFeatures/PYNQZ2/MotorFatigue/pack_stream_to_blk/hls/.autopilot/db/MatrixComplex.pp.0.cpp:19657:67: error: Invalid Directive: for current device, ROM_1P + LUTRAM is invalid combination for BIND_STORAGE's option 'type + impl' [clang-diagnostic-error]
#pragma HLS BIND_STORAGE variable=second_order_float::sin_K0 type=ROM_1P impl=LUTRAM
                                                                  ^
/home/admin/Desktop/SOCExtraFeatures/PYNQZ2/MotorFatigue/pack_stream_to_blk/hls/.autopilot/db/MatrixComplex.pp.0.cpp:19658:67: error: Invalid Directive: for current device, ROM_1P + LUTRAM is invalid combination for BIND_STORAGE's option 'type + impl' [clang-diagnostic-error]
#pragma HLS BIND_STORAGE variable=second_order_float::sin_K1 type=ROM_1P impl=LUTRAM
                                                                  ^
/home/admin/Desktop/SOCExtraFeatures/PYNQZ2/MotorFatigue/pack_stream_to_blk/hls/.autopilot/db/MatrixComplex.pp.0.cpp:19659:67: error: Invalid Directive: for current device, ROM_1P + LUTRAM is invalid combination for BIND_STORAGE's option 'type + impl' [clang-diagnostic-error]
#pragma HLS BIND_STORAGE variable=second_order_float::sin_K2 type=ROM_1P impl=LUTRAM
                                                                  ^
/home/admin/Desktop/SOCExtraFeatures/PYNQZ2/MotorFatigue/pack_stream_to_blk/hls/.autopilot/db/MatrixComplex.pp.0.cpp:19695:73: error: Invalid Directive: for current device, ROM_1P + LUTRAM is invalid combination for BIND_STORAGE's option 'type + impl' [clang-diagnostic-error]
#pragma HLS BIND_STORAGE variable=first_order_fixed_16::sin_cos_K0 type=ROM_1P impl=LUTRAM
                                                                        ^
/home/admin/Desktop/SOCExtraFeatures/PYNQZ2/MotorFatigue/pack_stream_to_blk/hls/.autopilot/db/MatrixComplex.pp.0.cpp:19696:73: error: Invalid Directive: for current device, ROM_1P + LUTRAM is invalid combination for BIND_STORAGE's option 'type + impl' [clang-diagnostic-error]
#pragma HLS BIND_STORAGE variable=first_order_fixed_16::sin_cos_K1 type=ROM_1P impl=LUTRAM
                                                                        ^
/home/admin/Desktop/SOCExtraFeatures/PYNQZ2/MotorFatigue/pack_stream_to_blk/hls/.autopilot/db/MatrixComplex.pp.0.cpp:19970:5: warning: Added loop label VITIS_LOOP_61_1:   [xilinx-label-all-loops]
    for (int n=0; n<Nmax; n++){
    ^~~
    VITIS_LOOP_61_1: 
/home/admin/Desktop/SOCExtraFeatures/PYNQZ2/MotorFatigue/pack_stream_to_blk/hls/.autopilot/db/MatrixComplex.pp.0.cpp:19970:5: note: FIX-IT applied suggested code changes
/home/admin/Desktop/SOCExtraFeatures/PYNQZ2/MotorFatigue/pack_stream_to_blk/hls/.autopilot/db/MatrixComplex.pp.0.cpp:20016:5: warning: Added loop label VITIS_LOOP_117_1:   [xilinx-label-all-loops]
    for (int n=0; n<Nmax; n++){
    ^~~
    VITIS_LOOP_117_1: 
/home/admin/Desktop/SOCExtraFeatures/PYNQZ2/MotorFatigue/pack_stream_to_blk/hls/.autopilot/db/MatrixComplex.pp.0.cpp:20016:5: note: FIX-IT applied suggested code changes
/home/admin/Desktop/SOCExtraFeatures/PYNQZ2/MotorFatigue/pack_stream_to_blk/hls/.autopilot/db/MatrixComplex.pp.0.cpp:20179:9: warning: Added loop label VITIS_LOOP_289_1:   [xilinx-label-all-loops]
        for(int i=0;i<W-1;i++){
        ^~~
        VITIS_LOOP_289_1: 
/home/admin/Desktop/SOCExtraFeatures/PYNQZ2/MotorFatigue/pack_stream_to_blk/hls/.autopilot/db/MatrixComplex.pp.0.cpp:20179:9: note: FIX-IT applied suggested code changes
/home/admin/Desktop/SOCExtraFeatures/PYNQZ2/MotorFatigue/pack_stream_to_blk/hls/.autopilot/db/MatrixComplex.pp.0.cpp:20331:9: warning: Added loop label VITIS_LOOP_449_1:   [xilinx-label-all-loops]
        for(int i=0;i<W-1;i++){
        ^~~
        VITIS_LOOP_449_1: 
/home/admin/Desktop/SOCExtraFeatures/PYNQZ2/MotorFatigue/pack_stream_to_blk/hls/.autopilot/db/MatrixComplex.pp.0.cpp:20331:9: note: FIX-IT applied suggested code changes
/home/admin/Desktop/SOCExtraFeatures/PYNQZ2/MotorFatigue/pack_stream_to_blk/hls/.autopilot/db/MatrixComplex.pp.0.cpp:20511:5: warning: Added loop label VITIS_LOOP_629_1:   [xilinx-label-all-loops]
    for(int i=0;i<W+1;i++){
    ^~~
    VITIS_LOOP_629_1: 
/home/admin/Desktop/SOCExtraFeatures/PYNQZ2/MotorFatigue/pack_stream_to_blk/hls/.autopilot/db/MatrixComplex.pp.0.cpp:20511:5: note: FIX-IT applied suggested code changes
/home/admin/Desktop/SOCExtraFeatures/PYNQZ2/MotorFatigue/pack_stream_to_blk/hls/.autopilot/db/MatrixComplex.pp.0.cpp:20515:5: warning: Added loop label VITIS_LOOP_633_2:   [xilinx-label-all-loops]
    for(int i=0;i<W+1;i++){
    ^~~
    VITIS_LOOP_633_2: 
/home/admin/Desktop/SOCExtraFeatures/PYNQZ2/MotorFatigue/pack_stream_to_blk/hls/.autopilot/db/MatrixComplex.pp.0.cpp:20515:5: note: FIX-IT applied suggested code changes
/home/admin/Desktop/SOCExtraFeatures/PYNQZ2/MotorFatigue/pack_stream_to_blk/hls/.autopilot/db/MatrixComplex.pp.0.cpp:20625:5: warning: Added loop label VITIS_LOOP_743_1:   [xilinx-label-all-loops]
    for (int n=0; n<Nmax; n++){
    ^~~
    VITIS_LOOP_743_1: 
/home/admin/Desktop/SOCExtraFeatures/PYNQZ2/MotorFatigue/pack_stream_to_blk/hls/.autopilot/db/MatrixComplex.pp.0.cpp:20625:5: note: FIX-IT applied suggested code changes
/home/admin/Desktop/SOCExtraFeatures/PYNQZ2/MotorFatigue/pack_stream_to_blk/hls/.autopilot/db/MatrixComplex.pp.0.cpp:20715:7: warning: Added loop label VITIS_LOOP_840_1:   [xilinx-label-all-loops]
      for(int i=0;i<W-1;i++){
      ^~~
      VITIS_LOOP_840_1: 
/home/admin/Desktop/SOCExtraFeatures/PYNQZ2/MotorFatigue/pack_stream_to_blk/hls/.autopilot/db/MatrixComplex.pp.0.cpp:20715:7: note: FIX-IT applied suggested code changes
/home/admin/Desktop/SOCExtraFeatures/PYNQZ2/MotorFatigue/pack_stream_to_blk/hls/.autopilot/db/MatrixComplex.pp.0.cpp:20734:7: warning: Added loop label VITIS_LOOP_859_2:   [xilinx-label-all-loops]
      for(int i=0;i<W-1;i++){
      ^~~
      VITIS_LOOP_859_2: 
/home/admin/Desktop/SOCExtraFeatures/PYNQZ2/MotorFatigue/pack_stream_to_blk/hls/.autopilot/db/MatrixComplex.pp.0.cpp:20734:7: note: FIX-IT applied suggested code changes
/home/admin/Desktop/SOCExtraFeatures/PYNQZ2/MotorFatigue/pack_stream_to_blk/hls/.autopilot/db/MatrixComplex.pp.0.cpp:21024:5: warning: Added loop label VITIS_LOOP_1173_1:   [xilinx-label-all-loops]
    for(int i=0; i<Nmax; i++) {
    ^~~
    VITIS_LOOP_1173_1: 
/home/admin/Desktop/SOCExtraFeatures/PYNQZ2/MotorFatigue/pack_stream_to_blk/hls/.autopilot/db/MatrixComplex.pp.0.cpp:21024:5: note: FIX-IT applied suggested code changes
/home/admin/Desktop/SOCExtraFeatures/PYNQZ2/MotorFatigue/pack_stream_to_blk/hls/.autopilot/db/MatrixComplex.pp.0.cpp:21107:5: warning: Added loop label VITIS_LOOP_1256_1:   [xilinx-label-all-loops]
    for(int i=0; i<Nmax; i++) {
    ^~~
    VITIS_LOOP_1256_1: 
/home/admin/Desktop/SOCExtraFeatures/PYNQZ2/MotorFatigue/pack_stream_to_blk/hls/.autopilot/db/MatrixComplex.pp.0.cpp:21107:5: note: FIX-IT applied suggested code changes
/home/admin/Desktop/SOCExtraFeatures/PYNQZ2/MotorFatigue/pack_stream_to_blk/hls/.autopilot/db/MatrixComplex.pp.0.cpp:21513:13: warning: Added loop label VITIS_LOOP_68_1:   [xilinx-label-all-loops]
            for (int j = 3; j >= I_+1; j--) {
            ^~~
            VITIS_LOOP_68_1: 
/home/admin/Desktop/SOCExtraFeatures/PYNQZ2/MotorFatigue/pack_stream_to_blk/hls/.autopilot/db/MatrixComplex.pp.0.cpp:21513:13: note: FIX-IT applied suggested code changes
/home/admin/Desktop/SOCExtraFeatures/PYNQZ2/MotorFatigue/pack_stream_to_blk/hls/.autopilot/db/MatrixComplex.pp.0.cpp:21519:17: warning: Added loop label VITIS_LOOP_74_2:   [xilinx-label-all-loops]
                for (int j = 3; j >= I_+1; j--){
                ^~~
                VITIS_LOOP_74_2: 
/home/admin/Desktop/SOCExtraFeatures/PYNQZ2/MotorFatigue/pack_stream_to_blk/hls/.autopilot/db/MatrixComplex.pp.0.cpp:21519:17: note: FIX-IT applied suggested code changes
/home/admin/Desktop/SOCExtraFeatures/PYNQZ2/MotorFatigue/pack_stream_to_blk/hls/.autopilot/db/MatrixComplex.pp.0.cpp:21523:17: warning: Added loop label VITIS_LOOP_78_3:   [xilinx-label-all-loops]
                for (int j = I_; j >= 0; j--){
                ^~~
                VITIS_LOOP_78_3: 
/home/admin/Desktop/SOCExtraFeatures/PYNQZ2/MotorFatigue/pack_stream_to_blk/hls/.autopilot/db/MatrixComplex.pp.0.cpp:21523:17: note: FIX-IT applied suggested code changes
/home/admin/Desktop/SOCExtraFeatures/PYNQZ2/MotorFatigue/pack_stream_to_blk/hls/.autopilot/db/MatrixComplex.pp.0.cpp:21571:13: warning: Added loop label VITIS_LOOP_145_4:   [xilinx-label-all-loops]
            for (int j = 9; j >= I_+4; j--) {
            ^~~
            VITIS_LOOP_145_4: 
/home/admin/Desktop/SOCExtraFeatures/PYNQZ2/MotorFatigue/pack_stream_to_blk/hls/.autopilot/db/MatrixComplex.pp.0.cpp:21571:13: note: FIX-IT applied suggested code changes
/home/admin/Desktop/SOCExtraFeatures/PYNQZ2/MotorFatigue/pack_stream_to_blk/hls/.autopilot/db/MatrixComplex.pp.0.cpp:21577:17: warning: Added loop label VITIS_LOOP_151_5:   [xilinx-label-all-loops]
                for (int j = 9; j >= I_+4; j--){
                ^~~
                VITIS_LOOP_151_5: 
/home/admin/Desktop/SOCExtraFeatures/PYNQZ2/MotorFatigue/pack_stream_to_blk/hls/.autopilot/db/MatrixComplex.pp.0.cpp:21577:17: note: FIX-IT applied suggested code changes
/home/admin/Desktop/SOCExtraFeatures/PYNQZ2/MotorFatigue/pack_stream_to_blk/hls/.autopilot/db/MatrixComplex.pp.0.cpp:21581:17: warning: Added loop label VITIS_LOOP_155_6:   [xilinx-label-all-loops]
                for (int j = I_+3; j >= 0; j--){
                ^~~
                VITIS_LOOP_155_6: 
/home/admin/Desktop/SOCExtraFeatures/PYNQZ2/MotorFatigue/pack_stream_to_blk/hls/.autopilot/db/MatrixComplex.pp.0.cpp:21581:17: note: FIX-IT applied suggested code changes
/home/admin/Desktop/SOCExtraFeatures/PYNQZ2/MotorFatigue/pack_stream_to_blk/hls/.autopilot/db/MatrixComplex.pp.0.cpp:21596:9: warning: Added loop label VITIS_LOOP_170_7:   [xilinx-label-all-loops]
        for (int j = 14; j < 22; j++){
        ^~~
        VITIS_LOOP_170_7: 
/home/admin/Desktop/SOCExtraFeatures/PYNQZ2/MotorFatigue/pack_stream_to_blk/hls/.autopilot/db/MatrixComplex.pp.0.cpp:21596:9: note: FIX-IT applied suggested code changes
/home/admin/Desktop/SOCExtraFeatures/PYNQZ2/MotorFatigue/pack_stream_to_blk/hls/.autopilot/db/MatrixComplex.pp.0.cpp:21604:17: warning: Added loop label VITIS_LOOP_178_8:   [xilinx-label-all-loops]
                for (int j = 0; j < 22; j++){
                ^~~
                VITIS_LOOP_178_8: 
/home/admin/Desktop/SOCExtraFeatures/PYNQZ2/MotorFatigue/pack_stream_to_blk/hls/.autopilot/db/MatrixComplex.pp.0.cpp:21604:17: note: FIX-IT applied suggested code changes
/home/admin/Desktop/SOCExtraFeatures/PYNQZ2/MotorFatigue/pack_stream_to_blk/hls/.autopilot/db/MatrixComplex.pp.0.cpp:21669:13: warning: Added loop label VITIS_LOOP_243_9:   [xilinx-label-all-loops]
            for (int j = 21; j >= I_+10; j--) {
            ^~~
            VITIS_LOOP_243_9: 
/home/admin/Desktop/SOCExtraFeatures/PYNQZ2/MotorFatigue/pack_stream_to_blk/hls/.autopilot/db/MatrixComplex.pp.0.cpp:21669:13: note: FIX-IT applied suggested code changes
/home/admin/Desktop/SOCExtraFeatures/PYNQZ2/MotorFatigue/pack_stream_to_blk/hls/.autopilot/db/MatrixComplex.pp.0.cpp:21675:17: warning: Added loop label VITIS_LOOP_249_10:   [xilinx-label-all-loops]
                for (int j = 21; j >= I_+10; j--) {
                ^~~
                VITIS_LOOP_249_10: 
/home/admin/Desktop/SOCExtraFeatures/PYNQZ2/MotorFatigue/pack_stream_to_blk/hls/.autopilot/db/MatrixComplex.pp.0.cpp:21675:17: note: FIX-IT applied suggested code changes
/home/admin/Desktop/SOCExtraFeatures/PYNQZ2/MotorFatigue/pack_stream_to_blk/hls/.autopilot/db/MatrixComplex.pp.0.cpp:21679:17: warning: Added loop label VITIS_LOOP_253_11:   [xilinx-label-all-loops]
                for (int j = I_+9; j >= 0; j--) {
                ^~~
                VITIS_LOOP_253_11: 
/home/admin/Desktop/SOCExtraFeatures/PYNQZ2/MotorFatigue/pack_stream_to_blk/hls/.autopilot/db/MatrixComplex.pp.0.cpp:21679:17: note: FIX-IT applied suggested code changes
/home/admin/Desktop/SOCExtraFeatures/PYNQZ2/MotorFatigue/pack_stream_to_blk/hls/.autopilot/db/MatrixComplex.pp.0.cpp:21694:9: warning: Added loop label VITIS_LOOP_268_12:   [xilinx-label-all-loops]
        for (int j = 27; j < 46; j++){
        ^~~
        VITIS_LOOP_268_12: 
/home/admin/Desktop/SOCExtraFeatures/PYNQZ2/MotorFatigue/pack_stream_to_blk/hls/.autopilot/db/MatrixComplex.pp.0.cpp:21694:9: note: FIX-IT applied suggested code changes
/home/admin/Desktop/SOCExtraFeatures/PYNQZ2/MotorFatigue/pack_stream_to_blk/hls/.autopilot/db/MatrixComplex.pp.0.cpp:21702:17: warning: Added loop label VITIS_LOOP_276_13:   [xilinx-label-all-loops]
                for (int j = 0; j < 46; j++) {
                ^~~
                VITIS_LOOP_276_13: 
/home/admin/Desktop/SOCExtraFeatures/PYNQZ2/MotorFatigue/pack_stream_to_blk/hls/.autopilot/db/MatrixComplex.pp.0.cpp:21702:17: note: FIX-IT applied suggested code changes
/home/admin/Desktop/SOCExtraFeatures/PYNQZ2/MotorFatigue/pack_stream_to_blk/hls/.autopilot/db/MatrixComplex.pp.0.cpp:21931:13: warning: Added loop label VITIS_LOOP_505_14:   [xilinx-label-all-loops]
            for (int j = 45; j >= I_+22; j--) {
            ^~~
            VITIS_LOOP_505_14: 
/home/admin/Desktop/SOCExtraFeatures/PYNQZ2/MotorFatigue/pack_stream_to_blk/hls/.autopilot/db/MatrixComplex.pp.0.cpp:21931:13: note: FIX-IT applied suggested code changes
/home/admin/Desktop/SOCExtraFeatures/PYNQZ2/MotorFatigue/pack_stream_to_blk/hls/.autopilot/db/MatrixComplex.pp.0.cpp:21937:17: warning: Added loop label VITIS_LOOP_511_15:   [xilinx-label-all-loops]
                for (int j = 45; j >= I_+22; j--){
                ^~~
                VITIS_LOOP_511_15: 
/home/admin/Desktop/SOCExtraFeatures/PYNQZ2/MotorFatigue/pack_stream_to_blk/hls/.autopilot/db/MatrixComplex.pp.0.cpp:21937:17: note: FIX-IT applied suggested code changes
/home/admin/Desktop/SOCExtraFeatures/PYNQZ2/MotorFatigue/pack_stream_to_blk/hls/.autopilot/db/MatrixComplex.pp.0.cpp:21941:17: warning: Added loop label VITIS_LOOP_515_16:   [xilinx-label-all-loops]
                for (int j = I_+21; j >= 0; j--) {
                ^~~
                VITIS_LOOP_515_16: 
/home/admin/Desktop/SOCExtraFeatures/PYNQZ2/MotorFatigue/pack_stream_to_blk/hls/.autopilot/db/MatrixComplex.pp.0.cpp:21941:17: note: FIX-IT applied suggested code changes
/home/admin/Desktop/SOCExtraFeatures/PYNQZ2/MotorFatigue/pack_stream_to_blk/hls/.autopilot/db/MatrixComplex.pp.0.cpp:21951:9: warning: Added loop label VITIS_LOOP_525_17:   [xilinx-label-all-loops]
        for (int j = 32-F_; j < 32+I_; j++){
        ^~~
        VITIS_LOOP_525_17: 
/home/admin/Desktop/SOCExtraFeatures/PYNQZ2/MotorFatigue/pack_stream_to_blk/hls/.autopilot/db/MatrixComplex.pp.0.cpp:21951:9: note: FIX-IT applied suggested code changes
/home/admin/Desktop/SOCExtraFeatures/PYNQZ2/MotorFatigue/pack_stream_to_blk/hls/.autopilot/db/MatrixComplex.pp.0.cpp:21955:9: warning: Added loop label VITIS_LOOP_529_18:   [xilinx-label-all-loops]
        for (int j = 32+I_; j <= 64; j++){
        ^~~
        VITIS_LOOP_529_18: 
/home/admin/Desktop/SOCExtraFeatures/PYNQZ2/MotorFatigue/pack_stream_to_blk/hls/.autopilot/db/MatrixComplex.pp.0.cpp:21955:9: note: FIX-IT applied suggested code changes
/home/admin/Desktop/SOCExtraFeatures/PYNQZ2/MotorFatigue/pack_stream_to_blk/hls/.autopilot/db/MatrixComplex.pp.0.cpp:21965:9: warning: Added loop label VITIS_LOOP_539_19:   [xilinx-label-all-loops]
        for (int j = 37; j < 64; j++) {
        ^~~
        VITIS_LOOP_539_19: 
/home/admin/Desktop/SOCExtraFeatures/PYNQZ2/MotorFatigue/pack_stream_to_blk/hls/.autopilot/db/MatrixComplex.pp.0.cpp:21965:9: note: FIX-IT applied suggested code changes
/home/admin/Desktop/SOCExtraFeatures/PYNQZ2/MotorFatigue/pack_stream_to_blk/hls/.autopilot/db/MatrixComplex.pp.0.cpp:21973:17: warning: Added loop label VITIS_LOOP_547_20:   [xilinx-label-all-loops]
                for (int j = 0; j < 64; j++){
                ^~~
                VITIS_LOOP_547_20: 
/home/admin/Desktop/SOCExtraFeatures/PYNQZ2/MotorFatigue/pack_stream_to_blk/hls/.autopilot/db/MatrixComplex.pp.0.cpp:21973:17: note: FIX-IT applied suggested code changes
/home/admin/Desktop/SOCExtraFeatures/PYNQZ2/MotorFatigue/pack_stream_to_blk/hls/.autopilot/db/MatrixComplex.pp.0.cpp:22334:13: warning: Added loop label VITIS_LOOP_908_21:   [xilinx-label-all-loops]
            for (int j = 63; j >= I_+31; j--) {
            ^~~
            VITIS_LOOP_908_21: 
/home/admin/Desktop/SOCExtraFeatures/PYNQZ2/MotorFatigue/pack_stream_to_blk/hls/.autopilot/db/MatrixComplex.pp.0.cpp:22334:13: note: FIX-IT applied suggested code changes
/home/admin/Desktop/SOCExtraFeatures/PYNQZ2/MotorFatigue/pack_stream_to_blk/hls/.autopilot/db/MatrixComplex.pp.0.cpp:22340:17: warning: Added loop label VITIS_LOOP_914_22:   [xilinx-label-all-loops]
                for (int j = 63; j >= I_+31; j--) {
                ^~~
                VITIS_LOOP_914_22: 
/home/admin/Desktop/SOCExtraFeatures/PYNQZ2/MotorFatigue/pack_stream_to_blk/hls/.autopilot/db/MatrixComplex.pp.0.cpp:22340:17: note: FIX-IT applied suggested code changes
/home/admin/Desktop/SOCExtraFeatures/PYNQZ2/MotorFatigue/pack_stream_to_blk/hls/.autopilot/db/MatrixComplex.pp.0.cpp:22344:17: warning: Added loop label VITIS_LOOP_918_23:   [xilinx-label-all-loops]
                for (int j = I_+30; j >= 0; j--) {
                ^~~
                VITIS_LOOP_918_23: 
/home/admin/Desktop/SOCExtraFeatures/PYNQZ2/MotorFatigue/pack_stream_to_blk/hls/.autopilot/db/MatrixComplex.pp.0.cpp:22344:17: note: FIX-IT applied suggested code changes
/home/admin/Desktop/SOCExtraFeatures/PYNQZ2/MotorFatigue/pack_stream_to_blk/hls/.autopilot/db/MatrixComplex.pp.0.cpp:22460:13: warning: Added loop label VITIS_LOOP_1034_1:   [xilinx-label-all-loops]
            for (int j = 4; j >= I_+1; j--) {
            ^~~
            VITIS_LOOP_1034_1: 
/home/admin/Desktop/SOCExtraFeatures/PYNQZ2/MotorFatigue/pack_stream_to_blk/hls/.autopilot/db/MatrixComplex.pp.0.cpp:22460:13: note: FIX-IT applied suggested code changes
/home/admin/Desktop/SOCExtraFeatures/PYNQZ2/MotorFatigue/pack_stream_to_blk/hls/.autopilot/db/MatrixComplex.pp.0.cpp:22466:17: warning: Added loop label VITIS_LOOP_1040_2:   [xilinx-label-all-loops]
                for (int j = 4; j >= I_+1; j--) {
                ^~~
                VITIS_LOOP_1040_2: 
/home/admin/Desktop/SOCExtraFeatures/PYNQZ2/MotorFatigue/pack_stream_to_blk/hls/.autopilot/db/MatrixComplex.pp.0.cpp:22466:17: note: FIX-IT applied suggested code changes
/home/admin/Desktop/SOCExtraFeatures/PYNQZ2/MotorFatigue/pack_stream_to_blk/hls/.autopilot/db/MatrixComplex.pp.0.cpp:22470:17: warning: Added loop label VITIS_LOOP_1044_3:   [xilinx-label-all-loops]
                for (int j = I_; j >= 0; j--) {
                ^~~
                VITIS_LOOP_1044_3: 
/home/admin/Desktop/SOCExtraFeatures/PYNQZ2/MotorFatigue/pack_stream_to_blk/hls/.autopilot/db/MatrixComplex.pp.0.cpp:22470:17: note: FIX-IT applied suggested code changes
/home/admin/Desktop/SOCExtraFeatures/PYNQZ2/MotorFatigue/pack_stream_to_blk/hls/.autopilot/db/MatrixComplex.pp.0.cpp:22557:13: warning: Added loop label VITIS_LOOP_1131_4:   [xilinx-label-all-loops]
            for (int j = 10; j >= I_+4; j--) {
            ^~~
            VITIS_LOOP_1131_4: 
/home/admin/Desktop/SOCExtraFeatures/PYNQZ2/MotorFatigue/pack_stream_to_blk/hls/.autopilot/db/MatrixComplex.pp.0.cpp:22557:13: note: FIX-IT applied suggested code changes
/home/admin/Desktop/SOCExtraFeatures/PYNQZ2/MotorFatigue/pack_stream_to_blk/hls/.autopilot/db/MatrixComplex.pp.0.cpp:22563:17: warning: Added loop label VITIS_LOOP_1137_5:   [xilinx-label-all-loops]
                for (int j = 10; j >= I_+4; j--) {
                ^~~
                VITIS_LOOP_1137_5: 
/home/admin/Desktop/SOCExtraFeatures/PYNQZ2/MotorFatigue/pack_stream_to_blk/hls/.autopilot/db/MatrixComplex.pp.0.cpp:22563:17: note: FIX-IT applied suggested code changes
/home/admin/Desktop/SOCExtraFeatures/PYNQZ2/MotorFatigue/pack_stream_to_blk/hls/.autopilot/db/MatrixComplex.pp.0.cpp:22567:17: warning: Added loop label VITIS_LOOP_1141_6:   [xilinx-label-all-loops]
                for (int j = I_+3; j >= 0; j--) {
                ^~~
                VITIS_LOOP_1141_6: 
/home/admin/Desktop/SOCExtraFeatures/PYNQZ2/MotorFatigue/pack_stream_to_blk/hls/.autopilot/db/MatrixComplex.pp.0.cpp:22567:17: note: FIX-IT applied suggested code changes
/home/admin/Desktop/SOCExtraFeatures/PYNQZ2/MotorFatigue/pack_stream_to_blk/hls/.autopilot/db/MatrixComplex.pp.0.cpp:22586:9: warning: Added loop label VITIS_LOOP_1160_7:   [xilinx-label-all-loops]
        for (int j = wf+3; j < w-1; j++) {
        ^~~
        VITIS_LOOP_1160_7: 
/home/admin/Desktop/SOCExtraFeatures/PYNQZ2/MotorFatigue/pack_stream_to_blk/hls/.autopilot/db/MatrixComplex.pp.0.cpp:22586:9: note: FIX-IT applied suggested code changes
/home/admin/Desktop/SOCExtraFeatures/PYNQZ2/MotorFatigue/pack_stream_to_blk/hls/.autopilot/db/MatrixComplex.pp.0.cpp:22593:17: warning: Added loop label VITIS_LOOP_1167_8:   [xilinx-label-all-loops]
                for (int j = 0; j < 22; j++) {
                ^~~
                VITIS_LOOP_1167_8: 
/home/admin/Desktop/SOCExtraFeatures/PYNQZ2/MotorFatigue/pack_stream_to_blk/hls/.autopilot/db/MatrixComplex.pp.0.cpp:22593:17: note: FIX-IT applied suggested code changes
/home/admin/Desktop/SOCExtraFeatures/PYNQZ2/MotorFatigue/pack_stream_to_blk/hls/.autopilot/db/MatrixComplex.pp.0.cpp:22709:13: warning: Added loop label VITIS_LOOP_1283_9:   [xilinx-label-all-loops]
            for (int j = 22; j >= I_+10; j--) {
            ^~~
            VITIS_LOOP_1283_9: 
/home/admin/Desktop/SOCExtraFeatures/PYNQZ2/MotorFatigue/pack_stream_to_blk/hls/.autopilot/db/MatrixComplex.pp.0.cpp:22709:13: note: FIX-IT applied suggested code changes
/home/admin/Desktop/SOCExtraFeatures/PYNQZ2/MotorFatigue/pack_stream_to_blk/hls/.autopilot/db/MatrixComplex.pp.0.cpp:22715:17: warning: Added loop label VITIS_LOOP_1289_10:   [xilinx-label-all-loops]
                for (int j = 22; j >= I_+10; j--){
                ^~~
                VITIS_LOOP_1289_10: 
/home/admin/Desktop/SOCExtraFeatures/PYNQZ2/MotorFatigue/pack_stream_to_blk/hls/.autopilot/db/MatrixComplex.pp.0.cpp:22715:17: note: FIX-IT applied suggested code changes
/home/admin/Desktop/SOCExtraFeatures/PYNQZ2/MotorFatigue/pack_stream_to_blk/hls/.autopilot/db/MatrixComplex.pp.0.cpp:22719:17: warning: Added loop label VITIS_LOOP_1293_11:   [xilinx-label-all-loops]
                for (int j = I_+9; j >= 0; j--) {
                ^~~
                VITIS_LOOP_1293_11: 
/home/admin/Desktop/SOCExtraFeatures/PYNQZ2/MotorFatigue/pack_stream_to_blk/hls/.autopilot/db/MatrixComplex.pp.0.cpp:22719:17: note: FIX-IT applied suggested code changes
/home/admin/Desktop/SOCExtraFeatures/PYNQZ2/MotorFatigue/pack_stream_to_blk/hls/.autopilot/db/MatrixComplex.pp.0.cpp:22739:9: warning: Added loop label VITIS_LOOP_1313_12:   [xilinx-label-all-loops]
        for (int j = wf+4; j < w-1; j++){
        ^~~
        VITIS_LOOP_1313_12: 
/home/admin/Desktop/SOCExtraFeatures/PYNQZ2/MotorFatigue/pack_stream_to_blk/hls/.autopilot/db/MatrixComplex.pp.0.cpp:22739:9: note: FIX-IT applied suggested code changes
/home/admin/Desktop/SOCExtraFeatures/PYNQZ2/MotorFatigue/pack_stream_to_blk/hls/.autopilot/db/MatrixComplex.pp.0.cpp:22746:17: warning: Added loop label VITIS_LOOP_1320_13:   [xilinx-label-all-loops]
                for (int j = 0; j < 46; j++) {
                ^~~
                VITIS_LOOP_1320_13: 
/home/admin/Desktop/SOCExtraFeatures/PYNQZ2/MotorFatigue/pack_stream_to_blk/hls/.autopilot/db/MatrixComplex.pp.0.cpp:22746:17: note: FIX-IT applied suggested code changes
/home/admin/Desktop/SOCExtraFeatures/PYNQZ2/MotorFatigue/pack_stream_to_blk/hls/.autopilot/db/MatrixComplex.pp.0.cpp:23008:13: warning: Added loop label VITIS_LOOP_1582_14:   [xilinx-label-all-loops]
            for (int j = 46; j >= I_+22; j--) {
            ^~~
            VITIS_LOOP_1582_14: 
/home/admin/Desktop/SOCExtraFeatures/PYNQZ2/MotorFatigue/pack_stream_to_blk/hls/.autopilot/db/MatrixComplex.pp.0.cpp:23008:13: note: FIX-IT applied suggested code changes
/home/admin/Desktop/SOCExtraFeatures/PYNQZ2/MotorFatigue/pack_stream_to_blk/hls/.autopilot/db/MatrixComplex.pp.0.cpp:23014:17: warning: Added loop label VITIS_LOOP_1588_15:   [xilinx-label-all-loops]
                for (int j = 46; j >= I_+22; j--) {
                ^~~
                VITIS_LOOP_1588_15: 
/home/admin/Desktop/SOCExtraFeatures/PYNQZ2/MotorFatigue/pack_stream_to_blk/hls/.autopilot/db/MatrixComplex.pp.0.cpp:23014:17: note: FIX-IT applied suggested code changes
/home/admin/Desktop/SOCExtraFeatures/PYNQZ2/MotorFatigue/pack_stream_to_blk/hls/.autopilot/db/MatrixComplex.pp.0.cpp:23018:17: warning: Added loop label VITIS_LOOP_1592_16:   [xilinx-label-all-loops]
                for (int j = I_+21; j >= 0; j--) {
                ^~~
                VITIS_LOOP_1592_16: 
/home/admin/Desktop/SOCExtraFeatures/PYNQZ2/MotorFatigue/pack_stream_to_blk/hls/.autopilot/db/MatrixComplex.pp.0.cpp:23018:17: note: FIX-IT applied suggested code changes
/home/admin/Desktop/SOCExtraFeatures/PYNQZ2/MotorFatigue/pack_stream_to_blk/hls/.autopilot/db/MatrixComplex.pp.0.cpp:23042:9: warning: Added loop label VITIS_LOOP_1616_17:   [xilinx-label-all-loops]
        for (int j = wf+5; j < w-1; j++){
        ^~~
        VITIS_LOOP_1616_17: 
/home/admin/Desktop/SOCExtraFeatures/PYNQZ2/MotorFatigue/pack_stream_to_blk/hls/.autopilot/db/MatrixComplex.pp.0.cpp:23042:9: note: FIX-IT applied suggested code changes
/home/admin/Desktop/SOCExtraFeatures/PYNQZ2/MotorFatigue/pack_stream_to_blk/hls/.autopilot/db/MatrixComplex.pp.0.cpp:23049:17: warning: Added loop label VITIS_LOOP_1623_18:   [xilinx-label-all-loops]
                for (int j = 0; j < 64; j++) {
                ^~~
                VITIS_LOOP_1623_18: 
/home/admin/Desktop/SOCExtraFeatures/PYNQZ2/MotorFatigue/pack_stream_to_blk/hls/.autopilot/db/MatrixComplex.pp.0.cpp:23049:17: note: FIX-IT applied suggested code changes
/home/admin/Desktop/SOCExtraFeatures/PYNQZ2/MotorFatigue/pack_stream_to_blk/hls/.autopilot/db/MatrixComplex.pp.0.cpp:23479:13: warning: Added loop label VITIS_LOOP_2053_19:   [xilinx-label-all-loops]
            for (int j = 64; j >= I_+31; j--) {
            ^~~
            VITIS_LOOP_2053_19: 
/home/admin/Desktop/SOCExtraFeatures/PYNQZ2/MotorFatigue/pack_stream_to_blk/hls/.autopilot/db/MatrixComplex.pp.0.cpp:23479:13: note: FIX-IT applied suggested code changes
/home/admin/Desktop/SOCExtraFeatures/PYNQZ2/MotorFatigue/pack_stream_to_blk/hls/.autopilot/db/MatrixComplex.pp.0.cpp:23485:17: warning: Added loop label VITIS_LOOP_2059_20:   [xilinx-label-all-loops]
                for (int j = 64; j >= I_+31; j--) {
                ^~~
                VITIS_LOOP_2059_20: 
/home/admin/Desktop/SOCExtraFeatures/PYNQZ2/MotorFatigue/pack_stream_to_blk/hls/.autopilot/db/MatrixComplex.pp.0.cpp:23485:17: note: FIX-IT applied suggested code changes
/home/admin/Desktop/SOCExtraFeatures/PYNQZ2/MotorFatigue/pack_stream_to_blk/hls/.autopilot/db/MatrixComplex.pp.0.cpp:23489:17: warning: Added loop label VITIS_LOOP_2063_21:   [xilinx-label-all-loops]
                for (int j = I_+30; j >= 0; j--) {
                ^~~
                VITIS_LOOP_2063_21: 
/home/admin/Desktop/SOCExtraFeatures/PYNQZ2/MotorFatigue/pack_stream_to_blk/hls/.autopilot/db/MatrixComplex.pp.0.cpp:23489:17: note: FIX-IT applied suggested code changes
/home/admin/Desktop/SOCExtraFeatures/PYNQZ2/MotorFatigue/pack_stream_to_blk/hls/.autopilot/db/MatrixComplex.pp.0.cpp:23619:13: warning: Added loop label VITIS_LOOP_2193_1:   [xilinx-label-all-loops]
            for(int j=3; j>=I+1; j--) {
            ^~~
            VITIS_LOOP_2193_1: 
/home/admin/Desktop/SOCExtraFeatures/PYNQZ2/MotorFatigue/pack_stream_to_blk/hls/.autopilot/db/MatrixComplex.pp.0.cpp:23619:13: note: FIX-IT applied suggested code changes
/home/admin/Desktop/SOCExtraFeatures/PYNQZ2/MotorFatigue/pack_stream_to_blk/hls/.autopilot/db/MatrixComplex.pp.0.cpp:23626:17: warning: Added loop label VITIS_LOOP_2200_2:   [xilinx-label-all-loops]
                for(int j=3; j>=I+1; j--) {
                ^~~
                VITIS_LOOP_2200_2: 
/home/admin/Desktop/SOCExtraFeatures/PYNQZ2/MotorFatigue/pack_stream_to_blk/hls/.autopilot/db/MatrixComplex.pp.0.cpp:23626:17: note: FIX-IT applied suggested code changes
/home/admin/Desktop/SOCExtraFeatures/PYNQZ2/MotorFatigue/pack_stream_to_blk/hls/.autopilot/db/MatrixComplex.pp.0.cpp:23630:17: warning: Added loop label VITIS_LOOP_2204_3:   [xilinx-label-all-loops]
                for(int j=I; j>=0; j--) {
                ^~~
                VITIS_LOOP_2204_3: 
/home/admin/Desktop/SOCExtraFeatures/PYNQZ2/MotorFatigue/pack_stream_to_blk/hls/.autopilot/db/MatrixComplex.pp.0.cpp:23630:17: note: FIX-IT applied suggested code changes
/home/admin/Desktop/SOCExtraFeatures/PYNQZ2/MotorFatigue/pack_stream_to_blk/hls/.autopilot/db/MatrixComplex.pp.0.cpp:23677:13: warning: Added loop label VITIS_LOOP_2251_4:   [xilinx-label-all-loops]
            for(int j=7; j>=3+I; j--) {
            ^~~
            VITIS_LOOP_2251_4: 
/home/admin/Desktop/SOCExtraFeatures/PYNQZ2/MotorFatigue/pack_stream_to_blk/hls/.autopilot/db/MatrixComplex.pp.0.cpp:23677:13: note: FIX-IT applied suggested code changes
/home/admin/Desktop/SOCExtraFeatures/PYNQZ2/MotorFatigue/pack_stream_to_blk/hls/.autopilot/db/MatrixComplex.pp.0.cpp:23684:17: warning: Added loop label VITIS_LOOP_2258_5:   [xilinx-label-all-loops]
                for(int j=7; j>=3+I; j--) {
                ^~~
                VITIS_LOOP_2258_5: 
/home/admin/Desktop/SOCExtraFeatures/PYNQZ2/MotorFatigue/pack_stream_to_blk/hls/.autopilot/db/MatrixComplex.pp.0.cpp:23684:17: note: FIX-IT applied suggested code changes
/home/admin/Desktop/SOCExtraFeatures/PYNQZ2/MotorFatigue/pack_stream_to_blk/hls/.autopilot/db/MatrixComplex.pp.0.cpp:23688:17: warning: Added loop label VITIS_LOOP_2262_6:   [xilinx-label-all-loops]
                for(int j=I+2; j>=0; j--) {
                ^~~
                VITIS_LOOP_2262_6: 
/home/admin/Desktop/SOCExtraFeatures/PYNQZ2/MotorFatigue/pack_stream_to_blk/hls/.autopilot/db/MatrixComplex.pp.0.cpp:23688:17: note: FIX-IT applied suggested code changes
/home/admin/Desktop/SOCExtraFeatures/PYNQZ2/MotorFatigue/pack_stream_to_blk/hls/.autopilot/db/MatrixComplex.pp.0.cpp:23706:9: warning: Added loop label VITIS_LOOP_2280_7:   [xilinx-label-all-loops]
        for(int j=11; j<16; j++) {
        ^~~
        VITIS_LOOP_2280_7: 
/home/admin/Desktop/SOCExtraFeatures/PYNQZ2/MotorFatigue/pack_stream_to_blk/hls/.autopilot/db/MatrixComplex.pp.0.cpp:23706:9: note: FIX-IT applied suggested code changes
/home/admin/Desktop/SOCExtraFeatures/PYNQZ2/MotorFatigue/pack_stream_to_blk/hls/.autopilot/db/MatrixComplex.pp.0.cpp:23761:13: warning: Added loop label VITIS_LOOP_2335_8:   [xilinx-label-all-loops]
            for(int j=15; j>=7+I; j--) {
            ^~~
            VITIS_LOOP_2335_8: 
/home/admin/Desktop/SOCExtraFeatures/PYNQZ2/MotorFatigue/pack_stream_to_blk/hls/.autopilot/db/MatrixComplex.pp.0.cpp:23761:13: note: FIX-IT applied suggested code changes
/home/admin/Desktop/SOCExtraFeatures/PYNQZ2/MotorFatigue/pack_stream_to_blk/hls/.autopilot/db/MatrixComplex.pp.0.cpp:23768:17: warning: Added loop label VITIS_LOOP_2342_9:   [xilinx-label-all-loops]
                for(int j=15; j>=7+I; j--) {
                ^~~
                VITIS_LOOP_2342_9: 
/home/admin/Desktop/SOCExtraFeatures/PYNQZ2/MotorFatigue/pack_stream_to_blk/hls/.autopilot/db/MatrixComplex.pp.0.cpp:23768:17: note: FIX-IT applied suggested code changes
/home/admin/Desktop/SOCExtraFeatures/PYNQZ2/MotorFatigue/pack_stream_to_blk/hls/.autopilot/db/MatrixComplex.pp.0.cpp:23772:17: warning: Added loop label VITIS_LOOP_2346_10:   [xilinx-label-all-loops]
                for(int j=6+I; j>=0; j--) {
                ^~~
                VITIS_LOOP_2346_10: 
/home/admin/Desktop/SOCExtraFeatures/PYNQZ2/MotorFatigue/pack_stream_to_blk/hls/.autopilot/db/MatrixComplex.pp.0.cpp:23772:17: note: FIX-IT applied suggested code changes
/home/admin/Desktop/SOCExtraFeatures/PYNQZ2/MotorFatigue/pack_stream_to_blk/hls/.autopilot/db/MatrixComplex.pp.0.cpp:23790:9: warning: Added loop label VITIS_LOOP_2364_11:   [xilinx-label-all-loops]
        for(int j=20; j<32; j++) {
        ^~~
        VITIS_LOOP_2364_11: 
/home/admin/Desktop/SOCExtraFeatures/PYNQZ2/MotorFatigue/pack_stream_to_blk/hls/.autopilot/db/MatrixComplex.pp.0.cpp:23790:9: note: FIX-IT applied suggested code changes
/home/admin/Desktop/SOCExtraFeatures/PYNQZ2/MotorFatigue/pack_stream_to_blk/hls/.autopilot/db/MatrixComplex.pp.0.cpp:23879:13: warning: Added loop label VITIS_LOOP_2453_12:   [xilinx-label-all-loops]
            for(int j=31; j>=I+15; j--) {
            ^~~
            VITIS_LOOP_2453_12: 
/home/admin/Desktop/SOCExtraFeatures/PYNQZ2/MotorFatigue/pack_stream_to_blk/hls/.autopilot/db/MatrixComplex.pp.0.cpp:23879:13: note: FIX-IT applied suggested code changes
/home/admin/Desktop/SOCExtraFeatures/PYNQZ2/MotorFatigue/pack_stream_to_blk/hls/.autopilot/db/MatrixComplex.pp.0.cpp:23886:17: warning: Added loop label VITIS_LOOP_2460_13:   [xilinx-label-all-loops]
                for(int j=31; j>=I+15; j--) {
                ^~~
                VITIS_LOOP_2460_13: 
/home/admin/Desktop/SOCExtraFeatures/PYNQZ2/MotorFatigue/pack_stream_to_blk/hls/.autopilot/db/MatrixComplex.pp.0.cpp:23886:17: note: FIX-IT applied suggested code changes
/home/admin/Desktop/SOCExtraFeatures/PYNQZ2/MotorFatigue/pack_stream_to_blk/hls/.autopilot/db/MatrixComplex.pp.0.cpp:23890:17: warning: Added loop label VITIS_LOOP_2464_14:   [xilinx-label-all-loops]
                for(int j=I+14; j>=0; j--) {
                ^~~
                VITIS_LOOP_2464_14: 
/home/admin/Desktop/SOCExtraFeatures/PYNQZ2/MotorFatigue/pack_stream_to_blk/hls/.autopilot/db/MatrixComplex.pp.0.cpp:23890:17: note: FIX-IT applied suggested code changes
/home/admin/Desktop/SOCExtraFeatures/PYNQZ2/MotorFatigue/pack_stream_to_blk/hls/.autopilot/db/MatrixComplex.pp.0.cpp:23900:9: warning: Added loop label VITIS_LOOP_2474_15:   [xilinx-label-all-loops]
        for(int j=32-F; j<32+I; j++) {
        ^~~
        VITIS_LOOP_2474_15: 
/home/admin/Desktop/SOCExtraFeatures/PYNQZ2/MotorFatigue/pack_stream_to_blk/hls/.autopilot/db/MatrixComplex.pp.0.cpp:23900:9: note: FIX-IT applied suggested code changes
/home/admin/Desktop/SOCExtraFeatures/PYNQZ2/MotorFatigue/pack_stream_to_blk/hls/.autopilot/db/MatrixComplex.pp.0.cpp:23904:9: warning: Added loop label VITIS_LOOP_2478_16:   [xilinx-label-all-loops]
        for(int j=32+I; j<=64; j++) {
        ^~~
        VITIS_LOOP_2478_16: 
/home/admin/Desktop/SOCExtraFeatures/PYNQZ2/MotorFatigue/pack_stream_to_blk/hls/.autopilot/db/MatrixComplex.pp.0.cpp:23904:9: note: FIX-IT applied suggested code changes
/home/admin/Desktop/SOCExtraFeatures/PYNQZ2/MotorFatigue/pack_stream_to_blk/hls/.autopilot/db/MatrixComplex.pp.0.cpp:23915:9: warning: Added loop label VITIS_LOOP_2489_17:   [xilinx-label-all-loops]
        for(int j=37; j<64; j++) {
        ^~~
        VITIS_LOOP_2489_17: 
/home/admin/Desktop/SOCExtraFeatures/PYNQZ2/MotorFatigue/pack_stream_to_blk/hls/.autopilot/db/MatrixComplex.pp.0.cpp:23915:9: note: FIX-IT applied suggested code changes
/home/admin/Desktop/SOCExtraFeatures/PYNQZ2/MotorFatigue/pack_stream_to_blk/hls/.autopilot/db/MatrixComplex.pp.0.cpp:23923:17: warning: Added loop label VITIS_LOOP_2497_18:   [xilinx-label-all-loops]
                for(int j=0; j<64; j++) {
                ^~~
                VITIS_LOOP_2497_18: 
/home/admin/Desktop/SOCExtraFeatures/PYNQZ2/MotorFatigue/pack_stream_to_blk/hls/.autopilot/db/MatrixComplex.pp.0.cpp:23923:17: note: FIX-IT applied suggested code changes
/home/admin/Desktop/SOCExtraFeatures/PYNQZ2/MotorFatigue/pack_stream_to_blk/hls/.autopilot/db/MatrixComplex.pp.0.cpp:24248:13: warning: Added loop label VITIS_LOOP_2822_19:   [xilinx-label-all-loops]
            for(int j=63; j>=I+31; j--) {
            ^~~
            VITIS_LOOP_2822_19: 
/home/admin/Desktop/SOCExtraFeatures/PYNQZ2/MotorFatigue/pack_stream_to_blk/hls/.autopilot/db/MatrixComplex.pp.0.cpp:24248:13: note: FIX-IT applied suggested code changes
/home/admin/Desktop/SOCExtraFeatures/PYNQZ2/MotorFatigue/pack_stream_to_blk/hls/.autopilot/db/MatrixComplex.pp.0.cpp:24255:17: warning: Added loop label VITIS_LOOP_2829_20:   [xilinx-label-all-loops]
                for(int j=63; j>=I+31; j--) {
                ^~~
                VITIS_LOOP_2829_20: 
/home/admin/Desktop/SOCExtraFeatures/PYNQZ2/MotorFatigue/pack_stream_to_blk/hls/.autopilot/db/MatrixComplex.pp.0.cpp:24255:17: note: FIX-IT applied suggested code changes
/home/admin/Desktop/SOCExtraFeatures/PYNQZ2/MotorFatigue/pack_stream_to_blk/hls/.autopilot/db/MatrixComplex.pp.0.cpp:24259:17: warning: Added loop label VITIS_LOOP_2833_21:   [xilinx-label-all-loops]
                for(int j=I+30; j>=0; j--) {
                ^~~
                VITIS_LOOP_2833_21: 
/home/admin/Desktop/SOCExtraFeatures/PYNQZ2/MotorFatigue/pack_stream_to_blk/hls/.autopilot/db/MatrixComplex.pp.0.cpp:24259:17: note: FIX-IT applied suggested code changes
/home/admin/Desktop/SOCExtraFeatures/PYNQZ2/MotorFatigue/pack_stream_to_blk/hls/.autopilot/db/MatrixComplex.pp.0.cpp:24347:4: warning: Added loop label VITIS_LOOP_2921_1:   [xilinx-label-all-loops]
   for(int j = 5; j>=I_+2; j--) {
   ^~~
   VITIS_LOOP_2921_1: 
/home/admin/Desktop/SOCExtraFeatures/PYNQZ2/MotorFatigue/pack_stream_to_blk/hls/.autopilot/db/MatrixComplex.pp.0.cpp:24347:4: note: FIX-IT applied suggested code changes
/home/admin/Desktop/SOCExtraFeatures/PYNQZ2/MotorFatigue/pack_stream_to_blk/hls/.autopilot/db/MatrixComplex.pp.0.cpp:24354:5: warning: Added loop label VITIS_LOOP_2928_2:   [xilinx-label-all-loops]
    for(int j = 5; j>=I_+2; j--) {
    ^~~
    VITIS_LOOP_2928_2: 
/home/admin/Desktop/SOCExtraFeatures/PYNQZ2/MotorFatigue/pack_stream_to_blk/hls/.autopilot/db/MatrixComplex.pp.0.cpp:24354:5: note: FIX-IT applied suggested code changes
/home/admin/Desktop/SOCExtraFeatures/PYNQZ2/MotorFatigue/pack_stream_to_blk/hls/.autopilot/db/MatrixComplex.pp.0.cpp:24358:5: warning: Added loop label VITIS_LOOP_2932_3:   [xilinx-label-all-loops]
    for(int j = I_+1; j>=0; j--) {
    ^~~
    VITIS_LOOP_2932_3: 
/home/admin/Desktop/SOCExtraFeatures/PYNQZ2/MotorFatigue/pack_stream_to_blk/hls/.autopilot/db/MatrixComplex.pp.0.cpp:24358:5: note: FIX-IT applied suggested code changes
/home/admin/Desktop/SOCExtraFeatures/PYNQZ2/MotorFatigue/pack_stream_to_blk/hls/.autopilot/db/MatrixComplex.pp.0.cpp:24373:3: warning: Added loop label VITIS_LOOP_2947_4:   [xilinx-label-all-loops]
  for(int j = 11; j >=7; j--) {
  ^~~
  VITIS_LOOP_2947_4: 
/home/admin/Desktop/SOCExtraFeatures/PYNQZ2/MotorFatigue/pack_stream_to_blk/hls/.autopilot/db/MatrixComplex.pp.0.cpp:24373:3: note: FIX-IT applied suggested code changes
/home/admin/Desktop/SOCExtraFeatures/PYNQZ2/MotorFatigue/pack_stream_to_blk/hls/.autopilot/db/MatrixComplex.pp.0.cpp:24405:4: warning: Added loop label VITIS_LOOP_2979_5:   [xilinx-label-all-loops]
   for(int j = 11; j >= I_+5; j--) {
   ^~~
   VITIS_LOOP_2979_5: 
/home/admin/Desktop/SOCExtraFeatures/PYNQZ2/MotorFatigue/pack_stream_to_blk/hls/.autopilot/db/MatrixComplex.pp.0.cpp:24405:4: note: FIX-IT applied suggested code changes
/home/admin/Desktop/SOCExtraFeatures/PYNQZ2/MotorFatigue/pack_stream_to_blk/hls/.autopilot/db/MatrixComplex.pp.0.cpp:24412:5: warning: Added loop label VITIS_LOOP_2986_6:   [xilinx-label-all-loops]
    for(int j = 11; j>= I_+5; j--) {
    ^~~
    VITIS_LOOP_2986_6: 
/home/admin/Desktop/SOCExtraFeatures/PYNQZ2/MotorFatigue/pack_stream_to_blk/hls/.autopilot/db/MatrixComplex.pp.0.cpp:24412:5: note: FIX-IT applied suggested code changes
/home/admin/Desktop/SOCExtraFeatures/PYNQZ2/MotorFatigue/pack_stream_to_blk/hls/.autopilot/db/MatrixComplex.pp.0.cpp:24416:5: warning: Added loop label VITIS_LOOP_2990_7:   [xilinx-label-all-loops]
    for(int j = I_+4; j>=0; j--) {
    ^~~
    VITIS_LOOP_2990_7: 
/home/admin/Desktop/SOCExtraFeatures/PYNQZ2/MotorFatigue/pack_stream_to_blk/hls/.autopilot/db/MatrixComplex.pp.0.cpp:24416:5: note: FIX-IT applied suggested code changes
/home/admin/Desktop/SOCExtraFeatures/PYNQZ2/MotorFatigue/pack_stream_to_blk/hls/.autopilot/db/MatrixComplex.pp.0.cpp:24431:3: warning: Added loop label VITIS_LOOP_3005_8:   [xilinx-label-all-loops]
  for(int j = 25; j>=15; j--) {
  ^~~
  VITIS_LOOP_3005_8: 
/home/admin/Desktop/SOCExtraFeatures/PYNQZ2/MotorFatigue/pack_stream_to_blk/hls/.autopilot/db/MatrixComplex.pp.0.cpp:24431:3: note: FIX-IT applied suggested code changes
/home/admin/Desktop/SOCExtraFeatures/PYNQZ2/MotorFatigue/pack_stream_to_blk/hls/.autopilot/db/MatrixComplex.pp.0.cpp:24481:4: warning: Added loop label VITIS_LOOP_3055_9:   [xilinx-label-all-loops]
   for(int j = 25; j>= I_+12; j--) {
   ^~~
   VITIS_LOOP_3055_9: 
/home/admin/Desktop/SOCExtraFeatures/PYNQZ2/MotorFatigue/pack_stream_to_blk/hls/.autopilot/db/MatrixComplex.pp.0.cpp:24481:4: note: FIX-IT applied suggested code changes
/home/admin/Desktop/SOCExtraFeatures/PYNQZ2/MotorFatigue/pack_stream_to_blk/hls/.autopilot/db/MatrixComplex.pp.0.cpp:24488:5: warning: Added loop label VITIS_LOOP_3062_10:   [xilinx-label-all-loops]
    for(int j = 25; j>=I_+12; j--) {
    ^~~
    VITIS_LOOP_3062_10: 
/home/admin/Desktop/SOCExtraFeatures/PYNQZ2/MotorFatigue/pack_stream_to_blk/hls/.autopilot/db/MatrixComplex.pp.0.cpp:24488:5: note: FIX-IT applied suggested code changes
/home/admin/Desktop/SOCExtraFeatures/PYNQZ2/MotorFatigue/pack_stream_to_blk/hls/.autopilot/db/MatrixComplex.pp.0.cpp:24492:5: warning: Added loop label VITIS_LOOP_3066_11:   [xilinx-label-all-loops]
    for(int j = I_+11; j>=0; j--) {
    ^~~
    VITIS_LOOP_3066_11: 
/home/admin/Desktop/SOCExtraFeatures/PYNQZ2/MotorFatigue/pack_stream_to_blk/hls/.autopilot/db/MatrixComplex.pp.0.cpp:24492:5: note: FIX-IT applied suggested code changes
/home/admin/Desktop/SOCExtraFeatures/PYNQZ2/MotorFatigue/pack_stream_to_blk/hls/.autopilot/db/MatrixComplex.pp.0.cpp:24507:3: warning: Added loop label VITIS_LOOP_3081_12:   [xilinx-label-all-loops]
  for(int j = 51; j >= 29; j--) {
  ^~~
  VITIS_LOOP_3081_12: 
/home/admin/Desktop/SOCExtraFeatures/PYNQZ2/MotorFatigue/pack_stream_to_blk/hls/.autopilot/db/MatrixComplex.pp.0.cpp:24507:3: note: FIX-IT applied suggested code changes
/home/admin/Desktop/SOCExtraFeatures/PYNQZ2/MotorFatigue/pack_stream_to_blk/hls/.autopilot/db/MatrixComplex.pp.0.cpp:24644:4: warning: Added loop label VITIS_LOOP_3218_13:   [xilinx-label-all-loops]
   for(int j = 51; j >= 25 + I_; j--) {
   ^~~
   VITIS_LOOP_3218_13: 
/home/admin/Desktop/SOCExtraFeatures/PYNQZ2/MotorFatigue/pack_stream_to_blk/hls/.autopilot/db/MatrixComplex.pp.0.cpp:24644:4: note: FIX-IT applied suggested code changes
/home/admin/Desktop/SOCExtraFeatures/PYNQZ2/MotorFatigue/pack_stream_to_blk/hls/.autopilot/db/MatrixComplex.pp.0.cpp:24651:5: warning: Added loop label VITIS_LOOP_3225_14:   [xilinx-label-all-loops]
    for(int j = 51; j>=25 + I_; j--) {
    ^~~
    VITIS_LOOP_3225_14: 
/home/admin/Desktop/SOCExtraFeatures/PYNQZ2/MotorFatigue/pack_stream_to_blk/hls/.autopilot/db/MatrixComplex.pp.0.cpp:24651:5: note: FIX-IT applied suggested code changes
/home/admin/Desktop/SOCExtraFeatures/PYNQZ2/MotorFatigue/pack_stream_to_blk/hls/.autopilot/db/MatrixComplex.pp.0.cpp:24655:5: warning: Added loop label VITIS_LOOP_3229_15:   [xilinx-label-all-loops]
    for(int j = 24 + I_; j >= 0; j--) {
    ^~~
    VITIS_LOOP_3229_15: 
/home/admin/Desktop/SOCExtraFeatures/PYNQZ2/MotorFatigue/pack_stream_to_blk/hls/.autopilot/db/MatrixComplex.pp.0.cpp:24655:5: note: FIX-IT applied suggested code changes
/home/admin/Desktop/SOCExtraFeatures/PYNQZ2/MotorFatigue/pack_stream_to_blk/hls/.autopilot/db/MatrixComplex.pp.0.cpp:24670:3: warning: Added loop label VITIS_LOOP_3244_16:   [xilinx-label-all-loops]
  for(int j = 63; j >= 36; j--) {
  ^~~
  VITIS_LOOP_3244_16: 
/home/admin/Desktop/SOCExtraFeatures/PYNQZ2/MotorFatigue/pack_stream_to_blk/hls/.autopilot/db/MatrixComplex.pp.0.cpp:24670:3: note: FIX-IT applied suggested code changes
/home/admin/Desktop/SOCExtraFeatures/PYNQZ2/MotorFatigue/pack_stream_to_blk/hls/.autopilot/db/MatrixComplex.pp.0.cpp:24830:4: warning: Added loop label VITIS_LOOP_3404_17:   [xilinx-label-all-loops]
   for(int j = 63; j >= 31 + I_; j--) {
   ^~~
   VITIS_LOOP_3404_17: 
/home/admin/Desktop/SOCExtraFeatures/PYNQZ2/MotorFatigue/pack_stream_to_blk/hls/.autopilot/db/MatrixComplex.pp.0.cpp:24830:4: note: FIX-IT applied suggested code changes
/home/admin/Desktop/SOCExtraFeatures/PYNQZ2/MotorFatigue/pack_stream_to_blk/hls/.autopilot/db/MatrixComplex.pp.0.cpp:24837:5: warning: Added loop label VITIS_LOOP_3411_18:   [xilinx-label-all-loops]
    for(int j = 63; j >= 31 + I_; j--) {
    ^~~
    VITIS_LOOP_3411_18: 
/home/admin/Desktop/SOCExtraFeatures/PYNQZ2/MotorFatigue/pack_stream_to_blk/hls/.autopilot/db/MatrixComplex.pp.0.cpp:24837:5: note: FIX-IT applied suggested code changes
/home/admin/Desktop/SOCExtraFeatures/PYNQZ2/MotorFatigue/pack_stream_to_blk/hls/.autopilot/db/MatrixComplex.pp.0.cpp:24841:5: warning: Added loop label VITIS_LOOP_3415_19:   [xilinx-label-all-loops]
    for(int j = 30 + I_; j >= 0; j--) {
    ^~~
    VITIS_LOOP_3415_19: 
/home/admin/Desktop/SOCExtraFeatures/PYNQZ2/MotorFatigue/pack_stream_to_blk/hls/.autopilot/db/MatrixComplex.pp.0.cpp:24841:5: note: FIX-IT applied suggested code changes
/home/admin/Desktop/SOCExtraFeatures/PYNQZ2/MotorFatigue/pack_stream_to_blk/hls/.autopilot/db/MatrixComplex.pp.0.cpp:25556:13: warning: Added loop label VITIS_LOOP_703_1:   [xilinx-label-all-loops]
            for (b_exp = I_-1; b_exp >= -F_; b_exp--) {
            ^~~
            VITIS_LOOP_703_1: 
/home/admin/Desktop/SOCExtraFeatures/PYNQZ2/MotorFatigue/pack_stream_to_blk/hls/.autopilot/db/MatrixComplex.pp.0.cpp:25556:13: note: FIX-IT applied suggested code changes
/home/admin/Desktop/SOCExtraFeatures/PYNQZ2/MotorFatigue/pack_stream_to_blk/hls/.autopilot/db/MatrixComplex.pp.0.cpp:25774:13: warning: Added loop label VITIS_LOOP_921_1:   [xilinx-label-all-loops]
            for (b_exp = I_-1; b_exp >= -F_; b_exp--) {
            ^~~
            VITIS_LOOP_921_1: 
/home/admin/Desktop/SOCExtraFeatures/PYNQZ2/MotorFatigue/pack_stream_to_blk/hls/.autopilot/db/MatrixComplex.pp.0.cpp:25774:13: note: FIX-IT applied suggested code changes
/home/admin/Desktop/SOCExtraFeatures/PYNQZ2/MotorFatigue/pack_stream_to_blk/hls/.autopilot/db/MatrixComplex.pp.0.cpp:26191:13: warning: Added loop label VITIS_LOOP_1345_1:   [xilinx-label-all-loops]
            for (b_exp = I_-1; b_exp >= -F_; b_exp--) {
            ^~~
            VITIS_LOOP_1345_1: 
/home/admin/Desktop/SOCExtraFeatures/PYNQZ2/MotorFatigue/pack_stream_to_blk/hls/.autopilot/db/MatrixComplex.pp.0.cpp:26191:13: note: FIX-IT applied suggested code changes
/home/admin/Desktop/SOCExtraFeatures/PYNQZ2/MotorFatigue/pack_stream_to_blk/hls/.autopilot/db/MatrixComplex.pp.0.cpp:26511:9: warning: Added loop label VITIS_LOOP_240_1:   [xilinx-label-all-loops]
        for ( int pos = msbr-1; pos >= 0; pos-- ) {
        ^~~
        VITIS_LOOP_240_1: 
/home/admin/Desktop/SOCExtraFeatures/PYNQZ2/MotorFatigue/pack_stream_to_blk/hls/.autopilot/db/MatrixComplex.pp.0.cpp:26511:9: note: FIX-IT applied suggested code changes
/home/admin/Desktop/SOCExtraFeatures/PYNQZ2/MotorFatigue/pack_stream_to_blk/hls/.autopilot/db/MatrixComplex.pp.0.cpp:26539:9: warning: Added loop label VITIS_LOOP_268_2:   [xilinx-label-all-loops]
        for ( int pos = -1; pos >= -F_-1; pos-- ) {
        ^~~
        VITIS_LOOP_268_2: 
/home/admin/Desktop/SOCExtraFeatures/PYNQZ2/MotorFatigue/pack_stream_to_blk/hls/.autopilot/db/MatrixComplex.pp.0.cpp:26539:9: note: FIX-IT applied suggested code changes
/home/admin/Desktop/SOCExtraFeatures/PYNQZ2/MotorFatigue/pack_stream_to_blk/hls/.autopilot/db/MatrixComplex.pp.0.cpp:27241:13: warning: Added loop label VITIS_LOOP_48_1:   [xilinx-label-all-loops]
            for (int j = 0; j < W_-1; j++){
            ^~~
            VITIS_LOOP_48_1: 
/home/admin/Desktop/SOCExtraFeatures/PYNQZ2/MotorFatigue/pack_stream_to_blk/hls/.autopilot/db/MatrixComplex.pp.0.cpp:27241:13: note: FIX-IT applied suggested code changes
/home/admin/Desktop/SOCExtraFeatures/PYNQZ2/MotorFatigue/pack_stream_to_blk/hls/.autopilot/db/MatrixComplex.pp.0.cpp:27294:5: warning: Added loop label VITIS_LOOP_109_2:   [xilinx-label-all-loops]
    for (int j = F_l+F_+I_m-1; j < F_l+W_+5; j++){
    ^~~
    VITIS_LOOP_109_2: 
/home/admin/Desktop/SOCExtraFeatures/PYNQZ2/MotorFatigue/pack_stream_to_blk/hls/.autopilot/db/MatrixComplex.pp.0.cpp:27294:5: note: FIX-IT applied suggested code changes
/home/admin/Desktop/SOCExtraFeatures/PYNQZ2/MotorFatigue/pack_stream_to_blk/hls/.autopilot/db/MatrixComplex.pp.0.cpp:27308:13: warning: Added loop label VITIS_LOOP_123_3:   [xilinx-label-all-loops]
            for (int j = WO_m-1; j >= W_-1; j--) {
            ^~~
            VITIS_LOOP_123_3: 
/home/admin/Desktop/SOCExtraFeatures/PYNQZ2/MotorFatigue/pack_stream_to_blk/hls/.autopilot/db/MatrixComplex.pp.0.cpp:27308:13: note: FIX-IT applied suggested code changes
/home/admin/Desktop/SOCExtraFeatures/PYNQZ2/MotorFatigue/pack_stream_to_blk/hls/.autopilot/db/MatrixComplex.pp.0.cpp:27338:13: warning: Added loop label VITIS_LOOP_153_4:   [xilinx-label-all-loops]
            for (int j = W_-2; j >= 0; j--){
            ^~~
            VITIS_LOOP_153_4: 
/home/admin/Desktop/SOCExtraFeatures/PYNQZ2/MotorFatigue/pack_stream_to_blk/hls/.autopilot/db/MatrixComplex.pp.0.cpp:27338:13: note: FIX-IT applied suggested code changes
/home/admin/Desktop/SOCExtraFeatures/PYNQZ2/MotorFatigue/pack_stream_to_blk/hls/.autopilot/db/MatrixComplex.pp.0.cpp:27423:12: warning: Added loop label VITIS_LOOP_281_1:   [xilinx-label-all-loops]
           for(int i = wf_log+we_log-2; i > WI_e - 2; --i) {
           ^~~
           VITIS_LOOP_281_1: 
/home/admin/Desktop/SOCExtraFeatures/PYNQZ2/MotorFatigue/pack_stream_to_blk/hls/.autopilot/db/MatrixComplex.pp.0.cpp:27423:12: note: FIX-IT applied suggested code changes
/home/admin/Desktop/SOCExtraFeatures/PYNQZ2/MotorFatigue/pack_stream_to_blk/hls/.autopilot/db/MatrixComplex.pp.0.cpp:27443:16: warning: Added loop label VITIS_LOOP_301_2:   [xilinx-label-all-loops]
               for (int j = WO_e-1; j >= W_-1; j--) {
               ^~~
               VITIS_LOOP_301_2: 
/home/admin/Desktop/SOCExtraFeatures/PYNQZ2/MotorFatigue/pack_stream_to_blk/hls/.autopilot/db/MatrixComplex.pp.0.cpp:27443:16: note: FIX-IT applied suggested code changes
/home/admin/Desktop/SOCExtraFeatures/PYNQZ2/MotorFatigue/pack_stream_to_blk/hls/.autopilot/db/MatrixComplex.pp.0.cpp:27457:20: warning: Added loop label VITIS_LOOP_315_3:   [xilinx-label-all-loops]
                   for(int i = 0; i < W_-1; ++i) {
                   ^~~
                   VITIS_LOOP_315_3: 
/home/admin/Desktop/SOCExtraFeatures/PYNQZ2/MotorFatigue/pack_stream_to_blk/hls/.autopilot/db/MatrixComplex.pp.0.cpp:27457:20: note: FIX-IT applied suggested code changes
/home/admin/Desktop/SOCExtraFeatures/PYNQZ2/MotorFatigue/pack_stream_to_blk/hls/.autopilot/db/MatrixComplex.pp.0.cpp:27550:12: warning: Added loop label VITIS_LOOP_433_1:   [xilinx-label-all-loops]
           for (int j =WO_d-1; j >= W_-1; j--) {
           ^~~
           VITIS_LOOP_433_1: 
/home/admin/Desktop/SOCExtraFeatures/PYNQZ2/MotorFatigue/pack_stream_to_blk/hls/.autopilot/db/MatrixComplex.pp.0.cpp:27550:12: note: FIX-IT applied suggested code changes
/home/admin/Desktop/SOCExtraFeatures/PYNQZ2/MotorFatigue/pack_stream_to_blk/hls/.autopilot/db/MatrixComplex.pp.0.cpp:27564:15: warning: Added loop label VITIS_LOOP_447_2:   [xilinx-label-all-loops]
              for(int i = 0; i < W_-1; ++i) {
              ^~~
              VITIS_LOOP_447_2: 
/home/admin/Desktop/SOCExtraFeatures/PYNQZ2/MotorFatigue/pack_stream_to_blk/hls/.autopilot/db/MatrixComplex.pp.0.cpp:27564:15: note: FIX-IT applied suggested code changes
/home/admin/Desktop/SOCExtraFeatures/PYNQZ2/MotorFatigue/pack_stream_to_blk/hls/.autopilot/db/MatrixComplex.pp.0.cpp:27684:13: warning: Added loop label VITIS_LOOP_33_1:   [xilinx-label-all-loops]
            for (int i = 0; i < W_-1; i++){
            ^~~
            VITIS_LOOP_33_1: 
/home/admin/Desktop/SOCExtraFeatures/PYNQZ2/MotorFatigue/pack_stream_to_blk/hls/.autopilot/db/MatrixComplex.pp.0.cpp:27684:13: note: FIX-IT applied suggested code changes
/home/admin/Desktop/SOCExtraFeatures/PYNQZ2/MotorFatigue/pack_stream_to_blk/hls/.autopilot/db/MatrixComplex.pp.0.cpp:27808:13: warning: Added loop label VITIS_LOOP_183_1:   [xilinx-label-all-loops]
            for (int i = 0; i < W_-1; i++){
            ^~~
            VITIS_LOOP_183_1: 
/home/admin/Desktop/SOCExtraFeatures/PYNQZ2/MotorFatigue/pack_stream_to_blk/hls/.autopilot/db/MatrixComplex.pp.0.cpp:27808:13: note: FIX-IT applied suggested code changes
/home/admin/Desktop/SOCExtraFeatures/PYNQZ2/MotorFatigue/pack_stream_to_blk/hls/.autopilot/db/MatrixComplex.pp.0.cpp:27863:13: warning: Added loop label VITIS_LOOP_248_1:   [xilinx-label-all-loops]
            for (int i = 0; i < W_-1; i++){
            ^~~
            VITIS_LOOP_248_1: 
/home/admin/Desktop/SOCExtraFeatures/PYNQZ2/MotorFatigue/pack_stream_to_blk/hls/.autopilot/db/MatrixComplex.pp.0.cpp:27863:13: note: FIX-IT applied suggested code changes
/home/admin/Desktop/SOCExtraFeatures/PYNQZ2/MotorFatigue/pack_stream_to_blk/hls/.autopilot/db/MatrixComplex.pp.0.cpp:28382:2: warning: Added loop label VITIS_LOOP_16_1:   [xilinx-label-all-loops]
 for (int i=0; i<W_;i++)
 ^~~
 VITIS_LOOP_16_1: 
/home/admin/Desktop/SOCExtraFeatures/PYNQZ2/MotorFatigue/pack_stream_to_blk/hls/.autopilot/db/MatrixComplex.pp.0.cpp:28382:2: note: FIX-IT applied suggested code changes
/home/admin/Desktop/SOCExtraFeatures/PYNQZ2/MotorFatigue/pack_stream_to_blk/hls/.autopilot/db/MatrixComplex.pp.0.cpp:28393:2: warning: Added loop label VITIS_LOOP_27_1:   [xilinx-label-all-loops]
 for (int i=0; i<W_;i++)
 ^~~
 VITIS_LOOP_27_1: 
/home/admin/Desktop/SOCExtraFeatures/PYNQZ2/MotorFatigue/pack_stream_to_blk/hls/.autopilot/db/MatrixComplex.pp.0.cpp:28393:2: note: FIX-IT applied suggested code changes
/home/admin/Desktop/SOCExtraFeatures/PYNQZ2/MotorFatigue/pack_stream_to_blk/hls/.autopilot/db/MatrixComplex.pp.0.cpp:28404:2: warning: Added loop label VITIS_LOOP_38_1:   [xilinx-label-all-loops]
 for (int i=0; i<I_;i++)
 ^~~
 VITIS_LOOP_38_1: 
/home/admin/Desktop/SOCExtraFeatures/PYNQZ2/MotorFatigue/pack_stream_to_blk/hls/.autopilot/db/MatrixComplex.pp.0.cpp:28404:2: note: FIX-IT applied suggested code changes
/home/admin/Desktop/SOCExtraFeatures/PYNQZ2/MotorFatigue/pack_stream_to_blk/hls/.autopilot/db/MatrixComplex.pp.0.cpp:28415:2: warning: Added loop label VITIS_LOOP_49_1:   [xilinx-label-all-loops]
 for (int i=0; i<I_;i++)
 ^~~
 VITIS_LOOP_49_1: 
/home/admin/Desktop/SOCExtraFeatures/PYNQZ2/MotorFatigue/pack_stream_to_blk/hls/.autopilot/db/MatrixComplex.pp.0.cpp:28415:2: note: FIX-IT applied suggested code changes
/home/admin/Desktop/SOCExtraFeatures/PYNQZ2/MotorFatigue/pack_stream_to_blk/hls/.autopilot/db/MatrixComplex.pp.0.cpp:28426:2: warning: Added loop label VITIS_LOOP_60_1:   [xilinx-label-all-loops]
 for (int i=0; i<W_;i++)
 ^~~
 VITIS_LOOP_60_1: 
/home/admin/Desktop/SOCExtraFeatures/PYNQZ2/MotorFatigue/pack_stream_to_blk/hls/.autopilot/db/MatrixComplex.pp.0.cpp:28426:2: note: FIX-IT applied suggested code changes
/home/admin/Desktop/SOCExtraFeatures/PYNQZ2/MotorFatigue/pack_stream_to_blk/hls/.autopilot/db/MatrixComplex.pp.0.cpp:28437:2: warning: Added loop label VITIS_LOOP_71_1:   [xilinx-label-all-loops]
 for (int i=0; i<W_;i++)
 ^~~
 VITIS_LOOP_71_1: 
/home/admin/Desktop/SOCExtraFeatures/PYNQZ2/MotorFatigue/pack_stream_to_blk/hls/.autopilot/db/MatrixComplex.pp.0.cpp:28437:2: note: FIX-IT applied suggested code changes
/home/admin/Desktop/SOCExtraFeatures/PYNQZ2/MotorFatigue/pack_stream_to_blk/hls/.autopilot/db/MatrixComplex.pp.0.cpp:28448:2: warning: Added loop label VITIS_LOOP_82_1:   [xilinx-label-all-loops]
 for (int i=0; i<I_;i++)
 ^~~
 VITIS_LOOP_82_1: 
/home/admin/Desktop/SOCExtraFeatures/PYNQZ2/MotorFatigue/pack_stream_to_blk/hls/.autopilot/db/MatrixComplex.pp.0.cpp:28448:2: note: FIX-IT applied suggested code changes
/home/admin/Desktop/SOCExtraFeatures/PYNQZ2/MotorFatigue/pack_stream_to_blk/hls/.autopilot/db/MatrixComplex.pp.0.cpp:28459:2: warning: Added loop label VITIS_LOOP_93_1:   [xilinx-label-all-loops]
 for (int i=0; i<I_;i++)
 ^~~
 VITIS_LOOP_93_1: 
/home/admin/Desktop/SOCExtraFeatures/PYNQZ2/MotorFatigue/pack_stream_to_blk/hls/.autopilot/db/MatrixComplex.pp.0.cpp:28459:2: note: FIX-IT applied suggested code changes
/home/admin/Desktop/SOCExtraFeatures/PYNQZ2/MotorFatigue/pack_stream_to_blk/hls/.autopilot/db/MatrixComplex.pp.0.cpp:30819:12: warning: Added loop label VITIS_LOOP_26_1:   [xilinx-label-all-loops]
           for(int i = 0; i < W_-1; ++i) {
           ^~~
           VITIS_LOOP_26_1: 
/home/admin/Desktop/SOCExtraFeatures/PYNQZ2/MotorFatigue/pack_stream_to_blk/hls/.autopilot/db/MatrixComplex.pp.0.cpp:30819:12: note: FIX-IT applied suggested code changes
/home/admin/Desktop/SOCExtraFeatures/PYNQZ2/MotorFatigue/pack_stream_to_blk/hls/.autopilot/db/MatrixComplex.pp.0.cpp:30883:7: warning: Added loop label VITIS_LOOP_40_1:   [xilinx-label-all-loops]
      for(int pos = msbr - 1 ; pos >= -F-1; pos--) {
      ^~~
      VITIS_LOOP_40_1: 
/home/admin/Desktop/SOCExtraFeatures/PYNQZ2/MotorFatigue/pack_stream_to_blk/hls/.autopilot/db/MatrixComplex.pp.0.cpp:30883:7: note: FIX-IT applied suggested code changes
/home/admin/Desktop/SOCExtraFeatures/PYNQZ2/MotorFatigue/pack_stream_to_blk/hls/.autopilot/db/MatrixComplex.pp.0.cpp:31000:9: warning: Added loop label VITIS_LOOP_49_1:   [xilinx-label-all-loops]
        for(int pos = msbr - 1; pos >= 0; pos--) {
        ^~~
        VITIS_LOOP_49_1: 
/home/admin/Desktop/SOCExtraFeatures/PYNQZ2/MotorFatigue/pack_stream_to_blk/hls/.autopilot/db/MatrixComplex.pp.0.cpp:31000:9: note: FIX-IT applied suggested code changes
/home/admin/Desktop/SOCExtraFeatures/PYNQZ2/MotorFatigue/pack_stream_to_blk/hls/.autopilot/db/MatrixComplex.pp.0.cpp:31025:5: warning: Added loop label VITIS_LOOP_81_2:   [xilinx-label-all-loops]
    for(int pos = -1; pos >= -F-1; pos--) {
    ^~~
    VITIS_LOOP_81_2: 
/home/admin/Desktop/SOCExtraFeatures/PYNQZ2/MotorFatigue/pack_stream_to_blk/hls/.autopilot/db/MatrixComplex.pp.0.cpp:31025:5: note: FIX-IT applied suggested code changes
/home/admin/Desktop/SOCExtraFeatures/PYNQZ2/MotorFatigue/pack_stream_to_blk/hls/.autopilot/db/MatrixComplex.pp.0.cpp:31095:8: warning: Added loop label VITIS_LOOP_169_3:   [xilinx-label-all-loops]
       for(int i = 0; i < W - 1; ++i) {
       ^~~
       VITIS_LOOP_169_3: 
/home/admin/Desktop/SOCExtraFeatures/PYNQZ2/MotorFatigue/pack_stream_to_blk/hls/.autopilot/db/MatrixComplex.pp.0.cpp:31095:8: note: FIX-IT applied suggested code changes
/home/admin/Desktop/SOCExtraFeatures/PYNQZ2/MotorFatigue/pack_stream_to_blk/hls/.autopilot/db/MatrixComplex.pp.0.cpp:33365:3: warning: Added loop label VITIS_LOOP_20_1:   [xilinx-label-all-loops]
  for (int ib = 0; ib < num_blocks; ib++) {
  ^~~
  VITIS_LOOP_20_1: 
/home/admin/Desktop/SOCExtraFeatures/PYNQZ2/MotorFatigue/pack_stream_to_blk/hls/.autopilot/db/MatrixComplex.pp.0.cpp:33365:3: note: FIX-IT applied suggested code changes
/home/admin/Desktop/SOCExtraFeatures/PYNQZ2/MotorFatigue/pack_stream_to_blk/hls/.autopilot/db/MatrixComplex.pp.0.cpp:33367:5: warning: Added loop label VITIS_LOOP_22_2:   [xilinx-label-all-loops]
    for (int i = 0; i < 3; i++) {
    ^~~
    VITIS_LOOP_22_2: 
/home/admin/Desktop/SOCExtraFeatures/PYNQZ2/MotorFatigue/pack_stream_to_blk/hls/.autopilot/db/MatrixComplex.pp.0.cpp:33367:5: note: FIX-IT applied suggested code changes
/home/admin/Desktop/SOCExtraFeatures/PYNQZ2/MotorFatigue/pack_stream_to_blk/hls/.autopilot/db/MatrixComplex.pp.0.cpp:33372:5: warning: Added loop label VITIS_LOOP_27_3:   [xilinx-label-all-loops]
    for (int k = 0; k < 3; k++) {
    ^~~
    VITIS_LOOP_27_3: 
/home/admin/Desktop/SOCExtraFeatures/PYNQZ2/MotorFatigue/pack_stream_to_blk/hls/.autopilot/db/MatrixComplex.pp.0.cpp:33372:5: note: FIX-IT applied suggested code changes
/home/admin/Desktop/SOCExtraFeatures/PYNQZ2/MotorFatigue/pack_stream_to_blk/hls/.autopilot/db/MatrixComplex.pp.0.cpp:33376:7: warning: Added loop label VITIS_LOOP_31_4:   [xilinx-label-all-loops]
      for (int i = 0; i < 3; i++) {
      ^~~
      VITIS_LOOP_31_4: 
/home/admin/Desktop/SOCExtraFeatures/PYNQZ2/MotorFatigue/pack_stream_to_blk/hls/.autopilot/db/MatrixComplex.pp.0.cpp:33376:7: note: FIX-IT applied suggested code changes
/home/admin/Desktop/SOCExtraFeatures/PYNQZ2/MotorFatigue/pack_stream_to_blk/hls/.autopilot/db/MatrixComplex.pp.0.cpp:33377:9: warning: Added loop label VITIS_LOOP_32_5:   [xilinx-label-all-loops]
        for (int j = 0; j < 3; j++) {
        ^~~
        VITIS_LOOP_32_5: 
/home/admin/Desktop/SOCExtraFeatures/PYNQZ2/MotorFatigue/pack_stream_to_blk/hls/.autopilot/db/MatrixComplex.pp.0.cpp:33377:9: note: FIX-IT applied suggested code changes
/home/admin/Desktop/SOCExtraFeatures/PYNQZ2/MotorFatigue/pack_stream_to_blk/hls/.autopilot/db/MatrixComplex.pp.0.cpp:33412:3: warning: Added loop label VITIS_LOOP_67_1:   [xilinx-label-all-loops]
  for (int ib = 0; ib < num_blocks; ib++) {
  ^~~
  VITIS_LOOP_67_1: 
/home/admin/Desktop/SOCExtraFeatures/PYNQZ2/MotorFatigue/pack_stream_to_blk/hls/.autopilot/db/MatrixComplex.pp.0.cpp:33412:3: note: FIX-IT applied suggested code changes
/home/admin/Desktop/SOCExtraFeatures/PYNQZ2/MotorFatigue/pack_stream_to_blk/hls/.autopilot/db/MatrixComplex.pp.0.cpp:33415:5: warning: Added loop label VITIS_LOOP_70_2:   [xilinx-label-all-loops]
    for (int i = 0; i < 3; i++) {
    ^~~
    VITIS_LOOP_70_2: 
/home/admin/Desktop/SOCExtraFeatures/PYNQZ2/MotorFatigue/pack_stream_to_blk/hls/.autopilot/db/MatrixComplex.pp.0.cpp:33415:5: note: FIX-IT applied suggested code changes
/home/admin/Desktop/SOCExtraFeatures/PYNQZ2/MotorFatigue/pack_stream_to_blk/hls/.autopilot/db/MatrixComplex.pp.0.cpp:33420:5: warning: Added loop label VITIS_LOOP_75_3:   [xilinx-label-all-loops]
    for (int k = 0; k < 3; k++) {
    ^~~
    VITIS_LOOP_75_3: 
/home/admin/Desktop/SOCExtraFeatures/PYNQZ2/MotorFatigue/pack_stream_to_blk/hls/.autopilot/db/MatrixComplex.pp.0.cpp:33420:5: note: FIX-IT applied suggested code changes
/home/admin/Desktop/SOCExtraFeatures/PYNQZ2/MotorFatigue/pack_stream_to_blk/hls/.autopilot/db/MatrixComplex.pp.0.cpp:33424:7: warning: Added loop label VITIS_LOOP_79_4:   [xilinx-label-all-loops]
      for (int i = 0; i < 3; i++) {
      ^~~
      VITIS_LOOP_79_4: 
/home/admin/Desktop/SOCExtraFeatures/PYNQZ2/MotorFatigue/pack_stream_to_blk/hls/.autopilot/db/MatrixComplex.pp.0.cpp:33424:7: note: FIX-IT applied suggested code changes
/home/admin/Desktop/SOCExtraFeatures/PYNQZ2/MotorFatigue/pack_stream_to_blk/hls/.autopilot/db/MatrixComplex.pp.0.cpp:33425:9: warning: Added loop label VITIS_LOOP_80_5:   [xilinx-label-all-loops]
        for (int j = 0; j < 3; j++) {
        ^~~
        VITIS_LOOP_80_5: 
/home/admin/Desktop/SOCExtraFeatures/PYNQZ2/MotorFatigue/pack_stream_to_blk/hls/.autopilot/db/MatrixComplex.pp.0.cpp:33425:9: note: FIX-IT applied suggested code changes
/home/admin/Desktop/SOCExtraFeatures/PYNQZ2/MotorFatigue/pack_stream_to_blk/hls/.autopilot/db/MatrixComplex.pp.0.cpp:33455:3: warning: Added loop label VITIS_LOOP_110_1:   [xilinx-label-all-loops]
  for (int blk_count = 0; blk_count < num_blocks; blk_count++) {
  ^~~
  VITIS_LOOP_110_1: 
/home/admin/Desktop/SOCExtraFeatures/PYNQZ2/MotorFatigue/pack_stream_to_blk/hls/.autopilot/db/MatrixComplex.pp.0.cpp:33455:3: note: FIX-IT applied suggested code changes
/home/admin/Desktop/SOCExtraFeatures/PYNQZ2/MotorFatigue/pack_stream_to_blk/hls/.autopilot/db/MatrixComplex.pp.0.cpp:33465:5: warning: Added loop label VITIS_LOOP_120_2:   [xilinx-label-all-loops]
    for (int j = 0; j < elements_in_block; j++) {
    ^~~
    VITIS_LOOP_120_2: 
/home/admin/Desktop/SOCExtraFeatures/PYNQZ2/MotorFatigue/pack_stream_to_blk/hls/.autopilot/db/MatrixComplex.pp.0.cpp:33465:5: note: FIX-IT applied suggested code changes
/home/admin/Desktop/SOCExtraFeatures/PYNQZ2/MotorFatigue/pack_stream_to_blk/hls/.autopilot/db/MatrixComplex.pp.0.cpp:33478:7: warning: Added loop label VITIS_LOOP_133_3:   [xilinx-label-all-loops]
      for (int j = last_block_size; j < 3; j++) {
      ^~~
      VITIS_LOOP_133_3: 
/home/admin/Desktop/SOCExtraFeatures/PYNQZ2/MotorFatigue/pack_stream_to_blk/hls/.autopilot/db/MatrixComplex.pp.0.cpp:33478:7: note: FIX-IT applied suggested code changes
