dfgPass::INFOR: DFG Pass going to run on Module: /home/almavitis/VM_share/SOCExtraFeatures/SoC_wsHLS/SoC_hls_component/SoC_hls_component/hls/csim/code_analyzer/.internal/instrument/app_1/project.symbols.bc
dfgPass::INFOR:     Getting ProgramContainer for application app
dfgPass::INFOR:     Parsing the provided input trace files...
dfgPass::INFOR:     Initializing InstructionCounter...
dfgPass::VERBO:     +0 is not a loop
dfgPass::VERBO:     +0 is not a loop
dfgPass::VERBO:     +0 is not a loop
dfgPass::VERBO:     +0 is not a loop
dfgPass::VERBO:     +1 is not an innermost loop
dfgPass::VERBO:     +2 is not an innermost loop
dfgPass::VERBO:       - BEFORE BREAK
dfgPass::VERBO:       - for.cond4
dfgPass::VERBO:         - memlocal of :k:0
dfgPass::VERBO:         - LCV conditional branch 6:48
dfgPass::VERBO:       - AFTER BREAK
dfgPass::VERBO:       - for.body6
dfgPass::VERBO:         - memlocal of :A:0
dfgPass::VERBO:         - memlocal of :i:0
dfgPass::VERBO:         - memlocal of :k:0
dfgPass::VERBO:         - memlocal of :B:0
dfgPass::VERBO:         - memlocal of :k:0
dfgPass::VERBO:         - memlocal of :j:0
dfgPass::VERBO:         - memlocal of :ABij:0
dfgPass::VERBO:         - invalid TR:4:0
dfgPass::VERBO:     +0 is not a loop
dfgPass::VERBO:     +1 is not an innermost loop
dfgPass::VERBO:     +2 is not an innermost loop
dfgPass::VERBO:       - BEFORE BREAK
dfgPass::VERBO:       - for.cond4
dfgPass::VERBO:         - memlocal of :k:0
dfgPass::VERBO:         - LCV conditional branch 6:48
dfgPass::VERBO:       - AFTER BREAK
dfgPass::VERBO:       - for.body6
dfgPass::VERBO:         - memlocal of :A:0
dfgPass::VERBO:         - memlocal of :i:0
dfgPass::VERBO:         - memlocal of :k:0
dfgPass::VERBO:         - memlocal of :B:0
dfgPass::VERBO:         - memlocal of :k:0
dfgPass::VERBO:         - memlocal of :j:0
dfgPass::VERBO:         - memlocal of :ABij:0
dfgPass::VERBO:         - invalid TR:4:0
dfgPass::VERBO:     +0 is not a loop
dfgPass::VERBO:     +1 is not an innermost loop
dfgPass::VERBO:     +2 fails R.hasBlockSchema
dfgPass::VERBO:     +3 is not an innermost loop
dfgPass::VERBO:     +4 fails R.hasBlockSchema
dfgPass::VERBO:     +5 is not an innermost loop
dfgPass::VERBO:     +6 fails R.hasBlockSchema
dfgPass::VERBO:     +7 is not an innermost loop
dfgPass::VERBO:     +8 is not an innermost loop
dfgPass::VERBO:     +9 is not an innermost loop
dfgPass::VERBO:       - BEFORE BREAK
dfgPass::VERBO:       - for.cond100
dfgPass::VERBO:         - memlocal of :j:0
dfgPass::VERBO:         - LCV conditional branch 6:48
dfgPass::VERBO:       - AFTER BREAK
dfgPass::VERBO:       - for.body102
dfgPass::VERBO:         - memlocal of :i:0
dfgPass::VERBO:         - memlocal of :j:0
dfgPass::VERBO:         - memlocal offset is invalid:0:4
dfgPass::VERBO:       - AFTER BREAK
dfgPass::VERBO:       - for.inc107
dfgPass::VERBO:         - memlocal of :j:0
dfgPass::VERBO:         - memlocal of :j:1
dfgPass::VERBO:       - AFTER BREAK
dfgPass::VERBO:     +11 is not an innermost loop
dfgPass::VERBO:     +12 is not an innermost loop
dfgPass::VERBO:       - BEFORE BREAK
dfgPass::VERBO:       - for.cond121
dfgPass::VERBO:         - memlocal of :j:0
dfgPass::VERBO:         - LCV conditional branch 6:48
dfgPass::VERBO:       - AFTER BREAK
dfgPass::VERBO:       - for.body123
dfgPass::VERBO:         - memlocal of :ib:0
dfgPass::VERBO:         - memlocal of :j:0
dfgPass::VERBO:         - memlocal of :kb:0
dfgPass::VERBO:         - memlocal of :i:0
dfgPass::VERBO:         - memlocal offset is invalid:0:4
dfgPass::VERBO:         - memlocal of :j:0
dfgPass::VERBO:         - memlocal offset is invalid:0:4
dfgPass::VERBO:       - AFTER BREAK
dfgPass::VERBO:       - for.inc132
dfgPass::VERBO:         - memlocal of :j:0
dfgPass::VERBO:         - memlocal of :j:1
dfgPass::VERBO:       - AFTER BREAK
dfgPass::VERBO:     +14 is not an innermost loop
dfgPass::VERBO:       - BEFORE BREAK
dfgPass::VERBO:       - for.cond146
dfgPass::VERBO:         - memlocal of :j:0
dfgPass::VERBO:         - LCV conditional branch 6:48
dfgPass::VERBO:       - AFTER BREAK
dfgPass::VERBO:       - for.body148
dfgPass::VERBO:         - memlocal of :kb:0
dfgPass::VERBO:         - memlocal of :i:0
dfgPass::VERBO:         - memlocal of :jb:0
dfgPass::VERBO:         - memlocal of :j:0
dfgPass::VERBO:         - memlocal offset is invalid:0:4
dfgPass::VERBO:         - memlocal of :j:0
dfgPass::VERBO:         - memlocal offset is invalid:0:4
dfgPass::VERBO:       - AFTER BREAK
dfgPass::VERBO:       - for.inc160
dfgPass::VERBO:         - memlocal of :j:0
dfgPass::VERBO:         - memlocal of :j:1
dfgPass::VERBO:       - AFTER BREAK
dfgPass::VERBO:     +16 is not an innermost loop
dfgPass::VERBO:       - BEFORE BREAK
dfgPass::VERBO:       - for.cond176
dfgPass::VERBO:         - memlocal of :j:0
dfgPass::VERBO:         - LCV conditional branch 6:48
dfgPass::VERBO:       - AFTER BREAK
dfgPass::VERBO:       - for.body178
dfgPass::VERBO:         - memlocal of :i:0
dfgPass::VERBO:         - memlocal of :j:0
dfgPass::VERBO:         - memlocal offset is invalid:0:4
dfgPass::VERBO:         - memlocal of :ib:0
dfgPass::VERBO:         - memlocal of :i:0
dfgPass::VERBO:         - memlocal of :jb:0
dfgPass::VERBO:         - memlocal of :j:0
dfgPass::VERBO:         - memlocal offset is invalid:0:4
dfgPass::VERBO:       - AFTER BREAK
dfgPass::VERBO:       - for.inc192
dfgPass::VERBO:         - memlocal of :j:0
dfgPass::VERBO:         - memlocal of :j:1
dfgPass::VERBO:       - AFTER BREAK
dfgPass::VERBO:     +18 is not an innermost loop
dfgPass::VERBO:       - BEFORE BREAK
dfgPass::VERBO:       - for.cond61
dfgPass::VERBO:         - memlocal of :j:0
dfgPass::VERBO:         - LCV conditional branch 6:48
dfgPass::VERBO:       - AFTER BREAK
dfgPass::VERBO:       - for.body63
dfgPass::VERBO:         - memlocal of :i:0
dfgPass::VERBO:         - memlocal of :j:0
dfgPass::VERBO:         - memlocal offset is invalid:0:4
dfgPass::VERBO:         - invalid TR:4:0
dfgPass::VERBO:     +20 is not an innermost loop
dfgPass::VERBO:       - BEFORE BREAK
dfgPass::VERBO:       - for.cond37
dfgPass::VERBO:         - memlocal of :j:0
dfgPass::VERBO:         - LCV conditional branch 6:48
dfgPass::VERBO:       - AFTER BREAK
dfgPass::VERBO:       - for.body39
dfgPass::VERBO:         - memlocal of :i:0
dfgPass::VERBO:         - memlocal of :j:0
dfgPass::VERBO:         - memlocal offset is invalid:0:4
dfgPass::VERBO:         - invalid TR:4:0
dfgPass::VERBO:     +22 is not an innermost loop
dfgPass::VERBO:       - BEFORE BREAK
dfgPass::VERBO:       - for.cond14
dfgPass::VERBO:         - memlocal of :j:0
dfgPass::VERBO:         - LCV conditional branch 6:48
dfgPass::VERBO:       - AFTER BREAK
dfgPass::VERBO:       - for.body16
dfgPass::VERBO:         - invalid TR:4:0
dfgPass::VERBO:     +24 is not an innermost loop
dfgPass::VERBO:       - BEFORE BREAK
dfgPass::VERBO:       - for.cond1
dfgPass::VERBO:         - memlocal of :j:0
dfgPass::VERBO:         - LCV conditional branch 6:48
dfgPass::VERBO:       - AFTER BREAK
dfgPass::VERBO:       - for.body3
dfgPass::VERBO:         - invalid TR:4:0
dfgPass::VERBO:     +0 is not a loop
dfgPass::VERBO:     +0 is not a loop
dfgPass::VERBO:     +0 is not a loop
dfgPass::VERBO:     +0 is not a loop
dfgPass::VERBO:     +0 is not a loop
dfgPass::VERBO:     +0 is not a loop
dfgPass::VERBO:     +0 is not a loop
dfgPass::VERBO:     +1 fails R.hasBlockSchema
dfgPass::VERBO:     +2 is not an innermost loop
dfgPass::VERBO:     +3 is not an innermost loop
dfgPass::VERBO:     +4 is not an innermost loop
dfgPass::VERBO:     +5 is not an innermost loop
dfgPass::VERBO:       - BEFORE BREAK
dfgPass::VERBO:       - for.cond109
dfgPass::VERBO:         - memlocal of :j:0
dfgPass::VERBO:         - LCV conditional branch 6:48
dfgPass::VERBO:       - AFTER BREAK
dfgPass::VERBO:       - for.body111
dfgPass::VERBO:         - memlocal of :ib:0
dfgPass::VERBO:         - memlocal of :j:0
dfgPass::VERBO:         - memlocal of :kb:0
dfgPass::VERBO:         - memlocal of :i:0
dfgPass::VERBO:         - memlocal offset is invalid:0:4
dfgPass::VERBO:         - memlocal of :j:0
dfgPass::VERBO:         - memlocal offset is invalid:0:4
dfgPass::VERBO:       - AFTER BREAK
dfgPass::VERBO:       - for.inc120
dfgPass::VERBO:         - memlocal of :j:0
dfgPass::VERBO:         - memlocal of :j:1
dfgPass::VERBO:       - AFTER BREAK
dfgPass::VERBO:     +7 is not an innermost loop
dfgPass::VERBO:       - BEFORE BREAK
dfgPass::VERBO:       - for.cond134
dfgPass::VERBO:         - memlocal of :j:0
dfgPass::VERBO:         - LCV conditional branch 6:48
dfgPass::VERBO:       - AFTER BREAK
dfgPass::VERBO:       - for.body136
dfgPass::VERBO:         - memlocal of :kb:0
dfgPass::VERBO:         - memlocal of :i:0
dfgPass::VERBO:         - memlocal of :jb:0
dfgPass::VERBO:         - memlocal of :j:0
dfgPass::VERBO:         - memlocal offset is invalid:0:4
dfgPass::VERBO:         - memlocal of :j:0
dfgPass::VERBO:         - memlocal offset is invalid:0:4
dfgPass::VERBO:       - AFTER BREAK
dfgPass::VERBO:       - for.inc148
dfgPass::VERBO:         - memlocal of :j:0
dfgPass::VERBO:         - memlocal of :j:1
dfgPass::VERBO:       - AFTER BREAK
dfgPass::VERBO:       - BEFORE BREAK
dfgPass::VERBO:       - for.cond167
dfgPass::VERBO:         - memlocal of :j:0
dfgPass::VERBO:         - LCV conditional branch 6:48
dfgPass::VERBO:       - AFTER BREAK
dfgPass::VERBO:       - for.body169
dfgPass::VERBO:         - memlocal of :j:0
dfgPass::VERBO:         - memlocal offset is invalid:0:4
dfgPass::VERBO:         - memlocal of :ib:0
dfgPass::VERBO:         - memlocal of :j:0
dfgPass::VERBO:         - memlocal offset is invalid:0:4
dfgPass::VERBO:         - memlocal of :j:0
dfgPass::VERBO:         - memlocal offset is invalid:0:4
dfgPass::VERBO:         - memlocal of :ib:0
dfgPass::VERBO:         - memlocal of :j:0
dfgPass::VERBO:         - memlocal offset is invalid:0:4
dfgPass::VERBO:         - memlocal of :j:0
dfgPass::VERBO:         - memlocal offset is invalid:0:4
dfgPass::VERBO:         - memlocal of :ib:0
dfgPass::VERBO:         - memlocal of :j:0
dfgPass::VERBO:         - memlocal offset is invalid:0:4
dfgPass::VERBO:       - AFTER BREAK
dfgPass::VERBO:       - for.inc191
dfgPass::VERBO:         - memlocal of :j:0
dfgPass::VERBO:         - memlocal of :j:1
dfgPass::VERBO:       - AFTER BREAK
dfgPass::VERBO:     +10 is not an innermost loop
dfgPass::VERBO:       - BEFORE BREAK
dfgPass::VERBO:       - for.cond61
dfgPass::VERBO:         - memlocal of :j:0
dfgPass::VERBO:         - LCV conditional branch 6:48
dfgPass::VERBO:       - AFTER BREAK
dfgPass::VERBO:       - for.body63
dfgPass::VERBO:         - memlocal of :i:0
dfgPass::VERBO:         - memlocal of :j:0
dfgPass::VERBO:         - memlocal offset is invalid:0:4
dfgPass::VERBO:         - invalid TR:4:0
dfgPass::VERBO:     +12 is not an innermost loop
dfgPass::VERBO:       - BEFORE BREAK
dfgPass::VERBO:       - for.cond37
dfgPass::VERBO:         - memlocal of :j:0
dfgPass::VERBO:         - LCV conditional branch 6:48
dfgPass::VERBO:       - AFTER BREAK
dfgPass::VERBO:       - for.body39
dfgPass::VERBO:         - memlocal of :i:0
dfgPass::VERBO:         - memlocal of :j:0
dfgPass::VERBO:         - memlocal offset is invalid:0:4
dfgPass::VERBO:         - invalid TR:4:0
dfgPass::VERBO:     +14 is not an innermost loop
dfgPass::VERBO:       - BEFORE BREAK
dfgPass::VERBO:       - for.cond14
dfgPass::VERBO:         - memlocal of :j:0
dfgPass::VERBO:         - LCV conditional branch 6:48
dfgPass::VERBO:       - AFTER BREAK
dfgPass::VERBO:       - for.body16
dfgPass::VERBO:         - invalid TR:4:0
dfgPass::VERBO:     +16 is not an innermost loop
dfgPass::VERBO:       - BEFORE BREAK
dfgPass::VERBO:       - for.cond1
dfgPass::VERBO:         - memlocal of :j:0
dfgPass::VERBO:         - LCV conditional branch 6:48
dfgPass::VERBO:       - AFTER BREAK
dfgPass::VERBO:       - for.body3
dfgPass::VERBO:         - invalid TR:4:0
dfgPass::VERBO:     +0 is not a loop
dfgPass::VERBO:     +0 is not a loop
dfgPass::VERBO:     +0 is not a loop
dfgPass::VERBO:     +0 is not a loop
dfgPass::VERBO:     +1 fails R.hasBlockSchema
dfgPass::VERBO:     +2 is not an innermost loop
dfgPass::VERBO:     +3 is not an innermost loop
dfgPass::VERBO:     +4 is not an innermost loop
dfgPass::VERBO:     +5 is not an innermost loop
dfgPass::VERBO:       - BEFORE BREAK
dfgPass::VERBO:       - for.cond80
dfgPass::VERBO:         - memlocal of :j:0
dfgPass::VERBO:         - LCV conditional branch 6:48
dfgPass::VERBO:       - AFTER BREAK
dfgPass::VERBO:       - for.body82
dfgPass::VERBO:         - memlocal of :ib:0
dfgPass::VERBO:         - memlocal of :j:0
dfgPass::VERBO:         - memlocal of :kb:0
dfgPass::VERBO:         - memlocal of :i:0
dfgPass::VERBO:         - memlocal offset is invalid:0:4
dfgPass::VERBO:         - memlocal of :j:0
dfgPass::VERBO:         - memlocal offset is invalid:0:4
dfgPass::VERBO:       - AFTER BREAK
dfgPass::VERBO:       - for.inc91
dfgPass::VERBO:         - memlocal of :j:0
dfgPass::VERBO:         - memlocal of :j:1
dfgPass::VERBO:       - AFTER BREAK
dfgPass::VERBO:       - BEFORE BREAK
dfgPass::VERBO:       - for.cond111
dfgPass::VERBO:         - memlocal of :j:0
dfgPass::VERBO:         - LCV conditional branch 6:48
dfgPass::VERBO:       - AFTER BREAK
dfgPass::VERBO:       - for.body113
dfgPass::VERBO:         - memlocal of :j:0
dfgPass::VERBO:         - memlocal offset is invalid:0:4
dfgPass::VERBO:         - memlocal of :ib:0
dfgPass::VERBO:         - memlocal of :j:0
dfgPass::VERBO:         - memlocal offset is invalid:0:4
dfgPass::VERBO:         - memlocal of :j:0
dfgPass::VERBO:         - memlocal offset is invalid:0:4
dfgPass::VERBO:         - memlocal of :ib:0
dfgPass::VERBO:         - memlocal of :j:0
dfgPass::VERBO:         - memlocal offset is invalid:0:4
dfgPass::VERBO:         - memlocal of :j:0
dfgPass::VERBO:         - memlocal offset is invalid:0:4
dfgPass::VERBO:         - memlocal of :ib:0
dfgPass::VERBO:         - memlocal of :j:0
dfgPass::VERBO:         - memlocal offset is invalid:0:4
dfgPass::VERBO:       - AFTER BREAK
dfgPass::VERBO:       - for.inc135
dfgPass::VERBO:         - memlocal of :j:0
dfgPass::VERBO:         - memlocal of :j:1
dfgPass::VERBO:       - AFTER BREAK
dfgPass::VERBO:     +8 is not an innermost loop
dfgPass::VERBO:       - BEFORE BREAK
dfgPass::VERBO:       - for.cond40
dfgPass::VERBO:         - memlocal of :j:0
dfgPass::VERBO:         - LCV conditional branch 6:48
dfgPass::VERBO:       - AFTER BREAK
dfgPass::VERBO:       - for.body42
dfgPass::VERBO:         - memlocal of :i:0
dfgPass::VERBO:         - memlocal of :j:0
dfgPass::VERBO:         - invalid TR:4:0
dfgPass::VERBO:     +10 is not an innermost loop
dfgPass::VERBO:       - BEFORE BREAK
dfgPass::VERBO:       - for.cond16
dfgPass::VERBO:         - memlocal of :j:0
dfgPass::VERBO:         - LCV conditional branch 6:48
dfgPass::VERBO:       - AFTER BREAK
dfgPass::VERBO:       - for.body18
dfgPass::VERBO:         - memlocal of :i:0
dfgPass::VERBO:         - memlocal of :j:0
dfgPass::VERBO:         - memlocal offset is invalid:0:4
dfgPass::VERBO:         - invalid TR:4:0
dfgPass::VERBO:     +12 is not an innermost loop
dfgPass::VERBO:       - BEFORE BREAK
dfgPass::VERBO:       - for.cond1
dfgPass::VERBO:         - memlocal of :j:0
dfgPass::VERBO:         - LCV conditional branch 6:48
dfgPass::VERBO:       - AFTER BREAK
dfgPass::VERBO:       - for.body3
dfgPass::VERBO:         - invalid TR:4:0
dfgPass::VERBO:     +0 is not a loop
dfgPass::VERBO:     +1 fails R.hasBlockSchema
dfgPass::VERBO:     +0 is not a loop
dfgPass::VERBO:     +0 is not a loop
dfgPass::VERBO:     +0 is not a loop
dfgPass::VERBO:     +0 is not a loop
dfgPass::VERBO:     _ZZN9__gnu_cxx6__stoaIddcJEEET0_PFT_PKT1_PPS3_DpT2_EPKcS5_PmS9_EN10_Range_chk6_S_chkEdSt17integral_constantIbLb0EE is skipped for analysis (only accesses local vars)
dfgPass::VERBO:     +0 is not a loop
dfgPass::VERBO:     +0 is not a loop
dfgPass::VERBO:     +0 is not a loop
dfgPass::VERBO:     +1 fails R.hasBlockSchema
dfgPass::VERBO:     +2 is not an innermost loop
dfgPass::VERBO:     +3 is not an innermost loop
dfgPass::VERBO:     +4 is not an innermost loop
dfgPass::VERBO:     +5 is not an innermost loop
dfgPass::VERBO:       - BEFORE BREAK
dfgPass::VERBO:       - for.cond38
dfgPass::VERBO:         - memlocal of :j:0
dfgPass::VERBO:         - LCV conditional branch 6:48
dfgPass::VERBO:       - AFTER BREAK
dfgPass::VERBO:       - for.body40
dfgPass::VERBO:         - memlocal of :ib:0
dfgPass::VERBO:         - memlocal of :j:0
dfgPass::VERBO:         - memlocal of :kb:0
dfgPass::VERBO:         - memlocal of :i:0
dfgPass::VERBO:         - memlocal offset is invalid:0:4
dfgPass::VERBO:         - memlocal of :j:0
dfgPass::VERBO:         - memlocal offset is invalid:0:4
dfgPass::VERBO:       - AFTER BREAK
dfgPass::VERBO:       - for.inc49
dfgPass::VERBO:         - memlocal of :j:0
dfgPass::VERBO:         - memlocal of :j:1
dfgPass::VERBO:       - AFTER BREAK
dfgPass::VERBO:       - BEFORE BREAK
dfgPass::VERBO:       - for.cond68
dfgPass::VERBO:         - memlocal of :j:0
dfgPass::VERBO:         - LCV conditional branch 6:48
dfgPass::VERBO:       - AFTER BREAK
dfgPass::VERBO:       - for.body70
dfgPass::VERBO:         - memlocal of :j:0
dfgPass::VERBO:         - memlocal offset is invalid:0:4
dfgPass::VERBO:         - memlocal of :AB_ID:0
dfgPass::VERBO:         - memlocal of :ib:0
dfgPass::VERBO:         - memlocal of :j:0
dfgPass::VERBO:         - memlocal of :j:0
dfgPass::VERBO:         - memlocal offset is invalid:0:4
dfgPass::VERBO:         - memlocal of :AB_IQ:0
dfgPass::VERBO:         - memlocal of :ib:0
dfgPass::VERBO:         - memlocal of :j:0
dfgPass::VERBO:         - memlocal of :j:0
dfgPass::VERBO:         - memlocal offset is invalid:0:4
dfgPass::VERBO:         - memlocal of :AB_IO:0
dfgPass::VERBO:         - memlocal of :ib:0
dfgPass::VERBO:         - memlocal of :j:0
dfgPass::VERBO:       - AFTER BREAK
dfgPass::VERBO:       - for.inc92
dfgPass::VERBO:         - memlocal of :j:0
dfgPass::VERBO:         - memlocal of :j:1
dfgPass::VERBO:       - AFTER BREAK
dfgPass::VERBO:       - BEFORE BREAK
dfgPass::VERBO:       - for.cond
dfgPass::VERBO:         - memlocal of :i:0
dfgPass::VERBO:         - LCV conditional branch 6:48
dfgPass::VERBO:       - AFTER BREAK
dfgPass::VERBO:       - for.body
dfgPass::VERBO:         - memlocal of :A1:0
dfgPass::VERBO:         - memlocal of :i:0
dfgPass::VERBO:         - memlocal of :i:0
dfgPass::VERBO:         - memlocal offset is invalid:0:4
dfgPass::VERBO:         - memlocal of :A2:0
dfgPass::VERBO:         - memlocal of :i:0
dfgPass::VERBO:         - memlocal of :i:0
dfgPass::VERBO:         - memlocal of :A3:0
dfgPass::VERBO:         - memlocal of :i:0
dfgPass::VERBO:         - memlocal of :i:0
dfgPass::VERBO:       - AFTER BREAK
dfgPass::VERBO:       - for.inc
dfgPass::VERBO:         - memlocal of :i:0
dfgPass::VERBO:         - memlocal of :i:1
dfgPass::VERBO:       - AFTER BREAK
dfgPass::VERBO:     +0 is not a loop
dfgPass::VERBO:     +1 is not an innermost loop
dfgPass::VERBO:     +2 is not an innermost loop
dfgPass::VERBO:     +3 is not an innermost loop
dfgPass::VERBO:     +4 is not an innermost loop
dfgPass::VERBO:       - BEFORE BREAK
dfgPass::VERBO:       - for.cond32
dfgPass::VERBO:         - memlocal of :j:0
dfgPass::VERBO:         - LCV conditional branch 6:48
dfgPass::VERBO:       - AFTER BREAK
dfgPass::VERBO:       - for.body34
dfgPass::VERBO:         - memlocal of :ib:0
dfgPass::VERBO:         - memlocal of :j:0
dfgPass::VERBO:         - memlocal of :kb:0
dfgPass::VERBO:         - memlocal of :i:0
dfgPass::VERBO:         - memlocal offset is invalid:0:4
dfgPass::VERBO:         - memlocal of :j:0
dfgPass::VERBO:         - memlocal offset is invalid:0:4
dfgPass::VERBO:       - AFTER BREAK
dfgPass::VERBO:       - for.inc43
dfgPass::VERBO:         - memlocal of :j:0
dfgPass::VERBO:         - memlocal of :j:1
dfgPass::VERBO:       - AFTER BREAK
dfgPass::VERBO:       - BEFORE BREAK
dfgPass::VERBO:       - for.cond
dfgPass::VERBO:         - memlocal of :i:0
dfgPass::VERBO:         - LCV conditional branch 6:48
dfgPass::VERBO:       - AFTER BREAK
dfgPass::VERBO:       - for.body
dfgPass::VERBO:         - memlocal of :A1:0
dfgPass::VERBO:         - memlocal of :i:0
dfgPass::VERBO:         - memlocal of :i:0
dfgPass::VERBO:         - memlocal offset is invalid:0:4
dfgPass::VERBO:         - memlocal of :A2:0
dfgPass::VERBO:         - memlocal of :i:0
dfgPass::VERBO:         - memlocal of :i:0
dfgPass::VERBO:         - memlocal of :A3:0
dfgPass::VERBO:         - memlocal of :i:0
dfgPass::VERBO:         - memlocal of :i:0
dfgPass::VERBO:       - AFTER BREAK
dfgPass::VERBO:       - for.inc
dfgPass::VERBO:         - memlocal of :i:0
dfgPass::VERBO:         - memlocal of :i:1
dfgPass::VERBO:       - AFTER BREAK
dfgPass::VERBO:     +0 is not a loop
dfgPass::VERBO:     +1 fails R.hasBlockSchema
dfgPass::VERBO:     +0 is not a loop
dfgPass::VERBO:     +0 is not a loop
dfgPass::VERBO:     +0 is not a loop
dfgPass::VERBO:     +0 is not a loop
dfgPass::VERBO:     +0 is not a loop
dfgPass::VERBO:     +0 is not a loop
dfgPass::VERBO:     +0 is not a loop
dfgPass::VERBO:     +0 is not a loop
dfgPass::VERBO:     +0 is not a loop
dfgPass::VERBO:     +0 is not a loop
dfgPass::VERBO:     +0 is not a loop
dfgPass::VERBO:     +0 is not a loop
dfgPass::VERBO:     +0 is not a loop
dfgPass::VERBO:     +0 is not a loop
dfgPass::VERBO:     +0 is not a loop
dfgPass::VERBO:     _ZN10ap_privateILi1ELb0ELb1EE10set_canaryEv is skipped for analysis (only accesses local vars)
dfgPass::VERBO:     +0 is not a loop
dfgPass::VERBO:     _ZN10ap_privateILi1ELb0ELb1EE12check_canaryEv is skipped for analysis (only accesses local vars)
dfgPass::VERBO:     +0 is not a loop
dfgPass::VERBO:     +0 is not a loop
dfgPass::VERBO:     +0 is not a loop
dfgPass::VERBO:     +0 is not a loop
dfgPass::VERBO:     +0 is not a loop
dfgPass::VERBO:     _ZN10ap_privateILi32ELb0ELb1EE10set_canaryEv is skipped for analysis (only accesses local vars)
dfgPass::VERBO:     +0 is not a loop
dfgPass::VERBO:     _ZN10ap_privateILi32ELb0ELb1EE12check_canaryEv is skipped for analysis (only accesses local vars)
dfgPass::VERBO:     +0 is not a loop
dfgPass::VERBO:     +0 is not a loop
dfgPass::VERBO:     +0 is not a loop
dfgPass::VERBO:     +0 is not a loop
dfgPass::VERBO:     +0 is not a loop
dfgPass::VERBO:     _ZN10ap_privateILi4ELb0ELb1EE10set_canaryEv is skipped for analysis (only accesses local vars)
dfgPass::VERBO:     +0 is not a loop
dfgPass::VERBO:     _ZN10ap_privateILi4ELb0ELb1EE12check_canaryEv is skipped for analysis (only accesses local vars)
dfgPass::VERBO:     +0 is not a loop
dfgPass::VERBO:     +1 is not an innermost loop
dfgPass::VERBO:     +2 is not an innermost loop
dfgPass::VERBO:     +3 is not an innermost loop
dfgPass::VERBO:     +4 is not an innermost loop
dfgPass::VERBO:     +5 fails R.hasBlockSchema
dfgPass::VERBO:       - BEFORE BREAK
dfgPass::VERBO:       - for.cond
dfgPass::VERBO:         - memlocal of :i:0
dfgPass::VERBO:         - LCV conditional branch 6:48
dfgPass::VERBO:       - AFTER BREAK
dfgPass::VERBO:       - for.body
dfgPass::VERBO:         - memlocal of :A1:0
dfgPass::VERBO:         - memlocal of :i:0
dfgPass::VERBO:         - memlocal of :i:0
dfgPass::VERBO:         - memlocal offset is invalid:0:4
dfgPass::VERBO:         - memlocal of :A2:0
dfgPass::VERBO:         - memlocal of :i:0
dfgPass::VERBO:         - memlocal of :i:0
dfgPass::VERBO:         - memlocal of :A3:0
dfgPass::VERBO:         - memlocal of :i:0
dfgPass::VERBO:         - memlocal of :i:0
dfgPass::VERBO:       - AFTER BREAK
dfgPass::VERBO:       - for.inc
dfgPass::VERBO:         - memlocal of :i:0
dfgPass::VERBO:         - memlocal of :i:1
dfgPass::VERBO:       - AFTER BREAK
dfgPass::VERBO:     +0 is not a loop
dfgPass::VERBO:     +0 is not a loop
dfgPass::VERBO:     +0 is not a loop
dfgPass::VERBO:     +0 is not a loop
dfgPass::VERBO:     +0 is not a loop
dfgPass::VERBO:     +0 is not a loop
dfgPass::VERBO:     +0 is not a loop
dfgPass::VERBO:     +0 is not a loop
dfgPass::VERBO:     +0 is not a loop
dfgPass::VERBO:     +0 is not a loop
dfgPass::VERBO:     +0 is not a loop
dfgPass::VERBO:     +0 is not a loop
dfgPass::VERBO:     _ZN11ap_int_baseILi1ELb0EE18checkOverflowBaseCIbEEvT_ is skipped for analysis (only accesses local vars)
dfgPass::VERBO:     +0 is not a loop
dfgPass::VERBO:     +0 is not a loop
dfgPass::VERBO:     +0 is not a loop
dfgPass::VERBO:     +0 is not a loop
dfgPass::VERBO:     +0 is not a loop
dfgPass::VERBO:     +0 is not a loop
dfgPass::VERBO:     +0 is not a loop
dfgPass::VERBO:     +0 is not a loop
dfgPass::VERBO:     +0 is not a loop
dfgPass::VERBO:     +0 is not a loop
dfgPass::VERBO:     +1 is not an innermost loop
dfgPass::VERBO:     +2 is not an innermost loop
dfgPass::VERBO:       - BEFORE BREAK
dfgPass::VERBO:       - for.cond4
dfgPass::VERBO:         - memlocal of :k:0
dfgPass::VERBO:         - LCV conditional branch 6:48
dfgPass::VERBO:       - AFTER BREAK
dfgPass::VERBO:       - for.body6
dfgPass::VERBO:         - memlocal of :A:0
dfgPass::VERBO:         - memlocal of :i:0
dfgPass::VERBO:         - memlocal of :k:0
dfgPass::VERBO:         - memlocal of :B:0
dfgPass::VERBO:         - memlocal of :k:0
dfgPass::VERBO:         - memlocal of :j:0
dfgPass::VERBO:         - memlocal of :ABij:0
dfgPass::VERBO:         - invalid TR:4:0
dfgPass::VERBO:     +0 is not a loop
dfgPass::VERBO:     +1 is not an innermost loop
dfgPass::VERBO:     +2 is not an innermost loop
dfgPass::VERBO:       - BEFORE BREAK
dfgPass::VERBO:       - for.cond8
dfgPass::VERBO:         - memlocal of :j:0
dfgPass::VERBO:         - LCV conditional branch 6:48
dfgPass::VERBO:       - AFTER BREAK
dfgPass::VERBO:       - for.body10
dfgPass::VERBO:         - memlocal of :i:0
dfgPass::VERBO:         - memlocal offset is invalid:0:4
dfgPass::VERBO:         - memlocal of :j:0
dfgPass::VERBO:         - memlocal offset is invalid:0:4
dfgPass::VERBO:         - memlocal of :product:1
dfgPass::VERBO:         - memlocal of :product:0
dfgPass::VERBO:         - memlocal of :Out:0
dfgPass::VERBO:         - memlocal of :i:0
dfgPass::VERBO:         - memlocal of :j:0
dfgPass::VERBO:       - AFTER BREAK
dfgPass::VERBO:       - for.inc
dfgPass::VERBO:         - memlocal of :j:0
dfgPass::VERBO:         - memlocal of :j:1
dfgPass::VERBO:       - AFTER BREAK
dfgPass::VERBO:     +0 is not a loop
dfgPass::VERBO:     +1 is not an innermost loop
dfgPass::VERBO:     +2 is not an innermost loop
dfgPass::VERBO:     +3 fails R.hasBlockSchema
dfgPass::VERBO:       - BEFORE BREAK
dfgPass::VERBO:       - for.cond
dfgPass::VERBO:         - memlocal of :i:0
dfgPass::VERBO:         - LCV conditional branch 6:48
dfgPass::VERBO:       - AFTER BREAK
dfgPass::VERBO:       - for.body
dfgPass::VERBO:         - memlocal of :i:0
dfgPass::VERBO:         - memlocal offset is invalid:0:4
dfgPass::VERBO:         - memlocal of :i:0
dfgPass::VERBO:         - memlocal offset is invalid:0:4
dfgPass::VERBO:         - memlocal of :i:0
dfgPass::VERBO:         - memlocal offset is invalid:0:4
dfgPass::VERBO:       - AFTER BREAK
dfgPass::VERBO:       - for.inc
dfgPass::VERBO:         - memlocal of :i:0
dfgPass::VERBO:         - memlocal of :i:1
dfgPass::VERBO:       - AFTER BREAK
dfgPass::VERBO:     +0 is not a loop
dfgPass::VERBO:     +1 is not an innermost loop
dfgPass::VERBO:     +2 is not an innermost loop
dfgPass::VERBO:     +3 fails R.hasBlockSchema
dfgPass::VERBO:       - BEFORE BREAK
dfgPass::VERBO:       - for.cond
dfgPass::VERBO:         - memlocal of :i:0
dfgPass::VERBO:         - LCV conditional branch 6:48
dfgPass::VERBO:       - AFTER BREAK
dfgPass::VERBO:       - for.body
dfgPass::VERBO:         - memlocal of :i:0
dfgPass::VERBO:         - memlocal offset is invalid:0:4
dfgPass::VERBO:         - memlocal of :i:0
dfgPass::VERBO:         - memlocal offset is invalid:0:4
dfgPass::VERBO:         - memlocal of :i:0
dfgPass::VERBO:         - memlocal offset is invalid:0:4
dfgPass::VERBO:       - AFTER BREAK
dfgPass::VERBO:       - for.inc
dfgPass::VERBO:         - memlocal of :i:0
dfgPass::VERBO:         - memlocal of :i:1
dfgPass::VERBO:       - AFTER BREAK
dfgPass::VERBO:     +0 is not a loop
dfgPass::VERBO:     +1 is not an innermost loop
dfgPass::VERBO:       - BEFORE BREAK
dfgPass::VERBO:       - for.cond1
dfgPass::VERBO:         - memlocal of :i:0
dfgPass::VERBO:         - LCV conditional branch 6:48
dfgPass::VERBO:       - AFTER BREAK
dfgPass::VERBO:       - for.body3
dfgPass::VERBO:         - memlocal of :i:0
dfgPass::VERBO:         - memlocal offset is invalid:0:4
dfgPass::VERBO:         - memlocal of :i:0
dfgPass::VERBO:         - memlocal offset is invalid:0:4
dfgPass::VERBO:         - memlocal of :i:0
dfgPass::VERBO:         - memlocal offset is invalid:0:4
dfgPass::VERBO:       - AFTER BREAK
dfgPass::VERBO:       - for.inc
dfgPass::VERBO:         - memlocal of :i:0
dfgPass::VERBO:         - memlocal of :i:1
dfgPass::VERBO:       - AFTER BREAK
dfgPass::VERBO:     +3 is not an innermost loop
dfgPass::VERBO:     +4 is not an innermost loop
dfgPass::VERBO:     +5 fails R.hasBlockSchema
dfgPass::VERBO:     +0 is not a loop
dfgPass::VERBO:     +1 is not an innermost loop
dfgPass::VERBO:       - BEFORE BREAK
dfgPass::VERBO:       - for.cond8
dfgPass::VERBO:         - memlocal of :j:0
dfgPass::VERBO:         - LCV conditional branch 6:48
dfgPass::VERBO:       - AFTER BREAK
dfgPass::VERBO:       - for.body10
dfgPass::VERBO:         - memlocal of :j:0
dfgPass::VERBO:         - memlocal offset is invalid:0:4
dfgPass::VERBO:         - invalid TR:4:0
dfgPass::VERBO:       - BEFORE BREAK
dfgPass::VERBO:       - for.cond
dfgPass::VERBO:         - memlocal of :i:0
dfgPass::VERBO:         - LCV conditional branch 6:48
dfgPass::VERBO:       - AFTER BREAK
dfgPass::VERBO:       - for.body
dfgPass::VERBO:         - memlocal of :i:0
dfgPass::VERBO:         - memlocal offset is invalid:0:4
dfgPass::VERBO:       - AFTER BREAK
dfgPass::VERBO:       - for.inc
dfgPass::VERBO:         - memlocal of :i:0
dfgPass::VERBO:         - memlocal of :i:1
dfgPass::VERBO:       - AFTER BREAK
dfgPass::VERBO:     +0 is not a loop
dfgPass::VERBO:     +1 fails R.hasBlockSchema
dfgPass::VERBO:     +0 is not a loop
dfgPass::VERBO:     +0 is not a loop
dfgPass::VERBO:     +0 is not a loop
dfgPass::VERBO:     +0 is not a loop
dfgPass::VERBO:     +0 is not a loop
dfgPass::VERBO:     +1 is not an innermost loop
dfgPass::VERBO:     +2 fails R.hasBlockSchema
dfgPass::INFOR:     Parsing trace...
dfgPass::INFOR:     End of the trace parse
dfgPass::INFOR: Saving ProgramContainer...
