programModel::INFOR: Function __PROF_startup will be added to the ProgramContainer
programModel::INFOR: Function _GLOBAL__sub_I_tb.cpp will be added to the ProgramContainer
programModel::INFOR: Function __cxx_global_var_init will be added to the ProgramContainer
programModel::INFOR: Function __cxx_global_var_init.1 will be added to the ProgramContainer
programModel::INFOR: Function _GLOBAL__sub_I_MatCalc.cpp will be added to the ProgramContainer
programModel::INFOR: Function __cxx_global_var_init.2 will be added to the ProgramContainer
programModel::INFOR: Function __cxx_global_var_init.1.3 will be added to the ProgramContainer
programModel::INFOR: Function _GLOBAL__sub_I_MatCalc.cpp.35 will be added to the ProgramContainer
programModel::INFOR: Function __cxx_global_var_init.36 will be added to the ProgramContainer
programModel::INFOR: Function __cxx_global_var_init.2.37 will be added to the ProgramContainer
programModel::INFOR: Function main will be added to the ProgramContainer
programModel::INFOR: Function _ZN3hls6streamI3blkLi0EEC1ERKNSt7__cxx1112basic_stringIcSt11char_traitsIcESaIcEEE will be added to the ProgramContainer
programModel::INFOR: Function _ZN3hls6streamI3blkLi0EEC2ERKNSt7__cxx1112basic_stringIcSt11char_traitsIcESaIcEEE will be added to the ProgramContainer
programModel::INFOR: Function _ZN3hls6streamINS_4axisIfLm32ELm0ELm0ELh56ELb0EEELi0EEC1ERKNSt7__cxx1112basic_stringIcSt11char_traitsIcESaIcEEE will be added to the ProgramContainer
programModel::INFOR: Function _ZN3hls6streamINS_4axisIfLm32ELm0ELm0ELh56ELb0EEELi0EEC2ERKNSt7__cxx1112basic_stringIcSt11char_traitsIcESaIcEEE will be added to the ProgramContainer
programModel::INFOR: Function _Z7readcsvPfS_S_ will be added to the ProgramContainer
programModel::INFOR: Function _ZNSt7__cxx114stodERKNS_12basic_stringIcSt11char_traitsIcESaIcEEEPm will be added to the ProgramContainer
programModel::INFOR: Function _ZN9__gnu_cxx6__stoaIddcJEEET0_PFT_PKT1_PPS3_DpT2_EPKcS5_PmS9_ will be added to the ProgramContainer
programModel::INFOR: Function _ZZN9__gnu_cxx6__stoaIddcJEEET0_PFT_PKT1_PPS3_DpT2_EPKcS5_PmS9_EN11_Save_errnoC1Ev will be added to the ProgramContainer
programModel::INFOR: Function _ZZN9__gnu_cxx6__stoaIddcJEEET0_PFT_PKT1_PPS3_DpT2_EPKcS5_PmS9_EN11_Save_errnoC2Ev will be added to the ProgramContainer
programModel::INFOR: Function _ZZN9__gnu_cxx6__stoaIddcJEEET0_PFT_PKT1_PPS3_DpT2_EPKcS5_PmS9_EN11_Save_errnoD1Ev will be added to the ProgramContainer
programModel::INFOR: Function _ZZN9__gnu_cxx6__stoaIddcJEEET0_PFT_PKT1_PPS3_DpT2_EPKcS5_PmS9_EN11_Save_errnoD2Ev will be added to the ProgramContainer
programModel::INFOR: Function _ZZN9__gnu_cxx6__stoaIddcJEEET0_PFT_PKT1_PPS3_DpT2_EPKcS5_PmS9_EN10_Range_chk6_S_chkEdSt17integral_constantIbLb0EE will be added to the ProgramContainer
programModel::INFOR: Function _Z27pack_parkmat_interface_testPfS_S_RN3hls6streamI3blkLi0EEES4_S4_ will be added to the ProgramContainer
programModel::INFOR: Function _ZN3hls4axisIfLm32ELm0ELm0ELh56ELb0EEC1Ev will be added to the ProgramContainer
programModel::INFOR: Function _ZN3hls4axisIfLm32ELm0ELm0ELh56ELb0EEC2Ev will be added to the ProgramContainer
programModel::INFOR: Function _ZN7ap_uintILi4EEC1Ev will be added to the ProgramContainer
programModel::INFOR: Function _ZN7ap_uintILi4EEC2Ev will be added to the ProgramContainer
programModel::INFOR: Function _ZN11ap_int_baseILi4ELb0EEC2Ev will be added to the ProgramContainer
programModel::INFOR: Function _ZN12ssdm_int_simILi4ELb0EEC2Ev will be added to the ProgramContainer
programModel::INFOR: Function _ZN10ap_privateILi4ELb0ELb1EEC1Ev will be added to the ProgramContainer
programModel::INFOR: Function _ZN10ap_privateILi4ELb0ELb1EEC2Ev will be added to the ProgramContainer
programModel::INFOR: Function _ZN10ap_privateILi4ELb0ELb1EE10set_canaryEv will be added to the ProgramContainer
programModel::INFOR: Function _ZN10ap_privateILi4ELb0ELb1EE15clearUnusedBitsEv will be added to the ProgramContainer
programModel::INFOR: Function _ZN10ap_privateILi4ELb0ELb1EE12check_canaryEv will be added to the ProgramContainer
programModel::INFOR: Function _ZN7ap_uintILi32EEC1Ev will be added to the ProgramContainer
programModel::INFOR: Function _ZN7ap_uintILi32EEC2Ev will be added to the ProgramContainer
programModel::INFOR: Function _ZN11ap_int_baseILi32ELb0EEC2Ev will be added to the ProgramContainer
programModel::INFOR: Function _ZN12ssdm_int_simILi32ELb0EEC2Ev will be added to the ProgramContainer
programModel::INFOR: Function _ZN10ap_privateILi32ELb0ELb1EEC1Ev will be added to the ProgramContainer
programModel::INFOR: Function _ZN10ap_privateILi32ELb0ELb1EEC2Ev will be added to the ProgramContainer
programModel::INFOR: Function _ZN10ap_privateILi32ELb0ELb1EE10set_canaryEv will be added to the ProgramContainer
programModel::INFOR: Function _ZN10ap_privateILi32ELb0ELb1EE15clearUnusedBitsEv will be added to the ProgramContainer
programModel::INFOR: Function _ZN10ap_privateILi32ELb0ELb1EE12check_canaryEv will be added to the ProgramContainer
programModel::INFOR: Function _ZN7ap_uintILi1EEC1Ev will be added to the ProgramContainer
programModel::INFOR: Function _ZN7ap_uintILi1EEC2Ev will be added to the ProgramContainer
programModel::INFOR: Function _ZN11ap_int_baseILi1ELb0EEC2Ev will be added to the ProgramContainer
programModel::INFOR: Function _ZN12ssdm_int_simILi1ELb0EEC2Ev will be added to the ProgramContainer
programModel::INFOR: Function _ZN10ap_privateILi1ELb0ELb1EEC1Ev will be added to the ProgramContainer
programModel::INFOR: Function _ZN10ap_privateILi1ELb0ELb1EEC2Ev will be added to the ProgramContainer
programModel::INFOR: Function _ZN10ap_privateILi1ELb0ELb1EE10set_canaryEv will be added to the ProgramContainer
programModel::INFOR: Function _ZN10ap_privateILi1ELb0ELb1EE15clearUnusedBitsEv will be added to the ProgramContainer
programModel::INFOR: Function _ZN10ap_privateILi1ELb0ELb1EE12check_canaryEv will be added to the ProgramContainer
programModel::INFOR: Function _ZN7ap_uintILi1EEC1Eb will be added to the ProgramContainer
programModel::INFOR: Function _ZN7ap_uintILi1EEC2Eb will be added to the ProgramContainer
programModel::INFOR: Function _ZN11ap_int_baseILi1ELb0EEC2Eb will be added to the ProgramContainer
programModel::INFOR: Function _ZN10ap_privateILi1ELb0ELb1EEC1Eb will be added to the ProgramContainer
programModel::INFOR: Function _ZN10ap_privateILi1ELb0ELb1EEC2Eb will be added to the ProgramContainer
programModel::INFOR: Function _ZN12ssdm_int_simILi1ELb0EEC2E10ap_privateILi1ELb0ELb1EE will be added to the ProgramContainer
programModel::INFOR: Function _ZN10ap_privateILi1ELb0ELb1EEaSEb will be added to the ProgramContainer
programModel::INFOR: Function _ZN11ap_int_baseILi1ELb0EE18checkOverflowBaseCIbEEvT_ will be added to the ProgramContainer
programModel::INFOR: Function _ZN7ap_uintILi1EEaSERKS0_ will be added to the ProgramContainer
programModel::INFOR: Function _ZN11ap_int_baseILi1ELb0EEaSERKS0_ will be added to the ProgramContainer
programModel::INFOR: Function _ZN12ssdm_int_simILi1ELb0EEaSERKS0_ will be added to the ProgramContainer
programModel::INFOR: Function _ZN10ap_privateILi1ELb0ELb1EEaSERKS0_ will be added to the ProgramContainer
programModel::INFOR: Function _ZNK10ap_privateILi1ELb0ELb1EE7get_VALEv will be added to the ProgramContainer
programModel::INFOR: Function _ZN3hls6streamINS_4axisIfLm32ELm0ELm0ELh56ELb0EEELi0EE5writeERKS2_ will be added to the ProgramContainer
programModel::INFOR: Function _Z18pack_stream_to_blkRN3hls6streamINS_4axisIfLm32ELm0ELm0ELh56ELb0EEELi0EEERNS0_I3blkLi0EEE will be added to the ProgramContainer
programModel::INFOR: Function _ZNK3hls6streamINS_4axisIfLm32ELm0ELm0ELh56ELb0EEELi0EE5emptyEv will be added to the ProgramContainer
programModel::INFOR: Function _ZN3hls6streamINS_4axisIfLm32ELm0ELm0ELh56ELb0EEELi0EE4readEv will be added to the ProgramContainer
programModel::INFOR: Function _ZNK11ap_int_baseILi1ELb0EEcvyEv will be added to the ProgramContainer
programModel::INFOR: Function _ZNK10ap_privateILi1ELb0ELb1EEcvhEv will be added to the ProgramContainer
programModel::INFOR: Function _ZNK10ap_privateILi1ELb0ELb1EE15get_cleared_VALEv will be added to the ProgramContainer
programModel::INFOR: Function _ZN3hls6streamI3blkLi0EE5writeERKS1_ will be added to the ProgramContainer
programModel::INFOR: Function _Z13auto_parkcalcRN3hls6streamI3blkLi0EEEPjS3_S3_S3_ will be added to the ProgramContainer
programModel::INFOR: Function _ZN3hls6streamI3blkLi0EE4readEv will be added to the ProgramContainer
programModel::INFOR: Function _ZN3hls6streamINS_4axisIfLm32ELm0ELm0ELh56ELb0EEELi0EED1Ev will be added to the ProgramContainer
programModel::INFOR: Function _ZN3hls6streamINS_4axisIfLm32ELm0ELm0ELh56ELb0EEELi0EED2Ev will be added to the ProgramContainer
programModel::INFOR: Function _ZN3hls6streamI3blkLi0EED1Ev will be added to the ProgramContainer
programModel::INFOR: Function _ZN3hls6streamI3blkLi0EED2Ev will be added to the ProgramContainer
programModel::INFOR: Function _Z20unpack_blk_to_streamRN3hls6streamI3blkLi0EEERNS0_INS_4axisIfLm32ELm0ELm0ELh56ELb0EEELi0EEE will be added to the ProgramContainer
programModel::INFOR: Function _Z16print_fft_streamRN3hls6streamINS_4axisIfLm32ELm0ELm0ELh56ELb0EEELi0EEE will be added to the ProgramContainer
programModel::INFOR: Function __dtor__ZStL8__ioinit will be added to the ProgramContainer
